Log file open, 05/02/15 11:15:58
LogInit:Display: Running engine for game: DM_FLAVIO
LogInit: Version: 4.7.6-2513093+++depot+UE4-Releases+4.7
LogInit: API Version: 2455222
LogInit: Compiled (64-bit): Apr 15 2015 12:09:54
LogInit: Compiled with Visual C++: 18.00.21005.01
LogInit: Build Configuration: Development
LogInit: Branch Name: ++depot+UE4-Releases+4.7
LogInit: Command line: 
LogInit: Base directory: C:/Program Files/Epic Games/4.7/Engine/Binaries/Win64/
LogInit: Rocket: 1
[2015.05.02-18.15.58:454][  0]LogTaskGraph: Started task graph with 3 named threads and 6 total threads.
[2015.05.02-18.15.58:518][  0]LogOnline:Warning: No default platform service specified for OnlineSubsystem
[2015.05.02-18.15.58:532][  0]LogInit: Presizing for 0 objects not considered by GC, pre-allocating 0 bytes.
[2015.05.02-18.15.58:545][  0]LogInit: Object subsystem initialized
[2015.05.02-18.15.58:547][  0]LogConsoleResponse:Warning: Skipping Unknown console variable: 'TranslucentSortAxis = (X=0.000000,Y=-1.000000,Z=0.000000)'
[2015.05.02-18.15.58:547][  0]LogConsoleResponse:Warning:   Found in ini file 'C:/Users/RossFamily/Desktop/DM_FLAVIO/Saved/Config/Windows/Engine.ini', in section '[/Script/Engine.RendererSettings]'
[2015.05.02-18.15.58:547][  0]LogConsoleResponse:Warning: Skipping Unknown console variable: 'UIScaleRule = ShortestSide'
[2015.05.02-18.15.58:547][  0]LogConsoleResponse:Warning:   Found in ini file 'C:/Users/RossFamily/Desktop/DM_FLAVIO/Saved/Config/Windows/Engine.ini', in section '[/Script/Engine.RendererSettings]'
[2015.05.02-18.15.58:547][  0]LogConsoleResponse:Warning: Skipping Unknown console variable: 'UIScaleCurve = (EditorCurveData=(Keys=),ExternalCurve=None)'
[2015.05.02-18.15.58:547][  0]LogConsoleResponse:Warning:   Found in ini file 'C:/Users/RossFamily/Desktop/DM_FLAVIO/Saved/Config/Windows/Engine.ini', in section '[/Script/Engine.RendererSettings]'
[2015.05.02-18.15.58:548][  0]LogInit: Selected Device Profile: [Windows]
[2015.05.02-18.15.58:548][  0]LogInit: Applying CVar settings loaded from the selected device profile: [Windows]
[2015.05.02-18.15.58:555][  0]LogInit: Computer: ROSSFAMILY-PC
[2015.05.02-18.15.58:555][  0]LogInit: User: RossFamily
[2015.05.02-18.15.58:555][  0]LogInit: CPU Page size=4096, Cores=4
[2015.05.02-18.15.58:555][  0]LogInit: High frequency timer resolution =2.597658 MHz
[2015.05.02-18.15.58:555][  0]LogMemory: Memory total: Physical=16.0GB (16GB approx) Virtual=131072.0GB
[2015.05.02-18.15.58:555][  0]LogMemory: Platform Memory Stats for Windows
[2015.05.02-18.15.58:555][  0]LogMemory: Process Physical Memory: 46.00 MB used, 46.00 MB peak
[2015.05.02-18.15.58:555][  0]LogMemory: Process Virtual Memory: 22.52 MB used, 22.52 MB peak
[2015.05.02-18.15.58:555][  0]LogMemory: Physical Memory: 2244.09 MB used, 16375.09 MB total
[2015.05.02-18.15.58:555][  0]LogMemory: Virtual Memory: 288.98 MB used, 134217728.00 MB total
[2015.05.02-18.15.58:574][  0]LogD3D11RHI: Found D3D11 adapter 0: NVIDIA GeForce GTX 560  (Feature Level 11_0)
[2015.05.02-18.15.58:574][  0]LogD3D11RHI: Adapter has 1994MB of dedicated video memory, 0MB of dedicated system memory, and 2047MB of shared system memory, 1 output[s]
[2015.05.02-18.15.58:575][  0]LogD3D11RHI: Found D3D11 adapter 1: Microsoft Basic Render Driver (Feature Level 11_0)
[2015.05.02-18.15.58:575][  0]LogD3D11RHI: Adapter has 0MB of dedicated video memory, 0MB of dedicated system memory, and 256MB of shared system memory, 0 output[s]
[2015.05.02-18.15.58:575][  0]LogD3D11RHI: Chosen D3D11 Adapter Id = 0
[2015.05.02-18.15.58:580][  0]LogRHI: Texture pool is 1361 MB (70% of 1945 MB)
[2015.05.02-18.15.58:588][  0]LogD3D11RHI: Async texture creation enabled
[2015.05.02-18.15.58:654][  0]LogTextLocalizationManager: The requested culture ('en_US') has no localization data; parent culture's ('en') localization data will be used.
[2015.05.02-18.15.58:730][  0]LogTextLocalizationManager:Warning: Loading localization resources contain conflicting entries for (Namespace:UICommands, Key:Save_ToolTip):
Resource: (C:/Program Files/Epic Games/4.7/Engine/Content/Localization/Editor/en/Editor.locres) Hash: (-29098895) String: (Saves the current level to disk)
Resource: (C:/Program Files/Epic Games/4.7/Engine/Content/Localization/Engine/en/Engine.locres) Hash: (-1280300587) String: (Save selected data to vlog file)
[2015.05.02-18.15.58:730][  0]LogTextLocalizationManager:Warning: Loading localization resources contain conflicting entries for (Namespace:ContentBrowser, Key:ImportAssetToolTip):
Resource: (C:/Program Files/Epic Games/4.7/Engine/Content/Localization/Editor/en/Editor.locres) Hash: (-630476809) String: (Import to {0}...)
Resource: (C:/Program Files/Epic Games/4.7/Engine/Content/Localization/Editor/en/Editor.locres) Hash: (1271782899) String: (Imports an asset from file to this folder.)
[2015.05.02-18.15.58:830][  0]LogContentStreaming: Texture pool size is 0.000000MB
[2015.05.02-18.16.01:662][  0]LogTargetPlatformManager:Display: Building Assets For Windows
[2015.05.02-18.16.02:239][  0]LogTargetPlatformManager:Display: Building Assets For Windows
[2015.05.02-18.16.02:311][  0]LogDerivedDataCache:Display: Max Cache Size: 512 MB
[2015.05.02-18.16.02:363][  0]LogDerivedDataCache: Loaded boot cache 0.05s 39MB C:/Users/RossFamily/AppData/Local/UnrealEngine/4.7/DerivedDataCache/Boot.ddc.
[2015.05.02-18.16.02:363][  0]LogDerivedDataCache:Display: Loaded Boot cache: C:/Users/RossFamily/AppData/Local/UnrealEngine/4.7/DerivedDataCache/Boot.ddc
[2015.05.02-18.16.02:363][  0]LogDerivedDataCache: FDerivedDataBackendGraph:  Pak pak cache file ../../../../../../Users/RossFamily/Desktop/DM_FLAVIO/DerivedDataCache/DDC.ddp not found, will not use a pak cache.
[2015.05.02-18.16.02:363][  0]LogDerivedDataCache: Unable to find inner node Pak for hierarchical cache Hierarchy.
[2015.05.02-18.16.02:520][  0]LogDerivedDataCache:Display: Pak cache opened for reading ../../../Engine/DerivedDataCache/Compressed.ddp.
[2015.05.02-18.16.02:532][  0]LogDerivedDataCache: Using Local data cache path C:/Users/RossFamily/AppData/Local/UnrealEngine/Common/DerivedDataCache: Writable
[2015.05.02-18.16.02:897][  0]LogMeshUtilities: No automatic mesh reduction module available
[2015.05.02-18.16.02:897][  0]LogMeshUtilities: No automatic mesh merging module available
[2015.05.02-18.16.03:370][  0]LogInit: WinSock: version 1.1 (2.2), MaxSocks=32767, MaxUdp=65467
[2015.05.02-18.16.03:456][  0]LogSlate:Warning: Failed to load font data from '../../../Engine/Content/Slate/Fonts/Roboto-Italic.ttf'
[2015.05.02-18.16.04:454][  0]UdpMessaging: Initializing bridge on interface 0.0.0.0:0 to multicast group 230.0.0.1:6666.
[2015.05.02-18.16.04:664][  0]SourceControl: Info Source control is disabled
[2015.05.02-18.16.04:664][  0]SourceControl: Info Source control is disabled
[2015.05.02-18.16.04:664][  0]SourceControl: Info Source control is disabled
[2015.05.02-18.16.04:664][  0]LogSourceControl: RunCommandInternalRaw: 'git version'
[2015.05.02-18.16.04:664][  0]LogSourceControl: RunCommandInternalRaw: ExecProcess ReturnCode=2 OutResults=''
[2015.05.02-18.16.04:673][  0]SourceControl: Info Source control is disabled
[2015.05.02-18.16.04:873][  0]LogObj: 24232 objects as part of root set at end of initial load.
[2015.05.02-18.16.04:873][  0]LogUObjectAllocator: 5137176 out of 0 bytes used by permanent object pool.
[2015.05.02-18.16.04:974][  0]LogEngine: Initializing Engine...
[2015.05.02-18.16.07:182][  0]LogInit: XAudio2 using 'Speakers (Sound Blaster X-Fi Xtreme Audio)' : 2 channels at 48 kHz using 16 bits per sample (channel mask 0x3)
[2015.05.02-18.16.07:206][  0]LogInit: FAudioDevice initialized.
[2015.05.02-18.16.07:246][  0]LogAIModule: Creating AISystem for world NewWorld
[2015.05.02-18.16.07:272][  0]LogDerivedDataCache: Saved boot cache 0.02s 39MB C:/Users/RossFamily/AppData/Local/UnrealEngine/4.7/DerivedDataCache/Boot.ddc.
[2015.05.02-18.16.07:282][  0]LogInit: Texture streaming: Enabled
[2015.05.02-18.16.07:392][  0]LogAnalytics: Creating configured Analytics provider AnalyticsET
[2015.05.02-18.16.07:392][  0]LogAnalytics: ET APIKey = Rocket.Release. APIServer = http://et2.epicgames.com/ET2/. AppVersion = 4.7.6-2513093+++depot+UE4-Releases+4.7
[2015.05.02-18.16.07:392][  0]LogAnalytics: ET APIKey = Rocket.Release. DataRouterUploadURL = https://datarouter-public-service-gamedev.ol.epicgames.net/datarouter/api/v1/public/data. AppVersion = 4.7.6-2513093+++depot+UE4-Releases+4.7
[2015.05.02-18.16.07:393][  0]LogAnalytics: SetUserId 117c93b446678ee264e382b49ca91207|14919f3d0643489ba6ad3048feb4b89e|0e66297c-8f74-4f75-8a68-8a33cd42c3b8
[2015.05.02-18.16.07:393][  0]LogAnalytics: AnalyticsET::StartSession [Rocket.Release]
[2015.05.02-18.16.07:420][  0]LogInit: Transaction tracking system initialized
[2015.05.02-18.16.07:600][  0]BlueprintLog: New page: Editor Load
[2015.05.02-18.16.07:636][  0]LogAssetRegistry: FAssetRegistry took 0.0111 seconds to start up
[2015.05.02-18.16.07:637][  0]LogDirectoryWatcher:Warning: Failed to begin reading directory changes for ../../../Engine/Plugins/Experimental/CharacterAI/Content/. Error: 0
[2015.05.02-18.16.08:225][  0]LogTargetPlatformManager:Display: Building Assets For Windows
[2015.05.02-18.16.08:640][  0]LogTargetPlatformManager:Display: Building Assets For Windows
[2015.05.02-18.16.08:882][  0]LogLinker:Warning: Asset '../../../Engine/Content/Tutorial/Mobile/CreatingSigningCertAndProvisionTutorial.uasset' has been saved with empty engine version. The asset will be loaded but may be incompatible.
[2015.05.02-18.16.08:887][  0]LogLinker:Warning: Asset '../../../Engine/Content/Tutorial/Mobile/SettingUpAndroidTutorial.uasset' has been saved with empty engine version. The asset will be loaded but may be incompatible.
[2015.05.02-18.16.08:925][  0]LogSlate:Warning: Failed to load font data from '../../../Engine/Content/Editor/Slate/Fonts/Roboto-Regular.ttf'
[2015.05.02-18.16.08:925][  0]LogSlate:Warning: Failed to load font data from '../../../Engine/Content/Editor/Slate/Fonts/Roboto-Bold.ttf'
[2015.05.02-18.16.08:931][  0]LogConsoleResponse:Display: 
[2015.05.02-18.16.09:092][  0]LogCook:Display: Done creating registry. It took  0.00s.
[2015.05.02-18.16.09:242][  0]SourceControl: Info Source control is disabled
[2015.05.02-18.16.09:242][  0]Cmd: MAP LOAD FILE="../../../../../../Users/RossFamily/Desktop/DM_FLAVIO/Content/StarterContent/Maps/Minimal_Default.umap" TEMPLATE=0 SHOWPROGRESS=1 FEATURELEVEL=3
[2015.05.02-18.16.09:243][  0]LightingResults: New page: Lighting Build
[2015.05.02-18.16.09:256][  0]MapCheck: New page: Map Check
[2015.05.02-18.16.09:256][  0]LightingResults: New page: Lighting Build
[2015.05.02-18.16.09:264][  0]LogParticles: Destroying 0 GPU particle simulations for FXSystem 0x000000282CC07B00
[2015.05.02-18.16.10:278][  0]LogEditorServer: Finished looking for orphan Actors (0.000 secs)
[2015.05.02-18.16.10:300][  0]LogAIModule: Creating AISystem for world Minimal_Default
[2015.05.02-18.16.10:301][  0]Cmd: MAP CHECKDEP
[2015.05.02-18.16.10:301][  0]MapCheck: New page: Minimal_Default - May 2, 2015, 4:16:10 AM
[2015.05.02-18.16.10:412][  0]MapCheck: Info Map check complete: 0 Error(s), 0 Warning(s), took 110.808ms to complete.
[2015.05.02-18.16.10:412][  0]LogFileHelpers: Loading map 'Minimal_Default' took 1.170
[2015.05.02-18.16.10:560][  0]LogCollectionManager: Loaded 0 collections in 0.001414 seconds
[2015.05.02-18.16.10:573][  0]LogContentBrowser: Native class hierarchy populated in 0.0131 seconds. Added 1696 classes and 261 folders.
[2015.05.02-18.16.10:607][  0]LogContentBrowser: Native class hierarchy updated for 'SceneOutliner' in 0.0026 seconds. Added 1 classes and 2 folders.
[2015.05.02-18.16.10:665][  0]LogCrashTracker: Crashtracker disabled due to settings.
[2015.05.02-18.16.10:666][  0]LogSlate:Warning: Failed to load font data from 'Veranda'
[2015.05.02-18.16.10:673][  0]LogUObjectGlobals:Warning: Failed to find object 'Class None.'
[2015.05.02-18.16.10:699][  0]LogLoad: Full Startup: 14.18 seconds (BP compile: 0.11 seconds)
[2015.05.02-18.16.11:091][  0]LogContentBrowser:Verbose: The content browser source was changed by the sources view to '/Game/Character/Animations'
[2015.05.02-18.16.11:296][  0]LogRenderer:Warning: Reallocating scene render targets to support 1208x576 (Frame:2).
[2015.05.02-18.16.13:128][  6]LogAssetRegistry: Asset discovery search completed in 5.5043 seconds
[2015.05.02-18.18.32:185][512]LogContentBrowser:Verbose: The content browser source was changed by the sources view to '/Game/Character'
[2015.05.02-18.18.37:192][805]LogSkeletalMesh: InitArticulated: Bodies already created (/Engine/Transient.DebugSkelMeshComponent_0) - call TermArticulated first.
[2015.05.02-18.18.37:374][805]LogLinker:Warning: Asset '../../../Engine/Content/Tutorial/SubEditors/PersonaAnimEditorTutorial.uasset' has been saved with empty engine version. The asset will be loaded but may be incompatible.
[2015.05.02-18.18.37:491][806]LogRenderer:Warning: Reallocating scene render targets to support 1208x880 (Frame:9710).
[2015.05.02-18.26.10:915][988]LogParticles: Destroying 0 GPU particle simulations for FXSystem 0x0000002833E33560
[2015.05.02-18.26.10:915][988]LogParticles: Destroying 0 GPU particle simulations for FXSystem 0x0000002833F3C400
[2015.05.02-18.26.10:921][988]LogFileHelpers: Editor autosave (incl. sublevels) for '/Game/StarterContent/Maps/Minimal_Default' took 0.025
[2015.05.02-18.36.10:891][142]LogFileHelpers: Editor autosave (incl. sublevels) for '/Game/StarterContent/Maps/Minimal_Default' took 0.014
[2015.05.02-18.48.11:578][ 41]LogFileHelpers: Editor autosave (incl. sublevels) for '/Game/StarterContent/Maps/Minimal_Default' took 0.016
[2015.05.02-18.49.26:239][830]Cmd: DELETE
[2015.05.02-18.49.26:239][830]Cmd: ACTOR DELETE
[2015.05.02-18.49.26:467][830]LogEditorActor: Deleted Actor: SkeletalMeshActor
[2015.05.02-18.49.26:508][830]LogEditorActor: Deleted 1 Actors (0.076 secs)
[2015.05.02-18.49.28:912][  5]Cmd: DELETE
[2015.05.02-18.49.28:912][  5]Cmd: ACTOR DELETE
[2015.05.02-18.49.28:913][  5]LogEditorActor: Deleted Actor: SkeletalMeshActor
[2015.05.02-18.49.28:927][  5]LogEditorActor: Deleted 1 Actors (0.015 secs)
[2015.05.02-18.49.31:052][146]Cmd: DELETE
[2015.05.02-18.49.31:052][146]Cmd: ACTOR DELETE
[2015.05.02-18.49.31:053][146]LogEditorActor: Deleted Actor: SkeletalMeshActor
[2015.05.02-18.49.31:066][146]LogEditorActor: Deleted 1 Actors (0.014 secs)
[2015.05.02-18.49.51:053][511]LogContentBrowser:Verbose: The content browser source was changed by the sources view to '/Game/Character/NewFolder'
[2015.05.02-18.50.06:904][866]LogContentBrowser:Verbose: The content browser source was changed by the sources view to '/Game/Character/Character_Parent'
[2015.05.02-18.50.26:091][522]LogContentBrowser:Verbose: The content browser source was changed by the sources view to '/Game'
[2015.05.02-18.50.29:886][853]LogContentBrowser:Verbose: The content browser source was changed by the sources view to '/Game/Character'
[2015.05.02-18.51.19:041][680]LogContentBrowser:Verbose: The content browser source was changed by the sources view to '/Game/Character/Character_Parent'
[2015.05.02-18.51.27:026][501]LogContentBrowser:Verbose: The content browser source was changed by the sources view to '/Game/Character'
[2015.05.02-18.52.03:481][993]LogContentBrowser:Verbose: The content browser source was changed by the sources view to '/Game/Character'
[2015.05.02-18.52.20:529][467]Cmd: OBJ SAVEPACKAGE PACKAGE="/Game/Character/Character_Parent" FILE="../../../../../../Users/RossFamily/Desktop/DM_FLAVIO/Content/Character/Character_Parent.uasset" SILENT=true
[2015.05.02-18.52.20:873][467]LogSavePackage: Save=342.474640ms
[2015.05.02-18.52.20:874][467]LogSavePackage: Moving '../../../../../../Users/RossFamily/Desktop/DM_FLAVIO/Saved/Character_Parent8A8A254B4C4A1705D83992B635339B0B.tmp' to '../../../../../../Users/RossFamily/Desktop/DM_FLAVIO/Content/Character/Character_Parent.uasset'
[2015.05.02-18.52.27:347][209]LogMaterial: Missing cached shader map for material Character_Parent, compiling. 
[2015.05.02-18.52.27:635][209]LogActorComponent: UnregisterComponent: (/Engine/Transient.SkeletalMeshComponent_0) Not registered. Aborting.
[2015.05.02-18.52.28:171][209]LogActorComponent: UnregisterComponent: (/Engine/Transient.SkeletalMeshComponent_0) Not registered. Aborting.
[2015.05.02-18.52.28:171][209]LogActorComponent: RegisterComponentWithWorld: (/Engine/Transient.MaterialEditorMeshComponent_0) Already registered. Aborting.
[2015.05.02-18.52.28:175][209]LogMaterial: Missing cached shader map for material Character_Parent, compiling. 
[2015.05.02-18.52.28:181][209]LogMaterial: 0.000045 seconds spent updating 1 materials, 1 interfaces, 0 instances, 0 with static permutations.
[2015.05.02-18.52.30:183][366]MaterialEditorStats: Info Base pass shader with only dynamic lighting: 29 instructions
[2015.05.02-18.52.30:183][366]MaterialEditorStats: Info Vertex shader: 31 instructions
[2015.05.02-18.52.30:183][366]MaterialEditorStats: Info Texture samplers: 0/16
[2015.05.02-18.53.12:838][430]LogMaterial: Missing cached shader map for material Character_Parent, compiling. 
[2015.05.02-18.53.12:845][430]LogMaterial: 0.000057 seconds spent updating 1 materials, 1 interfaces, 0 instances, 0 with static permutations.
[2015.05.02-18.53.12:846][430]LogMaterial: Missing cached shader map for material FMatExpressionPreview MaterialExpressionVectorParameter_0, compiling. 
[2015.05.02-18.53.14:107][560]MaterialEditorStats: Info Base pass shader with only dynamic lighting: 29 instructions
[2015.05.02-18.53.14:108][560]MaterialEditorStats: Info Vertex shader: 31 instructions
[2015.05.02-18.53.14:108][560]MaterialEditorStats: Info Texture samplers: 0/16
[2015.05.02-18.54.04:916][422]LogMaterial: Missing cached shader map for material Character_Parent, compiling. 
[2015.05.02-18.54.04:922][422]LogMaterial: 0.000050 seconds spent updating 1 materials, 1 interfaces, 0 instances, 0 with static permutations.
[2015.05.02-18.54.04:953][422]LogMaterial: Missing cached shader map for material FMatExpressionPreview MaterialExpressionVectorParameter_0, compiling. 
[2015.05.02-18.54.06:234][556]MaterialEditorStats: Info Base pass shader with only dynamic lighting: 29 instructions
[2015.05.02-18.54.06:234][556]MaterialEditorStats: Info Vertex shader: 31 instructions
[2015.05.02-18.54.06:234][556]MaterialEditorStats: Info Texture samplers: 0/16
[2015.05.02-18.54.20:399][220]LogMaterial: Missing cached shader map for material Character_Parent, compiling. 
[2015.05.02-18.54.20:406][220]LogMaterial: 0.000062 seconds spent updating 1 materials, 1 interfaces, 0 instances, 0 with static permutations.
[2015.05.02-18.54.20:432][220]LogMaterial: Missing cached shader map for material FMatExpressionPreview MaterialExpressionVectorParameter_0, compiling. 
[2015.05.02-18.54.21:173][299]MaterialEditorStats: Info Base pass shader with only dynamic lighting: 29 instructions
[2015.05.02-18.54.21:173][299]MaterialEditorStats: Info Vertex shader: 31 instructions
[2015.05.02-18.54.21:173][299]MaterialEditorStats: Info Texture samplers: 0/16
[2015.05.02-18.54.51:733][874]LogMaterial: Missing cached shader map for material Character_Parent, compiling. 
[2015.05.02-18.54.51:740][874]LogMaterial: 0.000063 seconds spent updating 1 materials, 1 interfaces, 0 instances, 0 with static permutations.
[2015.05.02-18.54.53:030][ 19]MaterialEditorStats: Info Base pass shader with only dynamic lighting: 29 instructions
[2015.05.02-18.54.53:030][ 19]MaterialEditorStats: Info Vertex shader: 31 instructions
[2015.05.02-18.54.53:030][ 19]MaterialEditorStats: Info Texture samplers: 0/16
[2015.05.02-18.54.57:008][479]LogMaterial: Missing cached shader map for material Character_Parent, compiling. 
[2015.05.02-18.54.57:014][479]LogMaterial: 0.000059 seconds spent updating 1 materials, 1 interfaces, 0 instances, 0 with static permutations.
[2015.05.02-18.54.57:041][479]LogMaterial: Missing cached shader map for material FMatExpressionPreview MaterialExpressionVectorParameter_0, compiling. 
[2015.05.02-18.54.57:749][555]MaterialEditorStats: Info Base pass shader with only dynamic lighting: 29 instructions
[2015.05.02-18.54.57:749][555]MaterialEditorStats: Info Vertex shader: 31 instructions
[2015.05.02-18.54.57:749][555]MaterialEditorStats: Info Texture samplers: 0/16
[2015.05.02-18.55.07:883][756]LogMaterial: Missing cached shader map for material Character_Parent, compiling. 
[2015.05.02-18.55.07:890][756]LogMaterial: 0.000061 seconds spent updating 1 materials, 1 interfaces, 0 instances, 0 with static permutations.
[2015.05.02-18.55.07:934][756]LogMaterial: Missing cached shader map for material FMatExpressionPreview MaterialExpressionVectorParameter_0, compiling. 
[2015.05.02-18.55.08:659][838]MaterialEditorStats: Info Base pass shader with only dynamic lighting: 29 instructions
[2015.05.02-18.55.08:659][838]MaterialEditorStats: Info Vertex shader: 31 instructions
[2015.05.02-18.55.08:659][838]MaterialEditorStats: Info Texture samplers: 0/16
[2015.05.02-18.55.36:114][120]LogMaterial: Missing cached shader map for material Character_Parent, compiling. 
[2015.05.02-18.55.36:121][120]LogMaterial: 0.000045 seconds spent updating 1 materials, 1 interfaces, 0 instances, 0 with static permutations.
[2015.05.02-18.55.36:145][120]LogMaterial: Missing cached shader map for material FMatExpressionPreview MaterialExpressionVectorParameter_0, compiling. 
[2015.05.02-18.55.37:412][260]MaterialEditorStats: Info Base pass shader with only dynamic lighting: 29 instructions
[2015.05.02-18.55.37:412][260]MaterialEditorStats: Info Vertex shader: 31 instructions
[2015.05.02-18.55.37:413][260]MaterialEditorStats: Info Texture samplers: 0/16
[2015.05.02-18.56.12:316][421]LogMaterial: Missing cached shader map for material Character_Parent, compiling. 
[2015.05.02-18.56.12:322][421]LogMaterial: 0.000059 seconds spent updating 1 materials, 1 interfaces, 0 instances, 0 with static permutations.
[2015.05.02-18.56.12:349][421]LogMaterial: Missing cached shader map for material FMatExpressionPreview MaterialExpressionVectorParameter_0, compiling. 
[2015.05.02-18.56.13:614][559]MaterialEditorStats: Info Base pass shader with only dynamic lighting: 29 instructions
[2015.05.02-18.56.13:614][559]MaterialEditorStats: Info Vertex shader: 31 instructions
[2015.05.02-18.56.13:614][559]MaterialEditorStats: Info Texture samplers: 0/16
[2015.05.02-18.56.17:223][986]LogMaterial: Missing cached shader map for material Character_Parent, compiling. 
[2015.05.02-18.56.17:229][986]LogMaterial: 0.000055 seconds spent updating 1 materials, 1 interfaces, 0 instances, 0 with static permutations.
[2015.05.02-18.56.17:253][986]LogMaterial: Missing cached shader map for material FMatExpressionPreview MaterialExpressionVectorParameter_0, compiling. 
[2015.05.02-18.56.17:994][ 64]MaterialEditorStats: Info Base pass shader with only dynamic lighting: 29 instructions
[2015.05.02-18.56.17:995][ 64]MaterialEditorStats: Info Vertex shader: 31 instructions
[2015.05.02-18.56.17:995][ 64]MaterialEditorStats: Info Texture samplers: 0/16
[2015.05.02-18.56.54:680][439]LogMaterial: Missing cached shader map for material Character_Parent, compiling. 
[2015.05.02-18.56.54:686][439]LogMaterial: 0.000050 seconds spent updating 1 materials, 1 interfaces, 0 instances, 0 with static permutations.
[2015.05.02-18.56.54:715][439]LogMaterial: Missing cached shader map for material FMatExpressionPreview MaterialExpressionVectorParameter_0, compiling. 
[2015.05.02-18.56.55:977][578]MaterialEditorStats: Info Base pass shader with only dynamic lighting: 29 instructions
[2015.05.02-18.56.55:977][578]MaterialEditorStats: Info Vertex shader: 31 instructions
[2015.05.02-18.56.55:977][578]MaterialEditorStats: Info Texture samplers: 0/16
[2015.05.02-18.57.57:379][919]LogMaterial: Missing cached shader map for material Character_Parent, compiling. 
[2015.05.02-18.57.57:386][919]LogMaterial: 0.000059 seconds spent updating 1 materials, 1 interfaces, 0 instances, 0 with static permutations.
[2015.05.02-18.57.58:600][ 35]MaterialEditorStats: Info Base pass shader with only dynamic lighting: 29 instructions
[2015.05.02-18.57.58:600][ 35]MaterialEditorStats: Info Vertex shader: 31 instructions
[2015.05.02-18.57.58:600][ 35]MaterialEditorStats: Info Texture samplers: 0/16
[2015.05.02-18.58.03:981][664]LogMaterial: Missing cached shader map for material Character_Parent, compiling. 
[2015.05.02-18.58.03:988][664]LogMaterial: 0.000059 seconds spent updating 1 materials, 1 interfaces, 0 instances, 0 with static permutations.
[2015.05.02-18.58.03:988][664]LogMaterial: Missing cached shader map for material FMatExpressionPreview MaterialExpressionVectorParameter_1, compiling. 
[2015.05.02-18.58.04:780][746]MaterialEditorStats: Info Base pass shader with only dynamic lighting: 29 instructions
[2015.05.02-18.58.04:780][746]MaterialEditorStats: Info Vertex shader: 31 instructions
[2015.05.02-18.58.04:780][746]MaterialEditorStats: Info Texture samplers: 0/16
[2015.05.02-18.58.13:359][724]LogMaterial: Missing cached shader map for material Character_Parent, compiling. 
[2015.05.02-18.58.13:365][724]LogMaterial: 0.000044 seconds spent updating 1 materials, 1 interfaces, 0 instances, 0 with static permutations.
[2015.05.02-18.58.13:389][724]LogMaterial: Missing cached shader map for material FMatExpressionPreview MaterialExpressionVectorParameter_1, compiling. 
[2015.05.02-18.58.14:140][801]MaterialEditorStats: Info Base pass shader with only dynamic lighting: 29 instructions
[2015.05.02-18.58.14:141][801]MaterialEditorStats: Info Vertex shader: 31 instructions
[2015.05.02-18.58.14:141][801]MaterialEditorStats: Info Texture samplers: 0/16
[2015.05.02-18.58.18:821][286]LogSavePackage: Save=251.750610ms
[2015.05.02-18.58.18:821][286]LogSavePackage: Moving '../../../../../../Users/RossFamily/Desktop/DM_FLAVIO/Saved/Minimal_Default_Auto1043CC1BE41746173EB05639364A56ECA.tmp' to '../../../../../../Users/RossFamily/Desktop/DM_FLAVIO/Saved/Autosaves/Game/StarterContent/Maps/Minimal_Default_Auto1.umap'
[2015.05.02-18.58.18:830][286]LogFileHelpers: Editor autosave (incl. sublevels) for '/Game/StarterContent/Maps/Minimal_Default' took 0.398
[2015.05.02-18.58.18:830][286]LogFileHelpers: Editor autosave (incl. sublevels) for all levels took 0.398
[2015.05.02-18.58.18:832][286]Cmd: OBJ SAVEPACKAGE PACKAGE="/Game/Character/NewMaterial" FILE="../../../../../../Users/RossFamily/Desktop/DM_FLAVIO/Saved/Autosaves/Game/Character/NewMaterial_Auto1.uasset" SILENT=false AUTOSAVING=true
[2015.05.02-18.58.18:912][286]LogSavePackage: Save=77.614143ms
[2015.05.02-18.58.18:912][286]LogSavePackage: Moving '../../../../../../Users/RossFamily/Desktop/DM_FLAVIO/Saved/NewMaterial_Auto17091E50C4B68F4B54A9DB5BECB7E3222.tmp' to '../../../../../../Users/RossFamily/Desktop/DM_FLAVIO/Saved/Autosaves/Game/Character/NewMaterial_Auto1.uasset'
[2015.05.02-18.58.18:918][286]LogFileHelpers: Auto-saving content packages took 0.088
[2015.05.02-18.58.29:750][575]LogMaterial: Missing cached shader map for material Character_Parent, compiling. 
[2015.05.02-18.58.29:757][575]LogMaterial: 0.000062 seconds spent updating 1 materials, 1 interfaces, 0 instances, 0 with static permutations.
[2015.05.02-18.58.29:795][575]LogMaterial: Missing cached shader map for material FMatExpressionPreview MaterialExpressionVectorParameter_1, compiling. 
[2015.05.02-18.58.30:466][647]MaterialEditorStats: Info Base pass shader with only dynamic lighting: 29 instructions
[2015.05.02-18.58.30:466][647]MaterialEditorStats: Info Vertex shader: 31 instructions
[2015.05.02-18.58.30:466][647]MaterialEditorStats: Info Texture samplers: 0/16
[2015.05.02-18.59.07:776][ 98]LogMaterial: Missing cached shader map for material Character_Parent, compiling. 
[2015.05.02-18.59.07:783][ 98]LogMaterial: 0.000060 seconds spent updating 1 materials, 1 interfaces, 0 instances, 0 with static permutations.
[2015.05.02-18.59.09:048][232]MaterialEditorStats: Info Base pass shader with only dynamic lighting: 29 instructions
[2015.05.02-18.59.09:048][232]MaterialEditorStats: Info Vertex shader: 31 instructions
[2015.05.02-18.59.09:048][232]MaterialEditorStats: Info Texture samplers: 0/16
[2015.05.02-18.59.30:548][800]LogMaterial: Missing cached shader map for material Character_Parent, compiling. 
[2015.05.02-18.59.30:555][800]LogMaterial: 0.000063 seconds spent updating 1 materials, 1 interfaces, 0 instances, 0 with static permutations.
[2015.05.02-18.59.31:770][909]MaterialEditorStats: Info Base pass shader with only dynamic lighting: 29 instructions
[2015.05.02-18.59.31:770][909]MaterialEditorStats: Info Vertex shader: 31 instructions
[2015.05.02-18.59.31:770][909]MaterialEditorStats: Info Texture samplers: 0/16
[2015.05.02-18.59.38:442][703]LogMaterial: Missing cached shader map for material Character_Parent, compiling. 
[2015.05.02-18.59.38:449][703]LogMaterial: 0.000052 seconds spent updating 1 materials, 1 interfaces, 0 instances, 0 with static permutations.
[2015.05.02-18.59.39:192][783]MaterialEditorStats: Info Base pass shader with only dynamic lighting: 29 instructions
[2015.05.02-18.59.39:192][783]MaterialEditorStats: Info Vertex shader: 31 instructions
[2015.05.02-18.59.39:192][783]MaterialEditorStats: Info Texture samplers: 0/16
[2015.05.02-18.59.50:786][164]LogMaterial: Missing cached shader map for material Character_Parent, compiling. 
[2015.05.02-18.59.50:792][164]LogMaterial: 0.000058 seconds spent updating 1 materials, 1 interfaces, 0 instances, 0 with static permutations.
[2015.05.02-18.59.51:539][234]MaterialEditorStats: Info Base pass shader with only dynamic lighting: 29 instructions
[2015.05.02-18.59.51:539][234]MaterialEditorStats: Info Vertex shader: 31 instructions
[2015.05.02-18.59.51:539][234]MaterialEditorStats: Info Texture samplers: 0/16
[2015.05.02-18.59.53:577][466]LogMaterial: Missing cached shader map for material Character_Parent, compiling. 
[2015.05.02-18.59.53:610][466]LogMaterial: 0.000058 seconds spent updating 1 materials, 1 interfaces, 0 instances, 0 with static permutations.
[2015.05.02-18.59.54:359][538]MaterialEditorStats: Info Base pass shader with only dynamic lighting: 35 instructions
[2015.05.02-18.59.54:359][538]MaterialEditorStats: Info Vertex shader: 31 instructions
[2015.05.02-18.59.54:359][538]MaterialEditorStats: Info Texture samplers: 0/16
[2015.05.02-19.00.53:957][663]LogActorComponent: UnregisterComponent: (/Engine/Transient.SkeletalMeshComponent_1) Not registered. Aborting.
[2015.05.02-19.00.54:026][663]LogActorComponent: UnregisterComponent: (/Engine/Transient.SkeletalMeshComponent_1) Not registered. Aborting.
[2015.05.02-19.00.54:026][663]LogActorComponent: RegisterComponentWithWorld: (/Engine/Transient.MaterialEditorMeshComponent_1) Already registered. Aborting.
[2015.05.02-19.00.54:027][663]LogMaterial: Missing cached shader map for material Material_1, compiling. 
[2015.05.02-19.00.54:029][663]LogMaterial: 0.000044 seconds spent updating 1 materials, 1 interfaces, 0 instances, 0 with static permutations.
[2015.05.02-19.00.54:036][663]LogMaterial: Missing cached shader map for material Material_1, compiling. 
[2015.05.02-19.00.54:039][663]LogMaterial: 0.000041 seconds spent updating 1 materials, 1 interfaces, 0 instances, 0 with static permutations.
[2015.05.02-19.00.54:064][663]LogMaterial: Missing cached shader map for material FMatExpressionPreview MaterialExpressionFunctionOutput_8, compiling. 
[2015.05.02-19.00.54:069][663]LogMaterial: Missing cached shader map for material FMatExpressionPreview MaterialExpressionFunctionInput_3, compiling. 
[2015.05.02-19.00.54:071][663]LogMaterial: Missing cached shader map for material FMatExpressionPreview MaterialExpressionFunctionInput_5, compiling. 
[2015.05.02-19.00.54:075][663]LogMaterial: Missing cached shader map for material FMatExpressionPreview MaterialExpressionFunctionInput_9, compiling. 
[2015.05.02-19.00.54:076][663]LogMaterial: Missing cached shader map for material FMatExpressionPreview MaterialExpressionFunctionInput_11, compiling. 
[2015.05.02-19.03.32:210][443]LogMaterial: Missing cached shader map for material Character_Parent, compiling. 
[2015.05.02-19.03.32:216][443]LogMaterial: 0.000060 seconds spent updating 1 materials, 1 interfaces, 0 instances, 0 with static permutations.
[2015.05.02-19.03.33:504][567]MaterialEditorStats: Info Base pass shader with only dynamic lighting: 29 instructions
[2015.05.02-19.03.33:504][567]MaterialEditorStats: Info Vertex shader: 31 instructions
[2015.05.02-19.03.33:504][567]MaterialEditorStats: Info Texture samplers: 0/16
[2015.05.02-19.03.43:909][763]LogMaterial: Missing cached shader map for material Character_Parent, compiling. 
[2015.05.02-19.03.43:916][763]LogMaterial: 0.000054 seconds spent updating 1 materials, 1 interfaces, 0 instances, 0 with static permutations.
[2015.05.02-19.03.44:692][841]MaterialEditorStats: Info Base pass shader with only dynamic lighting: 35 instructions
[2015.05.02-19.03.44:693][841]MaterialEditorStats: Info Vertex shader: 31 instructions
[2015.05.02-19.03.44:693][841]MaterialEditorStats: Info Texture samplers: 0/16
[2015.05.02-19.04.04:052][ 74]LogMaterial: Missing cached shader map for material Character_Parent, compiling. 
[2015.05.02-19.04.04:062][ 74]LogMaterial: Missing cached shader map for material Character_Parent, compiling. 
[2015.05.02-19.04.04:069][ 74]LogMaterial: 0.000038 seconds spent updating 1 materials, 1 interfaces, 0 instances, 0 with static permutations.
[2015.05.02-19.04.04:825][145]MaterialEditorStats: Info Base pass shader with only dynamic lighting: 35 instructions
[2015.05.02-19.04.04:825][145]MaterialEditorStats: Info Vertex shader: 31 instructions
[2015.05.02-19.04.04:825][145]MaterialEditorStats: Info Texture samplers: 0/16
[2015.05.02-19.04.06:285][314]LogMaterial: Missing cached shader map for material Character_Parent, compiling. 
[2015.05.02-19.04.06:310][314]LogMaterial: Missing cached shader map for material Character_Parent, compiling. 
[2015.05.02-19.04.06:318][314]LogMaterial: 0.000038 seconds spent updating 1 materials, 1 interfaces, 0 instances, 0 with static permutations.
[2015.05.02-19.04.08:626][548]MaterialEditorStats: Info Base pass shader with only dynamic lighting: 31 instructions
[2015.05.02-19.04.08:626][548]MaterialEditorStats: Info Base pass shader for self shadowed translucency: 67 instructions
[2015.05.02-19.04.08:626][548]MaterialEditorStats: Info Vertex shader: 68 instructions
[2015.05.02-19.04.08:626][548]MaterialEditorStats: Info Texture samplers: 4/16
[2015.05.02-19.04.15:575][349]LogMaterial: Missing cached shader map for material Character_Parent, compiling. 
[2015.05.02-19.04.15:585][349]LogMaterial: Missing cached shader map for material Character_Parent, compiling. 
[2015.05.02-19.04.15:592][349]LogMaterial: 0.000051 seconds spent updating 1 materials, 1 interfaces, 0 instances, 0 with static permutations.
[2015.05.02-19.04.16:502][430]MaterialEditorStats: Info Base pass shader with only dynamic lighting: 35 instructions
[2015.05.02-19.04.16:502][430]MaterialEditorStats: Info Vertex shader: 31 instructions
[2015.05.02-19.04.16:502][430]MaterialEditorStats: Info Texture samplers: 0/16
[2015.05.02-19.04.51:421][576]LogMaterial: Missing cached shader map for material Character_Parent, compiling. 
[2015.05.02-19.04.51:427][576]LogMaterial: 0.000060 seconds spent updating 1 materials, 1 interfaces, 0 instances, 0 with static permutations.
[2015.05.02-19.04.52:689][697]MaterialEditorStats: Info Base pass shader with only dynamic lighting: 29 instructions
[2015.05.02-19.04.52:689][697]MaterialEditorStats: Info Vertex shader: 31 instructions
[2015.05.02-19.04.52:689][697]MaterialEditorStats: Info Texture samplers: 0/16
[2015.05.02-19.05.02:145][825]LogMaterial: Missing cached shader map for material Character_Parent, compiling. 
[2015.05.02-19.05.02:152][825]LogMaterial: 0.000046 seconds spent updating 1 materials, 1 interfaces, 0 instances, 0 with static permutations.
[2015.05.02-19.05.02:906][905]MaterialEditorStats: Info Base pass shader with only dynamic lighting: 29 instructions
[2015.05.02-19.05.02:906][905]MaterialEditorStats: Info Vertex shader: 31 instructions
[2015.05.02-19.05.02:906][905]MaterialEditorStats: Info Texture samplers: 0/16
[2015.05.02-19.05.08:012][498]LogMaterial: Missing cached shader map for material Character_Parent, compiling. 
[2015.05.02-19.05.08:018][498]LogMaterial: 0.000054 seconds spent updating 1 materials, 1 interfaces, 0 instances, 0 with static permutations.
[2015.05.02-19.05.08:797][583]MaterialEditorStats: Info Base pass shader with only dynamic lighting: 40 instructions
[2015.05.02-19.05.08:797][583]MaterialEditorStats: Info Vertex shader: 31 instructions
[2015.05.02-19.05.08:797][583]MaterialEditorStats: Info Texture samplers: 0/16
[2015.05.02-19.05.20:046][930]LogMaterial: Missing cached shader map for material Character_Parent, compiling. 
[2015.05.02-19.05.20:053][930]LogMaterial: 0.000059 seconds spent updating 1 materials, 1 interfaces, 0 instances, 0 with static permutations.
[2015.05.02-19.05.20:820][ 15]MaterialEditorStats: Info Base pass shader with only dynamic lighting: 39 instructions
[2015.05.02-19.05.20:820][ 15]MaterialEditorStats: Info Vertex shader: 31 instructions
[2015.05.02-19.05.20:820][ 15]MaterialEditorStats: Info Texture samplers: 0/16
[2015.05.02-19.06.01:345][869]LogMaterial: Missing cached shader map for material Character_Parent, compiling. 
[2015.05.02-19.06.01:352][869]LogMaterial: 0.000058 seconds spent updating 1 materials, 1 interfaces, 0 instances, 0 with static permutations.
[2015.05.02-19.06.02:602][998]MaterialEditorStats: Info Base pass shader with only dynamic lighting: 39 instructions
[2015.05.02-19.06.02:602][998]MaterialEditorStats: Info Vertex shader: 31 instructions
[2015.05.02-19.06.02:602][998]MaterialEditorStats: Info Texture samplers: 0/16
[2015.05.02-19.06.09:001][756]LogMaterial: Missing cached shader map for material Character_Parent, compiling. 
[2015.05.02-19.06.09:008][756]LogMaterial: 0.000056 seconds spent updating 1 materials, 1 interfaces, 0 instances, 0 with static permutations.
[2015.05.02-19.06.09:763][839]MaterialEditorStats: Info Base pass shader with only dynamic lighting: 39 instructions
[2015.05.02-19.06.09:763][839]MaterialEditorStats: Info Vertex shader: 31 instructions
[2015.05.02-19.06.09:763][839]MaterialEditorStats: Info Texture samplers: 0/16
[2015.05.02-19.06.11:417][ 28]LogMaterial: Missing cached shader map for material Character_Parent, compiling. 
[2015.05.02-19.06.11:424][ 28]LogMaterial: 0.000065 seconds spent updating 1 materials, 1 interfaces, 0 instances, 0 with static permutations.
[2015.05.02-19.06.11:448][ 28]LogMaterial: Missing cached shader map for material FMatExpressionPreview MaterialExpressionVectorParameter_1, compiling. 
[2015.05.02-19.06.12:218][105]MaterialEditorStats: Info Base pass shader with only dynamic lighting: 39 instructions
[2015.05.02-19.06.12:218][105]MaterialEditorStats: Info Vertex shader: 31 instructions
[2015.05.02-19.06.12:218][105]MaterialEditorStats: Info Texture samplers: 0/16
[2015.05.02-19.06.26:126][743]LogMaterial: Missing cached shader map for material Character_Parent, compiling. 
[2015.05.02-19.06.26:133][743]LogMaterial: 0.000052 seconds spent updating 1 materials, 1 interfaces, 0 instances, 0 with static permutations.
[2015.05.02-19.06.26:905][824]MaterialEditorStats: Info Base pass shader with only dynamic lighting: 39 instructions
[2015.05.02-19.06.26:905][824]MaterialEditorStats: Info Vertex shader: 31 instructions
[2015.05.02-19.06.26:905][824]MaterialEditorStats: Info Texture samplers: 0/16
[2015.05.02-19.06.31:747][398]LogMaterial: Missing cached shader map for material Character_Parent, compiling. 
[2015.05.02-19.06.31:754][398]LogMaterial: 0.000078 seconds spent updating 1 materials, 1 interfaces, 0 instances, 0 with static permutations.
[2015.05.02-19.06.31:795][398]LogMaterial: Missing cached shader map for material FMatExpressionPreview MaterialExpressionVectorParameter_1, compiling. 
[2015.05.02-19.06.32:536][472]MaterialEditorStats: Info Base pass shader with only dynamic lighting: 39 instructions
[2015.05.02-19.06.32:536][472]MaterialEditorStats: Info Vertex shader: 31 instructions
[2015.05.02-19.06.32:536][472]MaterialEditorStats: Info Texture samplers: 0/16
[2015.05.02-19.06.37:743][ 89]LogMaterial: Missing cached shader map for material Character_Parent, compiling. 
[2015.05.02-19.06.37:749][ 89]LogMaterial: 0.000065 seconds spent updating 1 materials, 1 interfaces, 0 instances, 0 with static permutations.
[2015.05.02-19.06.38:514][169]MaterialEditorStats: Info Base pass shader with only dynamic lighting: 39 instructions
[2015.05.02-19.06.38:514][169]MaterialEditorStats: Info Vertex shader: 31 instructions
[2015.05.02-19.06.38:514][169]MaterialEditorStats: Info Texture samplers: 0/16
[2015.05.02-19.07.00:699][829]LogMaterial: Missing cached shader map for material Character_Parent, compiling. 
[2015.05.02-19.07.00:706][829]LogMaterial: 0.000062 seconds spent updating 1 materials, 1 interfaces, 0 instances, 0 with static permutations.
[2015.05.02-19.07.02:000][965]MaterialEditorStats: Info Base pass shader with only dynamic lighting: 37 instructions
[2015.05.02-19.07.02:000][965]MaterialEditorStats: Info Vertex shader: 31 instructions
[2015.05.02-19.07.02:000][965]MaterialEditorStats: Info Texture samplers: 0/16
[2015.05.02-19.07.14:953][510]LogMaterial: Missing cached shader map for material Character_Parent, compiling. 
[2015.05.02-19.07.14:959][510]LogMaterial: 0.000060 seconds spent updating 1 materials, 1 interfaces, 0 instances, 0 with static permutations.
[2015.05.02-19.07.15:711][580]MaterialEditorStats: Info Base pass shader with only dynamic lighting: 29 instructions
[2015.05.02-19.07.15:711][580]MaterialEditorStats: Info Vertex shader: 31 instructions
[2015.05.02-19.07.15:711][580]MaterialEditorStats: Info Texture samplers: 0/16
[2015.05.02-19.07.21:559][273]LogMaterial: Missing cached shader map for material Character_Parent, compiling. 
[2015.05.02-19.07.21:566][273]LogMaterial: 0.000056 seconds spent updating 1 materials, 1 interfaces, 0 instances, 0 with static permutations.
[2015.05.02-19.07.22:337][345]MaterialEditorStats: Info Base pass shader with only dynamic lighting: 40 instructions
[2015.05.02-19.07.22:337][345]MaterialEditorStats: Info Vertex shader: 31 instructions
[2015.05.02-19.07.22:337][345]MaterialEditorStats: Info Texture samplers: 0/16
[2015.05.02-19.08.32:158][648]LogMaterial: Missing cached shader map for material Character_Parent, compiling. 
[2015.05.02-19.08.32:165][648]LogMaterial: 0.000059 seconds spent updating 1 materials, 1 interfaces, 0 instances, 0 with static permutations.
[2015.05.02-19.08.33:400][772]MaterialEditorStats: Info Base pass shader with only dynamic lighting: 40 instructions
[2015.05.02-19.08.33:400][772]MaterialEditorStats: Info Vertex shader: 31 instructions
[2015.05.02-19.08.33:400][772]MaterialEditorStats: Info Texture samplers: 0/16
[2015.05.02-19.08.47:514][454]LogMaterial: Missing cached shader map for material Character_Parent, compiling. 
[2015.05.02-19.08.47:521][454]LogMaterial: 0.000064 seconds spent updating 1 materials, 1 interfaces, 0 instances, 0 with static permutations.
[2015.05.02-19.08.48:247][517]MaterialEditorStats: Info Base pass shader with only dynamic lighting: 45 instructions
[2015.05.02-19.08.48:247][517]MaterialEditorStats: Info Vertex shader: 31 instructions
[2015.05.02-19.08.48:247][517]MaterialEditorStats: Info Texture samplers: 0/16
[2015.05.02-19.08.59:009][785]LogUObjectGlobals:Warning: Failed to find object 'Object None.'
[2015.05.02-19.08.59:030][785]LogMaterial: Missing cached shader map for material Character_Parent, compiling. 
[2015.05.02-19.08.59:036][785]LogMaterial: 0.000053 seconds spent updating 1 materials, 1 interfaces, 0 instances, 0 with static permutations.
[2015.05.02-19.08.59:795][861]MaterialEditorStats: Info Base pass shader with only dynamic lighting: 45 instructions
[2015.05.02-19.08.59:795][861]MaterialEditorStats: Info Vertex shader: 31 instructions
[2015.05.02-19.08.59:795][861]MaterialEditorStats: Info Texture samplers: 0/16
[2015.05.02-19.09.27:793][186]LogMaterial: Missing cached shader map for material Character_Parent, compiling. 
[2015.05.02-19.09.27:800][186]LogMaterial: 0.000045 seconds spent updating 1 materials, 1 interfaces, 0 instances, 0 with static permutations.
[2015.05.02-19.09.29:047][288]MaterialEditorStats: Info Base pass shader with only dynamic lighting: 45 instructions
[2015.05.02-19.09.29:047][288]MaterialEditorStats: Info Vertex shader: 31 instructions
[2015.05.02-19.09.29:047][288]MaterialEditorStats: Info Texture samplers: 0/16
[2015.05.02-19.10.04:731][495]LogMaterial: Missing cached shader map for material Character_Parent, compiling. 
[2015.05.02-19.10.04:738][495]LogMaterial: 0.000066 seconds spent updating 1 materials, 1 interfaces, 0 instances, 0 with static permutations.
[2015.05.02-19.10.05:955][598]MaterialEditorStats: Info Base pass shader with only dynamic lighting: 45 instructions
[2015.05.02-19.10.05:955][598]MaterialEditorStats: Info Vertex shader: 31 instructions
[2015.05.02-19.10.05:955][598]MaterialEditorStats: Info Texture samplers: 0/16
[2015.05.02-19.10.27:085][ 89]LogMaterial: Missing cached shader map for material Character_Parent, compiling. 
[2015.05.02-19.10.27:092][ 89]LogMaterial: 0.000065 seconds spent updating 1 materials, 1 interfaces, 0 instances, 0 with static permutations.
[2015.05.02-19.10.28:512][223]MaterialEditorStats: Info Base pass shader with only dynamic lighting: 46 instructions
[2015.05.02-19.10.28:512][223]MaterialEditorStats: Info Vertex shader: 31 instructions
[2015.05.02-19.10.28:512][223]MaterialEditorStats: Info Texture samplers: 0/16
[2015.05.02-19.10.46:615][390]LogMaterial: Missing cached shader map for material Character_Parent, compiling. 
[2015.05.02-19.10.46:622][390]LogMaterial: 0.000061 seconds spent updating 1 materials, 1 interfaces, 0 instances, 0 with static permutations.
[2015.05.02-19.10.47:347][465]MaterialEditorStats: Info Base pass shader with only dynamic lighting: 46 instructions
[2015.05.02-19.10.47:347][465]MaterialEditorStats: Info Vertex shader: 31 instructions
[2015.05.02-19.10.47:347][465]MaterialEditorStats: Info Texture samplers: 0/16
[2015.05.02-19.11.00:672][ 60]LogMaterialEditor: Applying material Character_Parent
[2015.05.02-19.11.02:520][ 60]LogMaterial: Missing cached shader map for material Character_Parent, compiling. 
[2015.05.02-19.11.02:550][ 60]LogMaterial: 0.000067 seconds spent updating 1 materials, 1 interfaces, 0 instances, 0 with static permutations.
[2015.05.02-19.11.02:645][ 60]LogMaterial: Missing cached shader map for material Character_Parent, compiling. 
[2015.05.02-19.11.02:679][ 60]LogMaterial: Missing cached shader map for material Character_Parent, compiling. 
[2015.05.02-19.11.02:697][ 60]LogMaterial: 0.007775 seconds spent updating 1 materials, 1 interfaces, 0 instances, 0 with static permutations.
[2015.05.02-19.11.03:681][123]LogMaterialEditor: Saving and Compiling material Character_Parent
[2015.05.02-19.11.05:686][123]LogMaterial: Missing cached shader map for material Character_Parent, compiling. 
[2015.05.02-19.11.05:715][123]LogMaterial: 0.000059 seconds spent updating 1 materials, 1 interfaces, 0 instances, 0 with static permutations.
[2015.05.02-19.11.05:805][123]LogMaterial: Missing cached shader map for material Character_Parent, compiling. 
[2015.05.02-19.11.05:829][123]LogMaterial: Missing cached shader map for material Character_Parent, compiling. 
[2015.05.02-19.11.05:849][123]LogMaterial: 0.006082 seconds spent updating 1 materials, 1 interfaces, 0 instances, 0 with static permutations.
[2015.05.02-19.11.07:811][123]Cmd: OBJ SAVEPACKAGE PACKAGE="/Game/Character/Character_Parent" FILE="../../../../../../Users/RossFamily/Desktop/DM_FLAVIO/Content/Character/Character_Parent.uasset" SILENT=true
[2015.05.02-19.11.08:173][123]LogSavePackage: Save=356.024933ms
[2015.05.02-19.11.08:174][123]LogSavePackage: Moving '../../../../../../Users/RossFamily/Desktop/DM_FLAVIO/Saved/Character_Parent1755B93C4BD784F0DB23A9B43E8A8AA3.tmp' to '../../../../../../Users/RossFamily/Desktop/DM_FLAVIO/Content/Character/Character_Parent.uasset'
[2015.05.02-19.11.08:186][123]MaterialEditorStats: Info Base pass shader with only dynamic lighting: 74 instructions
[2015.05.02-19.11.08:186][123]MaterialEditorStats: Info Vertex shader: 31 instructions
[2015.05.02-19.11.08:186][123]MaterialEditorStats: Info Texture samplers: 3/16
[2015.05.02-19.11.17:127][ 58]LogContentBrowser:Verbose: The content browser source was changed by the sources view to '/Game/Character'
[2015.05.02-19.11.34:079][483]LogActorComponent: UnregisterComponent: (/Engine/Transient.SkeletalMeshComponent_2) Not registered. Aborting.
[2015.05.02-19.11.34:098][483]LogActorComponent: UnregisterComponent: (/Engine/Transient.SkeletalMeshComponent_2) Not registered. Aborting.
[2015.05.02-19.11.34:098][483]LogActorComponent: RegisterComponentWithWorld: (/Engine/Transient.MaterialEditorMeshComponent_2) Already registered. Aborting.
[2015.05.02-19.11.34:136][483]LogRenderer:Warning: Reallocating scene render targets to support 1392x928 (Frame:258568).
[2015.05.02-19.11.44:913][755]LogMaterial: Missing cached shader map for material PreviewMaterial_0, compiling. 
[2015.05.02-19.11.44:941][755]LogActorComponent: UnregisterComponent: (/Engine/Transient.SkeletalMeshComponent_3) Not registered. Aborting.
[2015.05.02-19.11.45:012][755]LogActorComponent: UnregisterComponent: (/Engine/Transient.SkeletalMeshComponent_3) Not registered. Aborting.
[2015.05.02-19.11.45:012][755]LogActorComponent: RegisterComponentWithWorld: (/Engine/Transient.MaterialEditorMeshComponent_3) Already registered. Aborting.
[2015.05.02-19.11.45:012][755]LogActorComponent: UnregisterComponent: (/Engine/Transient.SkeletalMeshComponent_3) Not registered. Aborting.
[2015.05.02-19.11.45:012][755]LogActorComponent: RegisterComponentWithWorld: (/Engine/Transient.MaterialEditorMeshComponent_3) Already registered. Aborting.
[2015.05.02-19.11.45:017][755]LogMaterial: Missing cached shader map for material PreviewMaterial_0, compiling. 
[2015.05.02-19.11.45:024][755]LogMaterial: 0.000033 seconds spent updating 1 materials, 1 interfaces, 0 instances, 0 with static permutations.
[2015.05.02-19.11.45:049][755]LogMaterial: Missing cached shader map for material FMatExpressionPreview MaterialExpressionVectorParameter_1, compiling. 
[2015.05.02-19.11.46:318][852]MaterialEditorStats: Info Base pass shader with only dynamic lighting: 46 instructions
[2015.05.02-19.11.46:318][852]MaterialEditorStats: Info Vertex shader: 31 instructions
[2015.05.02-19.11.46:318][852]MaterialEditorStats: Info Texture samplers: 0/16
[2015.05.02-19.13.33:329][617]Cmd: OBJ SAVEPACKAGE PACKAGE="/Game/Character/Character_Instance" FILE="../../../../../../Users/RossFamily/Desktop/DM_FLAVIO/Content/Character/Character_Instance.uasset" SILENT=true
[2015.05.02-19.13.33:544][617]LogSavePackage: Save=212.725464ms
[2015.05.02-19.13.33:544][617]LogSavePackage: Moving '../../../../../../Users/RossFamily/Desktop/DM_FLAVIO/Saved/Character_InstanceDC64623C428E25B375DB4E9F6913D1D5.tmp' to '../../../../../../Users/RossFamily/Desktop/DM_FLAVIO/Content/Character/Character_Instance.uasset'
[2015.05.02-19.13.44:213][135]LogSkeletalMesh: InitArticulated: Bodies already created (/Engine/Transient.DebugSkelMeshComponent_1) - call TermArticulated first.
[2015.05.02-19.14.04:251][ 23]LogMaterial:Warning: Material /Game/Character/Character_Parent.Character_Parent needed to have new flag set bUsedWithSkeletalMesh !
[2015.05.02-19.14.04:266][ 23]LogMaterial: Missing cached shader map for material Character_Parent, compiling. 
[2015.05.02-19.14.04:289][ 23]LogMaterial: 0.000122 seconds spent updating 1 materials, 1 interfaces, 1 instances, 0 with static permutations.
[2015.05.02-19.14.20:999][ 33]LogActorComponent: UnregisterComponent: (/Engine/Transient.SkeletalMeshComponent_4) Not registered. Aborting.
[2015.05.02-19.14.21:038][ 33]LogActorComponent: UnregisterComponent: (/Engine/Transient.SkeletalMeshComponent_4) Not registered. Aborting.
[2015.05.02-19.14.21:039][ 33]LogActorComponent: RegisterComponentWithWorld: (/Engine/Transient.MaterialEditorMeshComponent_4) Already registered. Aborting.
[2015.05.02-19.14.31:228][609]Cmd: OBJ SAVEPACKAGE PACKAGE="/Game/Character/Character_Instance" FILE="../../../../../../Users/RossFamily/Desktop/DM_FLAVIO/Content/Character/Character_Instance.uasset" SILENT=true
[2015.05.02-19.14.31:540][609]LogSavePackage: Save=305.217224ms
[2015.05.02-19.14.31:541][609]LogSavePackage: Moving '../../../../../../Users/RossFamily/Desktop/DM_FLAVIO/Saved/Character_Instance26D4F0EC4B7BEAA3F4E333A844B0F123.tmp' to '../../../../../../Users/RossFamily/Desktop/DM_FLAVIO/Content/Character/Character_Instance.uasset'
[2015.05.02-19.14.42:995][216]Cmd: OBJ SAVEPACKAGE PACKAGE="/Game/Character/HeroTPP" FILE="../../../../../../Users/RossFamily/Desktop/DM_FLAVIO/Content/Character/HeroTPP.uasset" SILENT=true
[2015.05.02-19.14.43:381][216]LogSavePackage: Save=378.982910ms
[2015.05.02-19.14.43:381][216]LogSavePackage: Moving '../../../../../../Users/RossFamily/Desktop/DM_FLAVIO/Saved/HeroTPP3875ED204E5C961C1CA530B64E7CABFC.tmp' to '../../../../../../Users/RossFamily/Desktop/DM_FLAVIO/Content/Character/HeroTPP.uasset'
[2015.05.02-19.14.45:884][373]LogParticles: Destroying 0 GPU particle simulations for FXSystem 0x0000002830B2C2C0
[2015.05.02-19.14.45:884][373]LogParticles: Destroying 0 GPU particle simulations for FXSystem 0x0000002841784180
[2015.05.02-19.14.45:884][373]LogParticles: Destroying 0 GPU particle simulations for FXSystem 0x0000002833F3CA40
[2015.05.02-19.14.45:885][373]LogParticles: Destroying 0 GPU particle simulations for FXSystem 0x0000002837D94EA0
[2015.05.02-19.14.45:893][373]LogParticles: Destroying 0 GPU particle simulations for FXSystem 0x00000028287058A0
[2015.05.02-19.14.46:297][373]LogSavePackage: Save=137.923462ms
[2015.05.02-19.14.46:297][373]LogSavePackage: Moving '../../../../../../Users/RossFamily/Desktop/DM_FLAVIO/Saved/Minimal_DefaultD93C69B94C489E30622948A5E944E3D9.tmp' to '../../../../../../Users/RossFamily/Desktop/DM_FLAVIO/Content/StarterContent/Maps/Minimal_Default.umap'
[2015.05.02-19.14.46:373][373]LogFileHelpers: Saving map 'Minimal_Default' took 0.420
[2015.05.02-19.14.46:381][373]Cmd: OBJ SAVEPACKAGE PACKAGE="/Game/Character/NewMaterial" FILE="../../../../../../Users/RossFamily/Desktop/DM_FLAVIO/Content/Character/NewMaterial.uasset" SILENT=true
[2015.05.02-19.14.46:387][373]LogSavePackage: Save=3.779173ms
[2015.05.02-19.14.46:387][373]LogSavePackage: Moving '../../../../../../Users/RossFamily/Desktop/DM_FLAVIO/Saved/NewMaterialC39DE7B14300C8862DE1688FF7810773.tmp' to '../../../../../../Users/RossFamily/Desktop/DM_FLAVIO/Content/Character/NewMaterial.uasset'
[2015.05.02-19.14.46:396][373]Cmd: OBJ SAVEPACKAGE PACKAGE="/Game/Character/Character_Parent" FILE="../../../../../../Users/RossFamily/Desktop/DM_FLAVIO/Content/Character/Character_Parent.uasset" SILENT=true
[2015.05.02-19.14.46:409][373]LogSavePackage: Save=8.554628ms
[2015.05.02-19.14.46:409][373]LogSavePackage: Moving '../../../../../../Users/RossFamily/Desktop/DM_FLAVIO/Saved/Character_Parent16E34AC74EEABDCD5BFEA09EAA6021E9.tmp' to '../../../../../../Users/RossFamily/Desktop/DM_FLAVIO/Content/Character/Character_Parent.uasset'
[2015.05.02-19.15.17:315][167]LogEditorViewport: Clicking on Actor (LMB): StaticMeshActor (Table)
[2015.05.02-19.15.19:565][347]LogEditorViewport: Clicking on Actor (LMB): StaticMeshActor (Table)
[2015.05.02-19.15.20:164][392]LogEditorViewport: Clicking on Actor (LMB): StaticMeshActor (Table)
[2015.05.02-19.15.21:226][478]LogEditorViewport: Clicking on Actor (LMB): StaticMeshActor (Floor)
[2015.05.02-19.25.44:048][431]LogEditorViewport: Clicking on Actor (LMB): StaticMeshActor (Floor)
[2015.05.02-19.25.47:462][715]LogEditorViewport: Clicking on Actor (LMB): StaticMeshActor (Floor)
[2015.05.02-19.25.47:577][720]LogEditorViewport: Clicking on Component (LMB): StaticMeshComponent (StaticMeshComponent0)
[2015.05.02-19.26.00:450][579]LogEditorViewport: Clicking on Actor (LMB): BP_Sky_Sphere_C (BP_Sky_Sphere)
[2015.05.02-19.26.02:156][692]Cmd: TRANSACTION UNDO
[2015.05.02-19.26.02:156][692]LogEditorTransaction: Undo Clicking on Actors
[2015.05.02-19.26.02:778][713]Cmd: TRANSACTION UNDO
[2015.05.02-19.26.02:778][713]LogEditorTransaction: Undo Modify Component(s)
[2015.05.02-19.26.05:851][952]LogEditorViewport: Clicking on Component (LMB): StaticMeshComponent (StaticMeshComponent0)
[2015.05.02-19.26.05:974][958]LogEditorViewport: Clicking on Actor (double click): StaticMeshActor (Floor)
[2015.05.02-19.26.09:912][269]LogParticles: Destroying 0 GPU particle simulations for FXSystem 0x000000283C5D1940
[2015.05.02-19.26.09:912][269]LogParticles: Destroying 0 GPU particle simulations for FXSystem 0x000000283C5D3740
[2015.05.02-19.26.09:916][269]LogFileHelpers: Editor autosave (incl. sublevels) for '/Game/StarterContent/Maps/Minimal_Default' took 0.017
[2015.05.02-19.26.24:923][351]LogEditorViewport: Clicking on Actor (LMB): BP_Sky_Sphere_C (BP_Sky_Sphere)
[2015.05.02-19.30.28:582][327]LogSkeletalMesh: InitArticulated: Bodies already created (/Engine/Transient.DebugSkelMeshComponent_2) - call TermArticulated first.
[2015.05.02-19.30.36:055][740]LogContentBrowser:Verbose: The majority of assets in the view are of type: AnimSequence
[2015.05.02-19.31.38:441][583]LogContentBrowser:Verbose: The content browser source was changed by the sources view to '/Game/Character/Animations'
[2015.05.02-19.32.11:055][507]LogContentBrowser:Verbose: The content browser source was changed by the sources view to '/Game/Character/Animations'
[2015.05.02-19.33.29:466][260]LogContentBrowser:Verbose: The content browser source was changed by the sources view to '/Game/Character/Animations'
[2015.05.02-19.34.06:914][368]Cmd: OBJ SAVEPACKAGE PACKAGE="/Game/Character/Animations/Idle_walk_run" FILE="../../../../../../Users/RossFamily/Desktop/DM_FLAVIO/Content/Character/Animations/Idle_walk_run.uasset" SILENT=true
[2015.05.02-19.34.07:319][368]LogSavePackage: Save=402.477142ms
[2015.05.02-19.34.07:319][368]LogSavePackage: Moving '../../../../../../Users/RossFamily/Desktop/DM_FLAVIO/Saved/Idle_walk_run734F67AD498827AF6311F3956A616718.tmp' to '../../../../../../Users/RossFamily/Desktop/DM_FLAVIO/Content/Character/Animations/Idle_walk_run.uasset'
[2015.05.02-19.36.09:962][812]LogParticles: Destroying 0 GPU particle simulations for FXSystem 0x000000284ED50AE0
[2015.05.02-19.36.09:965][812]LogFileHelpers: Editor autosave (incl. sublevels) for '/Game/StarterContent/Maps/Minimal_Default' took 0.017
[2015.05.02-19.36.10:008][812]OBJ SavePackage: Generating thumbnails for [0] asset(s) in package [/Game/Character/Animations/Idle_walk_run] ([1] browsable assets)...
[2015.05.02-19.36.10:035][812]OBJ SavePackage: Finished generating thumbnails for package [/Game/Character/Animations/Idle_walk_run]
[2015.05.02-19.36.10:133][812]LogSavePackage: Save=85.156708ms
[2015.05.02-19.36.10:133][812]LogSavePackage: Moving '../../../../../../Users/RossFamily/Desktop/DM_FLAVIO/Saved/Idle_walk_run_Auto26824733346F42C8D1F577492861EF893.tmp' to '../../../../../../Users/RossFamily/Desktop/DM_FLAVIO/Saved/Autosaves/Game/Character/Animations/Idle_walk_run_Auto2.uasset'
[2015.05.02-19.36.10:141][812]LogFileHelpers: Auto-saving content packages took 0.176
[2015.05.02-19.38.48:255][758]Cmd: OBJ SAVEPACKAGE PACKAGE="/Game/Character/Animations/Idle_walk_run" FILE="../../../../../../Users/RossFamily/Desktop/DM_FLAVIO/Content/Character/Animations/Idle_walk_run.uasset" SILENT=true
[2015.05.02-19.38.48:266][758]LogSavePackage: Save=6.979364ms
[2015.05.02-19.38.48:266][758]LogSavePackage: Moving '../../../../../../Users/RossFamily/Desktop/DM_FLAVIO/Saved/Idle_walk_runE3C1EABD471B4CD0B35A16A497FAA875.tmp' to '../../../../../../Users/RossFamily/Desktop/DM_FLAVIO/Content/Character/Animations/Idle_walk_run.uasset'
[2015.05.02-19.39.01:355][483]LogContentBrowser:Verbose: The content browser source was changed by the sources view to '/Game'
[2015.05.02-19.39.07:480][  2]LogContentBrowser:Verbose: The content browser source was changed by the sources view to '/Game/Character'
[2015.05.02-19.39.47:501][762]LogContentBrowser:Verbose: The content browser source was changed by the sources view to '/Game/Character'
[2015.05.02-19.40.45:068][706]LogSkeletalMesh: InitArticulated: Bodies already created (/Engine/Transient.DebugSkelMeshComponent_6) - call TermArticulated first.
[2015.05.02-19.41.18:215][446]LogContentBrowser:Verbose: The majority of assets in the view are of type: AnimSequence
[2015.05.02-19.41.50:558][283]Cmd: OBJ SAVEPACKAGE PACKAGE="/Game/Character/CharacterAnimBP" FILE="../../../../../../Users/RossFamily/Desktop/DM_FLAVIO/Content/Character/CharacterAnimBP.uasset" SILENT=true
[2015.05.02-19.41.50:961][283]LogSavePackage: Save=400.590851ms
[2015.05.02-19.41.50:961][283]LogSavePackage: Moving '../../../../../../Users/RossFamily/Desktop/DM_FLAVIO/Saved/CharacterAnimBP8018C57649570BE58F9AB6861A7112CE.tmp' to '../../../../../../Users/RossFamily/Desktop/DM_FLAVIO/Content/Character/CharacterAnimBP.uasset'
[2015.05.02-19.51.23:329][756]LogContentBrowser:Verbose: The majority of assets in the view are of type: AnimSequence
[2015.05.02-19.51.26:613][ 67]LogContentBrowser:Verbose: The majority of assets in the view are of type: AnimSequence
[2015.05.02-19.52.56:003][131]LogParticles: Destroying 0 GPU particle simulations for FXSystem 0x0000002845FA4220
[2015.05.02-19.52.56:004][131]LogParticles: Destroying 0 GPU particle simulations for FXSystem 0x0000002825B32E80
[2015.05.02-19.52.56:004][131]LogParticles: Destroying 0 GPU particle simulations for FXSystem 0x00000028396A0360
[2015.05.02-19.52.56:005][131]LogParticles: Destroying 0 GPU particle simulations for FXSystem 0x00000028396A0CC0
[2015.05.02-19.52.56:005][131]LogParticles: Destroying 0 GPU particle simulations for FXSystem 0x000000284C9923E0
[2015.05.02-19.52.56:006][131]LogParticles: Destroying 0 GPU particle simulations for FXSystem 0x000000284F9C1D00
[2015.05.02-19.52.56:006][131]LogParticles: Destroying 0 GPU particle simulations for FXSystem 0x000000284E1FBE20
[2015.05.02-19.52.56:011][131]LogFileHelpers: Editor autosave (incl. sublevels) for '/Game/StarterContent/Maps/Minimal_Default' took 0.031
[2015.05.02-19.52.56:043][131]OBJ SavePackage: Generating thumbnails for [0] asset(s) in package [/Game/Character/CharacterAnimBP] ([1] browsable assets)...
[2015.05.02-19.52.56:072][131]OBJ SavePackage: Finished generating thumbnails for package [/Game/Character/CharacterAnimBP]
[2015.05.02-19.52.56:177][131]LogSavePackage: Save=94.021233ms
[2015.05.02-19.52.56:178][131]LogSavePackage: Moving '../../../../../../Users/RossFamily/Desktop/DM_FLAVIO/Saved/CharacterAnimBP_Auto3CA66DA864F2BE4D42108659C7DD130E6.tmp' to '../../../../../../Users/RossFamily/Desktop/DM_FLAVIO/Saved/Autosaves/Game/Character/CharacterAnimBP_Auto3.uasset'
[2015.05.02-19.52.56:184][131]LogFileHelpers: Auto-saving content packages took 0.173
[2015.05.02-19.53.27:006][809]Cmd: OBJ SAVEPACKAGE PACKAGE="/Game/Character/CharacterAnimBP" FILE="../../../../../../Users/RossFamily/Desktop/DM_FLAVIO/Content/Character/CharacterAnimBP.uasset" SILENT=true
[2015.05.02-19.53.27:026][809]LogSavePackage: Save=15.640242ms
[2015.05.02-19.53.27:026][809]LogSavePackage: Moving '../../../../../../Users/RossFamily/Desktop/DM_FLAVIO/Saved/CharacterAnimBP297FA61141A2A2DAC86B4E815EF3FEC6.tmp' to '../../../../../../Users/RossFamily/Desktop/DM_FLAVIO/Content/Character/CharacterAnimBP.uasset'
[2015.05.02-19.53.30:156][184]BlueprintLog: New page: Compile CharacterAnimBP
[2015.05.02-19.53.30:235][184]BlueprintEditorCompileResults: Info  Result  was visible but ignored
[2015.05.02-19.53.30:235][184]BlueprintEditorCompileResults: Info [5853.71] Compile of CharacterAnimBP successful! [in 79 ms]
[2015.05.02-20.54.15:692][ 86]Cmd: OBJ SAVEPACKAGE PACKAGE="/Game/Character/CharacterAnimBP" FILE="../../../../../../Users/RossFamily/Desktop/DM_FLAVIO/Content/Character/CharacterAnimBP.uasset" SILENT=true
[2015.05.02-20.54.16:109][ 86]LogSavePackage: Save=408.355530ms
[2015.05.02-20.54.16:109][ 86]LogSavePackage: Moving '../../../../../../Users/RossFamily/Desktop/DM_FLAVIO/Saved/CharacterAnimBPA36FF1E74E29750EBD69CE8FAD6929A0.tmp' to '../../../../../../Users/RossFamily/Desktop/DM_FLAVIO/Content/Character/CharacterAnimBP.uasset'
[2015.05.02-20.54.51:969][280]Cmd: QUIT_EDITOR
[2015.05.02-20.54.52:277][280]LogExit: Preparing to exit.
[2015.05.02-20.54.53:076][280]LogExit: Editor shut down
[2015.05.02-20.54.53:076][280]LogExit: Transaction tracking system shut down
[2015.05.02-20.54.53:077][280]LogParticles: Destroying 0 GPU particle simulations for FXSystem 0x0000002833DC7E20
[2015.05.02-20.54.53:078][280]LogParticles: Destroying 0 GPU particle simulations for FXSystem 0x0000002833DC5440
[2015.05.02-20.54.53:078][280]LogParticles: Destroying 0 GPU particle simulations for FXSystem 0x0000002835E08860
[2015.05.02-20.54.53:078][280]LogParticles: Destroying 0 GPU particle simulations for FXSystem 0x000000284E76F9C0
[2015.05.02-20.54.53:078][280]LogParticles: Destroying 0 GPU particle simulations for FXSystem 0x0000002825ABD3A0
[2015.05.02-20.54.53:079][280]LogParticles: Destroying 0 GPU particle simulations for FXSystem 0x0000002826834900
[2015.05.02-20.54.53:080][280]LogParticles: Destroying 0 GPU particle simulations for FXSystem 0x0000002833DAF880
[2015.05.02-20.54.53:080][280]LogParticles: Destroying 0 GPU particle simulations for FXSystem 0x0000002833DC7060
[2015.05.02-20.54.53:080][280]LogParticles: Destroying 0 GPU particle simulations for FXSystem 0x000000282457FF60
[2015.05.02-20.54.53:080][280]LogParticles: Destroying 0 GPU particle simulations for FXSystem 0x000000282457DBC0
[2015.05.02-20.54.53:188][280]LogParticles: Destroying 0 GPU particle simulations for FXSystem 0x00000028505C3240
[2015.05.02-20.54.53:188][280]LogExit: Object subsystem successfully closed.
[2015.05.02-20.54.53:249][280]LogModuleManager: Shutting down and abandoning module MaterialEditor (179)
[2015.05.02-20.54.53:249][280]LogModuleManager: Shutting down and abandoning module ExternalImagePicker (178)
[2015.05.02-20.54.53:249][280]LogModuleManager: Shutting down and abandoning module CrashTracker (177)
[2015.05.02-20.54.53:249][280]LogModuleManager: Shutting down and abandoning module SuperSearch (176)
[2015.05.02-20.54.53:249][280]LogModuleManager: Shutting down and abandoning module SceneOutliner (175)
[2015.05.02-20.54.53:249][280]LogModuleManager: Shutting down and abandoning module EditorWidgets (174)
[2015.05.02-20.54.53:249][280]LogModuleManager: Shutting down and abandoning module CollectionManager (173)
[2015.05.02-20.54.53:249][280]LogModuleManager: Shutting down and abandoning module StatsViewer (172)
[2015.05.02-20.54.53:249][280]LogModuleManager: Shutting down and abandoning module FoliageEdit (171)
[2015.05.02-20.54.53:249][280]LogModuleManager: Shutting down and abandoning module LandscapeEditor (170)
[2015.05.02-20.54.53:249][280]LogModuleManager: Shutting down and abandoning module MeshPaint (169)
[2015.05.02-20.54.53:249][280]LogModuleManager: Shutting down and abandoning module ActorPickerMode (168)
[2015.05.02-20.54.53:249][280]LogModuleManager: Shutting down and abandoning module GeometryMode (167)
[2015.05.02-20.54.53:249][280]LogModuleManager: Shutting down and abandoning module TextureAlignMode (166)
[2015.05.02-20.54.53:249][280]LogModuleManager: Shutting down and abandoning module BspMode (165)
[2015.05.02-20.54.53:249][280]LogModuleManager: Shutting down and abandoning module PlacementMode (164)
[2015.05.02-20.54.53:249][280]LogModuleManager: Shutting down and abandoning module AutomationWorker (163)
[2015.05.02-20.54.53:249][280]LogModuleManager: Shutting down and abandoning module CharacterAI (162)
[2015.05.02-20.54.53:249][280]LogModuleManager: Shutting down and abandoning module SmartSnapping (161)
[2015.05.02-20.54.53:249][280]LogModuleManager: Shutting down and abandoning module ViewportSnapping (160)
[2015.05.02-20.54.53:249][280]LogModuleManager: Shutting down and abandoning module LogVisualizer (159)
[2015.05.02-20.54.53:250][280]LogModuleManager: Shutting down and abandoning module GameProjectGeneration (158)
[2015.05.02-20.54.53:250][280]LogModuleManager: Shutting down and abandoning module IntroTutorials (157)
[2015.05.02-20.54.53:250][280]LogModuleManager: Shutting down and abandoning module EditorLiveStreaming (156)
[2015.05.02-20.54.53:250][280]LogModuleManager: Shutting down and abandoning module HardwareTargeting (155)
[2015.05.02-20.54.53:250][280]LogModuleManager: Shutting down and abandoning module DeviceProfileEditor (154)
[2015.05.02-20.54.53:250][280]LogModuleManager: Shutting down and abandoning module UndoHistory (153)
[2015.05.02-20.54.53:250][280]LogModuleManager: Shutting down and abandoning module GameplayTagsEditor (152)
[2015.05.02-20.54.53:250][280]LogModuleManager: Shutting down and abandoning module UserFeedback (151)
[2015.05.02-20.54.53:250][280]LogModuleManager: Shutting down and abandoning module XmlParser (150)
[2015.05.02-20.54.53:250][280]LogModuleManager: Shutting down and abandoning module Blutility (149)
[2015.05.02-20.54.53:250][280]LogModuleManager: Shutting down and abandoning module IOSPlatformEditor (148)
[2015.05.02-20.54.53:250][280]LogModuleManager: Shutting down and abandoning module IOSRuntimeSettings (147)
[2015.05.02-20.54.53:250][280]LogModuleManager: Shutting down and abandoning module AndroidDeviceDetection (146)
[2015.05.02-20.54.53:283][280]LogModuleManager: Shutting down and abandoning module AndroidPlatformEditor (145)
[2015.05.02-20.54.53:283][280]LogModuleManager: Shutting down and abandoning module AndroidRuntimeSettings (144)
[2015.05.02-20.54.53:283][280]LogModuleManager: Shutting down and abandoning module ProjectTargetPlatformEditor (143)
[2015.05.02-20.54.53:283][280]LogModuleManager: Shutting down and abandoning module ProjectSettingsViewer (142)
[2015.05.02-20.54.53:283][280]LogModuleManager: Shutting down and abandoning module InputBindingEditor (141)
[2015.05.02-20.54.53:283][280]LogModuleManager: Shutting down and abandoning module EditorSettingsViewer (140)
[2015.05.02-20.54.53:283][280]LogModuleManager: Shutting down and abandoning module SettingsEditor (139)
[2015.05.02-20.54.53:283][280]LogModuleManager: Shutting down and abandoning module ProjectLauncher (138)
[2015.05.02-20.54.53:283][280]LogModuleManager: Shutting down and abandoning module SessionFrontend (137)
[2015.05.02-20.54.53:283][280]LogModuleManager: Shutting down and abandoning module ProfilerClient (136)
[2015.05.02-20.54.53:283][280]LogModuleManager: Shutting down and abandoning module TargetDeviceServices (135)
[2015.05.02-20.54.53:283][280]LogModuleManager: Shutting down and abandoning module DeviceManager (134)
[2015.05.02-20.54.53:283][280]LogModuleManager: Shutting down and abandoning module AutomationController (133)
[2015.05.02-20.54.53:283][280]LogModuleManager: Shutting down and abandoning module AutomationWindow (132)
[2015.05.02-20.54.53:283][280]LogModuleManager: Shutting down and abandoning module Layers (131)
[2015.05.02-20.54.53:283][280]LogModuleManager: Shutting down and abandoning module ComponentVisualizers (130)
[2015.05.02-20.54.53:283][280]LogModuleManager: Shutting down and abandoning module DetailCustomizations (129)
[2015.05.02-20.54.53:283][280]LogModuleManager: Shutting down and abandoning module PackagesDialog (128)
[2015.05.02-20.54.53:284][280]LogModuleManager: Shutting down and abandoning module AssetRegistry (127)
[2015.05.02-20.54.53:331][280]LogModuleManager: Shutting down and abandoning module Persona (126)
[2015.05.02-20.54.53:331][280]LogModuleManager: Shutting down and abandoning module SlateReflector (125)
[2015.05.02-20.54.53:331][280]LogModuleManager: Shutting down and abandoning module LevelEditor (124)
[2015.05.02-20.54.53:332][280]LogModuleManager: Shutting down and abandoning module Kismet (123)
[2015.05.02-20.54.53:332][280]LogModuleManager: Shutting down and abandoning module GraphEditor (122)
[2015.05.02-20.54.53:332][280]LogModuleManager: Shutting down and abandoning module ClassViewer (121)
[2015.05.02-20.54.53:332][280]LogModuleManager: Shutting down and abandoning module Toolbox (120)
[2015.05.02-20.54.53:332][280]LogModuleManager: Shutting down and abandoning module ModuleUI (119)
[2015.05.02-20.54.53:332][280]LogModuleManager: Shutting down and abandoning module MovieSceneTools (118)
[2015.05.02-20.54.53:332][280]LogModuleManager: Shutting down and abandoning module OutputLog (117)
[2015.05.02-20.54.53:332][280]LogModuleManager: Shutting down and abandoning module GammaUI (116)
[2015.05.02-20.54.53:332][280]LogModuleManager: Shutting down and abandoning module Documentation (115)
[2015.05.02-20.54.53:332][280]LogModuleManager: Shutting down and abandoning module GameLiveStreaming (114)
[2015.05.02-20.54.53:332][280]LogModuleManager: Shutting down and abandoning module StreamingPauseRendering (113)
[2015.05.02-20.54.53:332][280]LogModuleManager: Shutting down and abandoning module HTTP (112)
[2015.05.02-20.54.53:333][280]LogModuleManager: Shutting down and abandoning module AnalyticsET (111)
[2015.05.02-20.54.53:333][280]LogModuleManager: Shutting down and abandoning module Analytics (110)
[2015.05.02-20.54.53:333][280]LogModuleManager: Shutting down and abandoning module AITestSuite (109)
[2015.05.02-20.54.53:333][280]LogModuleManager: Shutting down and abandoning module GameplayDebugger (108)
[2015.05.02-20.54.53:333][280]LogModuleManager: Shutting down and abandoning module AIModule (107)
[2015.05.02-20.54.53:333][280]LogModuleManager: Shutting down and abandoning module ProfilerService (106)
[2015.05.02-20.54.53:445][280]LogModuleManager: Shutting down and abandoning module TaskGraph (105)
[2015.05.02-20.54.53:445][280]LogModuleManager: Shutting down and abandoning module SlateRemote (104)
[2015.05.02-20.54.53:445][280]LogModuleManager: Shutting down and abandoning module ScriptEditorPlugin (103)
[2015.05.02-20.54.53:445][280]LogModuleManager: Shutting down and abandoning module CustomMeshComponent (102)
[2015.05.02-20.54.53:445][280]LogModuleManager: Shutting down and abandoning module CableComponent (101)
[2015.05.02-20.54.53:445][280]LogModuleManager: Shutting down and abandoning module MessagingDebugger (100)
[2015.05.02-20.54.53:445][280]LogModuleManager: Shutting down and abandoning module MediaPlayerEditor (99)
[2015.05.02-20.54.53:445][280]LogModuleManager: Shutting down and abandoning module SpeedTreeImporter (98)
[2015.05.02-20.54.53:445][280]LogModuleManager: Shutting down and abandoning module PluginsEditor (97)
[2015.05.02-20.54.53:445][280]LogModuleManager: Shutting down and abandoning module MainFrame (96)
[2015.05.02-20.54.53:445][280]LogModuleManager: Shutting down and abandoning module EpicSurvey (95)
[2015.05.02-20.54.53:445][280]LogModuleManager: Shutting down and abandoning module DesktopPlatform (94)
[2015.05.02-20.54.53:445][280]LogModuleManager: Shutting down and abandoning module DirectoryWatcher (93)
[2015.05.02-20.54.53:446][280]LogModuleManager: Shutting down and abandoning module HotReload (92)
[2015.05.02-20.54.53:446][280]LogModuleManager: Shutting down and abandoning module VisualStudioSourceCodeAccess (91)
[2015.05.02-20.54.53:446][280]LogModuleManager: Shutting down and abandoning module UObjectPlugin (90)
[2015.05.02-20.54.53:446][280]LogModuleManager: Shutting down and abandoning module SubversionSourceControl (89)
[2015.05.02-20.54.53:446][280]LogModuleManager: Shutting down and abandoning module PerforceSourceControl (88)
[2015.05.02-20.54.53:446][280]LogModuleManager: Shutting down and abandoning module SourceControl (87)
[2015.05.02-20.54.53:446][280]LogModuleManager: Shutting down and abandoning module GitSourceControl (86)
[2015.05.02-20.54.53:446][280]LogModuleManager: Shutting down and abandoning module BlankPlugin (85)
[2015.05.02-20.54.53:446][280]LogModuleManager: Shutting down and abandoning module PaperTiledImporter (84)
[2015.05.02-20.54.53:446][280]LogModuleManager: Shutting down and abandoning module PaperJsonImporter (83)
[2015.05.02-20.54.53:446][280]LogModuleManager: Shutting down and abandoning module ContentBrowser (82)
[2015.05.02-20.54.53:447][280]LogModuleManager: Shutting down and abandoning module Paper2DEditor (81)
[2015.05.02-20.54.53:447][280]LogModuleManager: Shutting down and abandoning module ScriptPlugin (80)
[2015.05.02-20.54.53:447][280]LogModuleManager: Shutting down and abandoning module UdpMessaging (79)
[2015.05.02-20.54.53:548][280]LogModuleManager: Shutting down and abandoning module Paper2D (78)
[2015.05.02-20.54.53:548][280]LogModuleManager: Shutting down and abandoning module WindowsMoviePlayer (77)
[2015.05.02-20.54.53:551][280]LogModuleManager: Shutting down and abandoning module Media (76)
[2015.05.02-20.54.53:551][280]LogModuleManager: Shutting down and abandoning module WmfMedia (75)
[2015.05.02-20.54.53:551][280]LogModuleManager: Shutting down and abandoning module OnlineBlueprintSupport (74)
[2015.05.02-20.54.53:551][280]LogModuleManager: Shutting down and abandoning module PropertyEditor (73)
[2015.05.02-20.54.53:551][280]LogModuleManager: Shutting down and abandoning module BehaviorTreeEditor (72)
[2015.05.02-20.54.53:551][280]LogModuleManager: Shutting down and abandoning module FunctionalTesting (71)
[2015.05.02-20.54.53:551][280]LogModuleManager: Shutting down and abandoning module CollisionAnalyzer (70)
[2015.05.02-20.54.53:551][280]LogModuleManager: Shutting down and abandoning module WorkspaceMenuStructure (69)
[2015.05.02-20.54.53:551][280]LogModuleManager: Shutting down and abandoning module MessageLog (68)
[2015.05.02-20.54.53:551][280]LogModuleManager: Shutting down and abandoning module Sequencer (67)
[2015.05.02-20.54.53:551][280]LogModuleManager: Shutting down and abandoning module AssetTools (66)
[2015.05.02-20.54.53:551][280]LogModuleManager: Shutting down and abandoning module UMGEditor (65)
[2015.05.02-20.54.53:551][280]LogModuleManager: Shutting down and abandoning module UMG (64)
[2015.05.02-20.54.53:551][280]LogModuleManager: Shutting down and abandoning module Slate (63)
[2015.05.02-20.54.53:551][280]LogModuleManager: Shutting down and abandoning module EditorStyle (62)
[2015.05.02-20.54.53:556][280]LogModuleManager: Shutting down and abandoning module SessionServices (61)
[2015.05.02-20.54.53:556][280]LogModuleManager: Shutting down and abandoning module SourceCodeAccess (60)
[2015.05.02-20.54.53:556][280]LogModuleManager: Shutting down and abandoning module HeadMountedDisplay (59)
[2015.05.02-20.54.53:556][280]LogModuleManager: Shutting down and abandoning module XAudio2 (58)
[2015.05.02-20.54.53:556][280]LogModuleManager: Shutting down and abandoning module Networking (56)
[2015.05.02-20.54.53:556][280]LogModuleManager: Shutting down and abandoning module Core (55)
[2015.05.02-20.54.53:556][280]LogModuleManager: Shutting down and abandoning module KismetCompiler (54)
[2015.05.02-20.54.53:556][280]LogModuleManager: Shutting down and abandoning module PhysXFormats (53)
[2015.05.02-20.54.53:556][280]LogModuleManager: Shutting down and abandoning module MeshUtilities (52)
[2015.05.02-20.54.53:556][280]LogModuleManager: Shutting down and abandoning module DerivedDataCache (51)
[2015.05.02-20.54.53:626][280]LogDerivedDataCache: Shutdown
[2015.05.02-20.54.53:626][280]LogModuleManager: Shutting down and abandoning module ShaderFormatOpenGL (50)
[2015.05.02-20.54.53:626][280]LogModuleManager: Shutting down and abandoning module ShaderFormatD3D (49)
[2015.05.02-20.54.53:626][280]LogModuleManager: Shutting down and abandoning module MetalShaderFormat (48)
[2015.05.02-20.54.53:626][280]LogModuleManager: Shutting down and abandoning module TextureFormatUncompressed (47)
[2015.05.02-20.54.53:626][280]LogModuleManager: Shutting down and abandoning module TextureFormatPVR (46)
[2015.05.02-20.54.53:626][280]LogModuleManager: Shutting down and abandoning module TextureFormatIntelISPCTexComp (45)
[2015.05.02-20.54.53:626][280]LogModuleManager: Shutting down and abandoning module TextureFormatDXT (44)
[2015.05.02-20.54.53:626][280]LogModuleManager: Shutting down and abandoning module ImageWrapper (43)
[2015.05.02-20.54.53:626][280]LogModuleManager: Shutting down and abandoning module TextureFormatASTC (42)
[2015.05.02-20.54.53:626][280]LogModuleManager: Shutting down and abandoning module TextureFormatAndroid (41)
[2015.05.02-20.54.53:626][280]LogModuleManager: Shutting down and abandoning module AudioFormatOpus (40)
[2015.05.02-20.54.53:626][280]LogModuleManager: Shutting down and abandoning module AudioFormatOgg (39)
[2015.05.02-20.54.53:626][280]LogModuleManager: Shutting down and abandoning module AudioFormatADPCM (38)
[2015.05.02-20.54.53:626][280]LogModuleManager: Shutting down and abandoning module LinuxTargetPlatform (37)
[2015.05.02-20.54.53:626][280]LogModuleManager: Shutting down and abandoning module LinuxServerTargetPlatform (36)
[2015.05.02-20.54.53:626][280]LogModuleManager: Shutting down and abandoning module LinuxNoEditorTargetPlatform (35)
[2015.05.02-20.54.53:626][280]LogModuleManager: Shutting down and abandoning module Messaging (34)
[2015.05.02-20.54.53:626][280]LogModuleManager: Shutting down and abandoning module IOSTargetPlatform (33)
[2015.05.02-20.54.53:626][280]LogModuleManager: Shutting down and abandoning module HTML5TargetPlatform (32)
[2015.05.02-20.54.53:626][280]LogModuleManager: Shutting down and abandoning module Android_PVRTCTargetPlatform (31)
[2015.05.02-20.54.53:626][280]LogModuleManager: Shutting down and abandoning module Android_ETC2TargetPlatform (30)
[2015.05.02-20.54.53:626][280]LogModuleManager: Shutting down and abandoning module Android_ETC1TargetPlatform (29)
[2015.05.02-20.54.53:626][280]LogModuleManager: Shutting down and abandoning module Android_ES31TargetPlatform (28)
[2015.05.02-20.54.53:626][280]LogModuleManager: Shutting down and abandoning module Android_DXTTargetPlatform (27)
[2015.05.02-20.54.53:626][280]LogModuleManager: Shutting down and abandoning module Android_ATCTargetPlatform (26)
[2015.05.02-20.54.53:626][280]LogModuleManager: Shutting down and abandoning module AndroidTargetPlatform (25)
[2015.05.02-20.54.53:626][280]LogModuleManager: Shutting down and abandoning module WindowsTargetPlatform (24)
[2015.05.02-20.54.53:626][280]LogModuleManager: Shutting down and abandoning module WindowsServerTargetPlatform (23)
[2015.05.02-20.54.53:626][280]LogModuleManager: Shutting down and abandoning module WindowsNoEditorTargetPlatform (22)
[2015.05.02-20.54.53:626][280]LogModuleManager: Shutting down and abandoning module WindowsClientTargetPlatform (21)
[2015.05.02-20.54.53:626][280]LogModuleManager: Shutting down and abandoning module TargetPlatform (20)
[2015.05.02-20.54.53:626][280]LogModuleManager: Shutting down and abandoning module InputCore (19)
[2015.05.02-20.54.53:626][280]LogModuleManager: Shutting down and abandoning module Settings (18)
[2015.05.02-20.54.53:626][280]LogModuleManager: Shutting down and abandoning module OnlineSubsystem (16)
[2015.05.02-20.54.53:626][280]LogModuleManager: Shutting down and abandoning module OculusRift (15)
[2015.05.02-20.54.53:626][280]LogModuleManager: Shutting down and abandoning module ExampleDeviceProfileSelector (14)
[2015.05.02-20.54.53:626][280]LogModuleManager: Shutting down and abandoning module TextureCompressor (13)
[2015.05.02-20.54.53:626][280]LogModuleManager: Shutting down and abandoning module ShaderCore (12)
[2015.05.02-20.54.53:626][280]LogModuleManager: Shutting down and abandoning module Landscape (11)
[2015.05.02-20.54.53:626][280]LogModuleManager: Shutting down and abandoning module SlateRHIRenderer (10)
[2015.05.02-20.54.53:635][280]LogModuleManager: Shutting down and abandoning module OpenGLDrv (9)
[2015.05.02-20.54.53:635][280]LogModuleManager: Shutting down and abandoning module D3D11RHI (8)
[2015.05.02-20.54.53:635][280]LogModuleManager: Shutting down and abandoning module Renderer (7)
[2015.05.02-20.54.53:635][280]LogModuleManager: Shutting down and abandoning module Engine (6)
[2015.05.02-20.54.53:635][280]LogModuleManager: Shutting down and abandoning module CoreUObject (5)
[2015.05.02-20.54.53:635][280]LogModuleManager: Shutting down and abandoning module NetworkFile (4)
[2015.05.02-20.54.53:635][280]LogModuleManager: Shutting down and abandoning module StreamingFile (3)
[2015.05.02-20.54.53:635][280]LogModuleManager: Shutting down and abandoning module SandboxFile (2)
[2015.05.02-20.54.53:635][280]LogModuleManager: Shutting down and abandoning module PakFile (1)
[2015.05.02-20.54.53:636][280]LogExit: Exiting.
[2015.05.02-20.54.53:659][280]Log file closed, 05/02/15 13:54:53
