Log file open, 05/04/15 09:50:13
LogInit:Display: Running engine for game: DM_FLAVIO
LogInit: Version: 4.7.5-2503383+++depot+UE4-Releases+4.7
LogInit: API Version: 2455222
LogInit: Compiled (64-bit): Apr  6 2015 23:21:51
LogInit: Compiled with Visual C++: 18.00.21005.01
LogInit: Build Configuration: Development
LogInit: Branch Name: ++depot+UE4-Releases+4.7
LogInit: Command line:  
LogInit: Base directory: C:/Program Files/Epic Games/4.7/Engine/Binaries/Win64/
LogInit: Rocket: 1
[2015.05.04-16.50.13:151][  0]LogTaskGraph: Started task graph with 3 named threads and 6 total threads.
[2015.05.04-16.50.13:207][  0]LogOnline:Warning: No default platform service specified for OnlineSubsystem
[2015.05.04-16.50.13:221][  0]LogInit: Presizing for 0 objects not considered by GC, pre-allocating 0 bytes.
[2015.05.04-16.50.13:232][  0]LogInit: Object subsystem initialized
[2015.05.04-16.50.13:234][  0]LogConsoleResponse:Warning: Skipping Unknown console variable: 'TranslucentSortAxis = (X=0.000000,Y=-1.000000,Z=0.000000)'
[2015.05.04-16.50.13:234][  0]LogConsoleResponse:Warning:   Found in ini file 'C:/Users/Flavio/Desktop/DM_FLAVIO/Saved/Config/Windows/Engine.ini', in section '[/Script/Engine.RendererSettings]'
[2015.05.04-16.50.13:234][  0]LogConsoleResponse:Warning: Skipping Unknown console variable: 'UIScaleRule = ShortestSide'
[2015.05.04-16.50.13:234][  0]LogConsoleResponse:Warning:   Found in ini file 'C:/Users/Flavio/Desktop/DM_FLAVIO/Saved/Config/Windows/Engine.ini', in section '[/Script/Engine.RendererSettings]'
[2015.05.04-16.50.13:234][  0]LogConsoleResponse:Warning: Skipping Unknown console variable: 'UIScaleCurve = (EditorCurveData=(Keys=),ExternalCurve=None)'
[2015.05.04-16.50.13:234][  0]LogConsoleResponse:Warning:   Found in ini file 'C:/Users/Flavio/Desktop/DM_FLAVIO/Saved/Config/Windows/Engine.ini', in section '[/Script/Engine.RendererSettings]'
[2015.05.04-16.50.13:234][  0]LogInit: Selected Device Profile: [Windows]
[2015.05.04-16.50.13:234][  0]LogInit: Applying CVar settings loaded from the selected device profile: [Windows]
[2015.05.04-16.50.13:259][  0]LogInit: Computer: FLAVIO
[2015.05.04-16.50.13:259][  0]LogInit: User: Flavio
[2015.05.04-16.50.13:259][  0]LogInit: CPU Page size=4096, Cores=4
[2015.05.04-16.50.13:259][  0]LogInit: High frequency timer resolution =2.143576 MHz
[2015.05.04-16.50.13:259][  0]LogMemory: Memory total: Physical=7.9GB (8GB approx) Virtual=131072.0GB
[2015.05.04-16.50.13:259][  0]LogMemory: Platform Memory Stats for Windows
[2015.05.04-16.50.13:259][  0]LogMemory: Process Physical Memory: 46.86 MB used, 46.86 MB peak
[2015.05.04-16.50.13:259][  0]LogMemory: Process Virtual Memory: 26.90 MB used, 26.90 MB peak
[2015.05.04-16.50.13:259][  0]LogMemory: Physical Memory: 1702.20 MB used, 8086.16 MB total
[2015.05.04-16.50.13:259][  0]LogMemory: Virtual Memory: 293.64 MB used, 134217728.00 MB total
[2015.05.04-16.50.13:849][  0]LogD3D11RHI: Found D3D11 adapter 0: NVIDIA GeForce GT 540M (Feature Level 11_0)
[2015.05.04-16.50.13:849][  0]LogD3D11RHI: Adapter has 1996MB of dedicated video memory, 0MB of dedicated system memory, and 2047MB of shared system memory, 1 output[s]
[2015.05.04-16.50.13:867][  0]LogD3D11RHI: Found D3D11 adapter 1: NVIDIA GeForce GT 540M (Feature Level 11_0)
[2015.05.04-16.50.13:867][  0]LogD3D11RHI: Adapter has 1996MB of dedicated video memory, 0MB of dedicated system memory, and 2047MB of shared system memory, 0 output[s]
[2015.05.04-16.50.13:869][  0]LogD3D11RHI: Found D3D11 adapter 2: Microsoft Basic Render Driver (Feature Level 11_0)
[2015.05.04-16.50.13:869][  0]LogD3D11RHI: Adapter has 1996MB of dedicated video memory, 0MB of dedicated system memory, and 2047MB of shared system memory, 0 output[s]
[2015.05.04-16.50.13:869][  0]LogD3D11RHI: Chosen D3D11 Adapter Id = 0
[2015.05.04-16.50.13:873][  0]LogRHI: Texture pool is 1361 MB (70% of 1945 MB)
[2015.05.04-16.50.13:883][  0]LogD3D11RHI: Async texture creation enabled
[2015.05.04-16.50.13:964][  0]LogTextLocalizationManager: The requested culture ('en_US') has no localization data; parent culture's ('en') localization data will be used.
[2015.05.04-16.50.14:028][  0]LogTextLocalizationManager:Warning: Loading localization resources contain conflicting entries for (Namespace:UICommands, Key:Save_ToolTip):
Resource: (C:/Program Files/Epic Games/4.7/Engine/Content/Localization/Editor/en/Editor.locres) Hash: (-29098895) String: (Saves the current level to disk)
Resource: (C:/Program Files/Epic Games/4.7/Engine/Content/Localization/Engine/en/Engine.locres) Hash: (-1280300587) String: (Save selected data to vlog file)
[2015.05.04-16.50.14:028][  0]LogTextLocalizationManager:Warning: Loading localization resources contain conflicting entries for (Namespace:ContentBrowser, Key:ImportAssetToolTip):
Resource: (C:/Program Files/Epic Games/4.7/Engine/Content/Localization/Editor/en/Editor.locres) Hash: (-630476809) String: (Import to {0}...)
Resource: (C:/Program Files/Epic Games/4.7/Engine/Content/Localization/Editor/en/Editor.locres) Hash: (1271782899) String: (Imports an asset from file to this folder.)
[2015.05.04-16.50.14:114][  0]LogContentStreaming: Texture pool size is 0.000000MB
[2015.05.04-16.50.17:711][  0]LogTargetPlatformManager:Display: Building Assets For Windows
[2015.05.04-16.50.18:349][  0]LogTargetPlatformManager:Display: Building Assets For Windows
[2015.05.04-16.50.18:421][  0]LogDerivedDataCache:Display: Max Cache Size: 512 MB
[2015.05.04-16.50.18:933][  0]LogDerivedDataCache: Loaded boot cache 0.51s 39MB C:/Users/Flavio/AppData/Local/UnrealEngine/4.7/DerivedDataCache/Boot.ddc.
[2015.05.04-16.50.18:933][  0]LogDerivedDataCache:Display: Loaded Boot cache: C:/Users/Flavio/AppData/Local/UnrealEngine/4.7/DerivedDataCache/Boot.ddc
[2015.05.04-16.50.18:933][  0]LogDerivedDataCache: FDerivedDataBackendGraph:  Pak pak cache file ../../../../../../Users/Flavio/Desktop/DM_FLAVIO/DerivedDataCache/DDC.ddp not found, will not use a pak cache.
[2015.05.04-16.50.18:933][  0]LogDerivedDataCache: Unable to find inner node Pak for hierarchical cache Hierarchy.
[2015.05.04-16.50.19:069][  0]LogDerivedDataCache:Display: Pak cache opened for reading ../../../Engine/DerivedDataCache/Compressed.ddp.
[2015.05.04-16.50.19:081][  0]LogDerivedDataCache: Using Local data cache path C:/Users/Flavio/AppData/Local/UnrealEngine/Common/DerivedDataCache: Writable
[2015.05.04-16.50.21:227][  0]LogMeshUtilities: No automatic mesh reduction module available
[2015.05.04-16.50.21:227][  0]LogMeshUtilities: No automatic mesh merging module available
[2015.05.04-16.50.23:675][  0]LogInit: WinSock: version 1.1 (2.2), MaxSocks=32767, MaxUdp=65467
[2015.05.04-16.50.23:977][  0]LogSlate:Warning: Failed to load font data from '../../../Engine/Content/Slate/Fonts/Roboto-Italic.ttf'
[2015.05.04-16.50.40:313][  0]UdpMessaging: Initializing bridge on interface 0.0.0.0:0 to multicast group 230.0.0.1:6666.
[2015.05.04-16.50.41:244][  0]SourceControl: Info Source control is disabled
[2015.05.04-16.50.41:253][  0]SourceControl: Info Source control is disabled
[2015.05.04-16.50.41:253][  0]SourceControl: Info Source control is disabled
[2015.05.04-16.50.41:253][  0]LogSourceControl: RunCommandInternalRaw: 'git version'
[2015.05.04-16.50.41:254][  0]LogSourceControl: RunCommandInternalRaw: ExecProcess ReturnCode=2 OutResults=''
[2015.05.04-16.50.41:269][  0]SourceControl: Info Source control is disabled
[2015.05.04-16.50.42:177][  0]LogObj: 24232 objects as part of root set at end of initial load.
[2015.05.04-16.50.42:177][  0]LogUObjectAllocator: 5137176 out of 0 bytes used by permanent object pool.
[2015.05.04-16.50.42:575][  0]LogEngine: Initializing Engine...
[2015.05.04-16.50.44:953][  0]LogInit: XAudio2 using 'Speakers / Headphones (Realtek High Definition Audio)' : 2 channels at 48 kHz using 32 bits per sample (channel mask 0x3)
[2015.05.04-16.50.45:004][  0]LogInit: FAudioDevice initialized.
[2015.05.04-16.50.45:374][  0]LogAIModule: Creating AISystem for world NewWorld
[2015.05.04-16.50.45:452][  0]LogDerivedDataCache: Saved boot cache 0.04s 39MB C:/Users/Flavio/AppData/Local/UnrealEngine/4.7/DerivedDataCache/Boot.ddc.
[2015.05.04-16.50.45:460][  0]LogInit: Texture streaming: Enabled
[2015.05.04-16.50.45:943][  0]LogAnalytics: Creating configured Analytics provider AnalyticsET
[2015.05.04-16.50.45:943][  0]LogAnalytics: ET APIKey = Rocket.Release. APIServer = http://et2.epicgames.com/ET2/. AppVersion = 4.7.5-2503383+++depot+UE4-Releases+4.7
[2015.05.04-16.50.45:943][  0]LogAnalytics: ET APIKey = Rocket.Release. DataRouterUploadURL = https://datarouter-public-service-gamedev.ol.epicgames.net/datarouter/api/v1/public/data. AppVersion = 4.7.5-2503383+++depot+UE4-Releases+4.7
[2015.05.04-16.50.45:944][  0]LogAnalytics: SetUserId 4e83ebe942835539779746b43e4f93f7|14919f3d0643489ba6ad3048feb4b89e|058e2274-dff7-494e-b518-f874ec975a59
[2015.05.04-16.50.45:944][  0]LogAnalytics: AnalyticsET::StartSession [Rocket.Release]
[2015.05.04-16.50.46:057][  0]LogInit: Transaction tracking system initialized
[2015.05.04-16.50.51:420][  0]BlueprintLog: New page: Editor Load
[2015.05.04-16.50.51:494][  0]LogAssetRegistry: FAssetRegistry took 0.0115 seconds to start up
[2015.05.04-16.50.51:515][  0]LogDirectoryWatcher:Warning: Failed to begin reading directory changes for ../../../Engine/Plugins/Experimental/CharacterAI/Content/. Error: 0
[2015.05.04-16.50.54:312][  0]LogTargetPlatformManager:Display: Building Assets For Windows
[2015.05.04-16.50.54:785][  0]LogTargetPlatformManager:Display: Building Assets For Windows
[2015.05.04-16.50.55:593][  0]LogLinker:Warning: Asset '../../../Engine/Content/Tutorial/Mobile/SettingUpAndroidTutorial.uasset' has been saved with empty engine version. The asset will be loaded but may be incompatible.
[2015.05.04-16.50.55:758][  0]LogSlate:Warning: Failed to load font data from '../../../Engine/Content/Editor/Slate/Fonts/Roboto-Regular.ttf'
[2015.05.04-16.50.55:759][  0]LogSlate:Warning: Failed to load font data from '../../../Engine/Content/Editor/Slate/Fonts/Roboto-Bold.ttf'
[2015.05.04-16.50.55:834][  0]LogConsoleResponse:Display: 
[2015.05.04-16.50.57:654][  0]LogCook:Display: Done creating registry. It took  0.00s.
[2015.05.04-16.50.59:343][  0]SourceControl: Info Source control is disabled
[2015.05.04-16.50.59:368][  0]Cmd: MAP LOAD FILE="../../../../../../Users/Flavio/Desktop/DM_FLAVIO/Content/StarterContent/Maps/Minimal_Default.umap" TEMPLATE=0 SHOWPROGRESS=1 FEATURELEVEL=3
[2015.05.04-16.50.59:420][  0]LightingResults: New page: Lighting Build
[2015.05.04-16.50.59:538][  0]MapCheck: New page: Map Check
[2015.05.04-16.50.59:538][  0]LightingResults: New page: Lighting Build
[2015.05.04-16.50.59:626][  0]LogParticles: Destroying 0 GPU particle simulations for FXSystem 0x000000A928247B00
[2015.05.04-16.51.03:778][  0]LogEditorServer: Finished looking for orphan Actors (0.000 secs)
[2015.05.04-16.51.03:821][  0]LogAIModule: Creating AISystem for world Minimal_Default
[2015.05.04-16.51.03:822][  0]Cmd: MAP CHECKDEP
[2015.05.04-16.51.03:822][  0]MapCheck: New page: Minimal_Default - May 4, 2015, 2:51:03 AM
[2015.05.04-16.51.03:937][  0]MapCheck: Info Map check complete: 0 Error(s), 0 Warning(s), took 113.828ms to complete.
[2015.05.04-16.51.03:937][  0]LogFileHelpers: Loading map 'Minimal_Default' took 4.568
[2015.05.04-16.51.04:776][  0]LogCollectionManager: Loaded 0 collections in 0.002117 seconds
[2015.05.04-16.51.04:789][  0]LogContentBrowser: Native class hierarchy populated in 0.0128 seconds. Added 1696 classes and 261 folders.
[2015.05.04-16.51.05:496][  0]LogCrashTracker: Crashtracker disabled due to settings.
[2015.05.04-16.51.05:589][  0]LogSlate:Warning: Failed to load font data from 'Veranda'
[2015.05.04-16.51.05:694][  0]LogUObjectGlobals:Warning: Failed to find object 'Class None.'
[2015.05.04-16.51.05:744][  0]LogLoad: Full Startup: 54.73 seconds (BP compile: 0.78 seconds)
[2015.05.04-16.51.06:635][  0]LogRenderer:Warning: Reallocating scene render targets to support 32x32 (Frame:2).
[2015.05.04-16.51.07:071][  0]LogRenderer:Warning: Reallocating scene render targets to support 792x376 (Frame:3).
[2015.05.04-16.51.07:418][  1]LogContentBrowser:Verbose: The content browser source was changed by the sources view to '/Game/Character'
[2015.05.04-16.51.11:408][ 13]LogAssetRegistry: Asset discovery search completed in 19.9252 seconds
[2015.05.04-16.52.06:095][186]LogActorComponent: UnregisterComponent: (/Engine/Transient.CharMoveComp) Not registered. Aborting.
[2015.05.04-16.52.06:931][187]Cmd: QUIT_EDITOR
[2015.05.04-16.52.07:226][187]LogExit: Preparing to exit.
[2015.05.04-16.52.07:436][187]LogExit: Editor shut down
[2015.05.04-16.52.07:437][187]LogExit: Transaction tracking system shut down
[2015.05.04-16.52.07:438][187]LogParticles: Destroying 0 GPU particle simulations for FXSystem 0x000000A921401940
[2015.05.04-16.52.07:438][187]LogParticles: Destroying 0 GPU particle simulations for FXSystem 0x000000A921949BC0
[2015.05.04-16.52.07:438][187]LogParticles: Destroying 0 GPU particle simulations for FXSystem 0x000000A92DF52700
[2015.05.04-16.52.07:438][187]LogParticles: Destroying 0 GPU particle simulations for FXSystem 0x000000A92F75D8A0
[2015.05.04-16.52.07:438][187]LogParticles: Destroying 0 GPU particle simulations for FXSystem 0x000000A92E05F7E0
[2015.05.04-16.52.07:527][187]LogParticles: Destroying 0 GPU particle simulations for FXSystem 0x000000A931FCAFC0
[2015.05.04-16.52.07:527][187]LogExit: Object subsystem successfully closed.
[2015.05.04-16.52.07:752][187]LogModuleManager: Shutting down and abandoning module CrashTracker (176)
[2015.05.04-16.52.07:752][187]LogModuleManager: Shutting down and abandoning module SuperSearch (175)
[2015.05.04-16.52.07:752][187]LogModuleManager: Shutting down and abandoning module EditorWidgets (174)
[2015.05.04-16.52.07:752][187]LogModuleManager: Shutting down and abandoning module CollectionManager (173)
[2015.05.04-16.52.07:752][187]LogModuleManager: Shutting down and abandoning module StatsViewer (172)
[2015.05.04-16.52.07:752][187]LogModuleManager: Shutting down and abandoning module FoliageEdit (171)
[2015.05.04-16.52.07:752][187]LogModuleManager: Shutting down and abandoning module LandscapeEditor (170)
[2015.05.04-16.52.07:752][187]LogModuleManager: Shutting down and abandoning module MeshPaint (169)
[2015.05.04-16.52.07:752][187]LogModuleManager: Shutting down and abandoning module ActorPickerMode (168)
[2015.05.04-16.52.07:752][187]LogModuleManager: Shutting down and abandoning module GeometryMode (167)
[2015.05.04-16.52.07:752][187]LogModuleManager: Shutting down and abandoning module TextureAlignMode (166)
[2015.05.04-16.52.07:752][187]LogModuleManager: Shutting down and abandoning module BspMode (165)
[2015.05.04-16.52.07:752][187]LogModuleManager: Shutting down and abandoning module PlacementMode (164)
[2015.05.04-16.52.07:752][187]LogModuleManager: Shutting down and abandoning module AutomationWorker (163)
[2015.05.04-16.52.07:752][187]LogModuleManager: Shutting down and abandoning module CharacterAI (162)
[2015.05.04-16.52.07:752][187]LogModuleManager: Shutting down and abandoning module SmartSnapping (161)
[2015.05.04-16.52.07:752][187]LogModuleManager: Shutting down and abandoning module ViewportSnapping (160)
[2015.05.04-16.52.07:752][187]LogModuleManager: Shutting down and abandoning module LogVisualizer (159)
[2015.05.04-16.52.07:774][187]LogModuleManager: Shutting down and abandoning module GameProjectGeneration (158)
[2015.05.04-16.52.07:774][187]LogModuleManager: Shutting down and abandoning module IntroTutorials (157)
[2015.05.04-16.52.07:774][187]LogModuleManager: Shutting down and abandoning module EditorLiveStreaming (156)
[2015.05.04-16.52.07:774][187]LogModuleManager: Shutting down and abandoning module HardwareTargeting (155)
[2015.05.04-16.52.07:774][187]LogModuleManager: Shutting down and abandoning module DeviceProfileEditor (154)
[2015.05.04-16.52.07:782][187]LogModuleManager: Shutting down and abandoning module UndoHistory (153)
[2015.05.04-16.52.07:787][187]LogModuleManager: Shutting down and abandoning module GameplayTagsEditor (152)
[2015.05.04-16.52.07:787][187]LogModuleManager: Shutting down and abandoning module UserFeedback (151)
[2015.05.04-16.52.07:787][187]LogModuleManager: Shutting down and abandoning module XmlParser (150)
[2015.05.04-16.52.07:787][187]LogModuleManager: Shutting down and abandoning module Blutility (149)
[2015.05.04-16.52.07:787][187]LogModuleManager: Shutting down and abandoning module IOSPlatformEditor (148)
[2015.05.04-16.52.07:787][187]LogModuleManager: Shutting down and abandoning module IOSRuntimeSettings (147)
[2015.05.04-16.52.07:787][187]LogModuleManager: Shutting down and abandoning module AndroidDeviceDetection (146)
[2015.05.04-16.52.08:486][187]LogModuleManager: Shutting down and abandoning module AndroidPlatformEditor (145)
[2015.05.04-16.52.08:486][187]LogModuleManager: Shutting down and abandoning module AndroidRuntimeSettings (144)
[2015.05.04-16.52.08:486][187]LogModuleManager: Shutting down and abandoning module ProjectTargetPlatformEditor (143)
[2015.05.04-16.52.08:495][187]LogModuleManager: Shutting down and abandoning module ProjectSettingsViewer (142)
[2015.05.04-16.52.08:495][187]LogModuleManager: Shutting down and abandoning module InputBindingEditor (141)
[2015.05.04-16.52.08:496][187]LogModuleManager: Shutting down and abandoning module EditorSettingsViewer (140)
[2015.05.04-16.52.08:496][187]LogModuleManager: Shutting down and abandoning module SettingsEditor (139)
[2015.05.04-16.52.08:502][187]LogModuleManager: Shutting down and abandoning module ProjectLauncher (138)
[2015.05.04-16.52.08:508][187]LogModuleManager: Shutting down and abandoning module SessionFrontend (137)
[2015.05.04-16.52.08:514][187]LogModuleManager: Shutting down and abandoning module ProfilerClient (136)
[2015.05.04-16.52.08:520][187]LogModuleManager: Shutting down and abandoning module TargetDeviceServices (135)
[2015.05.04-16.52.08:520][187]LogModuleManager: Shutting down and abandoning module DeviceManager (134)
[2015.05.04-16.52.08:527][187]LogModuleManager: Shutting down and abandoning module AutomationController (133)
[2015.05.04-16.52.08:527][187]LogModuleManager: Shutting down and abandoning module AutomationWindow (132)
[2015.05.04-16.52.08:534][187]LogModuleManager: Shutting down and abandoning module Layers (131)
[2015.05.04-16.52.08:546][187]LogModuleManager: Shutting down and abandoning module ComponentVisualizers (130)
[2015.05.04-16.52.08:546][187]LogModuleManager: Shutting down and abandoning module DetailCustomizations (129)
[2015.05.04-16.52.08:546][187]LogModuleManager: Shutting down and abandoning module PackagesDialog (128)
[2015.05.04-16.52.08:566][187]LogModuleManager: Shutting down and abandoning module AssetRegistry (127)
[2015.05.04-16.52.08:666][187]LogModuleManager: Shutting down and abandoning module Persona (126)
[2015.05.04-16.52.08:666][187]LogModuleManager: Shutting down and abandoning module SlateReflector (125)
[2015.05.04-16.52.08:676][187]LogModuleManager: Shutting down and abandoning module LevelEditor (124)
[2015.05.04-16.52.08:677][187]LogModuleManager: Shutting down and abandoning module Kismet (123)
[2015.05.04-16.52.08:677][187]LogModuleManager: Shutting down and abandoning module GraphEditor (122)
[2015.05.04-16.52.08:677][187]LogModuleManager: Shutting down and abandoning module ClassViewer (121)
[2015.05.04-16.52.08:677][187]LogModuleManager: Shutting down and abandoning module Toolbox (120)
[2015.05.04-16.52.08:677][187]LogModuleManager: Shutting down and abandoning module ModuleUI (119)
[2015.05.04-16.52.08:683][187]LogModuleManager: Shutting down and abandoning module MovieSceneTools (118)
[2015.05.04-16.52.08:683][187]LogModuleManager: Shutting down and abandoning module OutputLog (117)
[2015.05.04-16.52.08:683][187]LogModuleManager: Shutting down and abandoning module GammaUI (116)
[2015.05.04-16.52.08:693][187]LogModuleManager: Shutting down and abandoning module Documentation (115)
[2015.05.04-16.52.08:693][187]LogModuleManager: Shutting down and abandoning module GameLiveStreaming (114)
[2015.05.04-16.52.08:693][187]LogModuleManager: Shutting down and abandoning module StreamingPauseRendering (113)
[2015.05.04-16.52.08:700][187]LogModuleManager: Shutting down and abandoning module HTTP (112)
[2015.05.04-16.52.08:700][187]LogModuleManager: Shutting down and abandoning module AnalyticsET (111)
[2015.05.04-16.52.08:700][187]LogModuleManager: Shutting down and abandoning module Analytics (110)
[2015.05.04-16.52.08:700][187]LogModuleManager: Shutting down and abandoning module AITestSuite (109)
[2015.05.04-16.52.08:700][187]LogModuleManager: Shutting down and abandoning module GameplayDebugger (108)
[2015.05.04-16.52.08:700][187]LogModuleManager: Shutting down and abandoning module AIModule (107)
[2015.05.04-16.52.08:700][187]LogModuleManager: Shutting down and abandoning module ProfilerService (106)
[2015.05.04-16.52.08:906][187]LogModuleManager: Shutting down and abandoning module TaskGraph (105)
[2015.05.04-16.52.08:906][187]LogModuleManager: Shutting down and abandoning module SlateRemote (104)
[2015.05.04-16.52.08:906][187]LogModuleManager: Shutting down and abandoning module ScriptEditorPlugin (103)
[2015.05.04-16.52.08:906][187]LogModuleManager: Shutting down and abandoning module CustomMeshComponent (102)
[2015.05.04-16.52.08:906][187]LogModuleManager: Shutting down and abandoning module CableComponent (101)
[2015.05.04-16.52.08:933][187]LogModuleManager: Shutting down and abandoning module MessagingDebugger (100)
[2015.05.04-16.52.08:950][187]LogModuleManager: Shutting down and abandoning module MediaPlayerEditor (99)
[2015.05.04-16.52.08:959][187]LogModuleManager: Shutting down and abandoning module SpeedTreeImporter (98)
[2015.05.04-16.52.08:959][187]LogModuleManager: Shutting down and abandoning module PluginsEditor (97)
[2015.05.04-16.52.08:959][187]LogModuleManager: Shutting down and abandoning module MainFrame (96)
[2015.05.04-16.52.08:959][187]LogModuleManager: Shutting down and abandoning module EpicSurvey (95)
[2015.05.04-16.52.08:968][187]LogModuleManager: Shutting down and abandoning module DesktopPlatform (94)
[2015.05.04-16.52.08:968][187]LogModuleManager: Shutting down and abandoning module DirectoryWatcher (93)
[2015.05.04-16.52.08:968][187]LogModuleManager: Shutting down and abandoning module HotReload (92)
[2015.05.04-16.52.08:968][187]LogModuleManager: Shutting down and abandoning module VisualStudioSourceCodeAccess (91)
[2015.05.04-16.52.08:968][187]LogModuleManager: Shutting down and abandoning module UObjectPlugin (90)
[2015.05.04-16.52.08:968][187]LogModuleManager: Shutting down and abandoning module SubversionSourceControl (89)
[2015.05.04-16.52.08:968][187]LogModuleManager: Shutting down and abandoning module PerforceSourceControl (88)
[2015.05.04-16.52.08:975][187]LogModuleManager: Shutting down and abandoning module SourceControl (87)
[2015.05.04-16.52.08:975][187]LogModuleManager: Shutting down and abandoning module GitSourceControl (86)
[2015.05.04-16.52.08:975][187]LogModuleManager: Shutting down and abandoning module BlankPlugin (85)
[2015.05.04-16.52.08:975][187]LogModuleManager: Shutting down and abandoning module PaperTiledImporter (84)
[2015.05.04-16.52.08:975][187]LogModuleManager: Shutting down and abandoning module PaperJsonImporter (83)
[2015.05.04-16.52.08:975][187]LogModuleManager: Shutting down and abandoning module ContentBrowser (82)
[2015.05.04-16.52.08:976][187]LogModuleManager: Shutting down and abandoning module Paper2DEditor (81)
[2015.05.04-16.52.08:990][187]LogModuleManager: Shutting down and abandoning module ScriptPlugin (80)
[2015.05.04-16.52.08:994][187]LogModuleManager: Shutting down and abandoning module UdpMessaging (79)
[2015.05.04-16.52.09:095][187]LogModuleManager: Shutting down and abandoning module Paper2D (78)
[2015.05.04-16.52.09:095][187]LogModuleManager: Shutting down and abandoning module WindowsMoviePlayer (77)
[2015.05.04-16.52.09:102][187]LogModuleManager: Shutting down and abandoning module Media (76)
[2015.05.04-16.52.09:102][187]LogModuleManager: Shutting down and abandoning module WmfMedia (75)
[2015.05.04-16.52.09:102][187]LogModuleManager: Shutting down and abandoning module OnlineBlueprintSupport (74)
[2015.05.04-16.52.09:103][187]LogModuleManager: Shutting down and abandoning module PropertyEditor (73)
[2015.05.04-16.52.09:103][187]LogModuleManager: Shutting down and abandoning module BehaviorTreeEditor (72)
[2015.05.04-16.52.09:103][187]LogModuleManager: Shutting down and abandoning module FunctionalTesting (71)
[2015.05.04-16.52.09:103][187]LogModuleManager: Shutting down and abandoning module CollisionAnalyzer (70)
[2015.05.04-16.52.09:103][187]LogModuleManager: Shutting down and abandoning module WorkspaceMenuStructure (69)
[2015.05.04-16.52.09:103][187]LogModuleManager: Shutting down and abandoning module MessageLog (68)
[2015.05.04-16.52.09:103][187]LogModuleManager: Shutting down and abandoning module Sequencer (67)
[2015.05.04-16.52.09:103][187]LogModuleManager: Shutting down and abandoning module AssetTools (66)
[2015.05.04-16.52.09:103][187]LogModuleManager: Shutting down and abandoning module UMGEditor (65)
[2015.05.04-16.52.09:103][187]LogModuleManager: Shutting down and abandoning module UMG (64)
[2015.05.04-16.52.09:104][187]LogModuleManager: Shutting down and abandoning module Slate (63)
[2015.05.04-16.52.09:104][187]LogModuleManager: Shutting down and abandoning module EditorStyle (62)
[2015.05.04-16.52.09:118][187]LogModuleManager: Shutting down and abandoning module SessionServices (61)
[2015.05.04-16.52.09:118][187]LogModuleManager: Shutting down and abandoning module SourceCodeAccess (60)
[2015.05.04-16.52.09:118][187]LogModuleManager: Shutting down and abandoning module HeadMountedDisplay (59)
[2015.05.04-16.52.09:118][187]LogModuleManager: Shutting down and abandoning module XAudio2 (58)
[2015.05.04-16.52.09:118][187]LogModuleManager: Shutting down and abandoning module Networking (56)
[2015.05.04-16.52.09:118][187]LogModuleManager: Shutting down and abandoning module Core (55)
[2015.05.04-16.52.09:118][187]LogModuleManager: Shutting down and abandoning module KismetCompiler (54)
[2015.05.04-16.52.09:119][187]LogModuleManager: Shutting down and abandoning module PhysXFormats (53)
[2015.05.04-16.52.09:119][187]LogModuleManager: Shutting down and abandoning module MeshUtilities (52)
[2015.05.04-16.52.09:119][187]LogModuleManager: Shutting down and abandoning module DerivedDataCache (51)
[2015.05.04-16.52.09:208][187]LogDerivedDataCache: Shutdown
[2015.05.04-16.52.09:208][187]LogModuleManager: Shutting down and abandoning module ShaderFormatOpenGL (50)
[2015.05.04-16.52.09:208][187]LogModuleManager: Shutting down and abandoning module ShaderFormatD3D (49)
[2015.05.04-16.52.09:220][187]LogModuleManager: Shutting down and abandoning module MetalShaderFormat (48)
[2015.05.04-16.52.09:220][187]LogModuleManager: Shutting down and abandoning module TextureFormatUncompressed (47)
[2015.05.04-16.52.09:220][187]LogModuleManager: Shutting down and abandoning module TextureFormatPVR (46)
[2015.05.04-16.52.09:228][187]LogModuleManager: Shutting down and abandoning module TextureFormatIntelISPCTexComp (45)
[2015.05.04-16.52.09:228][187]LogModuleManager: Shutting down and abandoning module TextureFormatDXT (44)
[2015.05.04-16.52.09:228][187]LogModuleManager: Shutting down and abandoning module ImageWrapper (43)
[2015.05.04-16.52.09:228][187]LogModuleManager: Shutting down and abandoning module TextureFormatASTC (42)
[2015.05.04-16.52.09:239][187]LogModuleManager: Shutting down and abandoning module TextureFormatAndroid (41)
[2015.05.04-16.52.09:239][187]LogModuleManager: Shutting down and abandoning module AudioFormatOpus (40)
[2015.05.04-16.52.09:247][187]LogModuleManager: Shutting down and abandoning module AudioFormatOgg (39)
[2015.05.04-16.52.09:247][187]LogModuleManager: Shutting down and abandoning module AudioFormatADPCM (38)
[2015.05.04-16.52.09:247][187]LogModuleManager: Shutting down and abandoning module LinuxTargetPlatform (37)
[2015.05.04-16.52.09:247][187]LogModuleManager: Shutting down and abandoning module LinuxServerTargetPlatform (36)
[2015.05.04-16.52.09:247][187]LogModuleManager: Shutting down and abandoning module LinuxNoEditorTargetPlatform (35)
[2015.05.04-16.52.09:247][187]LogModuleManager: Shutting down and abandoning module Messaging (34)
[2015.05.04-16.52.09:247][187]LogModuleManager: Shutting down and abandoning module IOSTargetPlatform (33)
[2015.05.04-16.52.09:247][187]LogModuleManager: Shutting down and abandoning module HTML5TargetPlatform (32)
[2015.05.04-16.52.09:247][187]LogModuleManager: Shutting down and abandoning module Android_PVRTCTargetPlatform (31)
[2015.05.04-16.52.09:247][187]LogModuleManager: Shutting down and abandoning module Android_ETC2TargetPlatform (30)
[2015.05.04-16.52.09:247][187]LogModuleManager: Shutting down and abandoning module Android_ETC1TargetPlatform (29)
[2015.05.04-16.52.09:248][187]LogModuleManager: Shutting down and abandoning module Android_ES31TargetPlatform (28)
[2015.05.04-16.52.09:248][187]LogModuleManager: Shutting down and abandoning module Android_DXTTargetPlatform (27)
[2015.05.04-16.52.09:248][187]LogModuleManager: Shutting down and abandoning module Android_ATCTargetPlatform (26)
[2015.05.04-16.52.09:248][187]LogModuleManager: Shutting down and abandoning module AndroidTargetPlatform (25)
[2015.05.04-16.52.09:248][187]LogModuleManager: Shutting down and abandoning module WindowsTargetPlatform (24)
[2015.05.04-16.52.09:248][187]LogModuleManager: Shutting down and abandoning module WindowsServerTargetPlatform (23)
[2015.05.04-16.52.09:248][187]LogModuleManager: Shutting down and abandoning module WindowsNoEditorTargetPlatform (22)
[2015.05.04-16.52.09:248][187]LogModuleManager: Shutting down and abandoning module WindowsClientTargetPlatform (21)
[2015.05.04-16.52.09:248][187]LogModuleManager: Shutting down and abandoning module TargetPlatform (20)
[2015.05.04-16.52.09:248][187]LogModuleManager: Shutting down and abandoning module InputCore (19)
[2015.05.04-16.52.09:248][187]LogModuleManager: Shutting down and abandoning module Settings (18)
[2015.05.04-16.52.09:248][187]LogModuleManager: Shutting down and abandoning module OnlineSubsystem (16)
[2015.05.04-16.52.09:248][187]LogModuleManager: Shutting down and abandoning module OculusRift (15)
[2015.05.04-16.52.09:248][187]LogModuleManager: Shutting down and abandoning module ExampleDeviceProfileSelector (14)
[2015.05.04-16.52.09:248][187]LogModuleManager: Shutting down and abandoning module TextureCompressor (13)
[2015.05.04-16.52.09:248][187]LogModuleManager: Shutting down and abandoning module ShaderCore (12)
[2015.05.04-16.52.09:248][187]LogModuleManager: Shutting down and abandoning module Landscape (11)
[2015.05.04-16.52.09:249][187]LogModuleManager: Shutting down and abandoning module SlateRHIRenderer (10)
[2015.05.04-16.52.09:252][187]LogModuleManager: Shutting down and abandoning module OpenGLDrv (9)
[2015.05.04-16.52.09:252][187]LogModuleManager: Shutting down and abandoning module D3D11RHI (8)
[2015.05.04-16.52.09:252][187]LogModuleManager: Shutting down and abandoning module Renderer (7)
[2015.05.04-16.52.09:252][187]LogModuleManager: Shutting down and abandoning module Engine (6)
[2015.05.04-16.52.09:252][187]LogModuleManager: Shutting down and abandoning module CoreUObject (5)
[2015.05.04-16.52.09:252][187]LogModuleManager: Shutting down and abandoning module NetworkFile (4)
[2015.05.04-16.52.09:258][187]LogModuleManager: Shutting down and abandoning module StreamingFile (3)
[2015.05.04-16.52.09:258][187]LogModuleManager: Shutting down and abandoning module SandboxFile (2)
[2015.05.04-16.52.09:262][187]LogModuleManager: Shutting down and abandoning module PakFile (1)
[2015.05.04-16.52.09:274][187]LogExit: Exiting.
[2015.05.04-16.52.09:292][187]Log file closed, 05/04/15 09:52:09
