Log file open, 05/03/15 09:12:47
LogInit:Display: Running engine without a game
LogInit:Display: Loading recent project file: ../../../../../../Users/RossFamily/Desktop/DM_FLAVIO/DM_FLAVIO.uproject
LogInit: Version: 4.7.6-2513093+++depot+UE4-Releases+4.7
LogInit: API Version: 2455222
LogInit: Compiled (64-bit): Apr 15 2015 12:09:54
LogInit: Compiled with Visual C++: 18.00.21005.01
LogInit: Build Configuration: Development
LogInit: Branch Name: ++depot+UE4-Releases+4.7
LogInit: Command line: 
LogInit: Base directory: C:/Program Files/Epic Games/4.7/Engine/Binaries/Win64/
LogInit: Rocket: 1
[2015.05.03-16.12.47:186][  0]LogTaskGraph: Started task graph with 3 named threads and 6 total threads.
[2015.05.03-16.12.47:243][  0]LogOnline:Warning: No default platform service specified for OnlineSubsystem
[2015.05.03-16.12.47:322][  0]LogInit: Presizing for 0 objects not considered by GC, pre-allocating 0 bytes.
[2015.05.03-16.12.47:336][  0]LogInit: Object subsystem initialized
[2015.05.03-16.12.47:339][  0]LogConsoleResponse:Warning: Skipping Unknown console variable: 'TranslucentSortAxis = (X=0.000000,Y=-1.000000,Z=0.000000)'
[2015.05.03-16.12.47:339][  0]LogConsoleResponse:Warning:   Found in ini file 'C:/Users/RossFamily/Desktop/DM_FLAVIO/Saved/Config/Windows/Engine.ini', in section '[/Script/Engine.RendererSettings]'
[2015.05.03-16.12.47:339][  0]LogConsoleResponse:Warning: Skipping Unknown console variable: 'UIScaleRule = ShortestSide'
[2015.05.03-16.12.47:339][  0]LogConsoleResponse:Warning:   Found in ini file 'C:/Users/RossFamily/Desktop/DM_FLAVIO/Saved/Config/Windows/Engine.ini', in section '[/Script/Engine.RendererSettings]'
[2015.05.03-16.12.47:339][  0]LogConsoleResponse:Warning: Skipping Unknown console variable: 'UIScaleCurve = (EditorCurveData=(Keys=),ExternalCurve=None)'
[2015.05.03-16.12.47:339][  0]LogConsoleResponse:Warning:   Found in ini file 'C:/Users/RossFamily/Desktop/DM_FLAVIO/Saved/Config/Windows/Engine.ini', in section '[/Script/Engine.RendererSettings]'
[2015.05.03-16.12.47:340][  0]LogInit: Selected Device Profile: [Windows]
[2015.05.03-16.12.47:340][  0]LogInit: Applying CVar settings loaded from the selected device profile: [Windows]
[2015.05.03-16.12.47:353][  0]LogInit: Computer: ROSSFAMILY-PC
[2015.05.03-16.12.47:353][  0]LogInit: User: RossFamily
[2015.05.03-16.12.47:353][  0]LogInit: CPU Page size=4096, Cores=4
[2015.05.03-16.12.47:353][  0]LogInit: High frequency timer resolution =2.597655 MHz
[2015.05.03-16.12.47:353][  0]LogMemory: Memory total: Physical=16.0GB (16GB approx) Virtual=131072.0GB
[2015.05.03-16.12.47:354][  0]LogMemory: Platform Memory Stats for Windows
[2015.05.03-16.12.47:354][  0]LogMemory: Process Physical Memory: 46.08 MB used, 46.08 MB peak
[2015.05.03-16.12.47:354][  0]LogMemory: Process Virtual Memory: 24.56 MB used, 24.56 MB peak
[2015.05.03-16.12.47:354][  0]LogMemory: Physical Memory: 2257.70 MB used, 16375.09 MB total
[2015.05.03-16.12.47:354][  0]LogMemory: Virtual Memory: 291.04 MB used, 134217728.00 MB total
[2015.05.03-16.12.47:457][  0]LogD3D11RHI: Found D3D11 adapter 0: NVIDIA GeForce GTX 560  (Feature Level 11_0)
[2015.05.03-16.12.47:457][  0]LogD3D11RHI: Adapter has 1994MB of dedicated video memory, 0MB of dedicated system memory, and 2047MB of shared system memory, 1 output[s]
[2015.05.03-16.12.47:458][  0]LogD3D11RHI: Found D3D11 adapter 1: Microsoft Basic Render Driver (Feature Level 11_0)
[2015.05.03-16.12.47:458][  0]LogD3D11RHI: Adapter has 0MB of dedicated video memory, 0MB of dedicated system memory, and 256MB of shared system memory, 0 output[s]
[2015.05.03-16.12.47:458][  0]LogD3D11RHI: Chosen D3D11 Adapter Id = 0
[2015.05.03-16.12.47:463][  0]LogRHI: Texture pool is 1361 MB (70% of 1945 MB)
[2015.05.03-16.12.47:473][  0]LogD3D11RHI: Async texture creation enabled
[2015.05.03-16.12.48:019][  0]LogTextLocalizationManager: The requested culture ('en_US') has no localization data; parent culture's ('en') localization data will be used.
[2015.05.03-16.12.48:108][  0]LogTextLocalizationManager:Warning: Loading localization resources contain conflicting entries for (Namespace:UICommands, Key:Save_ToolTip):
Resource: (C:/Program Files/Epic Games/4.7/Engine/Content/Localization/Editor/en/Editor.locres) Hash: (-29098895) String: (Saves the current level to disk)
Resource: (C:/Program Files/Epic Games/4.7/Engine/Content/Localization/Engine/en/Engine.locres) Hash: (-1280300587) String: (Save selected data to vlog file)
[2015.05.03-16.12.48:108][  0]LogTextLocalizationManager:Warning: Loading localization resources contain conflicting entries for (Namespace:ContentBrowser, Key:ImportAssetToolTip):
Resource: (C:/Program Files/Epic Games/4.7/Engine/Content/Localization/Editor/en/Editor.locres) Hash: (-630476809) String: (Import to {0}...)
Resource: (C:/Program Files/Epic Games/4.7/Engine/Content/Localization/Editor/en/Editor.locres) Hash: (1271782899) String: (Imports an asset from file to this folder.)
[2015.05.03-16.12.48:214][  0]LogContentStreaming: Texture pool size is 0.000000MB
[2015.05.03-16.12.52:380][  0]LogTargetPlatformManager:Display: Building Assets For Windows
[2015.05.03-16.12.53:436][  0]LogTargetPlatformManager:Display: Building Assets For Windows
[2015.05.03-16.12.53:560][  0]LogDerivedDataCache:Display: Max Cache Size: 512 MB
[2015.05.03-16.12.54:207][  0]LogDerivedDataCache: Loaded boot cache 0.65s 39MB C:/Users/RossFamily/AppData/Local/UnrealEngine/4.7/DerivedDataCache/Boot.ddc.
[2015.05.03-16.12.54:207][  0]LogDerivedDataCache:Display: Loaded Boot cache: C:/Users/RossFamily/AppData/Local/UnrealEngine/4.7/DerivedDataCache/Boot.ddc
[2015.05.03-16.12.54:207][  0]LogDerivedDataCache: FDerivedDataBackendGraph:  Pak pak cache file ../../../../../../Users/RossFamily/Desktop/DM_FLAVIO/DerivedDataCache/DDC.ddp not found, will not use a pak cache.
[2015.05.03-16.12.54:207][  0]LogDerivedDataCache: Unable to find inner node Pak for hierarchical cache Hierarchy.
[2015.05.03-16.12.54:395][  0]LogDerivedDataCache:Display: Pak cache opened for reading ../../../Engine/DerivedDataCache/Compressed.ddp.
[2015.05.03-16.12.54:408][  0]LogDerivedDataCache: Using Local data cache path C:/Users/RossFamily/AppData/Local/UnrealEngine/Common/DerivedDataCache: Writable
[2015.05.03-16.13.01:035][  0]LogMeshUtilities: No automatic mesh reduction module available
[2015.05.03-16.13.01:035][  0]LogMeshUtilities: No automatic mesh merging module available
[2015.05.03-16.13.02:332][  0]LogInit: WinSock: version 1.1 (2.2), MaxSocks=32767, MaxUdp=65467
[2015.05.03-16.13.02:499][  0]LogSlate:Warning: Failed to load font data from '../../../Engine/Content/Slate/Fonts/Roboto-Italic.ttf'
[2015.05.03-16.13.09:964][  0]UdpMessaging: Initializing bridge on interface 0.0.0.0:0 to multicast group 230.0.0.1:6666.
[2015.05.03-16.13.10:362][  0]SourceControl: Info Source control is disabled
[2015.05.03-16.13.10:362][  0]SourceControl: Info Source control is disabled
[2015.05.03-16.13.10:362][  0]SourceControl: Info Source control is disabled
[2015.05.03-16.13.10:362][  0]LogSourceControl: RunCommandInternalRaw: 'git version'
[2015.05.03-16.13.10:362][  0]LogSourceControl: RunCommandInternalRaw: ExecProcess ReturnCode=2 OutResults=''
[2015.05.03-16.13.10:372][  0]SourceControl: Info Source control is disabled
[2015.05.03-16.13.10:889][  0]LogObj: 24232 objects as part of root set at end of initial load.
[2015.05.03-16.13.10:889][  0]LogUObjectAllocator: 5137176 out of 0 bytes used by permanent object pool.
[2015.05.03-16.13.11:058][  0]LogEngine: Initializing Engine...
[2015.05.03-16.13.14:654][  0]LogInit: XAudio2 using 'Speakers (Sound Blaster X-Fi Xtreme Audio)' : 2 channels at 48 kHz using 16 bits per sample (channel mask 0x3)
[2015.05.03-16.13.14:749][  0]LogInit: FAudioDevice initialized.
[2015.05.03-16.13.14:790][  0]LogAIModule: Creating AISystem for world NewWorld
[2015.05.03-16.13.14:813][  0]LogDerivedDataCache: Saved boot cache 0.02s 39MB C:/Users/RossFamily/AppData/Local/UnrealEngine/4.7/DerivedDataCache/Boot.ddc.
[2015.05.03-16.13.14:823][  0]LogInit: Texture streaming: Enabled
[2015.05.03-16.13.15:369][  0]LogAnalytics: Creating configured Analytics provider AnalyticsET
[2015.05.03-16.13.15:369][  0]LogAnalytics: ET APIKey = Rocket.Release. APIServer = http://et2.epicgames.com/ET2/. AppVersion = 4.7.6-2513093+++depot+UE4-Releases+4.7
[2015.05.03-16.13.15:369][  0]LogAnalytics: ET APIKey = Rocket.Release. DataRouterUploadURL = https://datarouter-public-service-gamedev.ol.epicgames.net/datarouter/api/v1/public/data. AppVersion = 4.7.6-2513093+++depot+UE4-Releases+4.7
[2015.05.03-16.13.15:370][  0]LogAnalytics: SetUserId 117c93b446678ee264e382b49ca91207|14919f3d0643489ba6ad3048feb4b89e|0e66297c-8f74-4f75-8a68-8a33cd42c3b8
[2015.05.03-16.13.15:370][  0]LogAnalytics: AnalyticsET::StartSession [Rocket.Release]
[2015.05.03-16.13.15:501][  0]LogInit: Transaction tracking system initialized
[2015.05.03-16.13.15:688][  0]BlueprintLog: New page: Editor Load
[2015.05.03-16.13.15:725][  0]LogAssetRegistry: FAssetRegistry took 0.0109 seconds to start up
[2015.05.03-16.13.15:725][  0]LogDirectoryWatcher:Warning: Failed to begin reading directory changes for ../../../Engine/Plugins/Experimental/CharacterAI/Content/. Error: 0
[2015.05.03-16.13.16:374][  0]LogTargetPlatformManager:Display: Building Assets For Windows
[2015.05.03-16.13.16:799][  0]LogTargetPlatformManager:Display: Building Assets For Windows
[2015.05.03-16.13.17:082][  0]LogLinker:Warning: Asset '../../../Engine/Content/Tutorial/Mobile/CreatingSigningCertAndProvisionTutorial.uasset' has been saved with empty engine version. The asset will be loaded but may be incompatible.
[2015.05.03-16.13.17:119][  0]LogLinker:Warning: Asset '../../../Engine/Content/Tutorial/Mobile/SettingUpAndroidTutorial.uasset' has been saved with empty engine version. The asset will be loaded but may be incompatible.
[2015.05.03-16.13.17:168][  0]LogSlate:Warning: Failed to load font data from '../../../Engine/Content/Editor/Slate/Fonts/Roboto-Regular.ttf'
[2015.05.03-16.13.17:168][  0]LogSlate:Warning: Failed to load font data from '../../../Engine/Content/Editor/Slate/Fonts/Roboto-Bold.ttf'
[2015.05.03-16.13.17:220][  0]LogConsoleResponse:Display: 
[2015.05.03-16.13.19:115][  0]LogCook:Display: Done creating registry. It took  0.00s.
[2015.05.03-16.13.19:455][  0]SourceControl: Info Source control is disabled
[2015.05.03-16.13.19:455][  0]Cmd: MAP LOAD FILE="../../../../../../Users/RossFamily/Desktop/DM_FLAVIO/Content/StarterContent/Maps/Minimal_Default.umap" TEMPLATE=0 SHOWPROGRESS=1 FEATURELEVEL=3
[2015.05.03-16.13.19:526][  0]LightingResults: New page: Lighting Build
[2015.05.03-16.13.19:540][  0]MapCheck: New page: Map Check
[2015.05.03-16.13.19:540][  0]LightingResults: New page: Lighting Build
[2015.05.03-16.13.19:549][  0]LogParticles: Destroying 0 GPU particle simulations for FXSystem 0x00000052AA933B00
[2015.05.03-16.13.22:678][  0]LogEditorServer: Finished looking for orphan Actors (0.000 secs)
[2015.05.03-16.13.22:692][  0]LogAIModule: Creating AISystem for world Minimal_Default
[2015.05.03-16.13.22:693][  0]Cmd: MAP CHECKDEP
[2015.05.03-16.13.22:693][  0]MapCheck: New page: Minimal_Default - May 3, 2015, 2:13:22 AM
[2015.05.03-16.13.22:812][  0]MapCheck: Info Map check complete: 0 Error(s), 0 Warning(s), took 118.596ms to complete.
[2015.05.03-16.13.22:812][  0]LogFileHelpers: Loading map 'Minimal_Default' took 3.357
[2015.05.03-16.13.23:032][  0]LogCollectionManager: Loaded 0 collections in 0.001465 seconds
[2015.05.03-16.13.23:046][  0]LogContentBrowser: Native class hierarchy populated in 0.0133 seconds. Added 1696 classes and 261 folders.
[2015.05.03-16.13.23:081][  0]LogContentBrowser: Native class hierarchy updated for 'SceneOutliner' in 0.0027 seconds. Added 1 classes and 2 folders.
[2015.05.03-16.13.23:297][  0]LogCrashTracker: Crashtracker disabled due to settings.
[2015.05.03-16.13.23:299][  0]LogSlate:Warning: Failed to load font data from 'Veranda'
[2015.05.03-16.13.23:325][  0]LogUObjectGlobals:Warning: Failed to find object 'Class None.'
[2015.05.03-16.13.23:351][  0]LogLoad: Full Startup: 40.01 seconds (BP compile: 0.12 seconds)
[2015.05.03-16.13.23:390][  0]LogContentBrowser:Verbose: The content browser source was changed by the sources view to '/Game/Character'
[2015.05.03-16.13.23:759][  0]LogRenderer:Warning: Reallocating scene render targets to support 1208x576 (Frame:2).
[2015.05.03-16.13.24:710][  6]LogAssetRegistry: Asset discovery search completed in 8.9958 seconds
[2015.05.03-16.27.50:313][ 67]LogSkeletalMesh: InitArticulated: Bodies already created (/Engine/Transient.DebugSkelMeshComponent_0) - call TermArticulated first.
[2015.05.03-16.27.50:517][ 67]LogLinker:Warning: Asset '../../../Engine/Content/Tutorial/SubEditors/PersonaAnimEditorTutorial.uasset' has been saved with empty engine version. The asset will be loaded but may be incompatible.
[2015.05.03-16.27.56:278][555]LogRenderer:Warning: Reallocating scene render targets to support 1208x880 (Frame:61017).
[2015.05.03-16.27.58:430][730]LogRenderer:Warning: Reallocating scene render targets to support 1208x920 (Frame:61194).
[2015.05.03-16.27.58:430][730]LogContentBrowser:Verbose: The majority of assets in the view are of type: AnimSequence
[2015.05.03-16.29.41:139][178]LogContentBrowser:Verbose: The majority of assets in the view are of type: AnimSequence
[2015.05.03-16.30.35:913][298]LogParticles: Destroying 0 GPU particle simulations for FXSystem 0x00000052B1D71DA0
[2015.05.03-16.30.35:914][298]LogParticles: Destroying 0 GPU particle simulations for FXSystem 0x00000052C260ADE0
[2015.05.03-16.30.35:914][298]LogParticles: Destroying 0 GPU particle simulations for FXSystem 0x00000052BB438220
[2015.05.03-16.30.35:914][298]LogParticles: Destroying 0 GPU particle simulations for FXSystem 0x00000052AB017A60
[2015.05.03-16.30.35:922][298]LogFileHelpers: Editor autosave (incl. sublevels) for '/Game/StarterContent/Maps/Minimal_Default' took 0.051
[2015.05.03-16.30.35:963][298]OBJ SavePackage: Generating thumbnails for [1] asset(s) in package [/Game/Character/CharacterAnimBP] ([1] browsable assets)...
[2015.05.03-16.30.36:020][298]OBJ SavePackage:     Rendered thumbnail for [AnimBlueprint /Game/Character/CharacterAnimBP.CharacterAnimBP]
[2015.05.03-16.30.36:020][298]OBJ SavePackage: Finished generating thumbnails for package [/Game/Character/CharacterAnimBP]
[2015.05.03-16.30.36:656][298]LogSavePackage: Save=608.565796ms
[2015.05.03-16.30.36:686][298]LogSavePackage: Moving '../../../../../../Users/RossFamily/Desktop/DM_FLAVIO/Saved/CharacterAnimBP_Auto140E10905428A46F3ADF1138747E589EE.tmp' to '../../../../../../Users/RossFamily/Desktop/DM_FLAVIO/Saved/Autosaves/Game/Character/CharacterAnimBP_Auto1.uasset'
[2015.05.03-16.30.36:752][298]LogFileHelpers: Auto-saving content packages took 0.830
[2015.05.03-16.38.20:503][803]BlueprintLog: New page: Compile CharacterAnimBP
[2015.05.03-16.38.20:731][803]BlueprintEditorCompileResults: Info [1537.40] Compile of CharacterAnimBP successful! [in 227 ms]
[2015.05.03-16.38.23:143][  9]Cmd: OBJ SAVEPACKAGE PACKAGE="/Game/Character/CharacterAnimBP" FILE="../../../../../../Users/RossFamily/Desktop/DM_FLAVIO/Content/Character/CharacterAnimBP.uasset" SILENT=true
[2015.05.03-16.38.23:675][  9]LogSavePackage: Save=517.149902ms
[2015.05.03-16.38.23:675][  9]LogSavePackage: Moving '../../../../../../Users/RossFamily/Desktop/DM_FLAVIO/Saved/CharacterAnimBP1E66BE6742A32D44B3A8CA9B32950F04.tmp' to '../../../../../../Users/RossFamily/Desktop/DM_FLAVIO/Content/Character/CharacterAnimBP.uasset'
[2015.05.03-16.39.21:550][246]LogContentBrowser:Verbose: The majority of assets in the view are of type: AnimSequence
[2015.05.03-16.40.36:419][285]LogContentBrowser:Verbose: The content browser source was changed by the sources view to '/Game/Character'
[2015.05.03-16.40.57:743][ 10]LogParticles: Destroying 0 GPU particle simulations for FXSystem 0x00000052B2B0DC60
[2015.05.03-16.40.57:743][ 10]LogParticles: Destroying 0 GPU particle simulations for FXSystem 0x00000052B2B0E5C0
[2015.05.03-16.40.57:744][ 10]LogParticles: Destroying 0 GPU particle simulations for FXSystem 0x00000052C4EAC220
[2015.05.03-16.40.57:748][ 10]LogFileHelpers: Editor autosave (incl. sublevels) for '/Game/StarterContent/Maps/Minimal_Default' took 0.031
[2015.05.03-16.40.57:781][ 10]OBJ SavePackage: Generating thumbnails for [0] asset(s) in package [/Game/Character/MyCharacter] ([1] browsable assets)...
[2015.05.03-16.40.57:803][ 10]OBJ SavePackage: Finished generating thumbnails for package [/Game/Character/MyCharacter]
[2015.05.03-16.40.57:804][ 10]Cmd: OBJ SAVEPACKAGE PACKAGE="/Game/Character/MyCharacter" FILE="../../../../../../Users/RossFamily/Desktop/DM_FLAVIO/Saved/Autosaves/Game/Character/MyCharacter_Auto2.uasset" SILENT=false AUTOSAVING=true
[2015.05.03-16.40.57:901][ 10]LogSavePackage: Save=95.167374ms
[2015.05.03-16.40.57:902][ 10]LogSavePackage: Moving '../../../../../../Users/RossFamily/Desktop/DM_FLAVIO/Saved/MyCharacter_Auto29C6DDBD1423F67DEF398C783C1F61F3C.tmp' to '../../../../../../Users/RossFamily/Desktop/DM_FLAVIO/Saved/Autosaves/Game/Character/MyCharacter_Auto2.uasset'
[2015.05.03-16.40.57:907][ 10]LogFileHelpers: Auto-saving content packages took 0.159
[2015.05.03-16.42.21:648][933]LogEditorTransaction: Undo Add Component
[2015.05.03-16.43.15:294][823]LogActorComponent: UnregisterComponent: (/Engine/Transient.CharMoveComp) Not registered. Aborting.
[2015.05.03-16.43.22:799][295]Cmd: TRANSACTION UNDO
[2015.05.03-16.43.22:799][295]LogEditorTransaction: Undo Edit Skeletal Mesh
[2015.05.03-16.43.22:800][295]LogActorComponent: RegisterComponentWithWorld: (/Engine/Transient.World_12:PersistentLevel.MyCharacter_C_7.CollisionCylinder) Trying to register component with IsPendingKill() == true. Aborting.
[2015.05.03-16.43.22:803][295]LogActorComponent: RegisterComponentWithWorld: (/Engine/Transient.World_12:PersistentLevel.MyCharacter_C_7.CollisionCylinder) Trying to register component with IsPendingKill() == true. Aborting.
[2015.05.03-16.43.22:803][295]LogActorComponent: UnregisterComponent: (/Engine/Transient.CharacterMovementComponent_0) Not registered. Aborting.
[2015.05.03-16.43.24:821][425]Cmd: TRANSACTION UNDO
[2015.05.03-16.43.24:821][425]LogEditorTransaction: Undo Move Node
[2015.05.03-16.43.24:836][425]LogActorComponent: RegisterComponentWithWorld: (/Engine/Transient.World_12:PersistentLevel.MyCharacter_C_7.CollisionCylinder) Trying to register component with IsPendingKill() == true. Aborting.
[2015.05.03-16.43.24:836][425]LogActorComponent: UnregisterComponent: (/Engine/Transient.CharacterMovementComponent_1) Not registered. Aborting.
[2015.05.03-16.43.31:918][860]LogEditorTransaction: Undo Create Pin Link
[2015.05.03-16.43.31:922][860]LogActorComponent: RegisterComponentWithWorld: (/Engine/Transient.World_12:PersistentLevel.MyCharacter_C_7.CollisionCylinder) Trying to register component with IsPendingKill() == true. Aborting.
[2015.05.03-16.43.31:922][860]LogActorComponent: UnregisterComponent: (/Engine/Transient.CharacterMovementComponent_2) Not registered. Aborting.
[2015.05.03-16.43.32:412][872]LogEditorTransaction: Undo Move Node
[2015.05.03-16.43.32:415][872]LogActorComponent: RegisterComponentWithWorld: (/Engine/Transient.World_12:PersistentLevel.MyCharacter_C_7.CollisionCylinder) Trying to register component with IsPendingKill() == true. Aborting.
[2015.05.03-16.43.32:415][872]LogActorComponent: UnregisterComponent: (/Engine/Transient.CharacterMovementComponent_3) Not registered. Aborting.
[2015.05.03-16.43.32:832][903]LogEditorTransaction: Undo Move Node
[2015.05.03-16.43.32:847][903]LogActorComponent: RegisterComponentWithWorld: (/Engine/Transient.World_12:PersistentLevel.MyCharacter_C_7.CollisionCylinder) Trying to register component with IsPendingKill() == true. Aborting.
[2015.05.03-16.43.32:847][903]LogActorComponent: UnregisterComponent: (/Engine/Transient.CharacterMovementComponent_4) Not registered. Aborting.
[2015.05.03-16.43.42:307][532]LogActorComponent: RegisterComponentWithWorld: (/Engine/Transient.World_12:PersistentLevel.MyCharacter_C_7.CollisionCylinder) Trying to register component with IsPendingKill() == true. Aborting.
[2015.05.03-16.43.42:309][532]LogActorComponent: RegisterComponentWithWorld: (/Engine/Transient.World_12:PersistentLevel.MyCharacter_C_7.CollisionCylinder) Trying to register component with IsPendingKill() == true. Aborting.
[2015.05.03-16.44.08:310][119]LogActorComponent: RegisterComponentWithWorld: (/Engine/Transient.World_12:PersistentLevel.MyCharacter_C_7.CollisionCylinder) Trying to register component with IsPendingKill() == true. Aborting.
[2015.05.03-16.44.08:312][119]LogActorComponent: RegisterComponentWithWorld: (/Engine/Transient.World_12:PersistentLevel.MyCharacter_C_7.CollisionCylinder) Trying to register component with IsPendingKill() == true. Aborting.
[2015.05.03-16.44.08:313][119]LogActorComponent: UnregisterComponent: (/Engine/Transient.CharacterMovementComponent_5) Not registered. Aborting.
[2015.05.03-16.44.21:647][522]LogActorComponent: ReregisterComponent: (/Engine/Transient.World_12:PersistentLevel.MyCharacter_C_7.CharacterMesh0) Not currently registered. Aborting.
[2015.05.03-16.44.21:790][530]LogActorComponent: ReregisterComponent: (/Engine/Transient.World_12:PersistentLevel.MyCharacter_C_7.CharacterMesh0) Not currently registered. Aborting.
[2015.05.03-16.44.21:957][540]LogActorComponent: ReregisterComponent: (/Engine/Transient.World_12:PersistentLevel.MyCharacter_C_7.CharacterMesh0) Not currently registered. Aborting.
[2015.05.03-16.44.22:092][548]LogActorComponent: ReregisterComponent: (/Engine/Transient.World_12:PersistentLevel.MyCharacter_C_7.CharacterMesh0) Not currently registered. Aborting.
[2015.05.03-16.44.22:280][559]LogActorComponent: ReregisterComponent: (/Engine/Transient.World_12:PersistentLevel.MyCharacter_C_7.CharacterMesh0) Not currently registered. Aborting.
[2015.05.03-16.44.22:625][580]LogActorComponent: ReregisterComponent: (/Engine/Transient.World_12:PersistentLevel.MyCharacter_C_7.CharacterMesh0) Not currently registered. Aborting.
[2015.05.03-16.44.22:836][593]LogActorComponent: ReregisterComponent: (/Engine/Transient.World_12:PersistentLevel.MyCharacter_C_7.CharacterMesh0) Not currently registered. Aborting.
[2015.05.03-16.44.30:004][994]LogActorComponent: ReregisterComponent: (/Engine/Transient.World_12:PersistentLevel.MyCharacter_C_7.CharacterMesh0) Not currently registered. Aborting.
[2015.05.03-16.44.50:005][ 39]LogActorComponent: ReregisterComponent: (/Engine/Transient.World_12:PersistentLevel.MyCharacter_C_7.CharacterMesh0) Not currently registered. Aborting.
[2015.05.03-16.44.50:685][ 86]LogActorComponent: ReregisterComponent: (/Engine/Transient.World_12:PersistentLevel.MyCharacter_C_7.CharacterMesh0) Not currently registered. Aborting.
[2015.05.03-16.45.05:079][972]LogActorComponent: ReregisterComponent: (/Engine/Transient.World_12:PersistentLevel.MyCharacter_C_7.CharacterMesh0) Not currently registered. Aborting.
[2015.05.03-16.45.05:097][973]LogActorComponent: ReregisterComponent: (/Engine/Transient.World_12:PersistentLevel.MyCharacter_C_7.CharacterMesh0) Not currently registered. Aborting.
[2015.05.03-16.45.05:127][975]LogActorComponent: ReregisterComponent: (/Engine/Transient.World_12:PersistentLevel.MyCharacter_C_7.CharacterMesh0) Not currently registered. Aborting.
[2015.05.03-16.45.05:171][978]LogActorComponent: ReregisterComponent: (/Engine/Transient.World_12:PersistentLevel.MyCharacter_C_7.CharacterMesh0) Not currently registered. Aborting.
[2015.05.03-16.45.05:186][979]LogActorComponent: ReregisterComponent: (/Engine/Transient.World_12:PersistentLevel.MyCharacter_C_7.CharacterMesh0) Not currently registered. Aborting.
[2015.05.03-16.45.05:274][985]LogActorComponent: ReregisterComponent: (/Engine/Transient.World_12:PersistentLevel.MyCharacter_C_7.CharacterMesh0) Not currently registered. Aborting.
[2015.05.03-16.45.05:290][986]LogActorComponent: ReregisterComponent: (/Engine/Transient.World_12:PersistentLevel.MyCharacter_C_7.CharacterMesh0) Not currently registered. Aborting.
[2015.05.03-16.45.06:766][ 89]LogEditorTransaction: Undo Modify Component(s)
[2015.05.03-16.45.06:767][ 89]LogActorComponent: RegisterComponentWithWorld: (/Engine/Transient.World_12:PersistentLevel.MyCharacter_C_7.CollisionCylinder) Trying to register component with IsPendingKill() == true. Aborting.
[2015.05.03-16.45.06:771][ 89]LogActorComponent: RegisterComponentWithWorld: (/Engine/Transient.World_12:PersistentLevel.MyCharacter_C_7.CollisionCylinder) Trying to register component with IsPendingKill() == true. Aborting.
[2015.05.03-16.45.06:771][ 89]LogActorComponent: UnregisterComponent: (/Engine/Transient.CharacterMovementComponent_6) Not registered. Aborting.
[2015.05.03-16.45.17:282][682]LogActorComponent: ReregisterComponent: (/Engine/Transient.World_12:PersistentLevel.MyCharacter_C_7.CharacterMesh0) Not currently registered. Aborting.
[2015.05.03-16.45.17:536][699]LogActorComponent: ReregisterComponent: (/Engine/Transient.World_12:PersistentLevel.MyCharacter_C_7.CharacterMesh0) Not currently registered. Aborting.
[2015.05.03-16.45.17:911][725]LogActorComponent: ReregisterComponent: (/Engine/Transient.World_12:PersistentLevel.MyCharacter_C_7.CharacterMesh0) Not currently registered. Aborting.
[2015.05.03-16.45.18:018][732]LogActorComponent: ReregisterComponent: (/Engine/Transient.World_12:PersistentLevel.MyCharacter_C_7.CharacterMesh0) Not currently registered. Aborting.
[2015.05.03-16.45.18:095][737]LogActorComponent: ReregisterComponent: (/Engine/Transient.World_12:PersistentLevel.MyCharacter_C_7.CharacterMesh0) Not currently registered. Aborting.
[2015.05.03-16.45.18:186][743]LogActorComponent: ReregisterComponent: (/Engine/Transient.World_12:PersistentLevel.MyCharacter_C_7.CharacterMesh0) Not currently registered. Aborting.
[2015.05.03-16.45.18:293][750]LogActorComponent: ReregisterComponent: (/Engine/Transient.World_12:PersistentLevel.MyCharacter_C_7.CharacterMesh0) Not currently registered. Aborting.
[2015.05.03-16.45.18:807][786]LogActorComponent: ReregisterComponent: (/Engine/Transient.World_12:PersistentLevel.MyCharacter_C_7.CharacterMesh0) Not currently registered. Aborting.
[2015.05.03-16.45.55:536][359]LogActorComponent: ReregisterComponent: (/Engine/Transient.World_12:PersistentLevel.MyCharacter_C_7.CharacterMesh0) Not currently registered. Aborting.
[2015.05.03-16.45.55:575][361]LogActorComponent: ReregisterComponent: (/Engine/Transient.World_12:PersistentLevel.MyCharacter_C_7.CharacterMesh0) Not currently registered. Aborting.
[2015.05.03-16.45.55:616][363]LogActorComponent: ReregisterComponent: (/Engine/Transient.World_12:PersistentLevel.MyCharacter_C_7.CharacterMesh0) Not currently registered. Aborting.
[2015.05.03-16.45.55:670][366]LogActorComponent: ReregisterComponent: (/Engine/Transient.World_12:PersistentLevel.MyCharacter_C_7.CharacterMesh0) Not currently registered. Aborting.
[2015.05.03-16.45.55:900][380]LogActorComponent: ReregisterComponent: (/Engine/Transient.World_12:PersistentLevel.MyCharacter_C_7.CharacterMesh0) Not currently registered. Aborting.
[2015.05.03-16.45.55:938][382]LogActorComponent: ReregisterComponent: (/Engine/Transient.World_12:PersistentLevel.MyCharacter_C_7.CharacterMesh0) Not currently registered. Aborting.
[2015.05.03-16.45.55:956][383]LogActorComponent: ReregisterComponent: (/Engine/Transient.World_12:PersistentLevel.MyCharacter_C_7.CharacterMesh0) Not currently registered. Aborting.
[2015.05.03-16.45.56:027][387]LogActorComponent: ReregisterComponent: (/Engine/Transient.World_12:PersistentLevel.MyCharacter_C_7.CharacterMesh0) Not currently registered. Aborting.
[2015.05.03-16.45.56:169][395]LogActorComponent: ReregisterComponent: (/Engine/Transient.World_12:PersistentLevel.MyCharacter_C_7.CharacterMesh0) Not currently registered. Aborting.
[2015.05.03-16.45.56:618][421]LogActorComponent: ReregisterComponent: (/Engine/Transient.World_12:PersistentLevel.MyCharacter_C_7.CharacterMesh0) Not currently registered. Aborting.
[2015.05.03-16.45.56:655][423]LogActorComponent: ReregisterComponent: (/Engine/Transient.World_12:PersistentLevel.MyCharacter_C_7.CharacterMesh0) Not currently registered. Aborting.
[2015.05.03-16.45.56:692][425]LogActorComponent: ReregisterComponent: (/Engine/Transient.World_12:PersistentLevel.MyCharacter_C_7.CharacterMesh0) Not currently registered. Aborting.
[2015.05.03-16.45.56:801][431]LogActorComponent: ReregisterComponent: (/Engine/Transient.World_12:PersistentLevel.MyCharacter_C_7.CharacterMesh0) Not currently registered. Aborting.
[2015.05.03-16.45.56:926][438]LogActorComponent: ReregisterComponent: (/Engine/Transient.World_12:PersistentLevel.MyCharacter_C_7.CharacterMesh0) Not currently registered. Aborting.
[2015.05.03-16.45.56:976][441]LogActorComponent: ReregisterComponent: (/Engine/Transient.World_12:PersistentLevel.MyCharacter_C_7.CharacterMesh0) Not currently registered. Aborting.
[2015.05.03-16.45.57:093][448]LogActorComponent: ReregisterComponent: (/Engine/Transient.World_12:PersistentLevel.MyCharacter_C_7.CharacterMesh0) Not currently registered. Aborting.
[2015.05.03-16.45.57:263][458]LogActorComponent: ReregisterComponent: (/Engine/Transient.World_12:PersistentLevel.MyCharacter_C_7.CharacterMesh0) Not currently registered. Aborting.
[2015.05.03-16.45.57:674][483]LogActorComponent: ReregisterComponent: (/Engine/Transient.World_12:PersistentLevel.MyCharacter_C_7.CharacterMesh0) Not currently registered. Aborting.
[2015.05.03-16.45.58:385][527]LogActorComponent: ReregisterComponent: (/Engine/Transient.World_12:PersistentLevel.MyCharacter_C_7.CharacterMesh0) Not currently registered. Aborting.
[2015.05.03-16.45.58:408][528]LogActorComponent: ReregisterComponent: (/Engine/Transient.World_12:PersistentLevel.MyCharacter_C_7.CharacterMesh0) Not currently registered. Aborting.
[2015.05.03-16.45.58:425][529]LogActorComponent: ReregisterComponent: (/Engine/Transient.World_12:PersistentLevel.MyCharacter_C_7.CharacterMesh0) Not currently registered. Aborting.
[2015.05.03-16.45.58:441][530]LogActorComponent: ReregisterComponent: (/Engine/Transient.World_12:PersistentLevel.MyCharacter_C_7.CharacterMesh0) Not currently registered. Aborting.
[2015.05.03-16.45.58:463][531]LogActorComponent: ReregisterComponent: (/Engine/Transient.World_12:PersistentLevel.MyCharacter_C_7.CharacterMesh0) Not currently registered. Aborting.
[2015.05.03-16.45.58:478][532]LogActorComponent: ReregisterComponent: (/Engine/Transient.World_12:PersistentLevel.MyCharacter_C_7.CharacterMesh0) Not currently registered. Aborting.
[2015.05.03-16.45.58:512][534]LogActorComponent: ReregisterComponent: (/Engine/Transient.World_12:PersistentLevel.MyCharacter_C_7.CharacterMesh0) Not currently registered. Aborting.
[2015.05.03-16.45.58:921][559]LogActorComponent: ReregisterComponent: (/Engine/Transient.World_12:PersistentLevel.MyCharacter_C_7.CharacterMesh0) Not currently registered. Aborting.
[2015.05.03-16.45.58:956][561]LogActorComponent: ReregisterComponent: (/Engine/Transient.World_12:PersistentLevel.MyCharacter_C_7.CharacterMesh0) Not currently registered. Aborting.
[2015.05.03-16.45.58:991][563]LogActorComponent: ReregisterComponent: (/Engine/Transient.World_12:PersistentLevel.MyCharacter_C_7.CharacterMesh0) Not currently registered. Aborting.
[2015.05.03-16.45.59:012][564]LogActorComponent: ReregisterComponent: (/Engine/Transient.World_12:PersistentLevel.MyCharacter_C_7.CharacterMesh0) Not currently registered. Aborting.
[2015.05.03-16.45.59:064][567]LogActorComponent: ReregisterComponent: (/Engine/Transient.World_12:PersistentLevel.MyCharacter_C_7.CharacterMesh0) Not currently registered. Aborting.
[2015.05.03-16.45.59:164][573]LogActorComponent: ReregisterComponent: (/Engine/Transient.World_12:PersistentLevel.MyCharacter_C_7.CharacterMesh0) Not currently registered. Aborting.
[2015.05.03-16.45.59:423][588]LogActorComponent: ReregisterComponent: (/Engine/Transient.World_12:PersistentLevel.MyCharacter_C_7.CharacterMesh0) Not currently registered. Aborting.
[2015.05.03-16.46.00:030][624]LogActorComponent: ReregisterComponent: (/Engine/Transient.World_12:PersistentLevel.MyCharacter_C_7.CharacterMesh0) Not currently registered. Aborting.
[2015.05.03-16.46.21:378][681]LogActorComponent: ReregisterComponent: (/Engine/Transient.World_12:PersistentLevel.MyCharacter_C_7.CharacterMesh0) Not currently registered. Aborting.
[2015.05.03-16.46.22:121][733]LogActorComponent: ReregisterComponent: (/Engine/Transient.World_12:PersistentLevel.MyCharacter_C_7.CharacterMesh0) Not currently registered. Aborting.
[2015.05.03-16.46.22:136][734]LogActorComponent: ReregisterComponent: (/Engine/Transient.World_12:PersistentLevel.MyCharacter_C_7.CharacterMesh0) Not currently registered. Aborting.
[2015.05.03-16.46.22:229][740]LogActorComponent: ReregisterComponent: (/Engine/Transient.World_12:PersistentLevel.MyCharacter_C_7.CharacterMesh0) Not currently registered. Aborting.
[2015.05.03-16.46.22:903][787]LogActorComponent: ReregisterComponent: (/Engine/Transient.World_12:PersistentLevel.MyCharacter_C_7.CharacterMesh0) Not currently registered. Aborting.
[2015.05.03-16.46.24:432][891]LogEditorTransaction: Undo Modify Component(s)
[2015.05.03-16.46.24:433][891]LogActorComponent: RegisterComponentWithWorld: (/Engine/Transient.World_12:PersistentLevel.MyCharacter_C_7.CollisionCylinder) Trying to register component with IsPendingKill() == true. Aborting.
[2015.05.03-16.46.24:437][891]LogActorComponent: RegisterComponentWithWorld: (/Engine/Transient.World_12:PersistentLevel.MyCharacter_C_7.CollisionCylinder) Trying to register component with IsPendingKill() == true. Aborting.
[2015.05.03-16.46.24:437][891]LogActorComponent: UnregisterComponent: (/Engine/Transient.CharacterMovementComponent_7) Not registered. Aborting.
[2015.05.03-16.46.33:685][423]LogActorComponent: ReregisterComponent: (/Engine/Transient.World_12:PersistentLevel.MyCharacter_C_7.CharacterMesh0) Not currently registered. Aborting.
[2015.05.03-16.47.11:101][ 55]LogActorComponent: RegisterComponentWithWorld: (/Engine/Transient.World_12:PersistentLevel.MyCharacter_C_7.CollisionCylinder) Trying to register component with IsPendingKill() == true. Aborting.
[2015.05.03-16.47.11:135][ 55]LogActorComponent: RegisterComponentWithWorld: (/Engine/Transient.World_12:PersistentLevel.MyCharacter_C_7.CollisionCylinder) Trying to register component with IsPendingKill() == true. Aborting.
[2015.05.03-16.47.11:136][ 55]LogActorComponent: UnregisterComponent: (/Engine/Transient.CharacterMovementComponent_8) Not registered. Aborting.
[2015.05.03-16.48.15:087][348]LogActorComponent: RegisterComponentWithWorld: (/Engine/Transient.World_12:PersistentLevel.MyCharacter_C_7.CollisionCylinder) Trying to register component with IsPendingKill() == true. Aborting.
[2015.05.03-16.48.15:108][349]LogActorComponent: RegisterComponentWithWorld: (/Engine/Transient.World_12:PersistentLevel.MyCharacter_C_7.CollisionCylinder) Trying to register component with IsPendingKill() == true. Aborting.
[2015.05.03-16.48.15:129][350]LogActorComponent: RegisterComponentWithWorld: (/Engine/Transient.World_12:PersistentLevel.MyCharacter_C_7.CollisionCylinder) Trying to register component with IsPendingKill() == true. Aborting.
[2015.05.03-16.48.15:154][351]LogActorComponent: RegisterComponentWithWorld: (/Engine/Transient.World_12:PersistentLevel.MyCharacter_C_7.CollisionCylinder) Trying to register component with IsPendingKill() == true. Aborting.
[2015.05.03-16.48.15:172][352]LogActorComponent: RegisterComponentWithWorld: (/Engine/Transient.World_12:PersistentLevel.MyCharacter_C_7.CollisionCylinder) Trying to register component with IsPendingKill() == true. Aborting.
[2015.05.03-16.48.15:192][353]LogActorComponent: RegisterComponentWithWorld: (/Engine/Transient.World_12:PersistentLevel.MyCharacter_C_7.CollisionCylinder) Trying to register component with IsPendingKill() == true. Aborting.
[2015.05.03-16.48.15:194][353]LogActorComponent: RegisterComponentWithWorld: (/Engine/Transient.World_12:PersistentLevel.MyCharacter_C_7.CollisionCylinder) Trying to register component with IsPendingKill() == true. Aborting.
[2015.05.03-16.48.15:218][354]LogActorComponent: RegisterComponentWithWorld: (/Engine/Transient.World_12:PersistentLevel.MyCharacter_C_7.CollisionCylinder) Trying to register component with IsPendingKill() == true. Aborting.
[2015.05.03-16.48.15:220][354]LogActorComponent: RegisterComponentWithWorld: (/Engine/Transient.World_12:PersistentLevel.MyCharacter_C_7.CollisionCylinder) Trying to register component with IsPendingKill() == true. Aborting.
[2015.05.03-16.48.15:238][355]LogActorComponent: RegisterComponentWithWorld: (/Engine/Transient.World_12:PersistentLevel.MyCharacter_C_7.CollisionCylinder) Trying to register component with IsPendingKill() == true. Aborting.
[2015.05.03-16.48.15:240][355]LogActorComponent: RegisterComponentWithWorld: (/Engine/Transient.World_12:PersistentLevel.MyCharacter_C_7.CollisionCylinder) Trying to register component with IsPendingKill() == true. Aborting.
[2015.05.03-16.48.15:263][356]LogActorComponent: RegisterComponentWithWorld: (/Engine/Transient.World_12:PersistentLevel.MyCharacter_C_7.CollisionCylinder) Trying to register component with IsPendingKill() == true. Aborting.
[2015.05.03-16.48.15:287][357]LogActorComponent: RegisterComponentWithWorld: (/Engine/Transient.World_12:PersistentLevel.MyCharacter_C_7.CollisionCylinder) Trying to register component with IsPendingKill() == true. Aborting.
[2015.05.03-16.48.16:870][470]LogActorComponent: RegisterComponentWithWorld: (/Engine/Transient.World_12:PersistentLevel.MyCharacter_C_7.CollisionCylinder) Trying to register component with IsPendingKill() == true. Aborting.
[2015.05.03-16.48.16:900][471]LogActorComponent: RegisterComponentWithWorld: (/Engine/Transient.World_12:PersistentLevel.MyCharacter_C_7.CollisionCylinder) Trying to register component with IsPendingKill() == true. Aborting.
[2015.05.03-16.48.17:004][478]LogActorComponent: RegisterComponentWithWorld: (/Engine/Transient.World_12:PersistentLevel.MyCharacter_C_7.CollisionCylinder) Trying to register component with IsPendingKill() == true. Aborting.
[2015.05.03-16.48.17:026][479]LogActorComponent: RegisterComponentWithWorld: (/Engine/Transient.World_12:PersistentLevel.MyCharacter_C_7.CollisionCylinder) Trying to register component with IsPendingKill() == true. Aborting.
[2015.05.03-16.48.17:045][480]LogActorComponent: RegisterComponentWithWorld: (/Engine/Transient.World_12:PersistentLevel.MyCharacter_C_7.CollisionCylinder) Trying to register component with IsPendingKill() == true. Aborting.
[2015.05.03-16.48.17:094][481]LogActorComponent: RegisterComponentWithWorld: (/Engine/Transient.World_12:PersistentLevel.MyCharacter_C_7.CollisionCylinder) Trying to register component with IsPendingKill() == true. Aborting.
[2015.05.03-16.48.17:096][481]LogActorComponent: RegisterComponentWithWorld: (/Engine/Transient.World_12:PersistentLevel.MyCharacter_C_7.CollisionCylinder) Trying to register component with IsPendingKill() == true. Aborting.
[2015.05.03-16.48.17:096][481]LogActorComponent: RegisterComponentWithWorld: (/Engine/Transient.World_12:PersistentLevel.MyCharacter_C_7.CollisionCylinder) Trying to register component with IsPendingKill() == true. Aborting.
[2015.05.03-16.48.17:097][481]LogActorComponent: RegisterComponentWithWorld: (/Engine/Transient.World_12:PersistentLevel.MyCharacter_C_7.CollisionCylinder) Trying to register component with IsPendingKill() == true. Aborting.
[2015.05.03-16.48.17:124][482]LogActorComponent: RegisterComponentWithWorld: (/Engine/Transient.World_12:PersistentLevel.MyCharacter_C_7.CollisionCylinder) Trying to register component with IsPendingKill() == true. Aborting.
[2015.05.03-16.48.17:126][482]LogActorComponent: RegisterComponentWithWorld: (/Engine/Transient.World_12:PersistentLevel.MyCharacter_C_7.CollisionCylinder) Trying to register component with IsPendingKill() == true. Aborting.
[2015.05.03-16.48.17:148][483]LogActorComponent: RegisterComponentWithWorld: (/Engine/Transient.World_12:PersistentLevel.MyCharacter_C_7.CollisionCylinder) Trying to register component with IsPendingKill() == true. Aborting.
[2015.05.03-16.48.17:170][484]LogActorComponent: RegisterComponentWithWorld: (/Engine/Transient.World_12:PersistentLevel.MyCharacter_C_7.CollisionCylinder) Trying to register component with IsPendingKill() == true. Aborting.
[2015.05.03-16.48.17:192][485]LogActorComponent: RegisterComponentWithWorld: (/Engine/Transient.World_12:PersistentLevel.MyCharacter_C_7.CollisionCylinder) Trying to register component with IsPendingKill() == true. Aborting.
[2015.05.03-16.48.17:230][487]LogActorComponent: RegisterComponentWithWorld: (/Engine/Transient.World_12:PersistentLevel.MyCharacter_C_7.CollisionCylinder) Trying to register component with IsPendingKill() == true. Aborting.
[2015.05.03-16.48.17:262][489]LogActorComponent: RegisterComponentWithWorld: (/Engine/Transient.World_12:PersistentLevel.MyCharacter_C_7.CollisionCylinder) Trying to register component with IsPendingKill() == true. Aborting.
[2015.05.03-16.48.17:284][490]LogActorComponent: RegisterComponentWithWorld: (/Engine/Transient.World_12:PersistentLevel.MyCharacter_C_7.CollisionCylinder) Trying to register component with IsPendingKill() == true. Aborting.
[2015.05.03-16.48.17:305][491]LogActorComponent: RegisterComponentWithWorld: (/Engine/Transient.World_12:PersistentLevel.MyCharacter_C_7.CollisionCylinder) Trying to register component with IsPendingKill() == true. Aborting.
[2015.05.03-16.48.18:120][549]LogActorComponent: RegisterComponentWithWorld: (/Engine/Transient.World_12:PersistentLevel.MyCharacter_C_7.CollisionCylinder) Trying to register component with IsPendingKill() == true. Aborting.
[2015.05.03-16.48.18:181][552]LogActorComponent: RegisterComponentWithWorld: (/Engine/Transient.World_12:PersistentLevel.MyCharacter_C_7.CollisionCylinder) Trying to register component with IsPendingKill() == true. Aborting.
[2015.05.03-16.48.18:231][555]LogActorComponent: RegisterComponentWithWorld: (/Engine/Transient.World_12:PersistentLevel.MyCharacter_C_7.CollisionCylinder) Trying to register component with IsPendingKill() == true. Aborting.
[2015.05.03-16.48.18:292][559]LogActorComponent: RegisterComponentWithWorld: (/Engine/Transient.World_12:PersistentLevel.MyCharacter_C_7.CollisionCylinder) Trying to register component with IsPendingKill() == true. Aborting.
[2015.05.03-16.48.19:756][664]LogActorComponent: RegisterComponentWithWorld: (/Engine/Transient.World_12:PersistentLevel.MyCharacter_C_7.CollisionCylinder) Trying to register component with IsPendingKill() == true. Aborting.
[2015.05.03-16.48.19:758][664]LogActorComponent: RegisterComponentWithWorld: (/Engine/Transient.World_12:PersistentLevel.MyCharacter_C_7.CollisionCylinder) Trying to register component with IsPendingKill() == true. Aborting.
[2015.05.03-16.48.19:805][667]LogActorComponent: RegisterComponentWithWorld: (/Engine/Transient.World_12:PersistentLevel.MyCharacter_C_7.CollisionCylinder) Trying to register component with IsPendingKill() == true. Aborting.
[2015.05.03-16.48.20:283][700]LogActorComponent: RegisterComponentWithWorld: (/Engine/Transient.World_12:PersistentLevel.MyCharacter_C_7.CollisionCylinder) Trying to register component with IsPendingKill() == true. Aborting.
[2015.05.03-16.48.20:311][701]LogActorComponent: RegisterComponentWithWorld: (/Engine/Transient.World_12:PersistentLevel.MyCharacter_C_7.CollisionCylinder) Trying to register component with IsPendingKill() == true. Aborting.
[2015.05.03-16.48.20:313][701]LogActorComponent: RegisterComponentWithWorld: (/Engine/Transient.World_12:PersistentLevel.MyCharacter_C_7.CollisionCylinder) Trying to register component with IsPendingKill() == true. Aborting.
[2015.05.03-16.48.20:314][701]LogActorComponent: UnregisterComponent: (/Engine/Transient.CharacterMovementComponent_9) Not registered. Aborting.
[2015.05.03-16.48.22:054][811]LogActorComponent: RegisterComponentWithWorld: (/Engine/Transient.World_12:PersistentLevel.MyCharacter_C_7.CollisionCylinder) Trying to register component with IsPendingKill() == true. Aborting.
[2015.05.03-16.48.22:073][812]LogActorComponent: RegisterComponentWithWorld: (/Engine/Transient.World_12:PersistentLevel.MyCharacter_C_7.CollisionCylinder) Trying to register component with IsPendingKill() == true. Aborting.
[2015.05.03-16.48.22:096][813]LogActorComponent: RegisterComponentWithWorld: (/Engine/Transient.World_12:PersistentLevel.MyCharacter_C_7.CollisionCylinder) Trying to register component with IsPendingKill() == true. Aborting.
[2015.05.03-16.48.22:098][813]LogActorComponent: RegisterComponentWithWorld: (/Engine/Transient.World_12:PersistentLevel.MyCharacter_C_7.CollisionCylinder) Trying to register component with IsPendingKill() == true. Aborting.
[2015.05.03-16.48.22:120][814]LogActorComponent: RegisterComponentWithWorld: (/Engine/Transient.World_12:PersistentLevel.MyCharacter_C_7.CollisionCylinder) Trying to register component with IsPendingKill() == true. Aborting.
[2015.05.03-16.48.22:142][815]LogActorComponent: RegisterComponentWithWorld: (/Engine/Transient.World_12:PersistentLevel.MyCharacter_C_7.CollisionCylinder) Trying to register component with IsPendingKill() == true. Aborting.
[2015.05.03-16.48.22:176][817]LogActorComponent: RegisterComponentWithWorld: (/Engine/Transient.World_12:PersistentLevel.MyCharacter_C_7.CollisionCylinder) Trying to register component with IsPendingKill() == true. Aborting.
[2015.05.03-16.48.22:280][824]LogActorComponent: RegisterComponentWithWorld: (/Engine/Transient.World_12:PersistentLevel.MyCharacter_C_7.CollisionCylinder) Trying to register component with IsPendingKill() == true. Aborting.
[2015.05.03-16.48.22:515][841]LogActorComponent: RegisterComponentWithWorld: (/Engine/Transient.World_12:PersistentLevel.MyCharacter_C_7.CollisionCylinder) Trying to register component with IsPendingKill() == true. Aborting.
[2015.05.03-16.48.22:534][842]LogActorComponent: RegisterComponentWithWorld: (/Engine/Transient.World_12:PersistentLevel.MyCharacter_C_7.CollisionCylinder) Trying to register component with IsPendingKill() == true. Aborting.
[2015.05.03-16.48.22:558][843]LogActorComponent: RegisterComponentWithWorld: (/Engine/Transient.World_12:PersistentLevel.MyCharacter_C_7.CollisionCylinder) Trying to register component with IsPendingKill() == true. Aborting.
[2015.05.03-16.48.22:560][843]LogActorComponent: RegisterComponentWithWorld: (/Engine/Transient.World_12:PersistentLevel.MyCharacter_C_7.CollisionCylinder) Trying to register component with IsPendingKill() == true. Aborting.
[2015.05.03-16.48.22:613][846]LogActorComponent: RegisterComponentWithWorld: (/Engine/Transient.World_12:PersistentLevel.MyCharacter_C_7.CollisionCylinder) Trying to register component with IsPendingKill() == true. Aborting.
[2015.05.03-16.48.22:676][850]LogActorComponent: RegisterComponentWithWorld: (/Engine/Transient.World_12:PersistentLevel.MyCharacter_C_7.CollisionCylinder) Trying to register component with IsPendingKill() == true. Aborting.
[2015.05.03-16.48.22:738][854]LogActorComponent: RegisterComponentWithWorld: (/Engine/Transient.World_12:PersistentLevel.MyCharacter_C_7.CollisionCylinder) Trying to register component with IsPendingKill() == true. Aborting.
[2015.05.03-16.48.22:990][872]LogActorComponent: RegisterComponentWithWorld: (/Engine/Transient.World_12:PersistentLevel.MyCharacter_C_7.CollisionCylinder) Trying to register component with IsPendingKill() == true. Aborting.
[2015.05.03-16.48.23:028][874]LogActorComponent: RegisterComponentWithWorld: (/Engine/Transient.World_12:PersistentLevel.MyCharacter_C_7.CollisionCylinder) Trying to register component with IsPendingKill() == true. Aborting.
[2015.05.03-16.48.23:129][881]LogActorComponent: RegisterComponentWithWorld: (/Engine/Transient.World_12:PersistentLevel.MyCharacter_C_7.CollisionCylinder) Trying to register component with IsPendingKill() == true. Aborting.
[2015.05.03-16.48.23:222][887]LogActorComponent: RegisterComponentWithWorld: (/Engine/Transient.World_12:PersistentLevel.MyCharacter_C_7.CollisionCylinder) Trying to register component with IsPendingKill() == true. Aborting.
[2015.05.03-16.48.23:267][890]LogActorComponent: RegisterComponentWithWorld: (/Engine/Transient.World_12:PersistentLevel.MyCharacter_C_7.CollisionCylinder) Trying to register component with IsPendingKill() == true. Aborting.
[2015.05.03-16.48.23:360][896]LogActorComponent: RegisterComponentWithWorld: (/Engine/Transient.World_12:PersistentLevel.MyCharacter_C_7.CollisionCylinder) Trying to register component with IsPendingKill() == true. Aborting.
[2015.05.03-16.48.23:380][897]LogActorComponent: RegisterComponentWithWorld: (/Engine/Transient.World_12:PersistentLevel.MyCharacter_C_7.CollisionCylinder) Trying to register component with IsPendingKill() == true. Aborting.
[2015.05.03-16.48.23:401][898]LogActorComponent: RegisterComponentWithWorld: (/Engine/Transient.World_12:PersistentLevel.MyCharacter_C_7.CollisionCylinder) Trying to register component with IsPendingKill() == true. Aborting.
[2015.05.03-16.48.24:302][962]LogActorComponent: RegisterComponentWithWorld: (/Engine/Transient.World_12:PersistentLevel.MyCharacter_C_7.CollisionCylinder) Trying to register component with IsPendingKill() == true. Aborting.
[2015.05.03-16.48.24:407][969]LogActorComponent: RegisterComponentWithWorld: (/Engine/Transient.World_12:PersistentLevel.MyCharacter_C_7.CollisionCylinder) Trying to register component with IsPendingKill() == true. Aborting.
[2015.05.03-16.48.24:515][976]LogActorComponent: RegisterComponentWithWorld: (/Engine/Transient.World_12:PersistentLevel.MyCharacter_C_7.CollisionCylinder) Trying to register component with IsPendingKill() == true. Aborting.
[2015.05.03-16.48.25:359][ 35]LogActorComponent: RegisterComponentWithWorld: (/Engine/Transient.World_12:PersistentLevel.MyCharacter_C_7.CollisionCylinder) Trying to register component with IsPendingKill() == true. Aborting.
[2015.05.03-16.48.25:361][ 35]LogActorComponent: RegisterComponentWithWorld: (/Engine/Transient.World_12:PersistentLevel.MyCharacter_C_7.CollisionCylinder) Trying to register component with IsPendingKill() == true. Aborting.
[2015.05.03-16.48.25:363][ 35]LogActorComponent: UnregisterComponent: (/Engine/Transient.CharacterMovementComponent_10) Not registered. Aborting.
[2015.05.03-16.48.34:998][599]LogActorComponent: RegisterComponentWithWorld: (/Engine/Transient.World_12:PersistentLevel.MyCharacter_C_7.CollisionCylinder) Trying to register component with IsPendingKill() == true. Aborting.
[2015.05.03-16.48.35:000][599]LogActorComponent: RegisterComponentWithWorld: (/Engine/Transient.World_12:PersistentLevel.MyCharacter_C_7.CollisionCylinder) Trying to register component with IsPendingKill() == true. Aborting.
[2015.05.03-16.48.35:001][599]LogActorComponent: UnregisterComponent: (/Engine/Transient.CharacterMovementComponent_11) Not registered. Aborting.
[2015.05.03-16.48.50:796][300]LogActorComponent: RegisterComponentWithWorld: (/Engine/Transient.World_12:PersistentLevel.MyCharacter_C_7.CollisionCylinder) Trying to register component with IsPendingKill() == true. Aborting.
[2015.05.03-16.48.50:798][300]LogActorComponent: RegisterComponentWithWorld: (/Engine/Transient.World_12:PersistentLevel.MyCharacter_C_7.CollisionCylinder) Trying to register component with IsPendingKill() == true. Aborting.
[2015.05.03-16.48.50:799][300]LogActorComponent: UnregisterComponent: (/Engine/Transient.CharacterMovementComponent_12) Not registered. Aborting.
[2015.05.03-16.49.19:592][ 88]LogActorComponent: RegisterComponentWithWorld: (/Engine/Transient.World_12:PersistentLevel.MyCharacter_C_7.CollisionCylinder) Trying to register component with IsPendingKill() == true. Aborting.
[2015.05.03-16.49.19:594][ 88]LogActorComponent: RegisterComponentWithWorld: (/Engine/Transient.World_12:PersistentLevel.MyCharacter_C_7.CollisionCylinder) Trying to register component with IsPendingKill() == true. Aborting.
[2015.05.03-16.49.19:595][ 88]LogActorComponent: UnregisterComponent: (/Engine/Transient.CharacterMovementComponent_13) Not registered. Aborting.
[2015.05.03-16.49.22:316][283]LogActorComponent: RegisterComponentWithWorld: (/Engine/Transient.World_12:PersistentLevel.MyCharacter_C_7.CollisionCylinder) Trying to register component with IsPendingKill() == true. Aborting.
[2015.05.03-16.49.22:317][283]LogActorComponent: RegisterComponentWithWorld: (/Engine/Transient.World_12:PersistentLevel.MyCharacter_C_7.CollisionCylinder) Trying to register component with IsPendingKill() == true. Aborting.
[2015.05.03-16.49.22:318][283]LogActorComponent: UnregisterComponent: (/Engine/Transient.CharacterMovementComponent_14) Not registered. Aborting.
[2015.05.03-16.49.31:846][696]LogActorComponent: RegisterComponentWithWorld: (/Engine/Transient.World_12:PersistentLevel.MyCharacter_C_7.CollisionCylinder) Trying to register component with IsPendingKill() == true. Aborting.
[2015.05.03-16.49.31:848][696]LogActorComponent: RegisterComponentWithWorld: (/Engine/Transient.World_12:PersistentLevel.MyCharacter_C_7.CollisionCylinder) Trying to register component with IsPendingKill() == true. Aborting.
[2015.05.03-16.49.31:849][696]LogActorComponent: UnregisterComponent: (/Engine/Transient.CharacterMovementComponent_15) Not registered. Aborting.
[2015.05.03-16.51.06:472][242]LogActorComponent: UnregisterComponent: (/Engine/Transient.CharacterMovementComponent_16) Not registered. Aborting.
[2015.05.03-16.51.06:506][242]LogFileHelpers: Editor autosave (incl. sublevels) for '/Game/StarterContent/Maps/Minimal_Default' took 0.035
[2015.05.03-16.51.06:571][242]OBJ SavePackage: Generating thumbnails for [0] asset(s) in package [/Game/Character/CharacterAnimBP] ([1] browsable assets)...
[2015.05.03-16.51.06:586][242]OBJ SavePackage: Finished generating thumbnails for package [/Game/Character/CharacterAnimBP]
[2015.05.03-16.51.06:782][242]LogSavePackage: Save=182.740967ms
[2015.05.03-16.51.06:782][242]LogSavePackage: Moving '../../../../../../Users/RossFamily/Desktop/DM_FLAVIO/Saved/CharacterAnimBP_Auto312D83033475C4F3BB313D7B129992AD2.tmp' to '../../../../../../Users/RossFamily/Desktop/DM_FLAVIO/Saved/Autosaves/Game/Character/CharacterAnimBP_Auto3.uasset'
[2015.05.03-16.51.06:824][242]OBJ SavePackage: Generating thumbnails for [1] asset(s) in package [/Game/Character/MyCharacter] ([1] browsable assets)...
[2015.05.03-16.51.06:847][242]OBJ SavePackage:     Rendered thumbnail for [Blueprint /Game/Character/MyCharacter.MyCharacter]
[2015.05.03-16.51.06:847][242]OBJ SavePackage: Finished generating thumbnails for package [/Game/Character/MyCharacter]
[2015.05.03-16.51.06:849][242]Cmd: OBJ SAVEPACKAGE PACKAGE="/Game/Character/MyCharacter" FILE="../../../../../../Users/RossFamily/Desktop/DM_FLAVIO/Saved/Autosaves/Game/Character/MyCharacter_Auto3.uasset" SILENT=false AUTOSAVING=true
[2015.05.03-16.51.07:388][242]LogSavePackage: Save=537.290344ms
[2015.05.03-16.51.07:389][242]LogSavePackage: Moving '../../../../../../Users/RossFamily/Desktop/DM_FLAVIO/Saved/MyCharacter_Auto3E6EC718F4733D098E5DC57AD0C764BC1.tmp' to '../../../../../../Users/RossFamily/Desktop/DM_FLAVIO/Saved/Autosaves/Game/Character/MyCharacter_Auto3.uasset'
[2015.05.03-16.51.07:460][242]LogFileHelpers: Auto-saving content packages took 0.954
[2015.05.03-16.51.33:917][860]LogActorComponent: UnregisterComponent: (/Engine/Transient.CharMoveComp) Not registered. Aborting.
[2015.05.03-16.52.50:235][374]LogEditorTransaction: Undo Modify Component(s)
[2015.05.03-16.52.50:240][374]LogActorComponent: UnregisterComponent: (/Engine/Transient.CharacterMovementComponent_17) Not registered. Aborting.
[2015.05.03-16.57.35:992][274]LogActorComponent: UnregisterComponent: (/Engine/Transient.CharacterMovementComponent_18) Not registered. Aborting.
[2015.05.03-16.57.45:035][881]LogActorComponent: UnregisterComponent: (/Engine/Transient.CharacterMovementComponent_19) Not registered. Aborting.
[2015.05.03-16.57.46:561][981]LogActorComponent: UnregisterComponent: (/Engine/Transient.CharacterMovementComponent_20) Not registered. Aborting.
[2015.05.03-16.57.47:428][ 39]LogActorComponent: UnregisterComponent: (/Engine/Transient.CharacterMovementComponent_21) Not registered. Aborting.
[2015.05.03-16.57.48:234][ 93]LogActorComponent: UnregisterComponent: (/Engine/Transient.CharacterMovementComponent_22) Not registered. Aborting.
[2015.05.03-16.57.49:938][207]LogActorComponent: UnregisterComponent: (/Engine/Transient.CharacterMovementComponent_23) Not registered. Aborting.
[2015.05.03-16.57.51:840][334]LogActorComponent: UnregisterComponent: (/Engine/Transient.CharacterMovementComponent_24) Not registered. Aborting.
[2015.05.03-16.57.52:801][398]LogActorComponent: UnregisterComponent: (/Engine/Transient.CharacterMovementComponent_25) Not registered. Aborting.
[2015.05.03-16.58.03:509][723]LogActorComponent: UnregisterComponent: (/Engine/Transient.CharacterMovementComponent_26) Not registered. Aborting.
[2015.05.03-16.58.18:528][585]LogActorComponent: UnregisterComponent: (/Engine/Transient.CharacterMovementComponent_27) Not registered. Aborting.
[2015.05.03-16.58.35:376][924]LogActorComponent: UnregisterComponent: (/Engine/Transient.CharacterMovementComponent_28) Not registered. Aborting.
[2015.05.03-16.59.12:478][131]LogActorComponent: UnregisterComponent: (/Engine/Transient.CharacterMovementComponent_29) Not registered. Aborting.
[2015.05.03-16.59.19:585][534]LogActorComponent: UnregisterComponent: (/Engine/Transient.CharacterMovementComponent_30) Not registered. Aborting.
[2015.05.03-16.59.21:465][645]LogActorComponent: UnregisterComponent: (/Engine/Transient.CharacterMovementComponent_31) Not registered. Aborting.
[2015.05.03-16.59.46:231][373]LogActorComponent: UnregisterComponent: (/Engine/Transient.CharacterMovementComponent_32) Not registered. Aborting.
[2015.05.03-17.00.05:090][398]LogActorComponent: UnregisterComponent: (/Engine/Transient.CharacterMovementComponent_33) Not registered. Aborting.
[2015.05.03-17.00.18:193][246]LogRenderer:Warning: Reallocating scene render targets to support 1296x920 (Frame:212914).
[2015.05.03-17.00.43:274][440]LogActorComponent: UnregisterComponent: (/Engine/Transient.CharacterMovementComponent_34) Not registered. Aborting.
[2015.05.03-17.00.44:044][481]LogActorComponent: UnregisterComponent: (/Engine/Transient.CharacterMovementComponent_35) Not registered. Aborting.
[2015.05.03-17.00.44:681][516]LogActorComponent: UnregisterComponent: (/Engine/Transient.CharacterMovementComponent_36) Not registered. Aborting.
[2015.05.03-17.00.45:316][550]LogActorComponent: UnregisterComponent: (/Engine/Transient.CharacterMovementComponent_37) Not registered. Aborting.
[2015.05.03-17.00.58:380][865]LogActorComponent: UnregisterComponent: (/Engine/Transient.CharacterMovementComponent_38) Not registered. Aborting.
[2015.05.03-17.01.07:692][322]LogActorComponent: UnregisterComponent: (/Engine/Transient.CharacterMovementComponent_39) Not registered. Aborting.
[2015.05.03-17.01.07:720][322]LogFileHelpers: Editor autosave (incl. sublevels) for '/Game/StarterContent/Maps/Minimal_Default' took 0.028
[2015.05.03-17.01.07:757][322]OBJ SavePackage: Generating thumbnails for [1] asset(s) in package [/Game/Character/MyCharacter] ([1] browsable assets)...
[2015.05.03-17.01.07:794][322]OBJ SavePackage:     Rendered thumbnail for [Blueprint /Game/Character/MyCharacter.MyCharacter]
[2015.05.03-17.01.07:794][322]OBJ SavePackage: Finished generating thumbnails for package [/Game/Character/MyCharacter]
[2015.05.03-17.01.07:796][322]Cmd: OBJ SAVEPACKAGE PACKAGE="/Game/Character/MyCharacter" FILE="../../../../../../Users/RossFamily/Desktop/DM_FLAVIO/Saved/Autosaves/Game/Character/MyCharacter_Auto4.uasset" SILENT=false AUTOSAVING=true
[2015.05.03-17.01.08:280][322]LogSavePackage: Save=481.747589ms
[2015.05.03-17.01.08:281][322]LogSavePackage: Moving '../../../../../../Users/RossFamily/Desktop/DM_FLAVIO/Saved/MyCharacter_Auto44B67D7F54A372CB39BBECA81BC837825.tmp' to '../../../../../../Users/RossFamily/Desktop/DM_FLAVIO/Saved/Autosaves/Game/Character/MyCharacter_Auto4.uasset'
[2015.05.03-17.01.08:288][322]LogFileHelpers: Auto-saving content packages took 0.568
[2015.05.03-17.01.20:344][104]LogActorComponent: UnregisterComponent: (/Engine/Transient.CharMoveComp) Not registered. Aborting.
[2015.05.03-17.02.16:176][493]LogActorComponent: UnregisterComponent: (/Engine/Transient.CharacterMovementComponent_40) Not registered. Aborting.
[2015.05.03-17.05.27:343][102]LogEditorTransaction: Undo Modify Component(s)
[2015.05.03-17.05.27:349][102]LogActorComponent: UnregisterComponent: (/Engine/Transient.CharacterMovementComponent_41) Not registered. Aborting.
[2015.05.03-17.05.27:930][117]LogEditorTransaction: Undo Modify Component(s)
[2015.05.03-17.05.27:951][117]LogActorComponent: UnregisterComponent: (/Engine/Transient.CharacterMovementComponent_42) Not registered. Aborting.
[2015.05.03-17.07.05:116][853]BlueprintLog: New page: Compile MyCharacter
[2015.05.03-17.07.05:165][853]LogScript:Warning: Accessed None 'CallFunc_GetMovementComponent_ReturnValue'
	CharacterAnimBP_C /Engine/Transient.World_12:PersistentLevel.MyCharacter_C_0.CharacterMesh0.CharacterAnimBP_C_739
	Function /Game/Character/CharacterAnimBP.CharacterAnimBP_C:ExecuteUbergraph_CharacterAnimBP:014F
[2015.05.03-17.07.05:166][853]LogWorld: --- Actors Currently in /Engine/Transient.World_12:PersistentLevel ---
[2015.05.03-17.07.05:166][853]LogWorld:   /Engine/Transient.World_12:PersistentLevel.WorldSettings
[2015.05.03-17.07.05:166][853]LogWorld:   /Engine/Transient.World_12:PersistentLevel.Brush_13
[2015.05.03-17.07.05:166][853]LogWorld:   /Engine/Transient.World_12:PersistentLevel.DefaultPhysicsVolume_14
[2015.05.03-17.07.05:166][853]LogWorld:   /Engine/Transient.World_12:PersistentLevel.ParticleEventManager_12
[2015.05.03-17.07.05:166][853]LogWorld:   NONE
[2015.05.03-17.07.05:166][853]LogWorld:   NONE
[2015.05.03-17.07.05:166][853]LogWorld:   NONE
[2015.05.03-17.07.05:166][853]LogWorld:   NONE
[2015.05.03-17.07.05:166][853]LogWorld:   NONE
[2015.05.03-17.07.05:166][853]LogWorld:   NONE
[2015.05.03-17.07.05:166][853]LogWorld:   NONE
[2015.05.03-17.07.05:166][853]LogWorld:   NONE
[2015.05.03-17.07.05:166][853]LogWorld:   NONE
[2015.05.03-17.07.05:166][853]LogWorld:   NONE
[2015.05.03-17.07.05:166][853]LogWorld:   NONE
[2015.05.03-17.07.05:166][853]LogWorld:   NONE
[2015.05.03-17.07.05:166][853]LogWorld:   NONE
[2015.05.03-17.07.05:166][853]LogWorld:   NONE
[2015.05.03-17.07.05:166][853]LogWorld:   NONE
[2015.05.03-17.07.05:166][853]LogWorld:   NONE
[2015.05.03-17.07.05:166][853]LogWorld:   NONE
[2015.05.03-17.07.05:166][853]LogWorld:   NONE
[2015.05.03-17.07.05:166][853]LogWorld:   NONE
[2015.05.03-17.07.05:166][853]LogWorld:   NONE
[2015.05.03-17.07.05:166][853]LogWorld:   NONE
[2015.05.03-17.07.05:166][853]LogWorld:   NONE
[2015.05.03-17.07.05:166][853]LogWorld:   NONE
[2015.05.03-17.07.05:166][853]LogWorld:   NONE
[2015.05.03-17.07.05:166][853]LogWorld:   NONE
[2015.05.03-17.07.05:166][853]LogWorld:   NONE
[2015.05.03-17.07.05:166][853]LogWorld:   NONE
[2015.05.03-17.07.05:166][853]LogWorld:   NONE
[2015.05.03-17.07.05:166][853]LogWorld:   NONE
[2015.05.03-17.07.05:166][853]LogWorld:   NONE
[2015.05.03-17.07.05:166][853]LogWorld:   NONE
[2015.05.03-17.07.05:166][853]LogWorld:   NONE
[2015.05.03-17.07.05:166][853]LogWorld:   NONE
[2015.05.03-17.07.05:166][853]LogWorld:   NONE
[2015.05.03-17.07.05:166][853]LogWorld:   NONE
[2015.05.03-17.07.05:166][853]LogWorld:   NONE
[2015.05.03-17.07.05:166][853]LogWorld:   NONE
[2015.05.03-17.07.05:166][853]LogWorld:   NONE
[2015.05.03-17.07.05:166][853]LogWorld:   NONE
[2015.05.03-17.07.05:166][853]LogWorld:   NONE
[2015.05.03-17.07.05:166][853]LogWorld:   NONE
[2015.05.03-17.07.05:166][853]LogWorld:   NONE
[2015.05.03-17.07.05:166][853]LogWorld:   NONE
[2015.05.03-17.07.05:166][853]LogWorld:   NONE
[2015.05.03-17.07.05:166][853]LogWorld:   NONE
[2015.05.03-17.07.05:166][853]LogWorld:   NONE
[2015.05.03-17.07.05:166][853]LogWorld:   NONE
[2015.05.03-17.07.05:166][853]LogWorld:   NONE
[2015.05.03-17.07.05:166][853]LogWorld:   NONE
[2015.05.03-17.07.05:166][853]LogWorld:   NONE
[2015.05.03-17.07.05:166][853]LogWorld:   NONE
[2015.05.03-17.07.05:166][853]LogWorld:   NONE
[2015.05.03-17.07.05:166][853]LogWorld:   NONE
[2015.05.03-17.07.05:166][853]LogWorld:   NONE
[2015.05.03-17.07.05:166][853]LogWorld:   NONE
[2015.05.03-17.07.05:166][853]LogWorld:   NONE
[2015.05.03-17.07.05:166][853]LogWorld:   NONE
[2015.05.03-17.07.05:166][853]LogWorld:   NONE
[2015.05.03-17.07.05:166][853]LogWorld:   NONE
[2015.05.03-17.07.05:166][853]LogWorld:   NONE
[2015.05.03-17.07.05:166][853]LogWorld:   NONE
[2015.05.03-17.07.05:166][853]LogWorld:   NONE
[2015.05.03-17.07.05:166][853]LogWorld:   NONE
[2015.05.03-17.07.05:166][853]LogWorld:   NONE
[2015.05.03-17.07.05:166][853]LogWorld:   NONE
[2015.05.03-17.07.05:167][853]LogWorld:   NONE
[2015.05.03-17.07.05:167][853]LogWorld:   NONE
[2015.05.03-17.07.05:167][853]LogWorld:   NONE
[2015.05.03-17.07.05:167][853]LogWorld:   NONE
[2015.05.03-17.07.05:167][853]LogWorld:   NONE
[2015.05.03-17.07.05:167][853]LogWorld:   NONE
[2015.05.03-17.07.05:167][853]LogWorld:   NONE
[2015.05.03-17.07.05:167][853]LogWorld:   NONE
[2015.05.03-17.07.05:167][853]LogWorld:   NONE
[2015.05.03-17.07.05:167][853]LogWorld:   NONE
[2015.05.03-17.07.05:167][853]LogWorld:   NONE
[2015.05.03-17.07.05:167][853]LogWorld:   NONE
[2015.05.03-17.07.05:167][853]LogWorld:   NONE
[2015.05.03-17.07.05:167][853]LogWorld:   NONE
[2015.05.03-17.07.05:167][853]LogWorld:   NONE
[2015.05.03-17.07.05:167][853]LogWorld:   NONE
[2015.05.03-17.07.05:167][853]LogWorld:   NONE
[2015.05.03-17.07.05:167][853]LogWorld:   NONE
[2015.05.03-17.07.05:167][853]LogWorld:   NONE
[2015.05.03-17.07.05:167][853]LogWorld:   NONE
[2015.05.03-17.07.05:167][853]LogWorld:   NONE
[2015.05.03-17.07.05:167][853]LogWorld:   NONE
[2015.05.03-17.07.05:167][853]LogWorld:   NONE
[2015.05.03-17.07.05:167][853]LogWorld:   NONE
[2015.05.03-17.07.05:167][853]LogWorld:   NONE
[2015.05.03-17.07.05:167][853]LogWorld:   NONE
[2015.05.03-17.07.05:167][853]LogWorld:   NONE
[2015.05.03-17.07.05:167][853]LogWorld:   NONE
[2015.05.03-17.07.05:167][853]LogWorld:   NONE
[2015.05.03-17.07.05:167][853]LogWorld:   NONE
[2015.05.03-17.07.05:167][853]LogWorld:   NONE
[2015.05.03-17.07.05:167][853]LogWorld:   NONE
[2015.05.03-17.07.05:167][853]LogWorld:   NONE
[2015.05.03-17.07.05:167][853]LogWorld:   NONE
[2015.05.03-17.07.05:167][853]LogWorld:   NONE
[2015.05.03-17.07.05:167][853]LogWorld:   NONE
[2015.05.03-17.07.05:167][853]LogWorld:   NONE
[2015.05.03-17.07.05:167][853]LogWorld:   NONE
[2015.05.03-17.07.05:167][853]LogWorld:   NONE
[2015.05.03-17.07.05:167][853]LogWorld:   NONE
[2015.05.03-17.07.05:167][853]LogWorld:   NONE
[2015.05.03-17.07.05:167][853]LogWorld:   NONE
[2015.05.03-17.07.05:167][853]LogWorld:   NONE
[2015.05.03-17.07.05:167][853]LogWorld:   NONE
[2015.05.03-17.07.05:167][853]LogWorld:   NONE
[2015.05.03-17.07.05:167][853]LogWorld:   NONE
[2015.05.03-17.07.05:167][853]LogWorld:   NONE
[2015.05.03-17.07.05:167][853]LogWorld:   NONE
[2015.05.03-17.07.05:167][853]LogWorld:   NONE
[2015.05.03-17.07.05:167][853]LogWorld:   NONE
[2015.05.03-17.07.05:167][853]LogWorld:   NONE
[2015.05.03-17.07.05:167][853]LogWorld:   NONE
[2015.05.03-17.07.05:167][853]LogWorld:   NONE
[2015.05.03-17.07.05:167][853]LogWorld:   NONE
[2015.05.03-17.07.05:167][853]LogWorld:   NONE
[2015.05.03-17.07.05:167][853]LogWorld:   NONE
[2015.05.03-17.07.05:167][853]LogWorld:   NONE
[2015.05.03-17.07.05:167][853]LogWorld:   /Engine/Transient.World_12:PersistentLevel.MyCharacter_C_598
[2015.05.03-17.07.05:167][853]LogWorld:   /Engine/Transient.World_12:PersistentLevel.MyCharacter_C_0
[2015.05.03-17.07.05:167][853]LogWindows:Error: Windows GetLastError: The operation completed successfully. (0)
[2015.05.03-17.07.05:332][853]LogCrashTracker: 


[2015.05.03-17.07.46:510][853]LogCrashTracker: 


[2015.05.03-17.07.46:510][853]LogWindows: === Critical error: ===
Fatal error: [File:D:\BuildFarm\buildmachine_++depot+UE4-Releases+4.7\Engine\Source\Runtime\Engine\Private\World.cpp] [Line: 1117] 
Could not remove actor /Engine/Transient.World_12:PersistentLevel.MyCharacter_C_7 from world (check level is /Engine/Transient.World_12:PersistentLevel)


KERNELBASE.dll!UnknownFunction (0x00007ff8cd438b9c) + 0 bytes [UnknownFile:0]
UE4Editor-Core.dll!FOutputDeviceWindowsError::Serialize() (0x00007ff8c1f48074) + 0 bytes [d:\buildfarm\buildmachine_++depot+ue4-releases+4.7\engine\source\runtime\core\private\windows\windowsplatformoutputdevices.cpp:95]
UE4Editor-Core.dll!FMsg::Logf__VA() (0x00007ff8c1dc774f) + 0 bytes [d:\buildfarm\buildmachine_++depot+ue4-releases+4.7\engine\source\runtime\core\private\misc\outputdevice.cpp:531]
UE4Editor-Engine.dll!UWorld::RemoveActor() (0x00007ff8b1a86e6b) + 165 bytes [d:\buildfarm\buildmachine_++depot+ue4-releases+4.7\engine\source\runtime\engine\private\world.cpp:1117]
UE4Editor-Engine.dll!UWorld::DestroyActor() (0x00007ff8b154c311) + 0 bytes [d:\buildfarm\buildmachine_++depot+ue4-releases+4.7\engine\source\runtime\engine\private\levelactor.cpp:536]
UE4Editor-Engine.dll!UWorld::EditorDestroyActor() (0x00007ff8b1554af3) + 0 bytes [d:\buildfarm\buildmachine_++depot+ue4-releases+4.7\engine\source\runtime\engine\private\levelactor.cpp:375]
UE4Editor-UnrealEd.dll!FBlueprintCompileReinstancer::ReplaceInstancesOfClass() (0x00007ff8b053303e) + 0 bytes [d:\buildfarm\buildmachine_++depot+ue4-releases+4.7\engine\source\editor\unrealed\private\kismet2\kismetreinstanceutilities.cpp:817]
UE4Editor-UnrealEd.dll!FBlueprintCompileReinstancer::ReinstanceObjects() (0x00007ff8b052b4db) + 0 bytes [d:\buildfarm\buildmachine_++depot+ue4-releases+4.7\engine\source\editor\unrealed\private\kismet2\kismetreinstanceutilities.cpp:373]
UE4Editor-UnrealEd.dll!FKismetEditorUtilities::CompileBlueprint() (0x00007ff8b04f7ac9) + 0 bytes [d:\buildfarm\buildmachine_++depot+ue4-releases+4.7\engine\source\editor\unrealed\private\kismet2\kismet2.cpp:773]
UE4Editor-Kismet.dll!FBlueprintEditor::Compile() (0x00007ff8af39f5e7) + 0 bytes [d:\buildfarm\buildmachine_++depot+ue4-releases+4.7\engine\source\editor\kismet\private\blueprinteditor.cpp:2990]
UE4Editor-Kismet.dll!TBaseSPMethodDelegateInstance<0,FBlueprintEditor,0,TTypeWrapper<void> __cdecl(void)>::Execute() (0x00007ff8af3e0751) + 32 bytes [d:\buildfarm\buildmachine_++depot+ue4-releases+4.7\engine\source\runtime\core\public\delegates\delegateinstancesimpl_variadics.inl:282]
UE4Editor-Kismet.dll!TBaseSPMethodDelegateInstance<0,FBlueprintEditor,0,void __cdecl(void)>::ExecuteIfSafe() (0x00007ff8af3e40d6) + 8 bytes [d:\buildfarm\buildmachine_++depot+ue4-releases+4.7\engine\source\runtime\core\public\delegates\delegateinstancesimpl_variadics.inl:388]
UE4Editor-Slate.dll!FUICommandList::ExecuteAction() (0x00007ff8b5f56066) + 60 bytes [d:\buildfarm\buildmachine_++depot+ue4-releases+4.7\engine\source\runtime\slate\private\framework\commands\uicommandlist.cpp:73]
UE4Editor-Slate.dll!SToolBarButtonBlock::OnClicked() (0x00007ff8b604885d) + 0 bytes [d:\buildfarm\buildmachine_++depot+ue4-releases+4.7\engine\source\runtime\slate\private\framework\multibox\stoolbarbuttonblock.cpp:296]
UE4Editor-Slate.dll!TMemberFunctionCaller<SToolBarButtonBlock,FReply (__cdecl SToolBarButtonBlock::*)(void) __ptr64>::operator()<>() (0x00007ff8b5fc7ee7) + 16 bytes [d:\buildfarm\buildmachine_++depot+ue4-releases+4.7\engine\source\runtime\core\public\delegates\delegateinstanceinterface_variadics.h:161]
UE4Editor-Slate.dll!TTupleImpl<TIntegerSequence<> >::ApplyAfter_ExplicitReturnType<FReply,TMemberFunctionCaller<SToolBarButtonBlock,FReply (__cdecl SToolBarButtonBlock::*)(void) __ptr64> >() (0x00007ff8b5fc9139) + 19 bytes [d:\buildfarm\buildmachine_++depot+ue4-releases+4.7\engine\source\runtime\core\public\delegates\tuple.h:113]
UE4Editor-Slate.dll!TBaseSPMethodDelegateInstance<0,SToolBarButtonBlock,0,FReply __cdecl(void)>::Execute() (0x00007ff8b602efd9) + 36 bytes [d:\buildfarm\buildmachine_++depot+ue4-releases+4.7\engine\source\runtime\core\public\delegates\delegateinstancesimpl_variadics.inl:282]
UE4Editor-Slate.dll!TBaseDelegate<FReply>::Execute() (0x00007ff8b60e153a) + 6 bytes [d:\buildfarm\buildmachine_++depot+ue4-releases+4.7\engine\source\runtime\core\public\delegates\delegatesignatureimpl_variadics.inl:439]
UE4Editor-Slate.dll!SButton::OnMouseButtonUp() (0x00007ff8b610fd63) + 17 bytes [d:\buildfarm\buildmachine_++depot+ue4-releases+4.7\engine\source\runtime\slate\private\widgets\input\sbutton.cpp:228]
UE4Editor-Slate.dll!<lambda_de96dc3471181973108233c6db1f9843>::operator()() (0x00007ff8b5f2dd7c) + 24 bytes [d:\buildfarm\buildmachine_++depot+ue4-releases+4.7\engine\source\runtime\slate\private\framework\application\slateapplication.cpp:3985]
UE4Editor-Slate.dll!FEventRouter::Route<FReply,FEventRouter::FToLeafmostPolicy,FPointerEvent,<lambda_de96dc3471181973108233c6db1f9843> >() (0x00007ff8b5ee8407) + 21 bytes [d:\buildfarm\buildmachine_++depot+ue4-releases+4.7\engine\source\runtime\slate\private\framework\application\slateapplication.cpp:202]
UE4Editor-Slate.dll!FSlateApplication::ProcessMouseButtonUpEvent() (0x00007ff8b5f94f29) + 75 bytes [d:\buildfarm\buildmachine_++depot+ue4-releases+4.7\engine\source\runtime\slate\private\framework\application\slateapplication.cpp:3988]
UE4Editor-Slate.dll!FSlateApplication::OnMouseUp() (0x00007ff8b5f84926) + 16 bytes [d:\buildfarm\buildmachine_++depot+ue4-releases+4.7\engine\source\runtime\slate\private\framework\application\slateapplication.cpp:3949]
UE4Editor-Core.dll!FWindowsApplication::ProcessDeferredMessage() (0x00007ff8c1ea3975) + 12 bytes [d:\buildfarm\buildmachine_++depot+ue4-releases+4.7\engine\source\runtime\core\private\windows\windowsapplication.cpp:1373]
UE4Editor-Core.dll!FWindowsApplication::DeferMessage() (0x00007ff8c1e95d2e) + 74 bytes [d:\buildfarm\buildmachine_++depot+ue4-releases+4.7\engine\source\runtime\core\private\windows\windowsapplication.cpp:1669]
UE4Editor-Core.dll!FWindowsApplication::ProcessMessage() (0x00007ff8c1ea4d50) + 41 bytes [d:\buildfarm\buildmachine_++depot+ue4-releases+4.7\engine\source\runtime\core\private\windows\windowsapplication.cpp:742]
UE4Editor-Core.dll!FWindowsApplication::AppWndProc() (0x00007ff8c1e93192) + 0 bytes [d:\buildfarm\buildmachine_++depot+ue4-releases+4.7\engine\source\runtime\core\private\windows\windowsapplication.cpp:604]
USER32.dll!UnknownFunction (0x00007ff8cdd9250d) + 0 bytes [UnknownFile:0]
USER32.dll!UnknownFunction (0x00007ff8cdd92367) + 0 bytes [UnknownFile:0]
UE4Editor-Core.dll!FWindowsPlatformMisc::PumpMessages() (0x00007ff8c1f43ec6) + 48 bytes [d:\buildfarm\buildmachine_++depot+ue4-releases+4.7\engine\source\runtime\core\private\windows\windowsplatformmisc.cpp:774]
UE4Editor.exe!FEngineLoop::Tick() (0x00007ff6c9ca00a9) + 8 bytes [d:\buildfarm\buildmachine_++depot+ue4-releases+4.7\engine\source\runtime\launch\private\launchengineloop.cpp:2233]
UE4Editor.exe!GuardedMain() (0x00007ff6c9c9267c) + 0 bytes [d:\buildfarm\buildmachine_++depot+ue4-releases+4.7\engine\source\runtime\launch\private\launch.cpp:142]
UE4Editor.exe!GuardedMainWrapper() (0x00007ff6c9c926ea) + 5 bytes [d:\buildfarm\buildmachine_++depot+ue4-releases+4.7\engine\source\runtime\launch\private\windows\launchwindows.cpp:126]
UE4Editor.exe!WinMain() (0x00007ff6c9ca2219) + 17 bytes [d:\buildfarm\buildmachine_++depot+ue4-releases+4.7\engine\source\runtime\launch\private\windows\launchwindows.cpp:202]
UE4Editor.exe!__tmainCRTStartup() (0x00007ff6c9ca3159) + 21 bytes [f:\dd\vctools\crt\crtw32\dllstuff\crtexe.c:618]
KERNEL32.DLL!UnknownFunction (0x00007ff8cf5913d2) + 0 bytes [UnknownFile:0]
ntdll.dll!UnknownFunction (0x00007ff8cfff5444) + 0 bytes [UnknownFile:0]
ntdll.dll!UnknownFunction (0x00007ff8cfff5444) + 0 bytes [UnknownFile:0]


[2015.05.03-17.07.46:657][853]LogExit: Executing StaticShutdownAfterError
[2015.05.03-17.07.46:663][853]LogWindows: FPlatformMisc::RequestExit(1)
[2015.05.03-17.07.46:663][853]Log file closed, 05/03/15 10:07:46
