Log file open, 05/03/15 12:48:20
LogInit:Display: Running engine without a game
LogInit:Display: Loading recent project file: ../../../../../../Users/RossFamily/Desktop/DM_FLAVIO/DM_FLAVIO.uproject
LogInit: Version: 4.7.6-2513093+++depot+UE4-Releases+4.7
LogInit: API Version: 2455222
LogInit: Compiled (64-bit): Apr 15 2015 12:09:54
LogInit: Compiled with Visual C++: 18.00.21005.01
LogInit: Build Configuration: Development
LogInit: Branch Name: ++depot+UE4-Releases+4.7
LogInit: Command line: 
LogInit: Base directory: C:/Program Files/Epic Games/4.7/Engine/Binaries/Win64/
LogInit: Rocket: 1
[2015.05.03-19.48.20:197][  0]LogTaskGraph: Started task graph with 3 named threads and 6 total threads.
[2015.05.03-19.48.20:254][  0]LogOnline:Warning: No default platform service specified for OnlineSubsystem
[2015.05.03-19.48.20:268][  0]LogInit: Presizing for 0 objects not considered by GC, pre-allocating 0 bytes.
[2015.05.03-19.48.20:282][  0]LogInit: Object subsystem initialized
[2015.05.03-19.48.20:285][  0]LogConsoleResponse:Warning: Skipping Unknown console variable: 'TranslucentSortAxis = (X=0.000000,Y=-1.000000,Z=0.000000)'
[2015.05.03-19.48.20:285][  0]LogConsoleResponse:Warning:   Found in ini file 'C:/Users/RossFamily/Desktop/DM_FLAVIO/Saved/Config/Windows/Engine.ini', in section '[/Script/Engine.RendererSettings]'
[2015.05.03-19.48.20:285][  0]LogConsoleResponse:Warning: Skipping Unknown console variable: 'UIScaleRule = ShortestSide'
[2015.05.03-19.48.20:285][  0]LogConsoleResponse:Warning:   Found in ini file 'C:/Users/RossFamily/Desktop/DM_FLAVIO/Saved/Config/Windows/Engine.ini', in section '[/Script/Engine.RendererSettings]'
[2015.05.03-19.48.20:285][  0]LogConsoleResponse:Warning: Skipping Unknown console variable: 'UIScaleCurve = (EditorCurveData=(Keys=),ExternalCurve=None)'
[2015.05.03-19.48.20:285][  0]LogConsoleResponse:Warning:   Found in ini file 'C:/Users/RossFamily/Desktop/DM_FLAVIO/Saved/Config/Windows/Engine.ini', in section '[/Script/Engine.RendererSettings]'
[2015.05.03-19.48.20:286][  0]LogInit: Selected Device Profile: [Windows]
[2015.05.03-19.48.20:286][  0]LogInit: Applying CVar settings loaded from the selected device profile: [Windows]
[2015.05.03-19.48.20:293][  0]LogInit: Computer: ROSSFAMILY-PC
[2015.05.03-19.48.20:293][  0]LogInit: User: RossFamily
[2015.05.03-19.48.20:293][  0]LogInit: CPU Page size=4096, Cores=4
[2015.05.03-19.48.20:293][  0]LogInit: High frequency timer resolution =2.597655 MHz
[2015.05.03-19.48.20:294][  0]LogMemory: Memory total: Physical=16.0GB (16GB approx) Virtual=131072.0GB
[2015.05.03-19.48.20:294][  0]LogMemory: Platform Memory Stats for Windows
[2015.05.03-19.48.20:294][  0]LogMemory: Process Physical Memory: 46.16 MB used, 46.16 MB peak
[2015.05.03-19.48.20:294][  0]LogMemory: Process Virtual Memory: 24.57 MB used, 24.58 MB peak
[2015.05.03-19.48.20:294][  0]LogMemory: Physical Memory: 2425.68 MB used, 16375.09 MB total
[2015.05.03-19.48.20:294][  0]LogMemory: Virtual Memory: 291.04 MB used, 134217728.00 MB total
[2015.05.03-19.48.20:347][  0]LogD3D11RHI: Found D3D11 adapter 0: NVIDIA GeForce GTX 560  (Feature Level 11_0)
[2015.05.03-19.48.20:348][  0]LogD3D11RHI: Adapter has 1994MB of dedicated video memory, 0MB of dedicated system memory, and 2047MB of shared system memory, 1 output[s]
[2015.05.03-19.48.20:349][  0]LogD3D11RHI: Found D3D11 adapter 1: Microsoft Basic Render Driver (Feature Level 11_0)
[2015.05.03-19.48.20:349][  0]LogD3D11RHI: Adapter has 0MB of dedicated video memory, 0MB of dedicated system memory, and 256MB of shared system memory, 0 output[s]
[2015.05.03-19.48.20:349][  0]LogD3D11RHI: Chosen D3D11 Adapter Id = 0
[2015.05.03-19.48.20:352][  0]LogRHI: Texture pool is 1361 MB (70% of 1945 MB)
[2015.05.03-19.48.20:361][  0]LogD3D11RHI: Async texture creation enabled
[2015.05.03-19.48.20:426][  0]LogTextLocalizationManager: The requested culture ('en_US') has no localization data; parent culture's ('en') localization data will be used.
[2015.05.03-19.48.20:507][  0]LogTextLocalizationManager:Warning: Loading localization resources contain conflicting entries for (Namespace:UICommands, Key:Save_ToolTip):
Resource: (C:/Program Files/Epic Games/4.7/Engine/Content/Localization/Editor/en/Editor.locres) Hash: (-29098895) String: (Saves the current level to disk)
Resource: (C:/Program Files/Epic Games/4.7/Engine/Content/Localization/Engine/en/Engine.locres) Hash: (-1280300587) String: (Save selected data to vlog file)
[2015.05.03-19.48.20:507][  0]LogTextLocalizationManager:Warning: Loading localization resources contain conflicting entries for (Namespace:ContentBrowser, Key:ImportAssetToolTip):
Resource: (C:/Program Files/Epic Games/4.7/Engine/Content/Localization/Editor/en/Editor.locres) Hash: (-630476809) String: (Import to {0}...)
Resource: (C:/Program Files/Epic Games/4.7/Engine/Content/Localization/Editor/en/Editor.locres) Hash: (1271782899) String: (Imports an asset from file to this folder.)
[2015.05.03-19.48.20:613][  0]LogContentStreaming: Texture pool size is 0.000000MB
[2015.05.03-19.48.23:696][  0]LogTargetPlatformManager:Display: Building Assets For Windows
[2015.05.03-19.48.24:294][  0]LogTargetPlatformManager:Display: Building Assets For Windows
[2015.05.03-19.48.24:370][  0]LogDerivedDataCache:Display: Max Cache Size: 512 MB
[2015.05.03-19.48.24:422][  0]LogDerivedDataCache: Loaded boot cache 0.05s 39MB C:/Users/RossFamily/AppData/Local/UnrealEngine/4.7/DerivedDataCache/Boot.ddc.
[2015.05.03-19.48.24:422][  0]LogDerivedDataCache:Display: Loaded Boot cache: C:/Users/RossFamily/AppData/Local/UnrealEngine/4.7/DerivedDataCache/Boot.ddc
[2015.05.03-19.48.24:422][  0]LogDerivedDataCache: FDerivedDataBackendGraph:  Pak pak cache file ../../../../../../Users/RossFamily/Desktop/DM_FLAVIO/DerivedDataCache/DDC.ddp not found, will not use a pak cache.
[2015.05.03-19.48.24:422][  0]LogDerivedDataCache: Unable to find inner node Pak for hierarchical cache Hierarchy.
[2015.05.03-19.48.24:590][  0]LogDerivedDataCache:Display: Pak cache opened for reading ../../../Engine/DerivedDataCache/Compressed.ddp.
[2015.05.03-19.48.24:602][  0]LogDerivedDataCache: Using Local data cache path C:/Users/RossFamily/AppData/Local/UnrealEngine/Common/DerivedDataCache: Writable
[2015.05.03-19.48.24:976][  0]LogMeshUtilities: No automatic mesh reduction module available
[2015.05.03-19.48.24:976][  0]LogMeshUtilities: No automatic mesh merging module available
[2015.05.03-19.48.25:437][  0]LogInit: WinSock: version 1.1 (2.2), MaxSocks=32767, MaxUdp=65467
[2015.05.03-19.48.25:527][  0]LogSlate:Warning: Failed to load font data from '../../../Engine/Content/Slate/Fonts/Roboto-Italic.ttf'
[2015.05.03-19.48.26:518][  0]UdpMessaging: Initializing bridge on interface 0.0.0.0:0 to multicast group 230.0.0.1:6666.
[2015.05.03-19.48.26:734][  0]SourceControl: Info Source control is disabled
[2015.05.03-19.48.26:734][  0]SourceControl: Info Source control is disabled
[2015.05.03-19.48.26:734][  0]SourceControl: Info Source control is disabled
[2015.05.03-19.48.26:734][  0]LogSourceControl: RunCommandInternalRaw: 'git version'
[2015.05.03-19.48.26:734][  0]LogSourceControl: RunCommandInternalRaw: ExecProcess ReturnCode=2 OutResults=''
[2015.05.03-19.48.26:744][  0]SourceControl: Info Source control is disabled
[2015.05.03-19.48.26:951][  0]LogObj: 24232 objects as part of root set at end of initial load.
[2015.05.03-19.48.26:951][  0]LogUObjectAllocator: 5137176 out of 0 bytes used by permanent object pool.
[2015.05.03-19.48.27:056][  0]LogEngine: Initializing Engine...
[2015.05.03-19.48.29:263][  0]LogInit: XAudio2 using 'Speakers (Sound Blaster X-Fi Xtreme Audio)' : 2 channels at 48 kHz using 16 bits per sample (channel mask 0x3)
[2015.05.03-19.48.29:286][  0]LogInit: FAudioDevice initialized.
[2015.05.03-19.48.29:327][  0]LogAIModule: Creating AISystem for world NewWorld
[2015.05.03-19.48.29:352][  0]LogDerivedDataCache: Saved boot cache 0.02s 39MB C:/Users/RossFamily/AppData/Local/UnrealEngine/4.7/DerivedDataCache/Boot.ddc.
[2015.05.03-19.48.29:362][  0]LogInit: Texture streaming: Enabled
[2015.05.03-19.48.29:476][  0]LogAnalytics: Creating configured Analytics provider AnalyticsET
[2015.05.03-19.48.29:476][  0]LogAnalytics: ET APIKey = Rocket.Release. APIServer = http://et2.epicgames.com/ET2/. AppVersion = 4.7.6-2513093+++depot+UE4-Releases+4.7
[2015.05.03-19.48.29:476][  0]LogAnalytics: ET APIKey = Rocket.Release. DataRouterUploadURL = https://datarouter-public-service-gamedev.ol.epicgames.net/datarouter/api/v1/public/data. AppVersion = 4.7.6-2513093+++depot+UE4-Releases+4.7
[2015.05.03-19.48.29:476][  0]LogAnalytics: SetUserId 117c93b446678ee264e382b49ca91207|14919f3d0643489ba6ad3048feb4b89e|0e66297c-8f74-4f75-8a68-8a33cd42c3b8
[2015.05.03-19.48.29:477][  0]LogAnalytics: AnalyticsET::StartSession [Rocket.Release]
[2015.05.03-19.48.29:500][  0]LogInit: Transaction tracking system initialized
[2015.05.03-19.48.29:687][  0]BlueprintLog: New page: Editor Load
[2015.05.03-19.48.29:724][  0]LogAssetRegistry: FAssetRegistry took 0.0105 seconds to start up
[2015.05.03-19.48.29:724][  0]LogDirectoryWatcher:Warning: Failed to begin reading directory changes for ../../../Engine/Plugins/Experimental/CharacterAI/Content/. Error: 0
[2015.05.03-19.48.30:331][  0]LogTargetPlatformManager:Display: Building Assets For Windows
[2015.05.03-19.48.30:755][  0]LogTargetPlatformManager:Display: Building Assets For Windows
[2015.05.03-19.48.31:007][  0]LogLinker:Warning: Asset '../../../Engine/Content/Tutorial/Mobile/CreatingSigningCertAndProvisionTutorial.uasset' has been saved with empty engine version. The asset will be loaded but may be incompatible.
[2015.05.03-19.48.31:012][  0]LogLinker:Warning: Asset '../../../Engine/Content/Tutorial/Mobile/SettingUpAndroidTutorial.uasset' has been saved with empty engine version. The asset will be loaded but may be incompatible.
[2015.05.03-19.48.31:051][  0]LogSlate:Warning: Failed to load font data from '../../../Engine/Content/Editor/Slate/Fonts/Roboto-Regular.ttf'
[2015.05.03-19.48.31:051][  0]LogSlate:Warning: Failed to load font data from '../../../Engine/Content/Editor/Slate/Fonts/Roboto-Bold.ttf'
[2015.05.03-19.48.31:058][  0]LogConsoleResponse:Display: 
[2015.05.03-19.48.31:225][  0]LogCook:Display: Done creating registry. It took  0.00s.
[2015.05.03-19.48.31:381][  0]SourceControl: Info Source control is disabled
[2015.05.03-19.48.31:381][  0]Cmd: MAP LOAD FILE="../../../../../../Users/RossFamily/Desktop/DM_FLAVIO/Content/StarterContent/Maps/Minimal_Default.umap" TEMPLATE=0 SHOWPROGRESS=1 FEATURELEVEL=3
[2015.05.03-19.48.31:381][  0]LightingResults: New page: Lighting Build
[2015.05.03-19.48.31:395][  0]MapCheck: New page: Map Check
[2015.05.03-19.48.31:395][  0]LightingResults: New page: Lighting Build
[2015.05.03-19.48.31:403][  0]LogParticles: Destroying 0 GPU particle simulations for FXSystem 0x000000CC2B183380
[2015.05.03-19.48.32:505][  0]LogTexture:Display: Building textures: HQ_Lightmap0_1 (AutoDXT)
[2015.05.03-19.48.32:521][  0]LogTexture:Display: Building textures: HQ_Lightmap1_2 (AutoDXT)
[2015.05.03-19.48.32:529][  0]LogTexture:Display: Building textures: LQ_Lightmap_0_1 (DXT1)
[2015.05.03-19.48.32:532][  0]LogTexture:Display: Building textures: LQ_Lightmap_1_2 (DXT1)
[2015.05.03-19.48.32:557][  0]LogEditorServer: Finished looking for orphan Actors (0.000 secs)
[2015.05.03-19.48.32:559][  0]LogAIModule: Creating AISystem for world Minimal_Default
[2015.05.03-19.48.32:560][  0]Cmd: MAP CHECKDEP
[2015.05.03-19.48.32:560][  0]MapCheck: New page: Minimal_Default - May 3, 2015, 5:48:32 AM
[2015.05.03-19.48.32:671][  0]MapCheck: Info Map check complete: 0 Error(s), 0 Warning(s), took 110.869ms to complete.
[2015.05.03-19.48.32:671][  0]LogFileHelpers: Loading map 'Minimal_Default' took 1.291
[2015.05.03-19.48.32:820][  0]LogCollectionManager: Loaded 0 collections in 0.001481 seconds
[2015.05.03-19.48.32:833][  0]LogContentBrowser: Native class hierarchy populated in 0.0130 seconds. Added 1696 classes and 261 folders.
[2015.05.03-19.48.32:868][  0]LogContentBrowser: Native class hierarchy updated for 'SceneOutliner' in 0.0027 seconds. Added 1 classes and 2 folders.
[2015.05.03-19.48.32:960][  0]LogCrashTracker: Crashtracker disabled due to settings.
[2015.05.03-19.48.32:962][  0]LogSlate:Warning: Failed to load font data from 'Veranda'
[2015.05.03-19.48.32:990][  0]LogUObjectGlobals:Warning: Failed to find object 'Class None.'
[2015.05.03-19.48.33:015][  0]LogLoad: Full Startup: 14.80 seconds (BP compile: 0.22 seconds)
[2015.05.03-19.48.33:053][  0]LogContentBrowser:Verbose: The content browser source was changed by the sources view to '/Game/Character'
[2015.05.03-19.48.33:331][  2]LogRenderer:Warning: Reallocating scene render targets to support 704x544 (Frame:2).
[2015.05.03-19.48.33:654][  8]LogAssetRegistry: Asset discovery search completed in 3.9401 seconds
[2015.05.03-19.48.54:436][924]LogRenderer:Warning: Reallocating scene render targets to support 960x544 (Frame:1041).
[2015.05.03-19.48.59:556][455]LogEditorViewport: Clicking on Actor (context menu): StaticMeshActor (Floor)
[2015.05.03-19.49.01:388][611]LogPlayLevel: PIE:  No blueprints needed recompiling
[2015.05.03-19.49.01:389][611]PIE: New page: PIE session: Minimal_Default (May 3, 2015, 5:49:01 AM)
[2015.05.03-19.49.01:394][611]LogPlayLevel: PIE: StaticDuplicateObject took: (0.005083s)
[2015.05.03-19.49.01:395][611]LogPlayLevel: PIE: World Init took: (0.000867s)
[2015.05.03-19.49.01:395][611]LogPlayLevel: PIE: Created PIE world by copying editor world from /Game/StarterContent/Maps/Minimal_Default.Minimal_Default to /Game/StarterContent/Maps/UEDPIE_0_Minimal_Default.Minimal_Default (0.006161s)
[2015.05.03-19.49.01:454][611]LogWorld: Game class is 'MyGame_C'
[2015.05.03-19.49.01:457][611]LogAIModule: Creating AISystem for world Minimal_Default
[2015.05.03-19.49.01:461][611]LogWorld: Bringing World /Game/StarterContent/Maps/UEDPIE_0_Minimal_Default.Minimal_Default up for play (max tick rate 0) at 2015.05.03-12.49.01
[2015.05.03-19.49.01:462][611]LogWorld: Bringing up level for play took: 0.004428
[2015.05.03-19.49.01:465][611]PIE: Info Play in editor start time for /Game/StarterContent/Maps/UEDPIE_0_Minimal_Default 0.425
[2015.05.03-19.49.06:089][144]LogParticles: Destroying 0 GPU particle simulations for FXSystem 0x000000CC41E87560
[2015.05.03-19.49.12:145][380]LogRenderer:Warning: Reallocating scene render targets to support 960x824 (Frame:2436).
[2015.05.03-19.49.56:594][ 76]LogEditorViewport: Clicking on Actor (context menu): StaticMeshActor (Floor)
[2015.05.03-19.49.58:833][284]LogEditorViewport: Clicking on Actor (LMB): BP_Sky_Sphere_C (BP_Sky_Sphere)
[2015.05.03-19.51.02:593][785]LogBlueprint:Warning: Reparenting blueprint Blueprint /Game/Character/MyCharacter.MyCharacter from Character to Actor...
[2015.05.03-19.51.02:594][785]BlueprintLog: New page: Compile MyCharacter
[2015.05.03-19.51.02:641][785]LogBlueprint:Warning: [compiler] Warning Could not find a function named "AddMovementInput" in 'MyCharacter_C'.
Make sure 'MyCharacter_C' has been compiled for  Add Movement Input 
[2015.05.03-19.51.02:644][785]LogBlueprint:Warning: [compiler] Warning Could not find a function named "Jump" in 'MyCharacter_C'.
Make sure 'MyCharacter_C' has been compiled for  Jump 
[2015.05.03-19.51.02:644][785]LogBlueprint:Warning: [compiler] Warning Could not find a function named "AddControllerPitchInput" in 'MyCharacter_C'.
Make sure 'MyCharacter_C' has been compiled for  Add Controller Pitch Input 
[2015.05.03-19.51.02:646][785]LogBlueprint:Warning: [compiler] Warning Could not find a function named "AddControllerYawInput" in 'MyCharacter_C'.
Make sure 'MyCharacter_C' has been compiled for  Add Controller Yaw Input 
[2015.05.03-19.51.02:649][785]LogBlueprint:Warning: [compiler] Warning Could not find a function named "GetControlRotation" in 'MyCharacter_C'.
Make sure 'MyCharacter_C' has been compiled for  Get Control Rotation 
[2015.05.03-19.51.02:649][785]LogBlueprint:Warning: [compiler] Warning Could not find a function named "AddMovementInput" in 'MyCharacter_C'.
Make sure 'MyCharacter_C' has been compiled for  Add Movement Input 
[2015.05.03-19.51.02:653][785]LogBlueprint:Error: [compiler] Error This blueprint (self) is not a Pawn, therefore ' Target ' must have a connection.
[2015.05.03-19.51.02:653][785]LogBlueprint:Error: [compiler] Error This blueprint (self) is not a Character, therefore ' Target ' must have a connection.
[2015.05.03-19.51.02:653][785]LogBlueprint:Error: [compiler] Error This blueprint (self) is not a Pawn, therefore ' Target ' must have a connection.
[2015.05.03-19.51.02:654][785]LogBlueprint:Error: [compiler] Error This blueprint (self) is not a Pawn, therefore ' Target ' must have a connection.
[2015.05.03-19.51.02:654][785]LogBlueprint:Error: [compiler] Error This blueprint (self) is not a Pawn, therefore ' Target ' must have a connection.
[2015.05.03-19.51.02:654][785]LogBlueprint:Error: [compiler] Error This blueprint (self) is not a Pawn, therefore ' Target ' must have a connection.
[2015.05.03-19.51.02:656][785]LogProperty:Warning: Serialized BlueprintGeneratedClass /Game/Character/MyCharacter.MyCharacter_C for a property of Class /Script/Engine.Pawn. Reference will be NULLed.
    Property = ObjectProperty /Script/Engine.Actor:Instigator
    Item = MyCharacter_C /Engine/Transient.World_6:PersistentLevel.MyCharacter_C_0
[2015.05.03-19.51.02:695][785]LogProperty:Warning: Serialized BlueprintGeneratedClass /Game/Character/MyCharacter.MyCharacter_C for a property of Class /Script/Engine.Character. Reference will be NULLed.
    Property = ObjectProperty /Script/Engine.CharacterMovementComponent:CharacterOwner
    Item = MyCharacter_C /Engine/Transient.World_6:PersistentLevel.MyCharacter_C_0
[2015.05.03-19.51.02:695][785]LogProperty:Warning: Serialized BlueprintGeneratedClass /Game/Character/MyCharacter.MyCharacter_C for a property of Class /Script/Engine.Pawn. Reference will be NULLed.
    Property = ObjectProperty /Script/Engine.PawnMovementComponent:PawnOwner
    Item = MyCharacter_C /Engine/Transient.World_6:PersistentLevel.MyCharacter_C_0
[2015.05.03-19.51.02:735][785]LogBlueprint:Warning: USimpleConstructionScript::FixupRootNodeParentReferences() - Couldn't find native parent component 'CollisionCylinder' for 'CameraBoom' in BlueprintGeneratedClass 'REINST_MyCharacter_C_48' (it may have been removed)
[2015.05.03-19.51.02:789][785]LogBlueprint:Warning: USimpleConstructionScript::FixupRootNodeParentReferences() - Couldn't find native parent component 'CollisionCylinder' for 'CameraBoom' in BlueprintGeneratedClass 'MyCharacter_C' (it may have been removed)
[2015.05.03-19.51.02:808][785]LogParticles: Destroying 0 GPU particle simulations for FXSystem 0x000000CC40974A40
[2015.05.03-19.51.02:809][785]LogParticles: Destroying 0 GPU particle simulations for FXSystem 0x000000CC38C09760
[2015.05.03-19.51.02:821][785]LogBlueprint:Warning: [compiler] Warning [0164.61] Compile of MyCharacter failed. 6 Fatal Issue(s) 6 Warning(s) [in 227 ms]
[2015.05.03-19.51.02:822][785]BlueprintEditorCompileResults:Warning: Warning Could not find a function named "AddMovementInput" in 'MyCharacter_C'.
Make sure 'MyCharacter_C' has been compiled for  Add Movement Input 
[2015.05.03-19.51.02:822][785]BlueprintEditorCompileResults:Warning: Warning Could not find a function named "Jump" in 'MyCharacter_C'.
Make sure 'MyCharacter_C' has been compiled for  Jump 
[2015.05.03-19.51.02:822][785]BlueprintEditorCompileResults:Warning: Warning Could not find a function named "AddControllerPitchInput" in 'MyCharacter_C'.
Make sure 'MyCharacter_C' has been compiled for  Add Controller Pitch Input 
[2015.05.03-19.51.02:822][785]BlueprintEditorCompileResults:Warning: Warning Could not find a function named "AddControllerYawInput" in 'MyCharacter_C'.
Make sure 'MyCharacter_C' has been compiled for  Add Controller Yaw Input 
[2015.05.03-19.51.02:822][785]BlueprintEditorCompileResults:Warning: Warning Could not find a function named "GetControlRotation" in 'MyCharacter_C'.
Make sure 'MyCharacter_C' has been compiled for  Get Control Rotation 
[2015.05.03-19.51.02:823][785]BlueprintEditorCompileResults:Warning: Warning Could not find a function named "AddMovementInput" in 'MyCharacter_C'.
Make sure 'MyCharacter_C' has been compiled for  Add Movement Input 
[2015.05.03-19.51.02:823][785]BlueprintEditorCompileResults:Error: Error This blueprint (self) is not a Pawn, therefore ' Target ' must have a connection.
[2015.05.03-19.51.02:823][785]BlueprintEditorCompileResults:Error: Error This blueprint (self) is not a Character, therefore ' Target ' must have a connection.
[2015.05.03-19.51.02:823][785]BlueprintEditorCompileResults:Error: Error This blueprint (self) is not a Pawn, therefore ' Target ' must have a connection.
[2015.05.03-19.51.02:823][785]BlueprintEditorCompileResults:Error: Error This blueprint (self) is not a Pawn, therefore ' Target ' must have a connection.
[2015.05.03-19.51.02:823][785]BlueprintEditorCompileResults:Error: Error This blueprint (self) is not a Pawn, therefore ' Target ' must have a connection.
[2015.05.03-19.51.02:823][785]BlueprintEditorCompileResults:Error: Error This blueprint (self) is not a Pawn, therefore ' Target ' must have a connection.
[2015.05.03-19.51.02:823][785]BlueprintEditorCompileResults:Warning: Warning [0164.61] Compile of MyCharacter failed. 6 Fatal Issue(s) 6 Warning(s) [in 227 ms]
[2015.05.03-19.51.08:922][462]BlueprintLog: New page: Compile MyCharacter
[2015.05.03-19.51.08:951][462]LogBlueprint:Warning: [compiler] Warning Could not find a function named "AddMovementInput" in 'MyCharacter_C'.
Make sure 'MyCharacter_C' has been compiled for  Add Movement Input 
[2015.05.03-19.51.08:954][462]LogBlueprint:Warning: [compiler] Warning Could not find a function named "Jump" in 'MyCharacter_C'.
Make sure 'MyCharacter_C' has been compiled for  Jump 
[2015.05.03-19.51.08:954][462]LogBlueprint:Warning: [compiler] Warning Could not find a function named "AddControllerPitchInput" in 'MyCharacter_C'.
Make sure 'MyCharacter_C' has been compiled for  Add Controller Pitch Input 
[2015.05.03-19.51.08:956][462]LogBlueprint:Warning: [compiler] Warning Could not find a function named "AddControllerYawInput" in 'MyCharacter_C'.
Make sure 'MyCharacter_C' has been compiled for  Add Controller Yaw Input 
[2015.05.03-19.51.08:959][462]LogBlueprint:Warning: [compiler] Warning Could not find a function named "GetControlRotation" in 'MyCharacter_C'.
Make sure 'MyCharacter_C' has been compiled for  Get Control Rotation 
[2015.05.03-19.51.08:959][462]LogBlueprint:Warning: [compiler] Warning Could not find a function named "AddMovementInput" in 'MyCharacter_C'.
Make sure 'MyCharacter_C' has been compiled for  Add Movement Input 
[2015.05.03-19.51.08:963][462]LogBlueprint:Error: [compiler] Error This blueprint (self) is not a Pawn, therefore ' Target ' must have a connection.
[2015.05.03-19.51.08:963][462]LogBlueprint:Error: [compiler] Error This blueprint (self) is not a Character, therefore ' Target ' must have a connection.
[2015.05.03-19.51.08:963][462]LogBlueprint:Error: [compiler] Error This blueprint (self) is not a Pawn, therefore ' Target ' must have a connection.
[2015.05.03-19.51.08:963][462]LogBlueprint:Error: [compiler] Error This blueprint (self) is not a Pawn, therefore ' Target ' must have a connection.
[2015.05.03-19.51.08:964][462]LogBlueprint:Error: [compiler] Error This blueprint (self) is not a Pawn, therefore ' Target ' must have a connection.
[2015.05.03-19.51.08:964][462]LogBlueprint:Error: [compiler] Error This blueprint (self) is not a Pawn, therefore ' Target ' must have a connection.
[2015.05.03-19.51.09:087][462]LogBlueprint:Warning: [compiler] Warning [0170.87] Compile of MyCharacter failed. 6 Fatal Issue(s) 6 Warning(s) [in 164 ms]
[2015.05.03-19.51.09:087][462]BlueprintEditorCompileResults:Warning: Warning Could not find a function named "AddMovementInput" in 'MyCharacter_C'.
Make sure 'MyCharacter_C' has been compiled for  Add Movement Input 
[2015.05.03-19.51.09:087][462]BlueprintEditorCompileResults:Warning: Warning Could not find a function named "Jump" in 'MyCharacter_C'.
Make sure 'MyCharacter_C' has been compiled for  Jump 
[2015.05.03-19.51.09:087][462]BlueprintEditorCompileResults:Warning: Warning Could not find a function named "AddControllerPitchInput" in 'MyCharacter_C'.
Make sure 'MyCharacter_C' has been compiled for  Add Controller Pitch Input 
[2015.05.03-19.51.09:088][462]BlueprintEditorCompileResults:Warning: Warning Could not find a function named "AddControllerYawInput" in 'MyCharacter_C'.
Make sure 'MyCharacter_C' has been compiled for  Add Controller Yaw Input 
[2015.05.03-19.51.09:088][462]BlueprintEditorCompileResults:Warning: Warning Could not find a function named "GetControlRotation" in 'MyCharacter_C'.
Make sure 'MyCharacter_C' has been compiled for  Get Control Rotation 
[2015.05.03-19.51.09:088][462]BlueprintEditorCompileResults:Warning: Warning Could not find a function named "AddMovementInput" in 'MyCharacter_C'.
Make sure 'MyCharacter_C' has been compiled for  Add Movement Input 
[2015.05.03-19.51.09:088][462]BlueprintEditorCompileResults:Error: Error This blueprint (self) is not a Pawn, therefore ' Target ' must have a connection.
[2015.05.03-19.51.09:088][462]BlueprintEditorCompileResults:Error: Error This blueprint (self) is not a Character, therefore ' Target ' must have a connection.
[2015.05.03-19.51.09:088][462]BlueprintEditorCompileResults:Error: Error This blueprint (self) is not a Pawn, therefore ' Target ' must have a connection.
[2015.05.03-19.51.09:088][462]BlueprintEditorCompileResults:Error: Error This blueprint (self) is not a Pawn, therefore ' Target ' must have a connection.
[2015.05.03-19.51.09:088][462]BlueprintEditorCompileResults:Error: Error This blueprint (self) is not a Pawn, therefore ' Target ' must have a connection.
[2015.05.03-19.51.09:088][462]BlueprintEditorCompileResults:Error: Error This blueprint (self) is not a Pawn, therefore ' Target ' must have a connection.
[2015.05.03-19.51.09:088][462]BlueprintEditorCompileResults:Warning: Warning [0170.87] Compile of MyCharacter failed. 6 Fatal Issue(s) 6 Warning(s) [in 164 ms]
[2015.05.03-19.51.23:689][139]LogEditorTransaction: Undo Clicking on Actors
[2015.05.03-19.51.24:234][160]LogEditorTransaction: Undo Clicking on Actors (context menu)
[2015.05.03-19.51.26:430][406]LogEditorTransaction: Undo Clicking on Actors (context menu)
[2015.05.03-19.51.42:780][ 99]LogParticles: Destroying 0 GPU particle simulations for FXSystem 0x000000CC4056EC00
[2015.05.03-19.51.44:943][100]Cmd: QUIT_EDITOR
[2015.05.03-19.51.45:279][100]LogExit: Preparing to exit.
[2015.05.03-19.51.45:628][100]LogExit: Editor shut down
[2015.05.03-19.51.45:629][100]LogExit: Transaction tracking system shut down
[2015.05.03-19.51.45:630][100]LogParticles: Destroying 0 GPU particle simulations for FXSystem 0x000000CC32970E00
[2015.05.03-19.51.45:631][100]LogParticles: Destroying 0 GPU particle simulations for FXSystem 0x000000CC40C000E0
[2015.05.03-19.51.45:631][100]LogParticles: Destroying 0 GPU particle simulations for FXSystem 0x000000CC41BBC9A0
[2015.05.03-19.51.45:631][100]LogParticles: Destroying 0 GPU particle simulations for FXSystem 0x000000CC41F39BC0
[2015.05.03-19.51.45:631][100]LogParticles: Destroying 0 GPU particle simulations for FXSystem 0x000000CC41F39800
[2015.05.03-19.51.45:711][100]LogExit: Object subsystem successfully closed.
[2015.05.03-19.51.45:768][100]LogModuleManager: Shutting down and abandoning module ExternalImagePicker (178)
[2015.05.03-19.51.45:768][100]LogModuleManager: Shutting down and abandoning module CrashTracker (177)
[2015.05.03-19.51.45:768][100]LogModuleManager: Shutting down and abandoning module SuperSearch (176)
[2015.05.03-19.51.45:768][100]LogModuleManager: Shutting down and abandoning module SceneOutliner (175)
[2015.05.03-19.51.45:768][100]LogModuleManager: Shutting down and abandoning module EditorWidgets (174)
[2015.05.03-19.51.45:768][100]LogModuleManager: Shutting down and abandoning module CollectionManager (173)
[2015.05.03-19.51.45:768][100]LogModuleManager: Shutting down and abandoning module StatsViewer (172)
[2015.05.03-19.51.45:768][100]LogModuleManager: Shutting down and abandoning module FoliageEdit (171)
[2015.05.03-19.51.45:768][100]LogModuleManager: Shutting down and abandoning module LandscapeEditor (170)
[2015.05.03-19.51.45:768][100]LogModuleManager: Shutting down and abandoning module MeshPaint (169)
[2015.05.03-19.51.45:768][100]LogModuleManager: Shutting down and abandoning module ActorPickerMode (168)
[2015.05.03-19.51.45:768][100]LogModuleManager: Shutting down and abandoning module GeometryMode (167)
[2015.05.03-19.51.45:768][100]LogModuleManager: Shutting down and abandoning module TextureAlignMode (166)
[2015.05.03-19.51.45:768][100]LogModuleManager: Shutting down and abandoning module BspMode (165)
[2015.05.03-19.51.45:768][100]LogModuleManager: Shutting down and abandoning module PlacementMode (164)
[2015.05.03-19.51.45:768][100]LogModuleManager: Shutting down and abandoning module AutomationWorker (163)
[2015.05.03-19.51.45:768][100]LogModuleManager: Shutting down and abandoning module CharacterAI (162)
[2015.05.03-19.51.45:768][100]LogModuleManager: Shutting down and abandoning module SmartSnapping (161)
[2015.05.03-19.51.45:768][100]LogModuleManager: Shutting down and abandoning module ViewportSnapping (160)
[2015.05.03-19.51.45:768][100]LogModuleManager: Shutting down and abandoning module LogVisualizer (159)
[2015.05.03-19.51.45:769][100]LogModuleManager: Shutting down and abandoning module GameProjectGeneration (158)
[2015.05.03-19.51.45:769][100]LogModuleManager: Shutting down and abandoning module IntroTutorials (157)
[2015.05.03-19.51.45:769][100]LogModuleManager: Shutting down and abandoning module EditorLiveStreaming (156)
[2015.05.03-19.51.45:769][100]LogModuleManager: Shutting down and abandoning module HardwareTargeting (155)
[2015.05.03-19.51.45:769][100]LogModuleManager: Shutting down and abandoning module DeviceProfileEditor (154)
[2015.05.03-19.51.45:769][100]LogModuleManager: Shutting down and abandoning module UndoHistory (153)
[2015.05.03-19.51.45:769][100]LogModuleManager: Shutting down and abandoning module GameplayTagsEditor (152)
[2015.05.03-19.51.45:769][100]LogModuleManager: Shutting down and abandoning module UserFeedback (151)
[2015.05.03-19.51.45:769][100]LogModuleManager: Shutting down and abandoning module XmlParser (150)
[2015.05.03-19.51.45:769][100]LogModuleManager: Shutting down and abandoning module Blutility (149)
[2015.05.03-19.51.45:769][100]LogModuleManager: Shutting down and abandoning module IOSPlatformEditor (148)
[2015.05.03-19.51.45:769][100]LogModuleManager: Shutting down and abandoning module IOSRuntimeSettings (147)
[2015.05.03-19.51.45:769][100]LogModuleManager: Shutting down and abandoning module AndroidDeviceDetection (146)
[2015.05.03-19.51.45:855][100]LogModuleManager: Shutting down and abandoning module AndroidPlatformEditor (145)
[2015.05.03-19.51.45:855][100]LogModuleManager: Shutting down and abandoning module AndroidRuntimeSettings (144)
[2015.05.03-19.51.45:855][100]LogModuleManager: Shutting down and abandoning module ProjectTargetPlatformEditor (143)
[2015.05.03-19.51.45:855][100]LogModuleManager: Shutting down and abandoning module ProjectSettingsViewer (142)
[2015.05.03-19.51.45:855][100]LogModuleManager: Shutting down and abandoning module InputBindingEditor (141)
[2015.05.03-19.51.45:855][100]LogModuleManager: Shutting down and abandoning module EditorSettingsViewer (140)
[2015.05.03-19.51.45:855][100]LogModuleManager: Shutting down and abandoning module SettingsEditor (139)
[2015.05.03-19.51.45:855][100]LogModuleManager: Shutting down and abandoning module ProjectLauncher (138)
[2015.05.03-19.51.45:855][100]LogModuleManager: Shutting down and abandoning module SessionFrontend (137)
[2015.05.03-19.51.45:855][100]LogModuleManager: Shutting down and abandoning module ProfilerClient (136)
[2015.05.03-19.51.45:855][100]LogModuleManager: Shutting down and abandoning module TargetDeviceServices (135)
[2015.05.03-19.51.45:855][100]LogModuleManager: Shutting down and abandoning module DeviceManager (134)
[2015.05.03-19.51.45:855][100]LogModuleManager: Shutting down and abandoning module AutomationController (133)
[2015.05.03-19.51.45:855][100]LogModuleManager: Shutting down and abandoning module AutomationWindow (132)
[2015.05.03-19.51.45:855][100]LogModuleManager: Shutting down and abandoning module Layers (131)
[2015.05.03-19.51.45:856][100]LogModuleManager: Shutting down and abandoning module ComponentVisualizers (130)
[2015.05.03-19.51.45:856][100]LogModuleManager: Shutting down and abandoning module DetailCustomizations (129)
[2015.05.03-19.51.45:856][100]LogModuleManager: Shutting down and abandoning module PackagesDialog (128)
[2015.05.03-19.51.45:856][100]LogModuleManager: Shutting down and abandoning module AssetRegistry (127)
[2015.05.03-19.51.45:961][100]LogModuleManager: Shutting down and abandoning module Persona (126)
[2015.05.03-19.51.45:961][100]LogModuleManager: Shutting down and abandoning module SlateReflector (125)
[2015.05.03-19.51.45:961][100]LogModuleManager: Shutting down and abandoning module LevelEditor (124)
[2015.05.03-19.51.45:962][100]LogModuleManager: Shutting down and abandoning module Kismet (123)
[2015.05.03-19.51.45:962][100]LogModuleManager: Shutting down and abandoning module GraphEditor (122)
[2015.05.03-19.51.45:962][100]LogModuleManager: Shutting down and abandoning module ClassViewer (121)
[2015.05.03-19.51.45:962][100]LogModuleManager: Shutting down and abandoning module Toolbox (120)
[2015.05.03-19.51.45:962][100]LogModuleManager: Shutting down and abandoning module ModuleUI (119)
[2015.05.03-19.51.45:962][100]LogModuleManager: Shutting down and abandoning module MovieSceneTools (118)
[2015.05.03-19.51.45:962][100]LogModuleManager: Shutting down and abandoning module OutputLog (117)
[2015.05.03-19.51.45:962][100]LogModuleManager: Shutting down and abandoning module GammaUI (116)
[2015.05.03-19.51.45:962][100]LogModuleManager: Shutting down and abandoning module Documentation (115)
[2015.05.03-19.51.45:962][100]LogModuleManager: Shutting down and abandoning module GameLiveStreaming (114)
[2015.05.03-19.51.45:962][100]LogModuleManager: Shutting down and abandoning module StreamingPauseRendering (113)
[2015.05.03-19.51.45:962][100]LogModuleManager: Shutting down and abandoning module HTTP (112)
[2015.05.03-19.51.45:962][100]LogModuleManager: Shutting down and abandoning module AnalyticsET (111)
[2015.05.03-19.51.45:962][100]LogModuleManager: Shutting down and abandoning module Analytics (110)
[2015.05.03-19.51.45:962][100]LogModuleManager: Shutting down and abandoning module AITestSuite (109)
[2015.05.03-19.51.45:962][100]LogModuleManager: Shutting down and abandoning module GameplayDebugger (108)
[2015.05.03-19.51.45:962][100]LogModuleManager: Shutting down and abandoning module AIModule (107)
[2015.05.03-19.51.45:962][100]LogModuleManager: Shutting down and abandoning module ProfilerService (106)
[2015.05.03-19.51.45:991][100]LogModuleManager: Shutting down and abandoning module TaskGraph (105)
[2015.05.03-19.51.45:991][100]LogModuleManager: Shutting down and abandoning module SlateRemote (104)
[2015.05.03-19.51.45:991][100]LogModuleManager: Shutting down and abandoning module ScriptEditorPlugin (103)
[2015.05.03-19.51.45:991][100]LogModuleManager: Shutting down and abandoning module CustomMeshComponent (102)
[2015.05.03-19.51.45:991][100]LogModuleManager: Shutting down and abandoning module CableComponent (101)
[2015.05.03-19.51.45:991][100]LogModuleManager: Shutting down and abandoning module MessagingDebugger (100)
[2015.05.03-19.51.45:991][100]LogModuleManager: Shutting down and abandoning module MediaPlayerEditor (99)
[2015.05.03-19.51.45:991][100]LogModuleManager: Shutting down and abandoning module SpeedTreeImporter (98)
[2015.05.03-19.51.45:991][100]LogModuleManager: Shutting down and abandoning module PluginsEditor (97)
[2015.05.03-19.51.45:991][100]LogModuleManager: Shutting down and abandoning module MainFrame (96)
[2015.05.03-19.51.45:991][100]LogModuleManager: Shutting down and abandoning module EpicSurvey (95)
[2015.05.03-19.51.45:991][100]LogModuleManager: Shutting down and abandoning module DesktopPlatform (94)
[2015.05.03-19.51.45:991][100]LogModuleManager: Shutting down and abandoning module DirectoryWatcher (93)
[2015.05.03-19.51.45:991][100]LogModuleManager: Shutting down and abandoning module HotReload (92)
[2015.05.03-19.51.45:992][100]LogModuleManager: Shutting down and abandoning module VisualStudioSourceCodeAccess (91)
[2015.05.03-19.51.45:992][100]LogModuleManager: Shutting down and abandoning module UObjectPlugin (90)
[2015.05.03-19.51.45:992][100]LogModuleManager: Shutting down and abandoning module SubversionSourceControl (89)
[2015.05.03-19.51.45:992][100]LogModuleManager: Shutting down and abandoning module PerforceSourceControl (88)
[2015.05.03-19.51.45:992][100]LogModuleManager: Shutting down and abandoning module SourceControl (87)
[2015.05.03-19.51.45:992][100]LogModuleManager: Shutting down and abandoning module GitSourceControl (86)
[2015.05.03-19.51.45:992][100]LogModuleManager: Shutting down and abandoning module BlankPlugin (85)
[2015.05.03-19.51.45:992][100]LogModuleManager: Shutting down and abandoning module PaperTiledImporter (84)
[2015.05.03-19.51.45:992][100]LogModuleManager: Shutting down and abandoning module PaperJsonImporter (83)
[2015.05.03-19.51.45:992][100]LogModuleManager: Shutting down and abandoning module ContentBrowser (82)
[2015.05.03-19.51.45:992][100]LogModuleManager: Shutting down and abandoning module Paper2DEditor (81)
[2015.05.03-19.51.45:993][100]LogModuleManager: Shutting down and abandoning module ScriptPlugin (80)
[2015.05.03-19.51.45:993][100]LogModuleManager: Shutting down and abandoning module UdpMessaging (79)
[2015.05.03-19.51.46:094][100]LogModuleManager: Shutting down and abandoning module Paper2D (78)
[2015.05.03-19.51.46:094][100]LogModuleManager: Shutting down and abandoning module WindowsMoviePlayer (77)
[2015.05.03-19.51.46:096][100]LogModuleManager: Shutting down and abandoning module Media (76)
[2015.05.03-19.51.46:096][100]LogModuleManager: Shutting down and abandoning module WmfMedia (75)
[2015.05.03-19.51.46:096][100]LogModuleManager: Shutting down and abandoning module OnlineBlueprintSupport (74)
[2015.05.03-19.51.46:096][100]LogModuleManager: Shutting down and abandoning module PropertyEditor (73)
[2015.05.03-19.51.46:096][100]LogModuleManager: Shutting down and abandoning module BehaviorTreeEditor (72)
[2015.05.03-19.51.46:096][100]LogModuleManager: Shutting down and abandoning module FunctionalTesting (71)
[2015.05.03-19.51.46:096][100]LogModuleManager: Shutting down and abandoning module CollisionAnalyzer (70)
[2015.05.03-19.51.46:096][100]LogModuleManager: Shutting down and abandoning module WorkspaceMenuStructure (69)
[2015.05.03-19.51.46:096][100]LogModuleManager: Shutting down and abandoning module MessageLog (68)
[2015.05.03-19.51.46:096][100]LogModuleManager: Shutting down and abandoning module Sequencer (67)
[2015.05.03-19.51.46:096][100]LogModuleManager: Shutting down and abandoning module AssetTools (66)
[2015.05.03-19.51.46:097][100]LogModuleManager: Shutting down and abandoning module UMGEditor (65)
[2015.05.03-19.51.46:097][100]LogModuleManager: Shutting down and abandoning module UMG (64)
[2015.05.03-19.51.46:097][100]LogModuleManager: Shutting down and abandoning module Slate (63)
[2015.05.03-19.51.46:097][100]LogModuleManager: Shutting down and abandoning module EditorStyle (62)
[2015.05.03-19.51.46:101][100]LogModuleManager: Shutting down and abandoning module SessionServices (61)
[2015.05.03-19.51.46:101][100]LogModuleManager: Shutting down and abandoning module SourceCodeAccess (60)
[2015.05.03-19.51.46:101][100]LogModuleManager: Shutting down and abandoning module HeadMountedDisplay (59)
[2015.05.03-19.51.46:101][100]LogModuleManager: Shutting down and abandoning module XAudio2 (58)
[2015.05.03-19.51.46:101][100]LogModuleManager: Shutting down and abandoning module Networking (56)
[2015.05.03-19.51.46:101][100]LogModuleManager: Shutting down and abandoning module Core (55)
[2015.05.03-19.51.46:101][100]LogModuleManager: Shutting down and abandoning module KismetCompiler (54)
[2015.05.03-19.51.46:101][100]LogModuleManager: Shutting down and abandoning module PhysXFormats (53)
[2015.05.03-19.51.46:101][100]LogModuleManager: Shutting down and abandoning module MeshUtilities (52)
[2015.05.03-19.51.46:101][100]LogModuleManager: Shutting down and abandoning module DerivedDataCache (51)
[2015.05.03-19.51.46:135][100]LogDerivedDataCache: Shutdown
[2015.05.03-19.51.46:135][100]LogModuleManager: Shutting down and abandoning module ShaderFormatOpenGL (50)
[2015.05.03-19.51.46:135][100]LogModuleManager: Shutting down and abandoning module ShaderFormatD3D (49)
[2015.05.03-19.51.46:135][100]LogModuleManager: Shutting down and abandoning module MetalShaderFormat (48)
[2015.05.03-19.51.46:135][100]LogModuleManager: Shutting down and abandoning module TextureFormatUncompressed (47)
[2015.05.03-19.51.46:135][100]LogModuleManager: Shutting down and abandoning module TextureFormatPVR (46)
[2015.05.03-19.51.46:135][100]LogModuleManager: Shutting down and abandoning module TextureFormatIntelISPCTexComp (45)
[2015.05.03-19.51.46:135][100]LogModuleManager: Shutting down and abandoning module TextureFormatDXT (44)
[2015.05.03-19.51.46:135][100]LogModuleManager: Shutting down and abandoning module ImageWrapper (43)
[2015.05.03-19.51.46:135][100]LogModuleManager: Shutting down and abandoning module TextureFormatASTC (42)
[2015.05.03-19.51.46:135][100]LogModuleManager: Shutting down and abandoning module TextureFormatAndroid (41)
[2015.05.03-19.51.46:135][100]LogModuleManager: Shutting down and abandoning module AudioFormatOpus (40)
[2015.05.03-19.51.46:135][100]LogModuleManager: Shutting down and abandoning module AudioFormatOgg (39)
[2015.05.03-19.51.46:135][100]LogModuleManager: Shutting down and abandoning module AudioFormatADPCM (38)
[2015.05.03-19.51.46:135][100]LogModuleManager: Shutting down and abandoning module LinuxTargetPlatform (37)
[2015.05.03-19.51.46:135][100]LogModuleManager: Shutting down and abandoning module LinuxServerTargetPlatform (36)
[2015.05.03-19.51.46:135][100]LogModuleManager: Shutting down and abandoning module LinuxNoEditorTargetPlatform (35)
[2015.05.03-19.51.46:135][100]LogModuleManager: Shutting down and abandoning module Messaging (34)
[2015.05.03-19.51.46:135][100]LogModuleManager: Shutting down and abandoning module IOSTargetPlatform (33)
[2015.05.03-19.51.46:135][100]LogModuleManager: Shutting down and abandoning module HTML5TargetPlatform (32)
[2015.05.03-19.51.46:135][100]LogModuleManager: Shutting down and abandoning module Android_PVRTCTargetPlatform (31)
[2015.05.03-19.51.46:135][100]LogModuleManager: Shutting down and abandoning module Android_ETC2TargetPlatform (30)
[2015.05.03-19.51.46:135][100]LogModuleManager: Shutting down and abandoning module Android_ETC1TargetPlatform (29)
[2015.05.03-19.51.46:135][100]LogModuleManager: Shutting down and abandoning module Android_ES31TargetPlatform (28)
[2015.05.03-19.51.46:135][100]LogModuleManager: Shutting down and abandoning module Android_DXTTargetPlatform (27)
[2015.05.03-19.51.46:135][100]LogModuleManager: Shutting down and abandoning module Android_ATCTargetPlatform (26)
[2015.05.03-19.51.46:135][100]LogModuleManager: Shutting down and abandoning module AndroidTargetPlatform (25)
[2015.05.03-19.51.46:135][100]LogModuleManager: Shutting down and abandoning module WindowsTargetPlatform (24)
[2015.05.03-19.51.46:135][100]LogModuleManager: Shutting down and abandoning module WindowsServerTargetPlatform (23)
[2015.05.03-19.51.46:135][100]LogModuleManager: Shutting down and abandoning module WindowsNoEditorTargetPlatform (22)
[2015.05.03-19.51.46:135][100]LogModuleManager: Shutting down and abandoning module WindowsClientTargetPlatform (21)
[2015.05.03-19.51.46:135][100]LogModuleManager: Shutting down and abandoning module TargetPlatform (20)
[2015.05.03-19.51.46:135][100]LogModuleManager: Shutting down and abandoning module InputCore (19)
[2015.05.03-19.51.46:135][100]LogModuleManager: Shutting down and abandoning module Settings (18)
[2015.05.03-19.51.46:135][100]LogModuleManager: Shutting down and abandoning module OnlineSubsystem (16)
[2015.05.03-19.51.46:135][100]LogModuleManager: Shutting down and abandoning module OculusRift (15)
[2015.05.03-19.51.46:135][100]LogModuleManager: Shutting down and abandoning module ExampleDeviceProfileSelector (14)
[2015.05.03-19.51.46:135][100]LogModuleManager: Shutting down and abandoning module TextureCompressor (13)
[2015.05.03-19.51.46:135][100]LogModuleManager: Shutting down and abandoning module ShaderCore (12)
[2015.05.03-19.51.46:135][100]LogModuleManager: Shutting down and abandoning module Landscape (11)
[2015.05.03-19.51.46:135][100]LogModuleManager: Shutting down and abandoning module SlateRHIRenderer (10)
[2015.05.03-19.51.46:140][100]LogModuleManager: Shutting down and abandoning module OpenGLDrv (9)
[2015.05.03-19.51.46:140][100]LogModuleManager: Shutting down and abandoning module D3D11RHI (8)
[2015.05.03-19.51.46:140][100]LogModuleManager: Shutting down and abandoning module Renderer (7)
[2015.05.03-19.51.46:140][100]LogModuleManager: Shutting down and abandoning module Engine (6)
[2015.05.03-19.51.46:140][100]LogModuleManager: Shutting down and abandoning module CoreUObject (5)
[2015.05.03-19.51.46:140][100]LogModuleManager: Shutting down and abandoning module NetworkFile (4)
[2015.05.03-19.51.46:140][100]LogModuleManager: Shutting down and abandoning module StreamingFile (3)
[2015.05.03-19.51.46:140][100]LogModuleManager: Shutting down and abandoning module SandboxFile (2)
[2015.05.03-19.51.46:140][100]LogModuleManager: Shutting down and abandoning module PakFile (1)
[2015.05.03-19.51.46:141][100]LogExit: Exiting.
[2015.05.03-19.51.46:147][100]Log file closed, 05/03/15 12:51:46
