Log file open, 05/02/15 10:37:54
LogInit:Display: Running engine without a game
LogInit:Display: Loading recent project file: ../../../../../../Users/RossFamily/Desktop/DM_FLAVIO/DM_FLAVIO.uproject
LogInit: Version: 4.7.6-2513093+++depot+UE4-Releases+4.7
LogInit: API Version: 2455222
LogInit: Compiled (64-bit): Apr 15 2015 12:09:54
LogInit: Compiled with Visual C++: 18.00.21005.01
LogInit: Build Configuration: Development
LogInit: Branch Name: ++depot+UE4-Releases+4.7
LogInit: Command line: 
LogInit: Base directory: C:/Program Files/Epic Games/4.7/Engine/Binaries/Win64/
LogInit: Rocket: 1
[2015.05.02-17.37.54:131][  0]LogTaskGraph: Started task graph with 3 named threads and 6 total threads.
[2015.05.02-17.37.54:187][  0]LogOnline:Warning: No default platform service specified for OnlineSubsystem
[2015.05.02-17.37.54:299][  0]LogInit: Presizing for 0 objects not considered by GC, pre-allocating 0 bytes.
[2015.05.02-17.37.54:313][  0]LogInit: Object subsystem initialized
[2015.05.02-17.37.54:315][  0]LogConsoleResponse:Warning: Skipping Unknown console variable: 'TranslucentSortAxis = (X=0.000000,Y=-1.000000,Z=0.000000)'
[2015.05.02-17.37.54:315][  0]LogConsoleResponse:Warning:   Found in ini file 'C:/Users/RossFamily/Desktop/DM_FLAVIO/Saved/Config/Windows/Engine.ini', in section '[/Script/Engine.RendererSettings]'
[2015.05.02-17.37.54:315][  0]LogConsoleResponse:Warning: Skipping Unknown console variable: 'UIScaleRule = ShortestSide'
[2015.05.02-17.37.54:315][  0]LogConsoleResponse:Warning:   Found in ini file 'C:/Users/RossFamily/Desktop/DM_FLAVIO/Saved/Config/Windows/Engine.ini', in section '[/Script/Engine.RendererSettings]'
[2015.05.02-17.37.54:315][  0]LogConsoleResponse:Warning: Skipping Unknown console variable: 'UIScaleCurve = (EditorCurveData=(Keys=),ExternalCurve=None)'
[2015.05.02-17.37.54:315][  0]LogConsoleResponse:Warning:   Found in ini file 'C:/Users/RossFamily/Desktop/DM_FLAVIO/Saved/Config/Windows/Engine.ini', in section '[/Script/Engine.RendererSettings]'
[2015.05.02-17.37.54:316][  0]LogInit: Selected Device Profile: [Windows]
[2015.05.02-17.37.54:316][  0]LogInit: Applying CVar settings loaded from the selected device profile: [Windows]
[2015.05.02-17.37.54:347][  0]LogInit: Computer: ROSSFAMILY-PC
[2015.05.02-17.37.54:347][  0]LogInit: User: RossFamily
[2015.05.02-17.37.54:347][  0]LogInit: CPU Page size=4096, Cores=4
[2015.05.02-17.37.54:347][  0]LogInit: High frequency timer resolution =2.597658 MHz
[2015.05.02-17.37.54:347][  0]LogMemory: Memory total: Physical=16.0GB (16GB approx) Virtual=131072.0GB
[2015.05.02-17.37.54:347][  0]LogMemory: Platform Memory Stats for Windows
[2015.05.02-17.37.54:347][  0]LogMemory: Process Physical Memory: 45.94 MB used, 45.94 MB peak
[2015.05.02-17.37.54:347][  0]LogMemory: Process Virtual Memory: 22.52 MB used, 22.52 MB peak
[2015.05.02-17.37.54:347][  0]LogMemory: Physical Memory: 2206.17 MB used, 16375.09 MB total
[2015.05.02-17.37.54:347][  0]LogMemory: Virtual Memory: 288.98 MB used, 134217728.00 MB total
[2015.05.02-17.37.54:368][  0]LogD3D11RHI: Found D3D11 adapter 0: NVIDIA GeForce GTX 560  (Feature Level 11_0)
[2015.05.02-17.37.54:368][  0]LogD3D11RHI: Adapter has 1994MB of dedicated video memory, 0MB of dedicated system memory, and 2047MB of shared system memory, 1 output[s]
[2015.05.02-17.37.54:369][  0]LogD3D11RHI: Found D3D11 adapter 1: Microsoft Basic Render Driver (Feature Level 11_0)
[2015.05.02-17.37.54:369][  0]LogD3D11RHI: Adapter has 0MB of dedicated video memory, 0MB of dedicated system memory, and 256MB of shared system memory, 0 output[s]
[2015.05.02-17.37.54:369][  0]LogD3D11RHI: Chosen D3D11 Adapter Id = 0
[2015.05.02-17.37.54:375][  0]LogRHI: Texture pool is 1361 MB (70% of 1945 MB)
[2015.05.02-17.37.54:384][  0]LogD3D11RHI: Async texture creation enabled
[2015.05.02-17.37.54:805][  0]LogTextLocalizationManager: The requested culture ('en_US') has no localization data; parent culture's ('en') localization data will be used.
[2015.05.02-17.37.54:893][  0]LogTextLocalizationManager:Warning: Loading localization resources contain conflicting entries for (Namespace:UICommands, Key:Save_ToolTip):
Resource: (C:/Program Files/Epic Games/4.7/Engine/Content/Localization/Editor/en/Editor.locres) Hash: (-29098895) String: (Saves the current level to disk)
Resource: (C:/Program Files/Epic Games/4.7/Engine/Content/Localization/Engine/en/Engine.locres) Hash: (-1280300587) String: (Save selected data to vlog file)
[2015.05.02-17.37.54:893][  0]LogTextLocalizationManager:Warning: Loading localization resources contain conflicting entries for (Namespace:ContentBrowser, Key:ImportAssetToolTip):
Resource: (C:/Program Files/Epic Games/4.7/Engine/Content/Localization/Editor/en/Editor.locres) Hash: (-630476809) String: (Import to {0}...)
Resource: (C:/Program Files/Epic Games/4.7/Engine/Content/Localization/Editor/en/Editor.locres) Hash: (1271782899) String: (Imports an asset from file to this folder.)
[2015.05.02-17.37.54:994][  0]LogContentStreaming: Texture pool size is 0.000000MB
[2015.05.02-17.38.01:281][  0]LogTargetPlatformManager:Display: Building Assets For Windows
[2015.05.02-17.38.03:342][  0]LogTargetPlatformManager:Display: Building Assets For Windows
[2015.05.02-17.38.03:830][  0]LogDerivedDataCache:Display: Max Cache Size: 512 MB
[2015.05.02-17.38.05:041][  0]LogDerivedDataCache: Loaded boot cache 1.21s 39MB C:/Users/RossFamily/AppData/Local/UnrealEngine/4.7/DerivedDataCache/Boot.ddc.
[2015.05.02-17.38.05:041][  0]LogDerivedDataCache:Display: Loaded Boot cache: C:/Users/RossFamily/AppData/Local/UnrealEngine/4.7/DerivedDataCache/Boot.ddc
[2015.05.02-17.38.05:041][  0]LogDerivedDataCache: FDerivedDataBackendGraph:  Pak pak cache file ../../../../../../Users/RossFamily/Desktop/DM_FLAVIO/DerivedDataCache/DDC.ddp not found, will not use a pak cache.
[2015.05.02-17.38.05:041][  0]LogDerivedDataCache: Unable to find inner node Pak for hierarchical cache Hierarchy.
[2015.05.02-17.38.05:218][  0]LogDerivedDataCache:Display: Pak cache opened for reading ../../../Engine/DerivedDataCache/Compressed.ddp.
[2015.05.02-17.38.05:237][  0]LogDerivedDataCache: Using Local data cache path C:/Users/RossFamily/AppData/Local/UnrealEngine/Common/DerivedDataCache: Writable
[2015.05.02-17.38.13:447][  0]LogMeshUtilities: No automatic mesh reduction module available
[2015.05.02-17.38.13:447][  0]LogMeshUtilities: No automatic mesh merging module available
[2015.05.02-17.38.15:307][  0]LogInit: WinSock: version 1.1 (2.2), MaxSocks=32767, MaxUdp=65467
[2015.05.02-17.38.15:551][  0]LogSlate:Warning: Failed to load font data from '../../../Engine/Content/Slate/Fonts/Roboto-Italic.ttf'
[2015.05.02-17.38.25:609][  0]UdpMessaging: Initializing bridge on interface 0.0.0.0:0 to multicast group 230.0.0.1:6666.
[2015.05.02-17.38.26:055][  0]SourceControl: Info Source control is disabled
[2015.05.02-17.38.26:055][  0]SourceControl: Info Source control is disabled
[2015.05.02-17.38.26:055][  0]SourceControl: Info Source control is disabled
[2015.05.02-17.38.26:055][  0]LogSourceControl: RunCommandInternalRaw: 'git version'
[2015.05.02-17.38.26:055][  0]LogSourceControl: RunCommandInternalRaw: ExecProcess ReturnCode=2 OutResults=''
[2015.05.02-17.38.26:065][  0]SourceControl: Info Source control is disabled
[2015.05.02-17.38.26:581][  0]LogObj: 24232 objects as part of root set at end of initial load.
[2015.05.02-17.38.26:581][  0]LogUObjectAllocator: 5137176 out of 0 bytes used by permanent object pool.
[2015.05.02-17.38.26:914][  0]LogEngine: Initializing Engine...
[2015.05.02-17.38.29:493][  0]LogInit: XAudio2 using 'Speakers (Sound Blaster X-Fi Xtreme Audio)' : 2 channels at 48 kHz using 16 bits per sample (channel mask 0x3)
[2015.05.02-17.38.29:561][  0]LogInit: FAudioDevice initialized.
[2015.05.02-17.38.29:656][  0]LogAIModule: Creating AISystem for world NewWorld
[2015.05.02-17.38.29:682][  0]LogDerivedDataCache: Saved boot cache 0.02s 39MB C:/Users/RossFamily/AppData/Local/UnrealEngine/4.7/DerivedDataCache/Boot.ddc.
[2015.05.02-17.38.29:692][  0]LogInit: Texture streaming: Enabled
[2015.05.02-17.38.30:246][  0]LogAnalytics: Creating configured Analytics provider AnalyticsET
[2015.05.02-17.38.30:246][  0]LogAnalytics: ET APIKey = Rocket.Release. APIServer = http://et2.epicgames.com/ET2/. AppVersion = 4.7.6-2513093+++depot+UE4-Releases+4.7
[2015.05.02-17.38.30:246][  0]LogAnalytics: ET APIKey = Rocket.Release. DataRouterUploadURL = https://datarouter-public-service-gamedev.ol.epicgames.net/datarouter/api/v1/public/data. AppVersion = 4.7.6-2513093+++depot+UE4-Releases+4.7
[2015.05.02-17.38.30:246][  0]LogAnalytics: SetUserId 117c93b446678ee264e382b49ca91207|14919f3d0643489ba6ad3048feb4b89e|0e66297c-8f74-4f75-8a68-8a33cd42c3b8
[2015.05.02-17.38.30:246][  0]LogAnalytics: AnalyticsET::StartSession [Rocket.Release]
[2015.05.02-17.38.30:348][  0]LogInit: Transaction tracking system initialized
[2015.05.02-17.38.30:660][  0]BlueprintLog: New page: Editor Load
[2015.05.02-17.38.30:706][  0]LogAssetRegistry: FAssetRegistry took 0.0112 seconds to start up
[2015.05.02-17.38.30:706][  0]LogDirectoryWatcher:Warning: Failed to begin reading directory changes for ../../../Engine/Plugins/Experimental/CharacterAI/Content/. Error: 0
[2015.05.02-17.38.31:856][  0]LogTargetPlatformManager:Display: Building Assets For Windows
[2015.05.02-17.38.32:290][  0]LogTargetPlatformManager:Display: Building Assets For Windows
[2015.05.02-17.38.33:141][  0]LogLinker:Warning: Asset '../../../Engine/Content/Tutorial/Mobile/CreatingSigningCertAndProvisionTutorial.uasset' has been saved with empty engine version. The asset will be loaded but may be incompatible.
[2015.05.02-17.38.33:196][  0]LogLinker:Warning: Asset '../../../Engine/Content/Tutorial/Mobile/SettingUpAndroidTutorial.uasset' has been saved with empty engine version. The asset will be loaded but may be incompatible.
[2015.05.02-17.38.33:362][  0]LogSlate:Warning: Failed to load font data from '../../../Engine/Content/Editor/Slate/Fonts/Roboto-Regular.ttf'
[2015.05.02-17.38.33:363][  0]LogSlate:Warning: Failed to load font data from '../../../Engine/Content/Editor/Slate/Fonts/Roboto-Bold.ttf'
[2015.05.02-17.38.33:412][  0]LogConsoleResponse:Display: 
[2015.05.02-17.38.35:809][  0]LogCook:Display: Done creating registry. It took  0.00s.
[2015.05.02-17.38.36:594][  0]SourceControl: Info Source control is disabled
[2015.05.02-17.38.36:594][  0]Cmd: MAP LOAD FILE="../../../../../../Users/RossFamily/Desktop/DM_FLAVIO/Content/StarterContent/Maps/Minimal_Default.umap" TEMPLATE=0 SHOWPROGRESS=1 FEATURELEVEL=3
[2015.05.02-17.38.36:621][  0]LightingResults: New page: Lighting Build
[2015.05.02-17.38.36:669][  0]MapCheck: New page: Map Check
[2015.05.02-17.38.36:669][  0]LightingResults: New page: Lighting Build
[2015.05.02-17.38.36:679][  0]LogParticles: Destroying 0 GPU particle simulations for FXSystem 0x000000D02E78FB00
[2015.05.02-17.38.40:745][  0]LogEditorServer: Finished looking for orphan Actors (0.000 secs)
[2015.05.02-17.38.40:843][  0]LogAIModule: Creating AISystem for world Minimal_Default
[2015.05.02-17.38.40:844][  0]Cmd: MAP CHECKDEP
[2015.05.02-17.38.40:845][  0]MapCheck: New page: Minimal_Default - May 2, 2015, 3:38:40 AM
[2015.05.02-17.38.40:957][  0]MapCheck: Info Map check complete: 0 Error(s), 0 Warning(s), took 112.195ms to complete.
[2015.05.02-17.38.40:957][  0]LogFileHelpers: Loading map 'Minimal_Default' took 4.362
[2015.05.02-17.38.41:299][  0]LogCollectionManager: Loaded 0 collections in 0.001531 seconds
[2015.05.02-17.38.41:313][  0]LogContentBrowser: Native class hierarchy populated in 0.0133 seconds. Added 1696 classes and 261 folders.
[2015.05.02-17.38.41:377][  0]LogContentBrowser: Native class hierarchy updated for 'SceneOutliner' in 0.0027 seconds. Added 1 classes and 2 folders.
[2015.05.02-17.38.41:620][  0]LogCrashTracker: Crashtracker disabled due to settings.
[2015.05.02-17.38.41:621][  0]LogSlate:Warning: Failed to load font data from 'Veranda'
[2015.05.02-17.38.41:629][  0]LogUObjectGlobals:Warning: Failed to find object 'Class None.'
[2015.05.02-17.38.41:655][  0]LogLoad: Full Startup: 51.30 seconds (BP compile: 0.15 seconds)
[2015.05.02-17.38.41:693][  0]LogContentBrowser:Verbose: The content browser source was changed by the sources view to '/Game/Character/Animations'
[2015.05.02-17.38.42:084][  0]LogRenderer:Warning: Reallocating scene render targets to support 1208x576 (Frame:2).
[2015.05.02-17.38.45:138][  6]LogAssetRegistry: Asset discovery search completed in 14.4431 seconds
[2015.05.02-18.14.59:796][673]Cmd: QUIT_EDITOR
[2015.05.02-18.15.00:201][673]LogExit: Preparing to exit.
[2015.05.02-18.15.00:877][673]LogExit: Editor shut down
[2015.05.02-18.15.00:877][673]LogExit: Transaction tracking system shut down
[2015.05.02-18.15.00:878][673]LogParticles: Destroying 0 GPU particle simulations for FXSystem 0x000000D036504900
[2015.05.02-18.15.01:075][673]LogParticles: Destroying 0 GPU particle simulations for FXSystem 0x000000D04402B420
[2015.05.02-18.15.01:075][673]LogExit: Object subsystem successfully closed.
[2015.05.02-18.15.01:168][673]LogModuleManager: Shutting down and abandoning module CrashTracker (177)
[2015.05.02-18.15.01:168][673]LogModuleManager: Shutting down and abandoning module SuperSearch (176)
[2015.05.02-18.15.01:168][673]LogModuleManager: Shutting down and abandoning module SceneOutliner (175)
[2015.05.02-18.15.01:168][673]LogModuleManager: Shutting down and abandoning module EditorWidgets (174)
[2015.05.02-18.15.01:168][673]LogModuleManager: Shutting down and abandoning module CollectionManager (173)
[2015.05.02-18.15.01:168][673]LogModuleManager: Shutting down and abandoning module StatsViewer (172)
[2015.05.02-18.15.01:169][673]LogModuleManager: Shutting down and abandoning module FoliageEdit (171)
[2015.05.02-18.15.01:169][673]LogModuleManager: Shutting down and abandoning module LandscapeEditor (170)
[2015.05.02-18.15.01:177][673]LogModuleManager: Shutting down and abandoning module MeshPaint (169)
[2015.05.02-18.15.01:177][673]LogModuleManager: Shutting down and abandoning module ActorPickerMode (168)
[2015.05.02-18.15.01:177][673]LogModuleManager: Shutting down and abandoning module GeometryMode (167)
[2015.05.02-18.15.01:177][673]LogModuleManager: Shutting down and abandoning module TextureAlignMode (166)
[2015.05.02-18.15.01:177][673]LogModuleManager: Shutting down and abandoning module BspMode (165)
[2015.05.02-18.15.01:177][673]LogModuleManager: Shutting down and abandoning module PlacementMode (164)
[2015.05.02-18.15.01:177][673]LogModuleManager: Shutting down and abandoning module AutomationWorker (163)
[2015.05.02-18.15.01:177][673]LogModuleManager: Shutting down and abandoning module CharacterAI (162)
[2015.05.02-18.15.01:177][673]LogModuleManager: Shutting down and abandoning module SmartSnapping (161)
[2015.05.02-18.15.01:177][673]LogModuleManager: Shutting down and abandoning module ViewportSnapping (160)
[2015.05.02-18.15.01:177][673]LogModuleManager: Shutting down and abandoning module LogVisualizer (159)
[2015.05.02-18.15.01:177][673]LogModuleManager: Shutting down and abandoning module GameProjectGeneration (158)
[2015.05.02-18.15.01:177][673]LogModuleManager: Shutting down and abandoning module IntroTutorials (157)
[2015.05.02-18.15.01:182][673]LogModuleManager: Shutting down and abandoning module EditorLiveStreaming (156)
[2015.05.02-18.15.01:182][673]LogModuleManager: Shutting down and abandoning module HardwareTargeting (155)
[2015.05.02-18.15.01:182][673]LogModuleManager: Shutting down and abandoning module DeviceProfileEditor (154)
[2015.05.02-18.15.01:182][673]LogModuleManager: Shutting down and abandoning module UndoHistory (153)
[2015.05.02-18.15.01:198][673]LogModuleManager: Shutting down and abandoning module GameplayTagsEditor (152)
[2015.05.02-18.15.01:198][673]LogModuleManager: Shutting down and abandoning module UserFeedback (151)
[2015.05.02-18.15.01:198][673]LogModuleManager: Shutting down and abandoning module XmlParser (150)
[2015.05.02-18.15.01:198][673]LogModuleManager: Shutting down and abandoning module Blutility (149)
[2015.05.02-18.15.01:198][673]LogModuleManager: Shutting down and abandoning module IOSPlatformEditor (148)
[2015.05.02-18.15.01:198][673]LogModuleManager: Shutting down and abandoning module IOSRuntimeSettings (147)
[2015.05.02-18.15.01:198][673]LogModuleManager: Shutting down and abandoning module AndroidDeviceDetection (146)
[2015.05.02-18.15.01:851][673]LogModuleManager: Shutting down and abandoning module AndroidPlatformEditor (145)
[2015.05.02-18.15.01:851][673]LogModuleManager: Shutting down and abandoning module AndroidRuntimeSettings (144)
[2015.05.02-18.15.01:851][673]LogModuleManager: Shutting down and abandoning module ProjectTargetPlatformEditor (143)
[2015.05.02-18.15.01:851][673]LogModuleManager: Shutting down and abandoning module ProjectSettingsViewer (142)
[2015.05.02-18.15.01:851][673]LogModuleManager: Shutting down and abandoning module InputBindingEditor (141)
[2015.05.02-18.15.01:872][673]LogModuleManager: Shutting down and abandoning module EditorSettingsViewer (140)
[2015.05.02-18.15.01:872][673]LogModuleManager: Shutting down and abandoning module SettingsEditor (139)
[2015.05.02-18.15.01:880][673]LogModuleManager: Shutting down and abandoning module ProjectLauncher (138)
[2015.05.02-18.15.01:884][673]LogModuleManager: Shutting down and abandoning module SessionFrontend (137)
[2015.05.02-18.15.01:884][673]LogModuleManager: Shutting down and abandoning module ProfilerClient (136)
[2015.05.02-18.15.01:889][673]LogModuleManager: Shutting down and abandoning module TargetDeviceServices (135)
[2015.05.02-18.15.01:889][673]LogModuleManager: Shutting down and abandoning module DeviceManager (134)
[2015.05.02-18.15.01:889][673]LogModuleManager: Shutting down and abandoning module AutomationController (133)
[2015.05.02-18.15.01:900][673]LogModuleManager: Shutting down and abandoning module AutomationWindow (132)
[2015.05.02-18.15.01:905][673]LogModuleManager: Shutting down and abandoning module Layers (131)
[2015.05.02-18.15.01:919][673]LogModuleManager: Shutting down and abandoning module ComponentVisualizers (130)
[2015.05.02-18.15.01:919][673]LogModuleManager: Shutting down and abandoning module DetailCustomizations (129)
[2015.05.02-18.15.01:919][673]LogModuleManager: Shutting down and abandoning module PackagesDialog (128)
[2015.05.02-18.15.01:928][673]LogModuleManager: Shutting down and abandoning module AssetRegistry (127)
[2015.05.02-18.15.02:047][673]LogModuleManager: Shutting down and abandoning module Persona (126)
[2015.05.02-18.15.02:047][673]LogModuleManager: Shutting down and abandoning module SlateReflector (125)
[2015.05.02-18.15.02:055][673]LogModuleManager: Shutting down and abandoning module LevelEditor (124)
[2015.05.02-18.15.02:057][673]LogModuleManager: Shutting down and abandoning module Kismet (123)
[2015.05.02-18.15.02:057][673]LogModuleManager: Shutting down and abandoning module GraphEditor (122)
[2015.05.02-18.15.02:078][673]LogModuleManager: Shutting down and abandoning module ClassViewer (121)
[2015.05.02-18.15.02:078][673]LogModuleManager: Shutting down and abandoning module Toolbox (120)
[2015.05.02-18.15.02:078][673]LogModuleManager: Shutting down and abandoning module ModuleUI (119)
[2015.05.02-18.15.02:082][673]LogModuleManager: Shutting down and abandoning module MovieSceneTools (118)
[2015.05.02-18.15.02:088][673]LogModuleManager: Shutting down and abandoning module OutputLog (117)
[2015.05.02-18.15.02:088][673]LogModuleManager: Shutting down and abandoning module GammaUI (116)
[2015.05.02-18.15.02:101][673]LogModuleManager: Shutting down and abandoning module Documentation (115)
[2015.05.02-18.15.02:101][673]LogModuleManager: Shutting down and abandoning module GameLiveStreaming (114)
[2015.05.02-18.15.02:104][673]LogModuleManager: Shutting down and abandoning module StreamingPauseRendering (113)
[2015.05.02-18.15.02:104][673]LogModuleManager: Shutting down and abandoning module HTTP (112)
[2015.05.02-18.15.02:104][673]LogModuleManager: Shutting down and abandoning module AnalyticsET (111)
[2015.05.02-18.15.02:105][673]LogModuleManager: Shutting down and abandoning module Analytics (110)
[2015.05.02-18.15.02:105][673]LogModuleManager: Shutting down and abandoning module AITestSuite (109)
[2015.05.02-18.15.02:105][673]LogModuleManager: Shutting down and abandoning module GameplayDebugger (108)
[2015.05.02-18.15.02:105][673]LogModuleManager: Shutting down and abandoning module AIModule (107)
[2015.05.02-18.15.02:105][673]LogModuleManager: Shutting down and abandoning module ProfilerService (106)
[2015.05.02-18.15.02:279][673]LogModuleManager: Shutting down and abandoning module TaskGraph (105)
[2015.05.02-18.15.02:286][673]LogModuleManager: Shutting down and abandoning module SlateRemote (104)
[2015.05.02-18.15.02:286][673]LogModuleManager: Shutting down and abandoning module ScriptEditorPlugin (103)
[2015.05.02-18.15.02:286][673]LogModuleManager: Shutting down and abandoning module CustomMeshComponent (102)
[2015.05.02-18.15.02:286][673]LogModuleManager: Shutting down and abandoning module CableComponent (101)
[2015.05.02-18.15.02:286][673]LogModuleManager: Shutting down and abandoning module MessagingDebugger (100)
[2015.05.02-18.15.02:286][673]LogModuleManager: Shutting down and abandoning module MediaPlayerEditor (99)
[2015.05.02-18.15.02:286][673]LogModuleManager: Shutting down and abandoning module SpeedTreeImporter (98)
[2015.05.02-18.15.02:286][673]LogModuleManager: Shutting down and abandoning module PluginsEditor (97)
[2015.05.02-18.15.02:286][673]LogModuleManager: Shutting down and abandoning module MainFrame (96)
[2015.05.02-18.15.02:286][673]LogModuleManager: Shutting down and abandoning module EpicSurvey (95)
[2015.05.02-18.15.02:287][673]LogModuleManager: Shutting down and abandoning module DesktopPlatform (94)
[2015.05.02-18.15.02:304][673]LogModuleManager: Shutting down and abandoning module DirectoryWatcher (93)
[2015.05.02-18.15.02:305][673]LogModuleManager: Shutting down and abandoning module HotReload (92)
[2015.05.02-18.15.02:305][673]LogModuleManager: Shutting down and abandoning module VisualStudioSourceCodeAccess (91)
[2015.05.02-18.15.02:305][673]LogModuleManager: Shutting down and abandoning module UObjectPlugin (90)
[2015.05.02-18.15.02:305][673]LogModuleManager: Shutting down and abandoning module SubversionSourceControl (89)
[2015.05.02-18.15.02:305][673]LogModuleManager: Shutting down and abandoning module PerforceSourceControl (88)
[2015.05.02-18.15.02:305][673]LogModuleManager: Shutting down and abandoning module SourceControl (87)
[2015.05.02-18.15.02:318][673]LogModuleManager: Shutting down and abandoning module GitSourceControl (86)
[2015.05.02-18.15.02:318][673]LogModuleManager: Shutting down and abandoning module BlankPlugin (85)
[2015.05.02-18.15.02:318][673]LogModuleManager: Shutting down and abandoning module PaperTiledImporter (84)
[2015.05.02-18.15.02:318][673]LogModuleManager: Shutting down and abandoning module PaperJsonImporter (83)
[2015.05.02-18.15.02:318][673]LogModuleManager: Shutting down and abandoning module ContentBrowser (82)
[2015.05.02-18.15.02:318][673]LogModuleManager: Shutting down and abandoning module Paper2DEditor (81)
[2015.05.02-18.15.02:318][673]LogModuleManager: Shutting down and abandoning module ScriptPlugin (80)
[2015.05.02-18.15.02:318][673]LogModuleManager: Shutting down and abandoning module UdpMessaging (79)
[2015.05.02-18.15.02:419][673]LogModuleManager: Shutting down and abandoning module Paper2D (78)
[2015.05.02-18.15.02:419][673]LogModuleManager: Shutting down and abandoning module WindowsMoviePlayer (77)
[2015.05.02-18.15.02:421][673]LogModuleManager: Shutting down and abandoning module Media (76)
[2015.05.02-18.15.02:421][673]LogModuleManager: Shutting down and abandoning module WmfMedia (75)
[2015.05.02-18.15.02:421][673]LogModuleManager: Shutting down and abandoning module OnlineBlueprintSupport (74)
[2015.05.02-18.15.02:421][673]LogModuleManager: Shutting down and abandoning module PropertyEditor (73)
[2015.05.02-18.15.02:422][673]LogModuleManager: Shutting down and abandoning module BehaviorTreeEditor (72)
[2015.05.02-18.15.02:422][673]LogModuleManager: Shutting down and abandoning module FunctionalTesting (71)
[2015.05.02-18.15.02:422][673]LogModuleManager: Shutting down and abandoning module CollisionAnalyzer (70)
[2015.05.02-18.15.02:441][673]LogModuleManager: Shutting down and abandoning module WorkspaceMenuStructure (69)
[2015.05.02-18.15.02:441][673]LogModuleManager: Shutting down and abandoning module MessageLog (68)
[2015.05.02-18.15.02:441][673]LogModuleManager: Shutting down and abandoning module Sequencer (67)
[2015.05.02-18.15.02:450][673]LogModuleManager: Shutting down and abandoning module AssetTools (66)
[2015.05.02-18.15.02:450][673]LogModuleManager: Shutting down and abandoning module UMGEditor (65)
[2015.05.02-18.15.02:450][673]LogModuleManager: Shutting down and abandoning module UMG (64)
[2015.05.02-18.15.02:450][673]LogModuleManager: Shutting down and abandoning module Slate (63)
[2015.05.02-18.15.02:450][673]LogModuleManager: Shutting down and abandoning module EditorStyle (62)
[2015.05.02-18.15.02:455][673]LogModuleManager: Shutting down and abandoning module SessionServices (61)
[2015.05.02-18.15.02:455][673]LogModuleManager: Shutting down and abandoning module SourceCodeAccess (60)
[2015.05.02-18.15.02:455][673]LogModuleManager: Shutting down and abandoning module HeadMountedDisplay (59)
[2015.05.02-18.15.02:455][673]LogModuleManager: Shutting down and abandoning module XAudio2 (58)
[2015.05.02-18.15.02:455][673]LogModuleManager: Shutting down and abandoning module Networking (56)
[2015.05.02-18.15.02:455][673]LogModuleManager: Shutting down and abandoning module Core (55)
[2015.05.02-18.15.02:455][673]LogModuleManager: Shutting down and abandoning module KismetCompiler (54)
[2015.05.02-18.15.02:455][673]LogModuleManager: Shutting down and abandoning module PhysXFormats (53)
[2015.05.02-18.15.02:455][673]LogModuleManager: Shutting down and abandoning module MeshUtilities (52)
[2015.05.02-18.15.02:467][673]LogModuleManager: Shutting down and abandoning module DerivedDataCache (51)
[2015.05.02-18.15.02:482][673]LogDerivedDataCache: Shutdown
[2015.05.02-18.15.02:482][673]LogModuleManager: Shutting down and abandoning module ShaderFormatOpenGL (50)
[2015.05.02-18.15.02:490][673]LogModuleManager: Shutting down and abandoning module ShaderFormatD3D (49)
[2015.05.02-18.15.02:490][673]LogModuleManager: Shutting down and abandoning module MetalShaderFormat (48)
[2015.05.02-18.15.02:500][673]LogModuleManager: Shutting down and abandoning module TextureFormatUncompressed (47)
[2015.05.02-18.15.02:500][673]LogModuleManager: Shutting down and abandoning module TextureFormatPVR (46)
[2015.05.02-18.15.02:500][673]LogModuleManager: Shutting down and abandoning module TextureFormatIntelISPCTexComp (45)
[2015.05.02-18.15.02:500][673]LogModuleManager: Shutting down and abandoning module TextureFormatDXT (44)
[2015.05.02-18.15.02:500][673]LogModuleManager: Shutting down and abandoning module ImageWrapper (43)
[2015.05.02-18.15.02:500][673]LogModuleManager: Shutting down and abandoning module TextureFormatASTC (42)
[2015.05.02-18.15.02:500][673]LogModuleManager: Shutting down and abandoning module TextureFormatAndroid (41)
[2015.05.02-18.15.02:500][673]LogModuleManager: Shutting down and abandoning module AudioFormatOpus (40)
[2015.05.02-18.15.02:508][673]LogModuleManager: Shutting down and abandoning module AudioFormatOgg (39)
[2015.05.02-18.15.02:508][673]LogModuleManager: Shutting down and abandoning module AudioFormatADPCM (38)
[2015.05.02-18.15.02:508][673]LogModuleManager: Shutting down and abandoning module LinuxTargetPlatform (37)
[2015.05.02-18.15.02:508][673]LogModuleManager: Shutting down and abandoning module LinuxServerTargetPlatform (36)
[2015.05.02-18.15.02:508][673]LogModuleManager: Shutting down and abandoning module LinuxNoEditorTargetPlatform (35)
[2015.05.02-18.15.02:508][673]LogModuleManager: Shutting down and abandoning module Messaging (34)
[2015.05.02-18.15.02:508][673]LogModuleManager: Shutting down and abandoning module IOSTargetPlatform (33)
[2015.05.02-18.15.02:508][673]LogModuleManager: Shutting down and abandoning module HTML5TargetPlatform (32)
[2015.05.02-18.15.02:508][673]LogModuleManager: Shutting down and abandoning module Android_PVRTCTargetPlatform (31)
[2015.05.02-18.15.02:508][673]LogModuleManager: Shutting down and abandoning module Android_ETC2TargetPlatform (30)
[2015.05.02-18.15.02:508][673]LogModuleManager: Shutting down and abandoning module Android_ETC1TargetPlatform (29)
[2015.05.02-18.15.02:508][673]LogModuleManager: Shutting down and abandoning module Android_ES31TargetPlatform (28)
[2015.05.02-18.15.02:508][673]LogModuleManager: Shutting down and abandoning module Android_DXTTargetPlatform (27)
[2015.05.02-18.15.02:508][673]LogModuleManager: Shutting down and abandoning module Android_ATCTargetPlatform (26)
[2015.05.02-18.15.02:508][673]LogModuleManager: Shutting down and abandoning module AndroidTargetPlatform (25)
[2015.05.02-18.15.02:508][673]LogModuleManager: Shutting down and abandoning module WindowsTargetPlatform (24)
[2015.05.02-18.15.02:508][673]LogModuleManager: Shutting down and abandoning module WindowsServerTargetPlatform (23)
[2015.05.02-18.15.02:508][673]LogModuleManager: Shutting down and abandoning module WindowsNoEditorTargetPlatform (22)
[2015.05.02-18.15.02:508][673]LogModuleManager: Shutting down and abandoning module WindowsClientTargetPlatform (21)
[2015.05.02-18.15.02:508][673]LogModuleManager: Shutting down and abandoning module TargetPlatform (20)
[2015.05.02-18.15.02:508][673]LogModuleManager: Shutting down and abandoning module InputCore (19)
[2015.05.02-18.15.02:508][673]LogModuleManager: Shutting down and abandoning module Settings (18)
[2015.05.02-18.15.02:508][673]LogModuleManager: Shutting down and abandoning module OnlineSubsystem (16)
[2015.05.02-18.15.02:508][673]LogModuleManager: Shutting down and abandoning module OculusRift (15)
[2015.05.02-18.15.02:509][673]LogModuleManager: Shutting down and abandoning module ExampleDeviceProfileSelector (14)
[2015.05.02-18.15.02:509][673]LogModuleManager: Shutting down and abandoning module TextureCompressor (13)
[2015.05.02-18.15.02:509][673]LogModuleManager: Shutting down and abandoning module ShaderCore (12)
[2015.05.02-18.15.02:509][673]LogModuleManager: Shutting down and abandoning module Landscape (11)
[2015.05.02-18.15.02:509][673]LogModuleManager: Shutting down and abandoning module SlateRHIRenderer (10)
[2015.05.02-18.15.02:512][673]LogModuleManager: Shutting down and abandoning module OpenGLDrv (9)
[2015.05.02-18.15.02:512][673]LogModuleManager: Shutting down and abandoning module D3D11RHI (8)
[2015.05.02-18.15.02:512][673]LogModuleManager: Shutting down and abandoning module Renderer (7)
[2015.05.02-18.15.02:512][673]LogModuleManager: Shutting down and abandoning module Engine (6)
[2015.05.02-18.15.02:512][673]LogModuleManager: Shutting down and abandoning module CoreUObject (5)
[2015.05.02-18.15.02:512][673]LogModuleManager: Shutting down and abandoning module NetworkFile (4)
[2015.05.02-18.15.02:519][673]LogModuleManager: Shutting down and abandoning module StreamingFile (3)
[2015.05.02-18.15.02:519][673]LogModuleManager: Shutting down and abandoning module SandboxFile (2)
[2015.05.02-18.15.02:519][673]LogModuleManager: Shutting down and abandoning module PakFile (1)
[2015.05.02-18.15.02:520][673]LogExit: Exiting.
[2015.05.02-18.15.02:525][673]Log file closed, 05/02/15 11:15:02
