Log file open, 05/03/15 10:08:25
LogInit:Display: Running engine without a game
LogInit:Display: Loading recent project file: ../../../../../../Users/RossFamily/Desktop/DM_FLAVIO/DM_FLAVIO.uproject
LogInit: Version: 4.7.6-2513093+++depot+UE4-Releases+4.7
LogInit: API Version: 2455222
LogInit: Compiled (64-bit): Apr 15 2015 12:09:54
LogInit: Compiled with Visual C++: 18.00.21005.01
LogInit: Build Configuration: Development
LogInit: Branch Name: ++depot+UE4-Releases+4.7
LogInit: Command line: 
LogInit: Base directory: C:/Program Files/Epic Games/4.7/Engine/Binaries/Win64/
LogInit: Rocket: 1
[2015.05.03-17.08.25:318][  0]LogTaskGraph: Started task graph with 3 named threads and 6 total threads.
[2015.05.03-17.08.25:375][  0]LogOnline:Warning: No default platform service specified for OnlineSubsystem
[2015.05.03-17.08.25:389][  0]LogInit: Presizing for 0 objects not considered by GC, pre-allocating 0 bytes.
[2015.05.03-17.08.25:403][  0]LogInit: Object subsystem initialized
[2015.05.03-17.08.25:406][  0]LogConsoleResponse:Warning: Skipping Unknown console variable: 'TranslucentSortAxis = (X=0.000000,Y=-1.000000,Z=0.000000)'
[2015.05.03-17.08.25:406][  0]LogConsoleResponse:Warning:   Found in ini file 'C:/Users/RossFamily/Desktop/DM_FLAVIO/Saved/Config/Windows/Engine.ini', in section '[/Script/Engine.RendererSettings]'
[2015.05.03-17.08.25:406][  0]LogConsoleResponse:Warning: Skipping Unknown console variable: 'UIScaleRule = ShortestSide'
[2015.05.03-17.08.25:406][  0]LogConsoleResponse:Warning:   Found in ini file 'C:/Users/RossFamily/Desktop/DM_FLAVIO/Saved/Config/Windows/Engine.ini', in section '[/Script/Engine.RendererSettings]'
[2015.05.03-17.08.25:406][  0]LogConsoleResponse:Warning: Skipping Unknown console variable: 'UIScaleCurve = (EditorCurveData=(Keys=),ExternalCurve=None)'
[2015.05.03-17.08.25:406][  0]LogConsoleResponse:Warning:   Found in ini file 'C:/Users/RossFamily/Desktop/DM_FLAVIO/Saved/Config/Windows/Engine.ini', in section '[/Script/Engine.RendererSettings]'
[2015.05.03-17.08.25:407][  0]LogInit: Selected Device Profile: [Windows]
[2015.05.03-17.08.25:407][  0]LogInit: Applying CVar settings loaded from the selected device profile: [Windows]
[2015.05.03-17.08.25:419][  0]LogInit: Computer: ROSSFAMILY-PC
[2015.05.03-17.08.25:419][  0]LogInit: User: RossFamily
[2015.05.03-17.08.25:419][  0]LogInit: CPU Page size=4096, Cores=4
[2015.05.03-17.08.25:419][  0]LogInit: High frequency timer resolution =2.597655 MHz
[2015.05.03-17.08.25:419][  0]LogMemory: Memory total: Physical=16.0GB (16GB approx) Virtual=131072.0GB
[2015.05.03-17.08.25:419][  0]LogMemory: Platform Memory Stats for Windows
[2015.05.03-17.08.25:420][  0]LogMemory: Process Physical Memory: 46.07 MB used, 46.07 MB peak
[2015.05.03-17.08.25:420][  0]LogMemory: Process Virtual Memory: 24.56 MB used, 24.56 MB peak
[2015.05.03-17.08.25:420][  0]LogMemory: Physical Memory: 2612.33 MB used, 16375.09 MB total
[2015.05.03-17.08.25:420][  0]LogMemory: Virtual Memory: 291.04 MB used, 134217728.00 MB total
[2015.05.03-17.08.25:469][  0]LogD3D11RHI: Found D3D11 adapter 0: NVIDIA GeForce GTX 560  (Feature Level 11_0)
[2015.05.03-17.08.25:469][  0]LogD3D11RHI: Adapter has 1994MB of dedicated video memory, 0MB of dedicated system memory, and 2047MB of shared system memory, 1 output[s]
[2015.05.03-17.08.25:470][  0]LogD3D11RHI: Found D3D11 adapter 1: Microsoft Basic Render Driver (Feature Level 11_0)
[2015.05.03-17.08.25:470][  0]LogD3D11RHI: Adapter has 0MB of dedicated video memory, 0MB of dedicated system memory, and 256MB of shared system memory, 0 output[s]
[2015.05.03-17.08.25:470][  0]LogD3D11RHI: Chosen D3D11 Adapter Id = 0
[2015.05.03-17.08.25:473][  0]LogRHI: Texture pool is 1361 MB (70% of 1945 MB)
[2015.05.03-17.08.25:481][  0]LogD3D11RHI: Async texture creation enabled
[2015.05.03-17.08.25:549][  0]LogTextLocalizationManager: The requested culture ('en_US') has no localization data; parent culture's ('en') localization data will be used.
[2015.05.03-17.08.25:637][  0]LogTextLocalizationManager:Warning: Loading localization resources contain conflicting entries for (Namespace:UICommands, Key:Save_ToolTip):
Resource: (C:/Program Files/Epic Games/4.7/Engine/Content/Localization/Editor/en/Editor.locres) Hash: (-29098895) String: (Saves the current level to disk)
Resource: (C:/Program Files/Epic Games/4.7/Engine/Content/Localization/Engine/en/Engine.locres) Hash: (-1280300587) String: (Save selected data to vlog file)
[2015.05.03-17.08.25:638][  0]LogTextLocalizationManager:Warning: Loading localization resources contain conflicting entries for (Namespace:ContentBrowser, Key:ImportAssetToolTip):
Resource: (C:/Program Files/Epic Games/4.7/Engine/Content/Localization/Editor/en/Editor.locres) Hash: (-630476809) String: (Import to {0}...)
Resource: (C:/Program Files/Epic Games/4.7/Engine/Content/Localization/Editor/en/Editor.locres) Hash: (1271782899) String: (Imports an asset from file to this folder.)
[2015.05.03-17.08.25:744][  0]LogContentStreaming: Texture pool size is 0.000000MB
[2015.05.03-17.08.29:143][  0]LogTargetPlatformManager:Display: Building Assets For Windows
[2015.05.03-17.08.29:741][  0]LogTargetPlatformManager:Display: Building Assets For Windows
[2015.05.03-17.08.29:817][  0]LogDerivedDataCache:Display: Max Cache Size: 512 MB
[2015.05.03-17.08.29:872][  0]LogDerivedDataCache: Loaded boot cache 0.05s 39MB C:/Users/RossFamily/AppData/Local/UnrealEngine/4.7/DerivedDataCache/Boot.ddc.
[2015.05.03-17.08.29:872][  0]LogDerivedDataCache:Display: Loaded Boot cache: C:/Users/RossFamily/AppData/Local/UnrealEngine/4.7/DerivedDataCache/Boot.ddc
[2015.05.03-17.08.29:872][  0]LogDerivedDataCache: FDerivedDataBackendGraph:  Pak pak cache file ../../../../../../Users/RossFamily/Desktop/DM_FLAVIO/DerivedDataCache/DDC.ddp not found, will not use a pak cache.
[2015.05.03-17.08.29:872][  0]LogDerivedDataCache: Unable to find inner node Pak for hierarchical cache Hierarchy.
[2015.05.03-17.08.30:045][  0]LogDerivedDataCache:Display: Pak cache opened for reading ../../../Engine/DerivedDataCache/Compressed.ddp.
[2015.05.03-17.08.30:057][  0]LogDerivedDataCache: Using Local data cache path C:/Users/RossFamily/AppData/Local/UnrealEngine/Common/DerivedDataCache: Writable
[2015.05.03-17.08.31:449][  0]LogMeshUtilities: No automatic mesh reduction module available
[2015.05.03-17.08.31:449][  0]LogMeshUtilities: No automatic mesh merging module available
[2015.05.03-17.08.32:115][  0]LogInit: WinSock: version 1.1 (2.2), MaxSocks=32767, MaxUdp=65467
[2015.05.03-17.08.32:219][  0]LogSlate:Warning: Failed to load font data from '../../../Engine/Content/Slate/Fonts/Roboto-Italic.ttf'
[2015.05.03-17.08.33:645][  0]UdpMessaging: Initializing bridge on interface 0.0.0.0:0 to multicast group 230.0.0.1:6666.
[2015.05.03-17.08.33:866][  0]SourceControl: Info Source control is disabled
[2015.05.03-17.08.33:866][  0]SourceControl: Info Source control is disabled
[2015.05.03-17.08.33:866][  0]SourceControl: Info Source control is disabled
[2015.05.03-17.08.33:866][  0]LogSourceControl: RunCommandInternalRaw: 'git version'
[2015.05.03-17.08.33:866][  0]LogSourceControl: RunCommandInternalRaw: ExecProcess ReturnCode=2 OutResults=''
[2015.05.03-17.08.33:876][  0]SourceControl: Info Source control is disabled
[2015.05.03-17.08.34:124][  0]LogObj: 24232 objects as part of root set at end of initial load.
[2015.05.03-17.08.34:124][  0]LogUObjectAllocator: 5137176 out of 0 bytes used by permanent object pool.
[2015.05.03-17.08.34:242][  0]LogEngine: Initializing Engine...
[2015.05.03-17.08.36:527][  0]LogInit: XAudio2 using 'Speakers (Sound Blaster X-Fi Xtreme Audio)' : 2 channels at 48 kHz using 16 bits per sample (channel mask 0x3)
[2015.05.03-17.08.36:550][  0]LogInit: FAudioDevice initialized.
[2015.05.03-17.08.36:591][  0]LogAIModule: Creating AISystem for world NewWorld
[2015.05.03-17.08.36:616][  0]LogDerivedDataCache: Saved boot cache 0.02s 39MB C:/Users/RossFamily/AppData/Local/UnrealEngine/4.7/DerivedDataCache/Boot.ddc.
[2015.05.03-17.08.36:627][  0]LogInit: Texture streaming: Enabled
[2015.05.03-17.08.36:785][  0]LogAnalytics: Creating configured Analytics provider AnalyticsET
[2015.05.03-17.08.36:785][  0]LogAnalytics: ET APIKey = Rocket.Release. APIServer = http://et2.epicgames.com/ET2/. AppVersion = 4.7.6-2513093+++depot+UE4-Releases+4.7
[2015.05.03-17.08.36:785][  0]LogAnalytics: ET APIKey = Rocket.Release. DataRouterUploadURL = https://datarouter-public-service-gamedev.ol.epicgames.net/datarouter/api/v1/public/data. AppVersion = 4.7.6-2513093+++depot+UE4-Releases+4.7
[2015.05.03-17.08.36:785][  0]LogAnalytics: SetUserId 117c93b446678ee264e382b49ca91207|14919f3d0643489ba6ad3048feb4b89e|0e66297c-8f74-4f75-8a68-8a33cd42c3b8
[2015.05.03-17.08.36:785][  0]LogAnalytics: AnalyticsET::StartSession [Rocket.Release]
[2015.05.03-17.08.36:829][  0]LogInit: Transaction tracking system initialized
[2015.05.03-17.08.37:019][  0]BlueprintLog: New page: Editor Load
[2015.05.03-17.08.37:056][  0]LogAssetRegistry: FAssetRegistry took 0.0111 seconds to start up
[2015.05.03-17.08.37:056][  0]LogDirectoryWatcher:Warning: Failed to begin reading directory changes for ../../../Engine/Plugins/Experimental/CharacterAI/Content/. Error: 0
[2015.05.03-17.08.37:676][  0]LogTargetPlatformManager:Display: Building Assets For Windows
[2015.05.03-17.08.38:100][  0]LogTargetPlatformManager:Display: Building Assets For Windows
[2015.05.03-17.08.38:359][  0]LogLinker:Warning: Asset '../../../Engine/Content/Tutorial/Mobile/CreatingSigningCertAndProvisionTutorial.uasset' has been saved with empty engine version. The asset will be loaded but may be incompatible.
[2015.05.03-17.08.38:368][  0]LogLinker:Warning: Asset '../../../Engine/Content/Tutorial/Mobile/SettingUpAndroidTutorial.uasset' has been saved with empty engine version. The asset will be loaded but may be incompatible.
[2015.05.03-17.08.38:409][  0]LogSlate:Warning: Failed to load font data from '../../../Engine/Content/Editor/Slate/Fonts/Roboto-Regular.ttf'
[2015.05.03-17.08.38:409][  0]LogSlate:Warning: Failed to load font data from '../../../Engine/Content/Editor/Slate/Fonts/Roboto-Bold.ttf'
[2015.05.03-17.08.38:417][  0]LogConsoleResponse:Display: 
[2015.05.03-17.08.38:692][  0]LogCook:Display: Done creating registry. It took  0.00s.
[2015.05.03-17.08.38:851][  0]SourceControl: Info Source control is disabled
[2015.05.03-17.08.57:376][  0]Cmd: MAP LOAD FILE="../../../../../../Users/RossFamily/Desktop/DM_FLAVIO/Content/StarterContent/Maps/Minimal_Default.umap" TEMPLATE=0 SHOWPROGRESS=1 FEATURELEVEL=3
[2015.05.03-17.08.57:377][  0]LightingResults: New page: Lighting Build
[2015.05.03-17.08.57:397][  0]MapCheck: New page: Map Check
[2015.05.03-17.08.57:397][  0]LightingResults: New page: Lighting Build
[2015.05.03-17.08.57:414][  0]LogParticles: Destroying 0 GPU particle simulations for FXSystem 0x000000D2A5013B00
[2015.05.03-17.08.58:724][  0]LogEditorServer: Finished looking for orphan Actors (0.000 secs)
[2015.05.03-17.08.58:740][  0]LogAIModule: Creating AISystem for world Minimal_Default
[2015.05.03-17.08.58:741][  0]Cmd: MAP CHECKDEP
[2015.05.03-17.08.58:741][  0]MapCheck: New page: Minimal_Default - May 3, 2015, 3:08:58 AM
[2015.05.03-17.08.58:861][  0]MapCheck: Info Map check complete: 0 Error(s), 0 Warning(s), took 120.611ms to complete.
[2015.05.03-17.08.58:861][  0]LogFileHelpers: Loading map 'Minimal_Default' took 1.485
[2015.05.03-17.08.58:970][  0]LogStats:Warning: MetaData mismatch. Did you assign a stat to two groups? New //STATGROUP_Threads//SplashScreenThread///Thread_25ec_0///////STATCAT_Advanced//// old //STATGROUP_Threads//SplashScreenThread///Thread_24bc_0///////STATCAT_Advanced////
[2015.05.03-17.08.58:970][  0]LogCollectionManager: Loaded 0 collections in 0.001466 seconds
[2015.05.03-17.08.58:983][  0]LogContentBrowser: Native class hierarchy populated in 0.0129 seconds. Added 1696 classes and 261 folders.
[2015.05.03-17.08.59:017][  0]LogContentBrowser: Native class hierarchy updated for 'SceneOutliner' in 0.0027 seconds. Added 1 classes and 2 folders.
[2015.05.03-17.08.59:086][  0]LogCrashTracker: Crashtracker disabled due to settings.
[2015.05.03-17.08.59:087][  0]LogSlate:Warning: Failed to load font data from 'Veranda'
[2015.05.03-17.08.59:095][  0]LogUObjectGlobals:Warning: Failed to find object 'Class None.'
[2015.05.03-17.08.59:121][  0]LogLoad: Full Startup: 35.94 seconds (BP compile: 0.12 seconds)
[2015.05.03-17.08.59:159][  0]LogContentBrowser:Verbose: The content browser source was changed by the sources view to '/Game/Character'
[2015.05.03-17.08.59:394][  0]LogRenderer:Warning: Reallocating scene render targets to support 1208x576 (Frame:2).
[2015.05.03-17.08.59:762][  7]LogAssetRegistry: Asset discovery search completed in 22.7182 seconds
[2015.05.03-17.09.24:106][ 23]LogSkeletalMesh: InitArticulated: Bodies already created (/Engine/Transient.DebugSkelMeshComponent_0) - call TermArticulated first.
[2015.05.03-17.09.24:129][ 23]LogLinker:Warning: Asset '../../../Engine/Content/Tutorial/SubEditors/PersonaAnimEditorTutorial.uasset' has been saved with empty engine version. The asset will be loaded but may be incompatible.
[2015.05.03-17.09.24:201][ 24]LogRenderer:Warning: Reallocating scene render targets to support 1208x880 (Frame:1988).
[2015.05.03-17.09.28:641][473]LogRenderer:Warning: Reallocating scene render targets to support 1360x880 (Frame:2466).
[2015.05.03-17.09.32:396][736]LogContentBrowser:Verbose: The content browser source was changed by the sources view to '/Game/Character/Animations'
[2015.05.03-17.09.41:130][448]LogContentBrowser:Verbose: The content browser source was changed by the sources view to '/Game/StarterContent'
[2015.05.03-17.09.42:022][522]LogContentBrowser:Verbose: The content browser source was changed by the sources view to '/Game/Character/Animations'
[2015.05.03-17.09.42:431][552]LogContentBrowser:Verbose: The content browser source was changed by the sources view to '/Game/Character'
[2015.05.03-17.09.44:135][623]LogContentBrowser:Verbose: The content browser source was changed by the sources view to '/Game/Character/Animations'
[2015.05.03-17.09.45:967][775]LogContentBrowser:Verbose: The content browser source was changed by the sources view to '/Game/Character'
[2015.05.03-17.10.30:589][904]LogContentBrowser:Verbose: The content browser source was changed by the sources view to '/Game/Character'
[2015.05.03-17.10.34:670][354]LogParticles: Destroying 0 GPU particle simulations for FXSystem 0x000000D29E9BDC60
[2015.05.03-17.10.34:670][354]LogParticles: Destroying 0 GPU particle simulations for FXSystem 0x000000D29EB6C680
[2015.05.03-17.10.34:841][354]LogSavePackage: Save=157.000839ms
[2015.05.03-17.10.34:841][354]LogSavePackage: Moving '../../../../../../Users/RossFamily/Desktop/DM_FLAVIO/Saved/Minimal_DefaultB571180440757525BF5584BCB640C838.tmp' to '../../../../../../Users/RossFamily/Desktop/DM_FLAVIO/Content/StarterContent/Maps/Minimal_Default.umap'
[2015.05.03-17.11.04:566][757]LogMetaData: Removing '/Game/Character/MyCharacter.MyCharacter:UserConstructionScript.K2Node_FunctionEntry_0' ref from Metadata '/Game/Character/NewBlueprint.PackageMetaData'
[2015.05.03-17.11.04:566][757]LogMetaData: Removing '/Game/Character/MyCharacter.MyCharacter:EventGraph.K2Node_Event_1' ref from Metadata '/Game/Character/NewBlueprint.PackageMetaData'
[2015.05.03-17.11.04:566][757]LogMetaData: Removing '/Game/Character/MyCharacter.SKEL_MyCharacter_C' ref from Metadata '/Game/Character/NewBlueprint.PackageMetaData'
[2015.05.03-17.11.04:567][757]LogMetaData: Removing '/Game/Character/MyCharacter.MyCharacter_C' ref from Metadata '/Game/Character/NewBlueprint.PackageMetaData'
[2015.05.03-17.11.04:567][757]LogMetaData: Removing '/Game/Character/MyCharacter.MyCharacter:EventGraph.K2Node_Event_0' ref from Metadata '/Game/Character/NewBlueprint.PackageMetaData'
[2015.05.03-17.11.04:567][757]LogMetaData: Removing '/Game/Character/MyCharacter.MyCharacter:EventGraph.K2Node_Event_2' ref from Metadata '/Game/Character/NewBlueprint.PackageMetaData'
[2015.05.03-17.11.04:628][757]Cmd: OBJ SAVEPACKAGE PACKAGE="/Game/Character/MyCharacter" FILE="../../../../../../Users/RossFamily/Desktop/DM_FLAVIO/Content/Character/MyCharacter.uasset" SILENT=true
[2015.05.03-17.11.04:655][757]LogSavePackage: Save=24.517113ms
[2015.05.03-17.11.04:655][757]LogSavePackage: Moving '../../../../../../Users/RossFamily/Desktop/DM_FLAVIO/Saved/MyCharacter79395E3D44246CE2BF0E65B03248A624.tmp' to '../../../../../../Users/RossFamily/Desktop/DM_FLAVIO/Content/Character/MyCharacter.uasset'
[2015.05.03-17.11.26:308][ 54]Cmd: OBJ SAVEPACKAGE PACKAGE="/Game/Character/MyCharacter" FILE="../../../../../../Users/RossFamily/Desktop/DM_FLAVIO/Content/Character/MyCharacter.uasset" SILENT=true
[2015.05.03-17.11.26:730][ 54]LogSavePackage: Save=410.868256ms
[2015.05.03-17.11.26:730][ 54]LogSavePackage: Moving '../../../../../../Users/RossFamily/Desktop/DM_FLAVIO/Saved/MyCharacter93683A064D06AC7BAD8BBEB5B79552FF.tmp' to '../../../../../../Users/RossFamily/Desktop/DM_FLAVIO/Content/Character/MyCharacter.uasset'
[2015.05.03-17.11.27:598][113]BlueprintLog: New page: Compile MyCharacter
[2015.05.03-17.11.27:684][113]LogActorComponent: UnregisterComponent: (/Engine/Transient.CharMoveComp) Not registered. Aborting.
[2015.05.03-17.11.27:725][113]BlueprintEditorCompileResults: Info [0184.54] Compile of MyCharacter successful! [in 126 ms]
[2015.05.03-17.11.35:128][384]LogRenderer:Warning: Reallocating scene render targets to support 1360x904 (Frame:13199).
[2015.05.03-17.12.04:911][ 80]LogActorComponent: UnregisterComponent: (/Engine/Transient.CharMoveComp) Not registered. Aborting.
[2015.05.03-17.12.09:071][337]LogActorComponent: UnregisterComponent: (/Engine/Transient.CharacterMovementComponent_0) Not registered. Aborting.
[2015.05.03-17.13.09:804][302]LogEditorTransaction: Undo Modify Component(s)
[2015.05.03-17.13.09:828][302]LogActorComponent: UnregisterComponent: (/Engine/Transient.CharacterMovementComponent_1) Not registered. Aborting.
[2015.05.03-17.13.57:710][808]BlueprintLog: New page: Compile MyCharacter
[2015.05.03-17.13.57:796][808]LogActorComponent: UnregisterComponent: (/Engine/Transient.CharacterMovementComponent_2) Not registered. Aborting.
[2015.05.03-17.13.57:823][808]BlueprintEditorCompileResults: Info [0334.64] Compile of MyCharacter successful! [in 113 ms]
[2015.05.03-17.20.34:771][932]LogActorComponent: UnregisterComponent: (/Engine/Transient.CharMoveComp) Not registered. Aborting.
[2015.05.03-17.20.34:802][932]LogFileHelpers: Editor autosave (incl. sublevels) for '/Game/StarterContent/Maps/Minimal_Default' took 0.030
[2015.05.03-17.20.34:887][932]LogSavePackage: Save=79.775795ms
[2015.05.03-17.20.34:888][932]LogSavePackage: Moving '../../../../../../Users/RossFamily/Desktop/DM_FLAVIO/Saved/NewBlueprint_Auto10650A91B4560C9B62AA3AA92905C60DE.tmp' to '../../../../../../Users/RossFamily/Desktop/DM_FLAVIO/Saved/Autosaves/Game/Character/NewBlueprint_Auto1.uasset'
[2015.05.03-17.20.34:932][932]OBJ SavePackage: Generating thumbnails for [1] asset(s) in package [/Game/Character/MyCharacter] ([1] browsable assets)...
[2015.05.03-17.20.34:961][932]OBJ SavePackage:     Rendered thumbnail for [Blueprint /Game/Character/MyCharacter.MyCharacter]
[2015.05.03-17.20.34:961][932]OBJ SavePackage: Finished generating thumbnails for package [/Game/Character/MyCharacter]
[2015.05.03-17.20.34:963][932]Cmd: OBJ SAVEPACKAGE PACKAGE="/Game/Character/MyCharacter" FILE="../../../../../../Users/RossFamily/Desktop/DM_FLAVIO/Saved/Autosaves/Game/Character/MyCharacter_Auto1.uasset" SILENT=false AUTOSAVING=true
[2015.05.03-17.20.35:440][932]LogSavePackage: Save=466.868011ms
[2015.05.03-17.20.35:440][932]LogSavePackage: Moving '../../../../../../Users/RossFamily/Desktop/DM_FLAVIO/Saved/MyCharacter_Auto1D5919ED444C8256D9EA2B8BA8CD99505.tmp' to '../../../../../../Users/RossFamily/Desktop/DM_FLAVIO/Saved/Autosaves/Game/Character/MyCharacter_Auto1.uasset'
[2015.05.03-17.20.35:447][932]LogFileHelpers: Auto-saving content packages took 0.645
[2015.05.03-17.35.07:911][769]LogSlate:Warning: Prevented a slow task dialog from being summoned while a context menu was open
[2015.05.03-17.35.15:823][360]LogSlate:Warning: Prevented a slow task dialog from being summoned while a context menu was open
[2015.05.03-17.35.16:226][360]LogActorComponent: UnregisterComponent: (/Engine/Transient.CharMoveComp) Not registered. Aborting.
[2015.05.03-17.35.25:302][812]LogActorComponent: UnregisterComponent: (/Engine/Transient.CharacterMovementComponent_3) Not registered. Aborting.
[2015.05.03-17.35.25:332][812]LogFileHelpers: Editor autosave (incl. sublevels) for '/Game/StarterContent/Maps/Minimal_Default' took 0.030
[2015.05.03-17.35.25:365][812]OBJ SavePackage: Generating thumbnails for [1] asset(s) in package [/Game/Character/MyCharacter] ([1] browsable assets)...
[2015.05.03-17.35.25:400][812]OBJ SavePackage:     Rendered thumbnail for [Blueprint /Game/Character/MyCharacter.MyCharacter]
[2015.05.03-17.35.25:400][812]OBJ SavePackage: Finished generating thumbnails for package [/Game/Character/MyCharacter]
[2015.05.03-17.35.25:401][812]Cmd: OBJ SAVEPACKAGE PACKAGE="/Game/Character/MyCharacter" FILE="../../../../../../Users/RossFamily/Desktop/DM_FLAVIO/Saved/Autosaves/Game/Character/MyCharacter_Auto2.uasset" SILENT=false AUTOSAVING=true
[2015.05.03-17.35.25:872][812]LogSavePackage: Save=460.344421ms
[2015.05.03-17.35.25:873][812]LogSavePackage: Moving '../../../../../../Users/RossFamily/Desktop/DM_FLAVIO/Saved/MyCharacter_Auto2139BBBF549B5E71D6B7D6EAAE5A00061.tmp' to '../../../../../../Users/RossFamily/Desktop/DM_FLAVIO/Saved/Autosaves/Game/Character/MyCharacter_Auto2.uasset'
[2015.05.03-17.35.25:880][812]LogFileHelpers: Auto-saving content packages took 0.548
[2015.05.03-17.35.33:471][239]LogActorComponent: UnregisterComponent: (/Engine/Transient.CharMoveComp) Not registered. Aborting.
[2015.05.03-17.35.45:673][899]BlueprintLog: New page: Compile MyCharacter
[2015.05.03-17.35.45:752][899]LogActorComponent: UnregisterComponent: (/Engine/Transient.CharacterMovementComponent_4) Not registered. Aborting.
[2015.05.03-17.35.45:780][899]BlueprintEditorCompileResults: Info [1642.60] Compile of MyCharacter successful! [in 107 ms]
[2015.05.03-17.35.47:066][977]Cmd: OBJ SAVEPACKAGE PACKAGE="/Game/Character/MyCharacter" FILE="../../../../../../Users/RossFamily/Desktop/DM_FLAVIO/Content/Character/MyCharacter.uasset" SILENT=true
[2015.05.03-17.35.47:466][977]LogSavePackage: Save=393.117249ms
[2015.05.03-17.35.47:466][977]LogSavePackage: Moving '../../../../../../Users/RossFamily/Desktop/DM_FLAVIO/Saved/MyCharacter9A6C47034C092FD8313D998171F3118C.tmp' to '../../../../../../Users/RossFamily/Desktop/DM_FLAVIO/Content/Character/MyCharacter.uasset'
[2015.05.03-17.37.19:213][514]LogActorComponent: UnregisterComponent: (/Engine/Transient.CharMoveComp) Not registered. Aborting.
[2015.05.03-17.37.30:875][269]LogActorComponent: UnregisterComponent: (/Engine/Transient.CharacterMovementComponent_5) Not registered. Aborting.
[2015.05.03-17.37.34:310][473]LogActorComponent: UnregisterComponent: (/Engine/Transient.CharacterMovementComponent_6) Not registered. Aborting.
[2015.05.03-17.39.02:057][656]LogActorComponent: UnregisterComponent: (/Engine/Transient.CharacterMovementComponent_7) Not registered. Aborting.
[2015.05.03-17.39.24:103][753]LogActorComponent: UnregisterComponent: (/Engine/Transient.CharacterMovementComponent_8) Not registered. Aborting.
[2015.05.03-17.39.50:924][694]LogActorComponent: UnregisterComponent: (/Engine/Transient.CharacterMovementComponent_9) Not registered. Aborting.
[2015.05.03-17.39.51:726][738]LogActorComponent: UnregisterComponent: (/Engine/Transient.CharacterMovementComponent_10) Not registered. Aborting.
[2015.05.03-17.40.02:575][162]LogActorComponent: UnregisterComponent: (/Engine/Transient.CharacterMovementComponent_11) Not registered. Aborting.
[2015.05.03-17.41.32:026][475]Cmd: OBJ SAVEPACKAGE PACKAGE="/Game/Character/MyCharacter" FILE="../../../../../../Users/RossFamily/Desktop/DM_FLAVIO/Content/Character/MyCharacter.uasset" SILENT=true
[2015.05.03-17.41.32:438][475]LogSavePackage: Save=401.348907ms
[2015.05.03-17.41.32:438][475]LogSavePackage: Moving '../../../../../../Users/RossFamily/Desktop/DM_FLAVIO/Saved/MyCharacter3B061F5B4D87DA8CB9D67E80148F7FAB.tmp' to '../../../../../../Users/RossFamily/Desktop/DM_FLAVIO/Content/Character/MyCharacter.uasset'
[2015.05.03-17.41.53:750][576]BlueprintLog: New page: Compile MyCharacter
[2015.05.03-17.41.53:800][576]LogActorComponent: UnregisterComponent: (/Engine/Transient.CharacterMovementComponent_12) Not registered. Aborting.
[2015.05.03-17.41.53:832][576]BlueprintEditorCompileResults: Info [2010.65] Compile of MyCharacter successful! [in 82 ms]
[2015.05.03-17.43.42:301][207]LogActorComponent: UnregisterComponent: (/Engine/Transient.CharMoveComp) Not registered. Aborting.
[2015.05.03-17.44.10:935][599]LogActorComponent: UnregisterComponent: (/Engine/Transient.CharacterMovementComponent_13) Not registered. Aborting.
[2015.05.03-17.44.14:199][783]BlueprintLog: New page: Compile MyCharacter
[2015.05.03-17.44.14:274][783]LogActorComponent: UnregisterComponent: (/Engine/Transient.CharacterMovementComponent_14) Not registered. Aborting.
[2015.05.03-17.44.14:306][783]BlueprintEditorCompileResults: Info [2151.12] Compile of MyCharacter successful! [in 106 ms]
[2015.05.03-17.44.14:977][822]Cmd: OBJ SAVEPACKAGE PACKAGE="/Game/Character/MyCharacter" FILE="../../../../../../Users/RossFamily/Desktop/DM_FLAVIO/Content/Character/MyCharacter.uasset" SILENT=true
[2015.05.03-17.44.15:381][822]LogSavePackage: Save=397.500427ms
[2015.05.03-17.44.15:381][822]LogSavePackage: Moving '../../../../../../Users/RossFamily/Desktop/DM_FLAVIO/Saved/MyCharacter329B9046429CA81C0A9EC68B5AB6176D.tmp' to '../../../../../../Users/RossFamily/Desktop/DM_FLAVIO/Content/Character/MyCharacter.uasset'
[2015.05.03-17.48.08:393][524]Cmd: SELECT NONE
[2015.05.03-17.48.12:739][883]Cmd: SELECT NONE
[2015.05.03-17.48.12:960][900]Cmd: SELECT NONE
[2015.05.03-17.48.13:140][915]Cmd: SELECT NONE
[2015.05.03-17.48.42:490][121]LogWindows: LaunchURL https://answers.unrealengine.com/questions/220928/configure-xbox-controler-on-unreal-project.html
[2015.05.03-17.50.21:109][469]LogActorComponent: UnregisterComponent: (/Engine/Transient.CharMoveComp) Not registered. Aborting.
[2015.05.03-17.50.23:101][553]BlueprintLog: New page: Compile MyCharacter
[2015.05.03-17.50.23:175][553]LogActorComponent: UnregisterComponent: (/Engine/Transient.CharacterMovementComponent_15) Not registered. Aborting.
[2015.05.03-17.50.23:205][553]BlueprintEditorCompileResults: Info [2520.02] Compile of MyCharacter successful! [in 103 ms]
[2015.05.03-17.50.24:137][589]Cmd: OBJ SAVEPACKAGE PACKAGE="/Game/Character/MyCharacter" FILE="../../../../../../Users/RossFamily/Desktop/DM_FLAVIO/Content/Character/MyCharacter.uasset" SILENT=true
[2015.05.03-17.50.24:546][589]LogSavePackage: Save=397.702148ms
[2015.05.03-17.50.24:546][589]LogSavePackage: Moving '../../../../../../Users/RossFamily/Desktop/DM_FLAVIO/Saved/MyCharacterEB478C734D29869EDA38ED931D65C4BB.tmp' to '../../../../../../Users/RossFamily/Desktop/DM_FLAVIO/Content/Character/MyCharacter.uasset'
[2015.05.03-17.51.04:066][401]LogEditorViewport: Clicking on Actor (context menu): StaticMeshActor (Floor)
[2015.05.03-17.51.05:561][505]LogPlayLevel: PIE:  No blueprints needed recompiling
[2015.05.03-17.51.05:595][505]PIE: New page: PIE session: Minimal_Default (May 3, 2015, 3:51:05 AM)
[2015.05.03-17.51.05:656][505]LogPlayLevel: PIE: StaticDuplicateObject took: (0.059958s)
[2015.05.03-17.51.05:656][505]LogPlayLevel: PIE: World Init took: (0.000732s)
[2015.05.03-17.51.05:666][505]LogPlayLevel: PIE: Created PIE world by copying editor world from /Game/StarterContent/Maps/Minimal_Default.Minimal_Default to /Game/StarterContent/Maps/UEDPIE_0_Minimal_Default.Minimal_Default (0.070139s)
[2015.05.03-17.51.05:843][505]LogWorld: Game class is 'GameMode'
[2015.05.03-17.51.05:871][505]LogAIModule: Creating AISystem for world Minimal_Default
[2015.05.03-17.51.05:876][505]LogWorld: Bringing World /Game/StarterContent/Maps/UEDPIE_0_Minimal_Default.Minimal_Default up for play (max tick rate 0) at 2015.05.03-10.51.05
[2015.05.03-17.51.05:918][505]LogWorld: Bringing up level for play took: 0.046616
[2015.05.03-17.51.06:022][505]PIE: Info Play in editor start time for /Game/StarterContent/Maps/UEDPIE_0_Minimal_Default 0.981
[2015.05.03-17.51.13:174][ 62]LogActorComponent: UnregisterComponent: (/Engine/Transient.CharMoveComp) Not registered. Aborting.
[2015.05.03-17.51.13:204][ 62]LogParticles: Destroying 0 GPU particle simulations for FXSystem 0x000000D2A4CB6DE0
[2015.05.03-17.51.31:454][260]LogEditorViewport: Clicking on Actor (LMB): StaticMeshActor (Floor)
[2015.05.03-17.51.41:062][883]LogSavePackage: Save=149.835526ms
[2015.05.03-17.51.41:062][883]LogSavePackage: Moving '../../../../../../Users/RossFamily/Desktop/DM_FLAVIO/Saved/Minimal_Default0BB0833E46579B9FA9CE8BA1020CAF95.tmp' to '../../../../../../Users/RossFamily/Desktop/DM_FLAVIO/Content/StarterContent/Maps/Minimal_Default.umap'
[2015.05.03-17.52.56:288][738]BlueprintLog: New page: Compile MyCharacter
[2015.05.03-17.52.56:341][738]LogActorComponent: UnregisterComponent: (/Engine/Transient.CharMoveComp) Not registered. Aborting.
[2015.05.03-17.52.56:361][738]LogParticles: Destroying 0 GPU particle simulations for FXSystem 0x000000D2B0C2A8E0
[2015.05.03-17.52.56:372][738]BlueprintEditorCompileResults: Info [2673.19] Compile of MyCharacter successful! [in 84 ms]
[2015.05.03-17.52.57:322][804]Cmd: OBJ SAVEPACKAGE PACKAGE="/Game/Character/MyCharacter" FILE="../../../../../../Users/RossFamily/Desktop/DM_FLAVIO/Content/Character/MyCharacter.uasset" SILENT=true
[2015.05.03-17.52.57:718][804]LogSavePackage: Save=388.475372ms
[2015.05.03-17.52.57:718][804]LogSavePackage: Moving '../../../../../../Users/RossFamily/Desktop/DM_FLAVIO/Saved/MyCharacterE6DB225644A791E1CBCFF99857D5BE9E.tmp' to '../../../../../../Users/RossFamily/Desktop/DM_FLAVIO/Content/Character/MyCharacter.uasset'
[2015.05.03-18.01.58:735][260]LogActorComponent: UnregisterComponent: (/Engine/Transient.CharMoveComp) Not registered. Aborting.
[2015.05.03-18.01.58:762][260]LogFileHelpers: Editor autosave (incl. sublevels) for '/Game/StarterContent/Maps/Minimal_Default' took 0.027
[2015.05.03-18.01.58:800][260]OBJ SavePackage: Generating thumbnails for [1] asset(s) in package [/Game/Character/MyCharacter] ([1] browsable assets)...
[2015.05.03-18.01.58:838][260]OBJ SavePackage:     Rendered thumbnail for [Blueprint /Game/Character/MyCharacter.MyCharacter]
[2015.05.03-18.01.58:838][260]OBJ SavePackage: Finished generating thumbnails for package [/Game/Character/MyCharacter]
[2015.05.03-18.01.58:839][260]Cmd: OBJ SAVEPACKAGE PACKAGE="/Game/Character/MyCharacter" FILE="../../../../../../Users/RossFamily/Desktop/DM_FLAVIO/Saved/Autosaves/Game/Character/MyCharacter_Auto3.uasset" SILENT=false AUTOSAVING=true
[2015.05.03-18.01.59:387][260]LogSavePackage: Save=535.133423ms
[2015.05.03-18.01.59:388][260]LogSavePackage: Moving '../../../../../../Users/RossFamily/Desktop/DM_FLAVIO/Saved/MyCharacter_Auto34DB6ABCA47AAA6A6E5490A8907CE22EF.tmp' to '../../../../../../Users/RossFamily/Desktop/DM_FLAVIO/Saved/Autosaves/Game/Character/MyCharacter_Auto3.uasset'
[2015.05.03-18.01.59:483][260]LogFileHelpers: Auto-saving content packages took 0.721
[2015.05.03-18.08.32:509][201]Cmd: OBJ SAVEPACKAGE PACKAGE="/Game/Character/MyCharacter" FILE="../../../../../../Users/RossFamily/Desktop/DM_FLAVIO/Content/Character/MyCharacter.uasset" SILENT=true
[2015.05.03-18.08.32:927][201]LogSavePackage: Save=405.252045ms
[2015.05.03-18.08.32:927][201]LogSavePackage: Moving '../../../../../../Users/RossFamily/Desktop/DM_FLAVIO/Saved/MyCharacter863FDCBD413EFD954F2FB28D40E40547.tmp' to '../../../../../../Users/RossFamily/Desktop/DM_FLAVIO/Content/Character/MyCharacter.uasset'
[2015.05.03-18.10.16:077][770]LogActorComponent: UnregisterComponent: (/Engine/Transient.CharMoveComp) Not registered. Aborting.
[2015.05.03-18.10.16:240][770]LogSavePackage: Save=129.906784ms
[2015.05.03-18.10.16:240][770]LogSavePackage: Moving '../../../../../../Users/RossFamily/Desktop/DM_FLAVIO/Saved/Minimal_DefaultA846763F45FAEBF463726DB3E0AD8EC7.tmp' to '../../../../../../Users/RossFamily/Desktop/DM_FLAVIO/Content/StarterContent/Maps/Minimal_Default.umap'
[2015.05.03-18.10.40:797][ 81]LogActorComponent: UnregisterComponent: (/Engine/Transient.CharMoveComp) Not registered. Aborting.
[2015.05.03-18.11.57:194][433]Cmd: OBJ SAVEPACKAGE PACKAGE="/Game/Character/MyCharacter" FILE="../../../../../../Users/RossFamily/Desktop/DM_FLAVIO/Content/Character/MyCharacter.uasset" SILENT=true
[2015.05.03-18.11.57:618][433]LogSavePackage: Save=415.867767ms
[2015.05.03-18.11.57:618][433]LogSavePackage: Moving '../../../../../../Users/RossFamily/Desktop/DM_FLAVIO/Saved/MyCharacter8D815D924CB93DFF44DFA899B7176502.tmp' to '../../../../../../Users/RossFamily/Desktop/DM_FLAVIO/Content/Character/MyCharacter.uasset'
[2015.05.03-18.14.25:781][257]LogActorComponent: UnregisterComponent: (/Engine/Transient.CharacterMovementComponent_16) Not registered. Aborting.
[2015.05.03-18.15.34:700][958]LogActorComponent: UnregisterComponent: (/Engine/Transient.CharacterMovementComponent_17) Not registered. Aborting.
[2015.05.03-18.16.34:053][569]BlueprintLog: New page: Compile MyCharacter
[2015.05.03-18.16.34:154][569]LogActorComponent: UnregisterComponent: (/Engine/Transient.CharacterMovementComponent_18) Not registered. Aborting.
[2015.05.03-18.16.34:196][569]BlueprintEditorCompileResults: Info [4091.01] Compile of MyCharacter successful! [in 142 ms]
[2015.05.03-18.16.35:031][607]Cmd: OBJ SAVEPACKAGE PACKAGE="/Game/Character/MyCharacter" FILE="../../../../../../Users/RossFamily/Desktop/DM_FLAVIO/Content/Character/MyCharacter.uasset" SILENT=true
[2015.05.03-18.16.35:480][607]LogSavePackage: Save=437.175079ms
[2015.05.03-18.16.35:480][607]LogSavePackage: Moving '../../../../../../Users/RossFamily/Desktop/DM_FLAVIO/Saved/MyCharacterF9CDC24E49B05B3EF690F7A7EAB7F453.tmp' to '../../../../../../Users/RossFamily/Desktop/DM_FLAVIO/Content/Character/MyCharacter.uasset'
[2015.05.03-18.16.52:797][559]BlueprintLog: New page: Compile MyCharacter
[2015.05.03-18.16.52:876][559]LogActorComponent: UnregisterComponent: (/Engine/Transient.CharMoveComp) Not registered. Aborting.
[2015.05.03-18.16.52:910][559]BlueprintEditorCompileResults: Info [4109.73] Compile of MyCharacter successful! [in 112 ms]
[2015.05.03-18.16.53:730][597]Cmd: OBJ SAVEPACKAGE PACKAGE="/Game/Character/MyCharacter" FILE="../../../../../../Users/RossFamily/Desktop/DM_FLAVIO/Content/Character/MyCharacter.uasset" SILENT=true
[2015.05.03-18.16.54:174][597]LogSavePackage: Save=436.742371ms
[2015.05.03-18.16.54:175][597]LogSavePackage: Moving '../../../../../../Users/RossFamily/Desktop/DM_FLAVIO/Saved/MyCharacter3C3331914BAC8AE876D5EBACBB58B91C.tmp' to '../../../../../../Users/RossFamily/Desktop/DM_FLAVIO/Content/Character/MyCharacter.uasset'
[2015.05.03-18.17.37:235][202]LogEditorViewport: Clicking on Actor (LMB): StaticMeshActor (Floor)
[2015.05.03-18.17.46:931][979]LogEditorViewport: Clicking on Actor (LMB): StaticMeshActor (Floor)
[2015.05.03-18.17.47:757][ 42]LogEditorViewport: Clicking on Actor (LMB): StaticMeshActor (Floor)
[2015.05.03-18.18.02:041][192]LogEditorViewport: Clicking on Actor (LMB): StaticMeshActor (Floor)
[2015.05.03-18.18.06:912][582]Cmd: DELETE
[2015.05.03-18.18.06:912][582]Cmd: ACTOR DELETE
[2015.05.03-18.18.06:950][582]LogEditorActor: Deleted Actor: StaticMeshActor
[2015.05.03-18.18.06:951][582]LogActorComponent: UnregisterComponent: (/Engine/Transient.CharMoveComp) Not registered. Aborting.
[2015.05.03-18.18.06:972][582]LogParticles: Destroying 0 GPU particle simulations for FXSystem 0x000000D2A4CE0860
[2015.05.03-18.18.06:976][582]LogEditorActor: Deleted 1 Actors (0.040 secs)
[2015.05.03-18.18.10:871][900]LogEditorViewport: Clicking on Actor (LMB): StaticMeshActor (Table)
[2015.05.03-18.18.12:593][ 34]Cmd: DELETE
[2015.05.03-18.18.12:593][ 34]Cmd: ACTOR DELETE
[2015.05.03-18.18.12:594][ 34]LogEditorActor: Deleted Actor: StaticMeshActor
[2015.05.03-18.18.12:618][ 34]LogEditorActor: Deleted 1 Actors (0.025 secs)
[2015.05.03-18.18.13:218][ 84]LogEditorViewport: Clicking on Actor (LMB): StaticMeshActor (Chair)
[2015.05.03-18.18.13:469][100]Cmd: DELETE
[2015.05.03-18.18.13:469][100]Cmd: ACTOR DELETE
[2015.05.03-18.18.13:470][100]LogEditorActor: Deleted Actor: StaticMeshActor
[2015.05.03-18.18.13:494][100]LogEditorActor: Deleted 1 Actors (0.025 secs)
[2015.05.03-18.18.13:969][140]LogEditorViewport: Clicking on Actor (LMB): StaticMeshActor (Statue)
[2015.05.03-18.18.14:271][157]Cmd: DELETE
[2015.05.03-18.18.14:272][157]Cmd: ACTOR DELETE
[2015.05.03-18.18.14:272][157]LogEditorActor: Deleted Actor: StaticMeshActor
[2015.05.03-18.18.14:299][157]LogEditorActor: Deleted 1 Actors (0.027 secs)
[2015.05.03-18.18.14:789][195]LogEditorViewport: Clicking on Actor (LMB): StaticMeshActor (Chair)
[2015.05.03-18.18.15:047][212]Cmd: DELETE
[2015.05.03-18.18.15:047][212]Cmd: ACTOR DELETE
[2015.05.03-18.18.15:048][212]LogEditorActor: Deleted Actor: StaticMeshActor
[2015.05.03-18.18.15:072][212]LogEditorActor: Deleted 1 Actors (0.025 secs)
[2015.05.03-18.19.01:658][138]LogEditorViewport: Clicking on Actor (LMB): BP_Sky_Sphere_C (BP_Sky_Sphere)
[2015.05.03-18.19.36:058][723]LogContentBrowser:Verbose: The content browser source was changed by the sources view to '/Game/Character'
[2015.05.03-18.19.51:420][562]LogActorComponent: UnregisterComponent: (/Engine/Transient.CharMoveComp) Not registered. Aborting.
[2015.05.03-18.19.51:448][562]LogParticles: Destroying 0 GPU particle simulations for FXSystem 0x000000D2B398AAC0
[2015.05.03-18.19.51:448][562]LogMetaData: Removing '/Game/Character/MyGame.MyGame:EventGraph.K2Node_Event_133' ref from Metadata '/Game/Character/NewBlueprint.PackageMetaData'
[2015.05.03-18.19.51:448][562]LogMetaData: Removing '/Game/Character/MyGame.MyGame_C' ref from Metadata '/Game/Character/NewBlueprint.PackageMetaData'
[2015.05.03-18.19.51:448][562]LogMetaData: Removing '/Game/Character/MyGame.SKEL_MyGame_C' ref from Metadata '/Game/Character/NewBlueprint.PackageMetaData'
[2015.05.03-18.19.51:448][562]LogMetaData: Removing '/Game/Character/MyGame.MyGame:EventGraph.K2Node_Event_134' ref from Metadata '/Game/Character/NewBlueprint.PackageMetaData'
[2015.05.03-18.19.51:448][562]LogMetaData: Removing '/Game/Character/MyGame.MyGame:UserConstructionScript.K2Node_FunctionEntry_75' ref from Metadata '/Game/Character/NewBlueprint.PackageMetaData'
[2015.05.03-18.19.51:507][562]Cmd: OBJ SAVEPACKAGE PACKAGE="/Game/Character/MyGame" FILE="../../../../../../Users/RossFamily/Desktop/DM_FLAVIO/Content/Character/MyGame.uasset" SILENT=true
[2015.05.03-18.19.51:527][562]LogSavePackage: Save=17.515799ms
[2015.05.03-18.19.51:527][562]LogSavePackage: Moving '../../../../../../Users/RossFamily/Desktop/DM_FLAVIO/Saved/MyGameDA87E48C4C8713C507BEB0B429933260.tmp' to '../../../../../../Users/RossFamily/Desktop/DM_FLAVIO/Content/Character/MyGame.uasset'
[2015.05.03-18.20.16:863][703]LogActorComponent: UnregisterComponent: (/Engine/Transient.CharMoveComp) Not registered. Aborting.
[2015.05.03-18.20.17:059][703]LogSavePackage: Save=85.369690ms
[2015.05.03-18.20.17:059][703]LogSavePackage: Moving '../../../../../../Users/RossFamily/Desktop/DM_FLAVIO/Saved/Minimal_Default_Auto413156DFE44433CE80F189FB789A793ED.tmp' to '../../../../../../Users/RossFamily/Desktop/DM_FLAVIO/Saved/Autosaves/Game/StarterContent/Maps/Minimal_Default_Auto4.umap'
[2015.05.03-18.20.17:068][703]LogFileHelpers: Editor autosave (incl. sublevels) for '/Game/StarterContent/Maps/Minimal_Default' took 0.204
[2015.05.03-18.20.17:068][703]LogFileHelpers: Editor autosave (incl. sublevels) for all levels took 0.204
[2015.05.03-18.20.17:159][703]LogSavePackage: Save=85.459770ms
[2015.05.03-18.20.17:159][703]LogSavePackage: Moving '../../../../../../Users/RossFamily/Desktop/DM_FLAVIO/Saved/NewBlueprint_Auto4D6DE9809409B88EC92217CA0B32C67A4.tmp' to '../../../../../../Users/RossFamily/Desktop/DM_FLAVIO/Saved/Autosaves/Game/Character/NewBlueprint_Auto4.uasset'
[2015.05.03-18.20.17:202][703]OBJ SavePackage: Generating thumbnails for [0] asset(s) in package [/Game/Character/MyCharacter] ([1] browsable assets)...
[2015.05.03-18.20.17:202][703]OBJ SavePackage: Finished generating thumbnails for package [/Game/Character/MyCharacter]
[2015.05.03-18.20.17:221][703]Cmd: OBJ SAVEPACKAGE PACKAGE="/Game/Character/MyCharacter" FILE="../../../../../../Users/RossFamily/Desktop/DM_FLAVIO/Saved/Autosaves/Game/Character/MyCharacter_Auto4.uasset" SILENT=false AUTOSAVING=true
[2015.05.03-18.20.17:385][703]LogSavePackage: Save=155.681946ms
[2015.05.03-18.20.17:386][703]LogSavePackage: Moving '../../../../../../Users/RossFamily/Desktop/DM_FLAVIO/Saved/MyCharacter_Auto47CA4B2A04E58065AEAB660BB5E6F3687.tmp' to '../../../../../../Users/RossFamily/Desktop/DM_FLAVIO/Saved/Autosaves/Game/Character/MyCharacter_Auto4.uasset'
[2015.05.03-18.20.17:392][703]LogFileHelpers: Auto-saving content packages took 0.324
[2015.05.03-18.20.18:474][832]LogSlate:Warning: Prevented a slow task dialog from being summoned while a context menu was open
[2015.05.03-18.20.25:254][633]BlueprintLog: New page: Compile MyGame
[2015.05.03-18.20.25:341][633]BlueprintEditorCompileResults: Info [4322.16] Compile of MyGame successful! [in 86 ms]
[2015.05.03-18.20.26:140][721]Cmd: OBJ SAVEPACKAGE PACKAGE="/Game/Character/MyGame" FILE="../../../../../../Users/RossFamily/Desktop/DM_FLAVIO/Content/Character/MyGame.uasset" SILENT=true
[2015.05.03-18.20.26:172][721]LogSavePackage: Save=19.604219ms
[2015.05.03-18.20.26:172][721]LogSavePackage: Moving '../../../../../../Users/RossFamily/Desktop/DM_FLAVIO/Saved/MyGameF86B5238418AE8B7BB6DF88EB2D387AB.tmp' to '../../../../../../Users/RossFamily/Desktop/DM_FLAVIO/Content/Character/MyGame.uasset'
[2015.05.03-18.20.35:053][724]LogEditorViewport: Clicking on Actor (LMB): BP_Sky_Sphere_C (BP_Sky_Sphere)
[2015.05.03-18.20.36:241][854]Cmd: SELECT NONE
[2015.05.03-18.20.45:985][646]LogEditorViewport: Clicking on Actor (LMB): BP_Sky_Sphere_C (BP_Sky_Sphere)
[2015.05.03-18.21.32:699][922]LogEditorViewport: Clicking on Actor (LMB): BP_Sky_Sphere_C (BP_Sky_Sphere)
[2015.05.03-18.21.57:275][424]Cmd: SELECT NONE
[2015.05.03-18.23.08:368][560]LogContentBrowser:Verbose: The content browser source was changed by the sources view to '/Game'
[2015.05.03-18.23.10:565][750]LogContentBrowser:Verbose: The content browser source was changed by the sources view to '/Game/Character'
[2015.05.03-18.23.57:776][212]LogSlate:Warning: Prevented a slow task dialog from being summoned while a context menu was open
[2015.05.03-18.23.59:692][364]Cmd: UpdateLandscapeSetup
[2015.05.03-18.24.05:806][934]LogActorComponent: UnregisterComponent: (/Engine/Transient.CharMoveComp) Not registered. Aborting.
[2015.05.03-18.24.05:942][934]LogSavePackage: Save=94.861328ms
[2015.05.03-18.24.05:942][934]LogSavePackage: Moving '../../../../../../Users/RossFamily/Desktop/DM_FLAVIO/Saved/Minimal_DefaultA7F1E34A48D3F9D05F4DD1B7B286B5DA.tmp' to '../../../../../../Users/RossFamily/Desktop/DM_FLAVIO/Content/StarterContent/Maps/Minimal_Default.umap'
[2015.05.03-18.24.17:804][808]LogEditorViewport: Clicking on Actor (context menu): StaticMeshActor (Floor)
[2015.05.03-18.24.20:109][970]LogPlayLevel: PIE:  No blueprints needed recompiling
[2015.05.03-18.24.20:109][970]PIE: New page: PIE session: Minimal_Default (May 3, 2015, 4:24:20 AM)
[2015.05.03-18.24.20:115][970]LogPlayLevel: PIE: StaticDuplicateObject took: (0.004814s)
[2015.05.03-18.24.20:115][970]LogPlayLevel: PIE: World Init took: (0.000725s)
[2015.05.03-18.24.20:115][970]LogPlayLevel: PIE: Created PIE world by copying editor world from /Game/StarterContent/Maps/Minimal_Default.Minimal_Default to /Game/StarterContent/Maps/UEDPIE_0_Minimal_Default.Minimal_Default (0.005729s)
[2015.05.03-18.24.20:190][970]LogWorld: Game class is 'MyGame_C'
[2015.05.03-18.24.20:192][970]LogAIModule: Creating AISystem for world Minimal_Default
[2015.05.03-18.24.20:196][970]LogWorld: Bringing World /Game/StarterContent/Maps/UEDPIE_0_Minimal_Default.Minimal_Default up for play (max tick rate 0) at 2015.05.03-11.24.20
[2015.05.03-18.24.20:197][970]LogWorld: Bringing up level for play took: 0.004376
[2015.05.03-18.24.20:282][970]PIE: Info Play in editor start time for /Game/StarterContent/Maps/UEDPIE_0_Minimal_Default -0.759
[2015.05.03-18.25.00:319][581]LogParticles: Destroying 0 GPU particle simulations for FXSystem 0x000000D296376E80
[2015.05.03-18.25.00:319][581]LogParticles: Destroying 0 GPU particle simulations for FXSystem 0x000000D2A4CE0180
[2015.05.03-18.25.21:651][169]LogEditorViewport: Clicking on Actor (LMB): StaticMeshActor (Floor)
[2015.05.03-18.25.22:720][254]LogEditorViewport: Clicking on Actor (context menu): StaticMeshActor (Floor)
[2015.05.03-18.25.24:324][364]LogPlayLevel: PIE:  No blueprints needed recompiling
[2015.05.03-18.25.24:325][364]PIE: New page: PIE session: Minimal_Default (May 3, 2015, 4:25:24 AM)
[2015.05.03-18.25.24:331][364]LogPlayLevel: PIE: StaticDuplicateObject took: (0.005917s)
[2015.05.03-18.25.24:332][364]LogPlayLevel: PIE: World Init took: (0.000905s)
[2015.05.03-18.25.24:332][364]LogPlayLevel: PIE: Created PIE world by copying editor world from /Game/StarterContent/Maps/Minimal_Default.Minimal_Default to /Game/StarterContent/Maps/UEDPIE_0_Minimal_Default.Minimal_Default (0.007036s)
[2015.05.03-18.25.24:375][364]LogWorld: Game class is 'MyGame_C'
[2015.05.03-18.25.24:377][364]LogAIModule: Creating AISystem for world Minimal_Default
[2015.05.03-18.25.24:382][364]LogWorld: Bringing World /Game/StarterContent/Maps/UEDPIE_0_Minimal_Default.Minimal_Default up for play (max tick rate 0) at 2015.05.03-11.25.24
[2015.05.03-18.25.24:382][364]LogWorld: Bringing up level for play took: 0.004530
[2015.05.03-18.25.24:387][364]PIE: Info Play in editor start time for /Game/StarterContent/Maps/UEDPIE_0_Minimal_Default -0.653
[2015.05.03-18.25.33:772][215]LogParticles: Destroying 0 GPU particle simulations for FXSystem 0x000000D2CC2C8A40
[2015.05.03-18.26.05:670][ 49]Cmd: OBJ SAVEPACKAGE PACKAGE="/Game/Character/MyCharacter" FILE="../../../../../../Users/RossFamily/Desktop/DM_FLAVIO/Content/Character/MyCharacter.uasset" SILENT=true
[2015.05.03-18.26.06:117][ 49]LogSavePackage: Save=434.130402ms
[2015.05.03-18.26.06:117][ 49]LogSavePackage: Moving '../../../../../../Users/RossFamily/Desktop/DM_FLAVIO/Saved/MyCharacterE8BFDF27497FB77BDD24A0BCDCFF621E.tmp' to '../../../../../../Users/RossFamily/Desktop/DM_FLAVIO/Content/Character/MyCharacter.uasset'
[2015.05.03-18.26.06:453][ 66]BlueprintLog: New page: Compile MyCharacter
[2015.05.03-18.26.06:545][ 66]LogActorComponent: UnregisterComponent: (/Engine/Transient.CharMoveComp) Not registered. Aborting.
[2015.05.03-18.26.06:581][ 66]BlueprintEditorCompileResults: Info [4663.40] Compile of MyCharacter successful! [in 127 ms]
[2015.05.03-18.26.07:277][ 96]Cmd: OBJ SAVEPACKAGE PACKAGE="/Game/Character/MyCharacter" FILE="../../../../../../Users/RossFamily/Desktop/DM_FLAVIO/Content/Character/MyCharacter.uasset" SILENT=true
[2015.05.03-18.26.07:714][ 96]LogSavePackage: Save=428.955353ms
[2015.05.03-18.26.07:714][ 96]LogSavePackage: Moving '../../../../../../Users/RossFamily/Desktop/DM_FLAVIO/Saved/MyCharacter43B5CE4042CB55E55E51D78E4DD961CA.tmp' to '../../../../../../Users/RossFamily/Desktop/DM_FLAVIO/Content/Character/MyCharacter.uasset'
[2015.05.03-18.26.10:273][252]LogEditorViewport: Clicking on Actor (context menu): StaticMeshActor (Floor)
[2015.05.03-18.26.12:428][404]LogPlayLevel: PIE:  No blueprints needed recompiling
[2015.05.03-18.26.12:429][404]PIE: New page: PIE session: Minimal_Default (May 3, 2015, 4:26:12 AM)
[2015.05.03-18.26.12:434][404]LogPlayLevel: PIE: StaticDuplicateObject took: (0.004978s)
[2015.05.03-18.26.12:435][404]LogPlayLevel: PIE: World Init took: (0.000873s)
[2015.05.03-18.26.12:435][404]LogPlayLevel: PIE: Created PIE world by copying editor world from /Game/StarterContent/Maps/Minimal_Default.Minimal_Default to /Game/StarterContent/Maps/UEDPIE_0_Minimal_Default.Minimal_Default (0.006064s)
[2015.05.03-18.26.12:474][404]LogWorld: Game class is 'MyGame_C'
[2015.05.03-18.26.12:476][404]LogAIModule: Creating AISystem for world Minimal_Default
[2015.05.03-18.26.12:480][404]LogWorld: Bringing World /Game/StarterContent/Maps/UEDPIE_0_Minimal_Default.Minimal_Default up for play (max tick rate 0) at 2015.05.03-11.26.12
[2015.05.03-18.26.12:481][404]LogWorld: Bringing up level for play took: 0.004336
[2015.05.03-18.26.12:485][404]PIE: Info Play in editor start time for /Game/StarterContent/Maps/UEDPIE_0_Minimal_Default -0.555
[2015.05.03-18.26.24:995][573]LogActorComponent: UnregisterComponent: (/Engine/Transient.CharMoveComp) Not registered. Aborting.
[2015.05.03-18.26.25:015][573]LogParticles: Destroying 0 GPU particle simulations for FXSystem 0x000000D2B0D6CFE0
[2015.05.03-18.26.25:015][573]LogParticles: Destroying 0 GPU particle simulations for FXSystem 0x000000D29EC00EA0
[2015.05.03-18.26.26:181][671]Cmd: SELECT NONE
[2015.05.03-18.26.26:655][712]Cmd: SELECT NONE
[2015.05.03-18.27.07:857][365]LogEditorTransaction: Undo Modify Component(s)
[2015.05.03-18.27.07:894][365]LogActorComponent: UnregisterComponent: (/Engine/Transient.CharMoveComp) Not registered. Aborting.
[2015.05.03-18.27.25:034][193]BlueprintLog: New page: Compile MyCharacter
[2015.05.03-18.27.25:124][193]LogActorComponent: UnregisterComponent: (/Engine/Transient.CharacterMovementComponent_19) Not registered. Aborting.
[2015.05.03-18.27.25:158][193]BlueprintEditorCompileResults: Info [4741.97] Compile of MyCharacter successful! [in 123 ms]
[2015.05.03-18.27.25:903][227]Cmd: OBJ SAVEPACKAGE PACKAGE="/Game/Character/MyCharacter" FILE="../../../../../../Users/RossFamily/Desktop/DM_FLAVIO/Content/Character/MyCharacter.uasset" SILENT=true
[2015.05.03-18.27.26:338][227]LogSavePackage: Save=426.595917ms
[2015.05.03-18.27.26:338][227]LogSavePackage: Moving '../../../../../../Users/RossFamily/Desktop/DM_FLAVIO/Saved/MyCharacter51D880A34692A99C44E8F9A11452E512.tmp' to '../../../../../../Users/RossFamily/Desktop/DM_FLAVIO/Content/Character/MyCharacter.uasset'
[2015.05.03-18.27.29:945][438]LogEditorViewport: Clicking on Actor (context menu): StaticMeshActor (Floor)
[2015.05.03-18.27.32:057][587]LogPlayLevel: PIE:  No blueprints needed recompiling
[2015.05.03-18.27.32:057][587]PIE: New page: PIE session: Minimal_Default (May 3, 2015, 4:27:32 AM)
[2015.05.03-18.27.32:063][587]LogPlayLevel: PIE: StaticDuplicateObject took: (0.005684s)
[2015.05.03-18.27.32:064][587]LogPlayLevel: PIE: World Init took: (0.000873s)
[2015.05.03-18.27.32:064][587]LogPlayLevel: PIE: Created PIE world by copying editor world from /Game/StarterContent/Maps/Minimal_Default.Minimal_Default to /Game/StarterContent/Maps/UEDPIE_0_Minimal_Default.Minimal_Default (0.006775s)
[2015.05.03-18.27.32:107][587]LogWorld: Game class is 'MyGame_C'
[2015.05.03-18.27.32:110][587]LogAIModule: Creating AISystem for world Minimal_Default
[2015.05.03-18.27.32:114][587]LogWorld: Bringing World /Game/StarterContent/Maps/UEDPIE_0_Minimal_Default.Minimal_Default up for play (max tick rate 0) at 2015.05.03-11.27.32
[2015.05.03-18.27.32:115][587]LogWorld: Bringing up level for play took: 0.004358
[2015.05.03-18.27.32:119][587]PIE: Info Play in editor start time for /Game/StarterContent/Maps/UEDPIE_0_Minimal_Default -0.922
[2015.05.03-18.27.58:221][ 32]LogActorComponent: UnregisterComponent: (/Engine/Transient.CharMoveComp) Not registered. Aborting.
[2015.05.03-18.27.58:241][ 32]LogParticles: Destroying 0 GPU particle simulations for FXSystem 0x000000D2CB92A3E0
[2015.05.03-18.27.58:241][ 32]LogParticles: Destroying 0 GPU particle simulations for FXSystem 0x000000D2C8429F80
[2015.05.03-18.28.53:564][559]LogActorComponent: UnregisterComponent: (/Engine/Transient.CharMoveComp) Not registered. Aborting.
[2015.05.03-18.28.53:689][559]LogSavePackage: Save=88.835121ms
[2015.05.03-18.28.53:689][559]LogSavePackage: Moving '../../../../../../Users/RossFamily/Desktop/DM_FLAVIO/Saved/Minimal_Default7C7DE7D64C50739D49236EA5971FD993.tmp' to '../../../../../../Users/RossFamily/Desktop/DM_FLAVIO/Content/StarterContent/Maps/Minimal_Default.umap'
[2015.05.03-18.29.01:045][185]Cmd: SELECT NONE
[2015.05.03-18.29.50:013][292]LogSavePackage: Save=88.210716ms
[2015.05.03-18.29.50:013][292]LogSavePackage: Moving '../../../../../../Users/RossFamily/Desktop/DM_FLAVIO/Saved/Minimal_Default8E453CE74E69C99A2CF76BA901FA6805.tmp' to '../../../../../../Users/RossFamily/Desktop/DM_FLAVIO/Content/StarterContent/Maps/Minimal_Default.umap'
[2015.05.03-18.30.00:519][ 58]LogSavePackage: Save=87.571678ms
[2015.05.03-18.30.00:519][ 58]LogSavePackage: Moving '../../../../../../Users/RossFamily/Desktop/DM_FLAVIO/Saved/Minimal_DefaultF3AB556E43EDAD30E880A1AE843F4111.tmp' to '../../../../../../Users/RossFamily/Desktop/DM_FLAVIO/Content/StarterContent/Maps/Minimal_Default.umap'
[2015.05.03-18.30.04:162][427]LogSavePackage: Save=86.907227ms
[2015.05.03-18.30.04:163][427]LogSavePackage: Moving '../../../../../../Users/RossFamily/Desktop/DM_FLAVIO/Saved/Minimal_Default9981F56E4F374E2F7923E5ACF59807D6.tmp' to '../../../../../../Users/RossFamily/Desktop/DM_FLAVIO/Content/StarterContent/Maps/Minimal_Default.umap'
[2015.05.03-18.30.56:098][143]LogSavePackage: Save=89.643929ms
[2015.05.03-18.30.56:098][143]LogSavePackage: Moving '../../../../../../Users/RossFamily/Desktop/DM_FLAVIO/Saved/Minimal_DefaultC8C9AA214D88CCD0678044A7DAD5E9D1.tmp' to '../../../../../../Users/RossFamily/Desktop/DM_FLAVIO/Content/StarterContent/Maps/Minimal_Default.umap'
[2015.05.03-18.34.20:444][654]Cmd: TRANSACTION UNDO
[2015.05.03-18.34.20:444][654]LogEditorTransaction: Undo Rename Axis Mapping
[2015.05.03-18.40.56:119][616]LogActorComponent: UnregisterComponent: (/Engine/Transient.CharMoveComp) Not registered. Aborting.
[2015.05.03-18.40.56:144][616]LogFileHelpers: Editor autosave (incl. sublevels) for '/Game/StarterContent/Maps/Minimal_Default' took 0.024
[2015.05.03-18.41.50:841][222]LogActorComponent: UnregisterComponent: (/Engine/Transient.CharMoveComp) Not registered. Aborting.
[2015.05.03-18.41.50:976][222]LogSavePackage: Save=94.106033ms
[2015.05.03-18.41.50:976][222]LogSavePackage: Moving '../../../../../../Users/RossFamily/Desktop/DM_FLAVIO/Saved/Minimal_DefaultABC7041C454FDC70DBDD589E8FFE293C.tmp' to '../../../../../../Users/RossFamily/Desktop/DM_FLAVIO/Content/StarterContent/Maps/Minimal_Default.umap'
[2015.05.03-18.41.55:906][532]LogSavePackage: Save=102.587524ms
[2015.05.03-18.41.55:906][532]LogSavePackage: Moving '../../../../../../Users/RossFamily/Desktop/DM_FLAVIO/Saved/Minimal_Default0AA329CE42B8AA149C8666B75C0479A8.tmp' to '../../../../../../Users/RossFamily/Desktop/DM_FLAVIO/Content/StarterContent/Maps/Minimal_Default.umap'
[2015.05.03-18.43.47:971][404]LogSavePackage: Save=93.709137ms
[2015.05.03-18.43.47:971][404]LogSavePackage: Moving '../../../../../../Users/RossFamily/Desktop/DM_FLAVIO/Saved/Minimal_DefaultE9D20D5047FF04164BA1B7B6379CEA5F.tmp' to '../../../../../../Users/RossFamily/Desktop/DM_FLAVIO/Content/StarterContent/Maps/Minimal_Default.umap'
[2015.05.03-18.44.17:929][798]LogActorComponent: UnregisterComponent: (/Engine/Transient.CharMoveComp) Not registered. Aborting.
[2015.05.03-18.44.23:521][798]Cmd: OBJ SAVEPACKAGE PACKAGE="/Game/Character/NewBlueprint" FILE="../../../../../../Users/RossFamily/Desktop/DM_FLAVIO/Content/Character/NewBlueprint.uasset" SILENT=true
[2015.05.03-18.44.23:531][798]LogSavePackage: Save=5.990788ms
[2015.05.03-18.44.23:531][798]LogSavePackage: Moving '../../../../../../Users/RossFamily/Desktop/DM_FLAVIO/Saved/NewBlueprint7424288C434B0A69045398B86310BA6B.tmp' to '../../../../../../Users/RossFamily/Desktop/DM_FLAVIO/Content/Character/NewBlueprint.uasset'
[2015.05.03-18.44.24:278][799]Cmd: QUIT_EDITOR
[2015.05.03-18.44.24:614][799]LogExit: Preparing to exit.
[2015.05.03-18.44.25:088][799]LogExit: Editor shut down
[2015.05.03-18.44.25:088][799]LogExit: Transaction tracking system shut down
[2015.05.03-18.44.25:091][799]LogParticles: Destroying 0 GPU particle simulations for FXSystem 0x000000D2ABF93E20
[2015.05.03-18.44.25:091][799]LogParticles: Destroying 0 GPU particle simulations for FXSystem 0x000000D29E69B100
[2015.05.03-18.44.25:092][799]LogParticles: Destroying 0 GPU particle simulations for FXSystem 0x000000D2ACB03C40
[2015.05.03-18.44.25:092][799]LogParticles: Destroying 0 GPU particle simulations for FXSystem 0x000000D2ACB019E0
[2015.05.03-18.44.25:093][799]LogParticles: Destroying 0 GPU particle simulations for FXSystem 0x000000D2B11800E0
[2015.05.03-18.44.25:094][799]LogParticles: Destroying 0 GPU particle simulations for FXSystem 0x000000D2A33ED120
[2015.05.03-18.44.25:095][799]LogParticles: Destroying 0 GPU particle simulations for FXSystem 0x000000D2A70C1260
[2015.05.03-18.44.25:095][799]LogParticles: Destroying 0 GPU particle simulations for FXSystem 0x000000D2D37531A0
[2015.05.03-18.44.25:200][799]LogExit: Object subsystem successfully closed.
[2015.05.03-18.44.25:263][799]LogModuleManager: Shutting down and abandoning module ExternalImagePicker (178)
[2015.05.03-18.44.25:263][799]LogModuleManager: Shutting down and abandoning module CrashTracker (177)
[2015.05.03-18.44.25:263][799]LogModuleManager: Shutting down and abandoning module SuperSearch (176)
[2015.05.03-18.44.25:263][799]LogModuleManager: Shutting down and abandoning module SceneOutliner (175)
[2015.05.03-18.44.25:263][799]LogModuleManager: Shutting down and abandoning module EditorWidgets (174)
[2015.05.03-18.44.25:263][799]LogModuleManager: Shutting down and abandoning module CollectionManager (173)
[2015.05.03-18.44.25:263][799]LogModuleManager: Shutting down and abandoning module StatsViewer (172)
[2015.05.03-18.44.25:263][799]LogModuleManager: Shutting down and abandoning module FoliageEdit (171)
[2015.05.03-18.44.25:263][799]LogModuleManager: Shutting down and abandoning module LandscapeEditor (170)
[2015.05.03-18.44.25:263][799]LogModuleManager: Shutting down and abandoning module MeshPaint (169)
[2015.05.03-18.44.25:264][799]LogModuleManager: Shutting down and abandoning module ActorPickerMode (168)
[2015.05.03-18.44.25:264][799]LogModuleManager: Shutting down and abandoning module GeometryMode (167)
[2015.05.03-18.44.25:264][799]LogModuleManager: Shutting down and abandoning module TextureAlignMode (166)
[2015.05.03-18.44.25:264][799]LogModuleManager: Shutting down and abandoning module BspMode (165)
[2015.05.03-18.44.25:264][799]LogModuleManager: Shutting down and abandoning module PlacementMode (164)
[2015.05.03-18.44.25:264][799]LogModuleManager: Shutting down and abandoning module AutomationWorker (163)
[2015.05.03-18.44.25:264][799]LogModuleManager: Shutting down and abandoning module CharacterAI (162)
[2015.05.03-18.44.25:264][799]LogModuleManager: Shutting down and abandoning module SmartSnapping (161)
[2015.05.03-18.44.25:264][799]LogModuleManager: Shutting down and abandoning module ViewportSnapping (160)
[2015.05.03-18.44.25:264][799]LogModuleManager: Shutting down and abandoning module LogVisualizer (159)
[2015.05.03-18.44.25:264][799]LogModuleManager: Shutting down and abandoning module GameProjectGeneration (158)
[2015.05.03-18.44.25:264][799]LogModuleManager: Shutting down and abandoning module IntroTutorials (157)
[2015.05.03-18.44.25:264][799]LogModuleManager: Shutting down and abandoning module EditorLiveStreaming (156)
[2015.05.03-18.44.25:264][799]LogModuleManager: Shutting down and abandoning module HardwareTargeting (155)
[2015.05.03-18.44.25:264][799]LogModuleManager: Shutting down and abandoning module DeviceProfileEditor (154)
[2015.05.03-18.44.25:264][799]LogModuleManager: Shutting down and abandoning module UndoHistory (153)
[2015.05.03-18.44.25:264][799]LogModuleManager: Shutting down and abandoning module GameplayTagsEditor (152)
[2015.05.03-18.44.25:264][799]LogModuleManager: Shutting down and abandoning module UserFeedback (151)
[2015.05.03-18.44.25:264][799]LogModuleManager: Shutting down and abandoning module XmlParser (150)
[2015.05.03-18.44.25:264][799]LogModuleManager: Shutting down and abandoning module Blutility (149)
[2015.05.03-18.44.25:264][799]LogModuleManager: Shutting down and abandoning module IOSPlatformEditor (148)
[2015.05.03-18.44.25:264][799]LogModuleManager: Shutting down and abandoning module IOSRuntimeSettings (147)
[2015.05.03-18.44.25:264][799]LogModuleManager: Shutting down and abandoning module AndroidDeviceDetection (146)
[2015.05.03-18.44.25:527][799]LogModuleManager: Shutting down and abandoning module AndroidPlatformEditor (145)
[2015.05.03-18.44.25:527][799]LogModuleManager: Shutting down and abandoning module AndroidRuntimeSettings (144)
[2015.05.03-18.44.25:527][799]LogModuleManager: Shutting down and abandoning module ProjectTargetPlatformEditor (143)
[2015.05.03-18.44.25:527][799]LogModuleManager: Shutting down and abandoning module ProjectSettingsViewer (142)
[2015.05.03-18.44.25:527][799]LogModuleManager: Shutting down and abandoning module InputBindingEditor (141)
[2015.05.03-18.44.25:527][799]LogModuleManager: Shutting down and abandoning module EditorSettingsViewer (140)
[2015.05.03-18.44.25:527][799]LogModuleManager: Shutting down and abandoning module SettingsEditor (139)
[2015.05.03-18.44.25:527][799]LogModuleManager: Shutting down and abandoning module ProjectLauncher (138)
[2015.05.03-18.44.25:527][799]LogModuleManager: Shutting down and abandoning module SessionFrontend (137)
[2015.05.03-18.44.25:527][799]LogModuleManager: Shutting down and abandoning module ProfilerClient (136)
[2015.05.03-18.44.25:527][799]LogModuleManager: Shutting down and abandoning module TargetDeviceServices (135)
[2015.05.03-18.44.25:527][799]LogModuleManager: Shutting down and abandoning module DeviceManager (134)
[2015.05.03-18.44.25:527][799]LogModuleManager: Shutting down and abandoning module AutomationController (133)
[2015.05.03-18.44.25:527][799]LogModuleManager: Shutting down and abandoning module AutomationWindow (132)
[2015.05.03-18.44.25:528][799]LogModuleManager: Shutting down and abandoning module Layers (131)
[2015.05.03-18.44.25:528][799]LogModuleManager: Shutting down and abandoning module ComponentVisualizers (130)
[2015.05.03-18.44.25:528][799]LogModuleManager: Shutting down and abandoning module DetailCustomizations (129)
[2015.05.03-18.44.25:528][799]LogModuleManager: Shutting down and abandoning module PackagesDialog (128)
[2015.05.03-18.44.25:528][799]LogModuleManager: Shutting down and abandoning module AssetRegistry (127)
[2015.05.03-18.44.25:641][799]LogModuleManager: Shutting down and abandoning module Persona (126)
[2015.05.03-18.44.25:641][799]LogModuleManager: Shutting down and abandoning module SlateReflector (125)
[2015.05.03-18.44.25:641][799]LogModuleManager: Shutting down and abandoning module LevelEditor (124)
[2015.05.03-18.44.25:643][799]LogModuleManager: Shutting down and abandoning module Kismet (123)
[2015.05.03-18.44.25:643][799]LogModuleManager: Shutting down and abandoning module GraphEditor (122)
[2015.05.03-18.44.25:643][799]LogModuleManager: Shutting down and abandoning module ClassViewer (121)
[2015.05.03-18.44.25:643][799]LogModuleManager: Shutting down and abandoning module Toolbox (120)
[2015.05.03-18.44.25:643][799]LogModuleManager: Shutting down and abandoning module ModuleUI (119)
[2015.05.03-18.44.25:643][799]LogModuleManager: Shutting down and abandoning module MovieSceneTools (118)
[2015.05.03-18.44.25:643][799]LogModuleManager: Shutting down and abandoning module OutputLog (117)
[2015.05.03-18.44.25:643][799]LogModuleManager: Shutting down and abandoning module GammaUI (116)
[2015.05.03-18.44.25:643][799]LogModuleManager: Shutting down and abandoning module Documentation (115)
[2015.05.03-18.44.25:643][799]LogModuleManager: Shutting down and abandoning module GameLiveStreaming (114)
[2015.05.03-18.44.25:643][799]LogModuleManager: Shutting down and abandoning module StreamingPauseRendering (113)
[2015.05.03-18.44.25:643][799]LogModuleManager: Shutting down and abandoning module HTTP (112)
[2015.05.03-18.44.25:643][799]LogModuleManager: Shutting down and abandoning module AnalyticsET (111)
[2015.05.03-18.44.25:643][799]LogModuleManager: Shutting down and abandoning module Analytics (110)
[2015.05.03-18.44.25:643][799]LogModuleManager: Shutting down and abandoning module AITestSuite (109)
[2015.05.03-18.44.25:643][799]LogModuleManager: Shutting down and abandoning module GameplayDebugger (108)
[2015.05.03-18.44.25:643][799]LogModuleManager: Shutting down and abandoning module AIModule (107)
[2015.05.03-18.44.25:643][799]LogModuleManager: Shutting down and abandoning module ProfilerService (106)
[2015.05.03-18.44.25:742][799]LogModuleManager: Shutting down and abandoning module TaskGraph (105)
[2015.05.03-18.44.25:742][799]LogModuleManager: Shutting down and abandoning module SlateRemote (104)
[2015.05.03-18.44.25:742][799]LogModuleManager: Shutting down and abandoning module ScriptEditorPlugin (103)
[2015.05.03-18.44.25:742][799]LogModuleManager: Shutting down and abandoning module CustomMeshComponent (102)
[2015.05.03-18.44.25:742][799]LogModuleManager: Shutting down and abandoning module CableComponent (101)
[2015.05.03-18.44.25:742][799]LogModuleManager: Shutting down and abandoning module MessagingDebugger (100)
[2015.05.03-18.44.25:742][799]LogModuleManager: Shutting down and abandoning module MediaPlayerEditor (99)
[2015.05.03-18.44.25:742][799]LogModuleManager: Shutting down and abandoning module SpeedTreeImporter (98)
[2015.05.03-18.44.25:742][799]LogModuleManager: Shutting down and abandoning module PluginsEditor (97)
[2015.05.03-18.44.25:742][799]LogModuleManager: Shutting down and abandoning module MainFrame (96)
[2015.05.03-18.44.25:742][799]LogModuleManager: Shutting down and abandoning module EpicSurvey (95)
[2015.05.03-18.44.25:742][799]LogModuleManager: Shutting down and abandoning module DesktopPlatform (94)
[2015.05.03-18.44.25:742][799]LogModuleManager: Shutting down and abandoning module DirectoryWatcher (93)
[2015.05.03-18.44.25:743][799]LogModuleManager: Shutting down and abandoning module HotReload (92)
[2015.05.03-18.44.25:743][799]LogModuleManager: Shutting down and abandoning module VisualStudioSourceCodeAccess (91)
[2015.05.03-18.44.25:743][799]LogModuleManager: Shutting down and abandoning module UObjectPlugin (90)
[2015.05.03-18.44.25:743][799]LogModuleManager: Shutting down and abandoning module SubversionSourceControl (89)
[2015.05.03-18.44.25:743][799]LogModuleManager: Shutting down and abandoning module PerforceSourceControl (88)
[2015.05.03-18.44.25:743][799]LogModuleManager: Shutting down and abandoning module SourceControl (87)
[2015.05.03-18.44.25:743][799]LogModuleManager: Shutting down and abandoning module GitSourceControl (86)
[2015.05.03-18.44.25:743][799]LogModuleManager: Shutting down and abandoning module BlankPlugin (85)
[2015.05.03-18.44.25:743][799]LogModuleManager: Shutting down and abandoning module PaperTiledImporter (84)
[2015.05.03-18.44.25:743][799]LogModuleManager: Shutting down and abandoning module PaperJsonImporter (83)
[2015.05.03-18.44.25:743][799]LogModuleManager: Shutting down and abandoning module ContentBrowser (82)
[2015.05.03-18.44.25:744][799]LogModuleManager: Shutting down and abandoning module Paper2DEditor (81)
[2015.05.03-18.44.25:744][799]LogModuleManager: Shutting down and abandoning module ScriptPlugin (80)
[2015.05.03-18.44.25:744][799]LogModuleManager: Shutting down and abandoning module UdpMessaging (79)
[2015.05.03-18.44.25:845][799]LogModuleManager: Shutting down and abandoning module Paper2D (78)
[2015.05.03-18.44.25:845][799]LogModuleManager: Shutting down and abandoning module WindowsMoviePlayer (77)
[2015.05.03-18.44.25:848][799]LogModuleManager: Shutting down and abandoning module Media (76)
[2015.05.03-18.44.25:848][799]LogModuleManager: Shutting down and abandoning module WmfMedia (75)
[2015.05.03-18.44.25:848][799]LogModuleManager: Shutting down and abandoning module OnlineBlueprintSupport (74)
[2015.05.03-18.44.25:848][799]LogModuleManager: Shutting down and abandoning module PropertyEditor (73)
[2015.05.03-18.44.25:848][799]LogModuleManager: Shutting down and abandoning module BehaviorTreeEditor (72)
[2015.05.03-18.44.25:848][799]LogModuleManager: Shutting down and abandoning module FunctionalTesting (71)
[2015.05.03-18.44.25:848][799]LogModuleManager: Shutting down and abandoning module CollisionAnalyzer (70)
[2015.05.03-18.44.25:848][799]LogModuleManager: Shutting down and abandoning module WorkspaceMenuStructure (69)
[2015.05.03-18.44.25:848][799]LogModuleManager: Shutting down and abandoning module MessageLog (68)
[2015.05.03-18.44.25:848][799]LogModuleManager: Shutting down and abandoning module Sequencer (67)
[2015.05.03-18.44.25:848][799]LogModuleManager: Shutting down and abandoning module AssetTools (66)
[2015.05.03-18.44.25:848][799]LogModuleManager: Shutting down and abandoning module UMGEditor (65)
[2015.05.03-18.44.25:848][799]LogModuleManager: Shutting down and abandoning module UMG (64)
[2015.05.03-18.44.25:848][799]LogModuleManager: Shutting down and abandoning module Slate (63)
[2015.05.03-18.44.25:848][799]LogModuleManager: Shutting down and abandoning module EditorStyle (62)
[2015.05.03-18.44.25:853][799]LogModuleManager: Shutting down and abandoning module SessionServices (61)
[2015.05.03-18.44.25:853][799]LogModuleManager: Shutting down and abandoning module SourceCodeAccess (60)
[2015.05.03-18.44.25:853][799]LogModuleManager: Shutting down and abandoning module HeadMountedDisplay (59)
[2015.05.03-18.44.25:853][799]LogModuleManager: Shutting down and abandoning module XAudio2 (58)
[2015.05.03-18.44.25:853][799]LogModuleManager: Shutting down and abandoning module Networking (56)
[2015.05.03-18.44.25:853][799]LogModuleManager: Shutting down and abandoning module Core (55)
[2015.05.03-18.44.25:853][799]LogModuleManager: Shutting down and abandoning module KismetCompiler (54)
[2015.05.03-18.44.25:853][799]LogModuleManager: Shutting down and abandoning module PhysXFormats (53)
[2015.05.03-18.44.25:853][799]LogModuleManager: Shutting down and abandoning module MeshUtilities (52)
[2015.05.03-18.44.25:853][799]LogModuleManager: Shutting down and abandoning module DerivedDataCache (51)
[2015.05.03-18.44.25:917][799]LogDerivedDataCache: Shutdown
[2015.05.03-18.44.25:917][799]LogModuleManager: Shutting down and abandoning module ShaderFormatOpenGL (50)
[2015.05.03-18.44.25:917][799]LogModuleManager: Shutting down and abandoning module ShaderFormatD3D (49)
[2015.05.03-18.44.25:917][799]LogModuleManager: Shutting down and abandoning module MetalShaderFormat (48)
[2015.05.03-18.44.25:917][799]LogModuleManager: Shutting down and abandoning module TextureFormatUncompressed (47)
[2015.05.03-18.44.25:917][799]LogModuleManager: Shutting down and abandoning module TextureFormatPVR (46)
[2015.05.03-18.44.25:917][799]LogModuleManager: Shutting down and abandoning module TextureFormatIntelISPCTexComp (45)
[2015.05.03-18.44.25:917][799]LogModuleManager: Shutting down and abandoning module TextureFormatDXT (44)
[2015.05.03-18.44.25:917][799]LogModuleManager: Shutting down and abandoning module ImageWrapper (43)
[2015.05.03-18.44.25:917][799]LogModuleManager: Shutting down and abandoning module TextureFormatASTC (42)
[2015.05.03-18.44.25:917][799]LogModuleManager: Shutting down and abandoning module TextureFormatAndroid (41)
[2015.05.03-18.44.25:917][799]LogModuleManager: Shutting down and abandoning module AudioFormatOpus (40)
[2015.05.03-18.44.25:917][799]LogModuleManager: Shutting down and abandoning module AudioFormatOgg (39)
[2015.05.03-18.44.25:917][799]LogModuleManager: Shutting down and abandoning module AudioFormatADPCM (38)
[2015.05.03-18.44.25:917][799]LogModuleManager: Shutting down and abandoning module LinuxTargetPlatform (37)
[2015.05.03-18.44.25:917][799]LogModuleManager: Shutting down and abandoning module LinuxServerTargetPlatform (36)
[2015.05.03-18.44.25:917][799]LogModuleManager: Shutting down and abandoning module LinuxNoEditorTargetPlatform (35)
[2015.05.03-18.44.25:917][799]LogModuleManager: Shutting down and abandoning module Messaging (34)
[2015.05.03-18.44.25:917][799]LogModuleManager: Shutting down and abandoning module IOSTargetPlatform (33)
[2015.05.03-18.44.25:917][799]LogModuleManager: Shutting down and abandoning module HTML5TargetPlatform (32)
[2015.05.03-18.44.25:917][799]LogModuleManager: Shutting down and abandoning module Android_PVRTCTargetPlatform (31)
[2015.05.03-18.44.25:917][799]LogModuleManager: Shutting down and abandoning module Android_ETC2TargetPlatform (30)
[2015.05.03-18.44.25:917][799]LogModuleManager: Shutting down and abandoning module Android_ETC1TargetPlatform (29)
[2015.05.03-18.44.25:917][799]LogModuleManager: Shutting down and abandoning module Android_ES31TargetPlatform (28)
[2015.05.03-18.44.25:917][799]LogModuleManager: Shutting down and abandoning module Android_DXTTargetPlatform (27)
[2015.05.03-18.44.25:917][799]LogModuleManager: Shutting down and abandoning module Android_ATCTargetPlatform (26)
[2015.05.03-18.44.25:917][799]LogModuleManager: Shutting down and abandoning module AndroidTargetPlatform (25)
[2015.05.03-18.44.25:917][799]LogModuleManager: Shutting down and abandoning module WindowsTargetPlatform (24)
[2015.05.03-18.44.25:917][799]LogModuleManager: Shutting down and abandoning module WindowsServerTargetPlatform (23)
[2015.05.03-18.44.25:917][799]LogModuleManager: Shutting down and abandoning module WindowsNoEditorTargetPlatform (22)
[2015.05.03-18.44.25:917][799]LogModuleManager: Shutting down and abandoning module WindowsClientTargetPlatform (21)
[2015.05.03-18.44.25:917][799]LogModuleManager: Shutting down and abandoning module TargetPlatform (20)
[2015.05.03-18.44.25:917][799]LogModuleManager: Shutting down and abandoning module InputCore (19)
[2015.05.03-18.44.25:917][799]LogModuleManager: Shutting down and abandoning module Settings (18)
[2015.05.03-18.44.25:917][799]LogModuleManager: Shutting down and abandoning module OnlineSubsystem (16)
[2015.05.03-18.44.25:917][799]LogModuleManager: Shutting down and abandoning module OculusRift (15)
[2015.05.03-18.44.25:917][799]LogModuleManager: Shutting down and abandoning module ExampleDeviceProfileSelector (14)
[2015.05.03-18.44.25:917][799]LogModuleManager: Shutting down and abandoning module TextureCompressor (13)
[2015.05.03-18.44.25:918][799]LogModuleManager: Shutting down and abandoning module ShaderCore (12)
[2015.05.03-18.44.25:918][799]LogModuleManager: Shutting down and abandoning module Landscape (11)
[2015.05.03-18.44.25:918][799]LogModuleManager: Shutting down and abandoning module SlateRHIRenderer (10)
[2015.05.03-18.44.25:932][799]LogModuleManager: Shutting down and abandoning module OpenGLDrv (9)
[2015.05.03-18.44.25:932][799]LogModuleManager: Shutting down and abandoning module D3D11RHI (8)
[2015.05.03-18.44.25:932][799]LogModuleManager: Shutting down and abandoning module Renderer (7)
[2015.05.03-18.44.25:932][799]LogModuleManager: Shutting down and abandoning module Engine (6)
[2015.05.03-18.44.25:932][799]LogModuleManager: Shutting down and abandoning module CoreUObject (5)
[2015.05.03-18.44.25:932][799]LogModuleManager: Shutting down and abandoning module NetworkFile (4)
[2015.05.03-18.44.25:932][799]LogModuleManager: Shutting down and abandoning module StreamingFile (3)
[2015.05.03-18.44.25:932][799]LogModuleManager: Shutting down and abandoning module SandboxFile (2)
[2015.05.03-18.44.25:932][799]LogModuleManager: Shutting down and abandoning module PakFile (1)
[2015.05.03-18.44.25:933][799]LogExit: Exiting.
[2015.05.03-18.44.25:941][799]Log file closed, 05/03/15 11:44:25
